Log file open, 07/18/18 05:02:42
LogWindows: Failed to load 'aqProf.dll' (GetLastError=126)
LogWindows: File 'aqProf.dll' does not exist
LogWindows: Failed to load 'VtuneApi.dll' (GetLastError=126)
LogWindows: File 'VtuneApi.dll' does not exist
LogWindows: Failed to load 'VtuneApi32e.dll' (GetLastError=126)
LogWindows: File 'VtuneApi32e.dll' does not exist
LogInit: Display: Running engine for game: UnrealCPP
LogPlatformFile: Not using cached read wrapper
LogInit: Display: RandInit(669281350) SRandInit(669281350).
LogInit: Read version file with build ID '3944462'
LogInit: Overriding engine version to CL 4033788, compatible CL 3944462
LogInit: Registered custom module enumerator with build ID '3944462'
LogTaskGraph: Started task graph with 5 named threads and 23 total threads with 3 sets of task threads.
LogStats: Stats thread started at 4.006878
LogD3D11RHI: Aftermath initialized
LogICUInternationalization: Display: ICU TimeZone Detection - Raw Offset: -5:00, Platform Override: ''
LogPluginManager: Mounting plugin Paper2D
LogPluginManager: Mounting plugin LiveLink
LogPluginManager: Mounting plugin LightPropagationVolume
LogPluginManager: Mounting plugin CLionSourceCodeAccess
LogPluginManager: Mounting plugin CodeLiteSourceCodeAccess
LogPluginManager: Mounting plugin GitSourceControl
LogPluginManager: Mounting plugin KDevelopSourceCodeAccess
LogPluginManager: Mounting plugin NullSourceCodeAccess
LogPluginManager: Mounting plugin PerforceSourceControl
LogPluginManager: Mounting plugin SubversionSourceControl
LogPluginManager: Mounting plugin UObjectPlugin
LogPluginManager: Mounting plugin VisualStudioCodeSourceCodeAccess
LogPluginManager: Mounting plugin VisualStudioSourceCodeAccess
LogPluginManager: Mounting plugin XCodeSourceCodeAccess
LogPluginManager: Mounting plugin AssetManagerEditor
LogPluginManager: Mounting plugin CryptoKeys
LogPluginManager: Mounting plugin DataValidation
LogPluginManager: Mounting plugin FacialAnimation
LogPluginManager: Mounting plugin GameplayTagsEditor
LogPluginManager: Mounting plugin MobileLauncherProfileWizard
LogPluginManager: Mounting plugin PluginBrowser
LogPluginManager: Mounting plugin SpeedTreeImporter
LogPluginManager: Mounting plugin DatasmithContent
LogPluginManager: Mounting plugin AlembicImporter
LogPluginManager: Mounting plugin CharacterAI
LogPluginManager: Mounting plugin HTML5Networking
LogPluginManager: Mounting plugin AndroidMedia
LogPluginManager: Mounting plugin AvfMedia
LogPluginManager: Mounting plugin ImgMedia
LogPluginManager: Mounting plugin LinearTimecode
LogPluginManager: Mounting plugin MediaCompositing
LogPluginManager: Mounting plugin MediaPlayerEditor
LogPluginManager: Mounting plugin WmfMedia
LogPluginManager: Mounting plugin TcpMessaging
LogPluginManager: Mounting plugin UdpMessaging
LogPluginManager: Mounting plugin ActorSequence
LogPluginManager: Mounting plugin LevelSequenceEditor
LogPluginManager: Mounting plugin MatineeToLevelSequence
LogPluginManager: Mounting plugin NetcodeUnitTest
LogPluginManager: Mounting plugin NUTUnrealEngine4
LogPluginManager: Mounting plugin OnlineSubsystemIOS
LogPluginManager: Mounting plugin OnlineSubsystem
LogPluginManager: Mounting plugin OnlineSubsystemNull
LogPluginManager: Mounting plugin OnlineSubsystemUtils
LogPluginManager: Mounting plugin AndroidDeviceProfileSelector
LogPluginManager: Mounting plugin AndroidMoviePlayer
LogPluginManager: Mounting plugin AppleARKit
LogPluginManager: Mounting plugin AppleMoviePlayer
LogPluginManager: Mounting plugin ArchVisCharacter
LogPluginManager: Mounting plugin AudioCapture
LogPluginManager: Mounting plugin CableComponent
LogPluginManager: Mounting plugin CustomMeshComponent
LogPluginManager: Mounting plugin ExampleDeviceProfileSelector
LogPluginManager: Mounting plugin GoogleCloudMessaging
LogPluginManager: Mounting plugin ImmediatePhysics
LogPluginManager: Mounting plugin IOSDeviceProfileSelector
LogPluginManager: Mounting plugin LinuxDeviceProfileSelector
LogPluginManager: Mounting plugin LocationServicesBPLibrary
LogPluginManager: Mounting plugin MobilePatchingUtils
LogPluginManager: Mounting plugin OculusVR
LogPluginManager: Plugin shader directory ../../../Engine/Plugins/Runtime/Oculus/OculusVR/Shaders found
LogPluginManager: Mapping shader source directory ../../../Engine/Plugins/Runtime/Oculus/OculusVR/Shaders to virtual directory /Plugin/OculusVR
LogPluginManager: Mounting plugin PhysXVehicles
LogPluginManager: Mounting plugin ProceduralMeshComponent
LogPluginManager: Mounting plugin RuntimePhysXCooking
LogPluginManager: Mounting plugin SteamVR
LogPluginManager: Mounting plugin WindowsMoviePlayer
LogStreaming: Display: Took  0.503s to configure plugins.
LogModuleManager: Display: Found up-to-date module file ../../../../../Unreal Projects/UnrealCPP/Binaries/Win64/UE4Editor-UnrealCPP-9202.dll (API version 3944462).
LogModuleManager: Display: Found up-to-date module file ../../../Engine/Plugins/2D/Paper2D/Binaries/Win64/UE4Editor-Paper2D.dll (API version 3944462).
LogModuleManager: Display: Found up-to-date module file ../../../Engine/Plugins/2D/Paper2D/Binaries/Win64/UE4Editor-Paper2DEditor.dll (API version 3944462).
LogModuleManager: Display: Found up-to-date module file ../../../Engine/Plugins/2D/Paper2D/Binaries/Win64/UE4Editor-PaperSpriteSheetImporter.dll (API version 3944462).
LogModuleManager: Display: Found up-to-date module file ../../../Engine/Plugins/2D/Paper2D/Binaries/Win64/UE4Editor-PaperTiledImporter.dll (API version 3944462).
LogModuleManager: Display: Found up-to-date module file ../../../Engine/Plugins/2D/Paper2D/Binaries/Win64/UE4Editor-SmartSnapping.dll (API version 3944462).
LogModuleManager: Display: Found up-to-date module file ../../../Engine/Plugins/Animation/LiveLink/Binaries/Win64/UE4Editor-LiveLink.dll (API version 3944462).
LogModuleManager: Display: Found up-to-date module file ../../../Engine/Plugins/Animation/LiveLink/Binaries/Win64/UE4Editor-LiveLinkEditor.dll (API version 3944462).
LogModuleManager: Display: Found up-to-date module file ../../../Engine/Plugins/Blendables/LightPropagationVolume/Binaries/Win64/UE4Editor-LightPropagationVolumeRuntime.dll (API version 3944462).
LogModuleManager: Display: Found up-to-date module file ../../../Engine/Plugins/Blendables/LightPropagationVolume/Binaries/Win64/UE4Editor-LightPropagationVolumeEditor.dll (API version 3944462).
LogModuleManager: Display: Found up-to-date module file ../../../Engine/Plugins/Developer/CLionSourceCodeAccess/Binaries/Win64/UE4Editor-CLionSourceCodeAccess.dll (API version 3944462).
LogModuleManager: Display: Found up-to-date module file ../../../Engine/Plugins/Developer/GitSourceControl/Binaries/Win64/UE4Editor-GitSourceControl.dll (API version 3944462).
LogModuleManager: Display: Found up-to-date module file ../../../Engine/Plugins/Developer/PerforceSourceControl/Binaries/Win64/UE4Editor-PerforceSourceControl.dll (API version 3944462).
LogModuleManager: Display: Found up-to-date module file ../../../Engine/Plugins/Developer/SubversionSourceControl/Binaries/Win64/UE4Editor-SubversionSourceControl.dll (API version 3944462).
LogModuleManager: Display: Found up-to-date module file ../../../Engine/Plugins/Developer/UObjectPlugin/Binaries/Win64/UE4Editor-UObjectPlugin.dll (API version 3944462).
LogModuleManager: Display: Found up-to-date module file ../../../Engine/Plugins/Developer/VisualStudioCodeSourceCodeAccess/Binaries/Win64/UE4Editor-VisualStudioCodeSourceCodeAccess.dll (API version 3944462).
LogModuleManager: Display: Found up-to-date module file ../../../Engine/Plugins/Developer/VisualStudioSourceCodeAccess/Binaries/Win64/UE4Editor-VisualStudioSourceCodeAccess.dll (API version 3944462).
LogModuleManager: Display: Found up-to-date module file ../../../Engine/Plugins/Editor/AssetManagerEditor/Binaries/Win64/UE4Editor-AssetManagerEditor.dll (API version 3944462).
LogModuleManager: Display: Found up-to-date module file ../../../Engine/Plugins/Editor/CryptoKeys/Binaries/Win64/UE4Editor-CryptoKeys.dll (API version 3944462).
LogModuleManager: Display: Found up-to-date module file ../../../Engine/Plugins/Editor/CryptoKeys/Binaries/Win64/UE4Editor-CryptoKeysOpenSSL.dll (API version 3944462).
LogModuleManager: Display: Found up-to-date module file ../../../Engine/Plugins/Editor/DataValidation/Binaries/Win64/UE4Editor-DataValidation.dll (API version 3944462).
LogModuleManager: Display: Found up-to-date module file ../../../Engine/Plugins/Editor/FacialAnimation/Binaries/Win64/UE4Editor-FacialAnimation.dll (API version 3944462).
LogModuleManager: Display: Found up-to-date module file ../../../Engine/Plugins/Editor/FacialAnimation/Binaries/Win64/UE4Editor-FacialAnimationEditor.dll (API version 3944462).
LogModuleManager: Display: Found up-to-date module file ../../../Engine/Plugins/Editor/GameplayTagsEditor/Binaries/Win64/UE4Editor-GameplayTagsEditor.dll (API version 3944462).
LogModuleManager: Display: Found up-to-date module file ../../../Engine/Plugins/Editor/MobileLauncherProfileWizard/Binaries/Win64/UE4Editor-MobileLauncherProfileWizard.dll (API version 3944462).
LogModuleManager: Display: Found up-to-date module file ../../../Engine/Plugins/Editor/PluginBrowser/Binaries/Win64/UE4Editor-PluginBrowser.dll (API version 3944462).
LogModuleManager: Display: Found up-to-date module file ../../../Engine/Plugins/Editor/SpeedTreeImporter/Binaries/Win64/UE4Editor-SpeedTreeImporter.dll (API version 3944462).
LogModuleManager: Display: Found up-to-date module file ../../../Engine/Plugins/Enterprise/DatasmithContent/Binaries/Win64/UE4Editor-DatasmithContent.dll (API version 3944462).
LogModuleManager: Display: Found up-to-date module file ../../../Engine/Plugins/Experimental/AlembicImporter/Binaries/Win64/UE4Editor-AlembicImporter.dll (API version 3944462).
LogModuleManager: Display: Found up-to-date module file ../../../Engine/Plugins/Experimental/AlembicImporter/Binaries/Win64/UE4Editor-AlembicLibrary.dll (API version 3944462).
LogModuleManager: Display: Found up-to-date module file ../../../Engine/Plugins/Experimental/CharacterAI/Binaries/Win64/UE4Editor-CharacterAI.dll (API version 3944462).
LogModuleManager: Display: Found up-to-date module file ../../../Engine/Plugins/Experimental/HTML5Networking/Binaries/Win64/UE4Editor-HTML5Networking.dll (API version 3944462).
LogModuleManager: Display: Found up-to-date module file ../../../Engine/Plugins/Media/AndroidMedia/Binaries/Win64/UE4Editor-AndroidMediaEditor.dll (API version 3944462).
LogModuleManager: Display: Found up-to-date module file ../../../Engine/Plugins/Media/AndroidMedia/Binaries/Win64/UE4Editor-AndroidMediaFactory.dll (API version 3944462).
LogModuleManager: Display: Found up-to-date module file ../../../Engine/Plugins/Media/AvfMedia/Binaries/Win64/UE4Editor-AvfMediaEditor.dll (API version 3944462).
LogModuleManager: Display: Found up-to-date module file ../../../Engine/Plugins/Media/AvfMedia/Binaries/Win64/UE4Editor-AvfMediaFactory.dll (API version 3944462).
LogModuleManager: Display: Found up-to-date module file ../../../Engine/Plugins/Media/AvfMedia/Binaries/Win64/UE4Editor-AvfMediaFactory.dll (API version 3944462).
LogModuleManager: Display: Found up-to-date module file ../../../Engine/Plugins/Media/ImgMedia/Binaries/Win64/UE4Editor-ImgMedia.dll (API version 3944462).
LogModuleManager: Display: Found up-to-date module file ../../../Engine/Plugins/Media/ImgMedia/Binaries/Win64/UE4Editor-ImgMediaEditor.dll (API version 3944462).
LogModuleManager: Display: Found up-to-date module file ../../../Engine/Plugins/Media/ImgMedia/Binaries/Win64/UE4Editor-ImgMediaFactory.dll (API version 3944462).
LogModuleManager: Display: Found up-to-date module file ../../../Engine/Plugins/Media/ImgMedia/Binaries/Win64/UE4Editor-ImgMediaFactory.dll (API version 3944462).
LogModuleManager: Display: Found up-to-date module file ../../../Engine/Plugins/Media/ImgMedia/Binaries/Win64/UE4Editor-OpenExrWrapper.dll (API version 3944462).
LogModuleManager: Display: Found up-to-date module file ../../../Engine/Plugins/Media/LinearTimecode/Binaries/Win64/UE4Editor-LinearTimecode.dll (API version 3944462).
LogModuleManager: Display: Found up-to-date module file ../../../Engine/Plugins/Media/MediaCompositing/Binaries/Win64/UE4Editor-MediaCompositing.dll (API version 3944462).
LogModuleManager: Display: Found up-to-date module file ../../../Engine/Plugins/Media/MediaCompositing/Binaries/Win64/UE4Editor-MediaCompositingEditor.dll (API version 3944462).
LogModuleManager: Display: Found up-to-date module file ../../../Engine/Plugins/Media/MediaPlayerEditor/Binaries/Win64/UE4Editor-MediaPlayerEditor.dll (API version 3944462).
LogModuleManager: Display: Found up-to-date module file ../../../Engine/Plugins/Media/WmfMedia/Binaries/Win64/UE4Editor-WmfMedia.dll (API version 3944462).
LogModuleManager: Display: Found up-to-date module file ../../../Engine/Plugins/Media/WmfMedia/Binaries/Win64/UE4Editor-WmfMediaEditor.dll (API version 3944462).
LogModuleManager: Display: Found up-to-date module file ../../../Engine/Plugins/Media/WmfMedia/Binaries/Win64/UE4Editor-WmfMediaFactory.dll (API version 3944462).
LogModuleManager: Display: Found up-to-date module file ../../../Engine/Plugins/Media/WmfMedia/Binaries/Win64/UE4Editor-WmfMediaFactory.dll (API version 3944462).
LogModuleManager: Display: Found up-to-date module file ../../../Engine/Plugins/Messaging/TcpMessaging/Binaries/Win64/UE4Editor-TcpMessaging.dll (API version 3944462).
LogModuleManager: Display: Found up-to-date module file ../../../Engine/Plugins/Messaging/UdpMessaging/Binaries/Win64/UE4Editor-UdpMessaging.dll (API version 3944462).
LogModuleManager: Display: Found up-to-date module file ../../../Engine/Plugins/MovieScene/ActorSequence/Binaries/Win64/UE4Editor-ActorSequence.dll (API version 3944462).
LogModuleManager: Display: Found up-to-date module file ../../../Engine/Plugins/MovieScene/LevelSequenceEditor/Binaries/Win64/UE4Editor-LevelSequenceEditor.dll (API version 3944462).
LogModuleManager: Display: Found up-to-date module file ../../../Engine/Plugins/MovieScene/MatineeToLevelSequence/Binaries/Win64/UE4Editor-MatineeToLevelSequence.dll (API version 3944462).
LogModuleManager: Display: Found up-to-date module file ../../../Engine/Plugins/NetcodeUnitTest/NetcodeUnitTest/Binaries/Win64/UE4Editor-NetcodeUnitTest.dll (API version 3944462).
LogModuleManager: Display: Found up-to-date module file ../../../Engine/Plugins/NetcodeUnitTest/NUTUnrealEngine4/Binaries/Win64/UE4Editor-NUTUnrealEngine4.dll (API version 3944462).
LogModuleManager: Display: Found up-to-date module file ../../../Engine/Plugins/Online/OnlineSubsystem/Binaries/Win64/UE4Editor-OnlineSubsystem.dll (API version 3944462).
LogModuleManager: Display: Found up-to-date module file ../../../Engine/Plugins/Online/OnlineSubsystemNull/Binaries/Win64/UE4Editor-OnlineSubsystemNull.dll (API version 3944462).
LogModuleManager: Display: Found up-to-date module file ../../../Engine/Plugins/Online/OnlineSubsystemUtils/Binaries/Win64/UE4Editor-OnlineSubsystemUtils.dll (API version 3944462).
LogModuleManager: Display: Found up-to-date module file ../../../Engine/Plugins/Online/OnlineSubsystemUtils/Binaries/Win64/UE4Editor-OnlineBlueprintSupport.dll (API version 3944462).
LogModuleManager: Display: Found up-to-date module file ../../../Engine/Plugins/Runtime/AndroidDeviceProfileSelector/Binaries/Win64/UE4Editor-AndroidDeviceProfileSelector.dll (API version 3944462).
LogModuleManager: Display: Found up-to-date module file ../../../Engine/Plugins/Runtime/AppleARKit/Binaries/Win64/UE4Editor-AppleARKit.dll (API version 3944462).
LogModuleManager: Display: Found up-to-date module file ../../../Engine/Plugins/Runtime/ArchVisCharacter/Binaries/Win64/UE4Editor-ArchVisCharacter.dll (API version 3944462).
LogModuleManager: Display: Found up-to-date module file ../../../Engine/Plugins/Runtime/AudioCapture/Binaries/Win64/UE4Editor-AudioCapture.dll (API version 3944462).
LogModuleManager: Display: Found up-to-date module file ../../../Engine/Plugins/Runtime/AudioCapture/Binaries/Win64/UE4Editor-AudioCaptureEditor.dll (API version 3944462).
LogModuleManager: Display: Found up-to-date module file ../../../Engine/Plugins/Runtime/CableComponent/Binaries/Win64/UE4Editor-CableComponent.dll (API version 3944462).
LogModuleManager: Display: Found up-to-date module file ../../../Engine/Plugins/Runtime/CustomMeshComponent/Binaries/Win64/UE4Editor-CustomMeshComponent.dll (API version 3944462).
LogModuleManager: Display: Found up-to-date module file ../../../Engine/Plugins/Runtime/ExampleDeviceProfileSelector/Binaries/Win64/UE4Editor-ExampleDeviceProfileSelector.dll (API version 3944462).
LogModuleManager: Display: Found up-to-date module file ../../../Engine/Plugins/Runtime/ImmediatePhysics/Binaries/Win64/UE4Editor-ImmediatePhysics.dll (API version 3944462).
LogModuleManager: Display: Found up-to-date module file ../../../Engine/Plugins/Runtime/ImmediatePhysics/Binaries/Win64/UE4Editor-ImmediatePhysicsEditor.dll (API version 3944462).
LogModuleManager: Display: Found up-to-date module file ../../../Engine/Plugins/Runtime/LocationServicesBPLibrary/Binaries/Win64/UE4Editor-LocationServicesBPLibrary.dll (API version 3944462).
LogModuleManager: Display: Found up-to-date module file ../../../Engine/Plugins/Runtime/MobilePatchingUtils/Binaries/Win64/UE4Editor-MobilePatchingUtils.dll (API version 3944462).
LogModuleManager: Display: Found up-to-date module file ../../../Engine/Plugins/Runtime/Oculus/OculusVR/Binaries/Win64/UE4Editor-OculusHMD.dll (API version 3944462).
LogModuleManager: Display: Found up-to-date module file ../../../Engine/Plugins/Runtime/Oculus/OculusVR/Binaries/Win64/UE4Editor-OculusInput.dll (API version 3944462).
LogModuleManager: Display: Found up-to-date module file ../../../Engine/Plugins/Runtime/Oculus/OculusVR/Binaries/Win64/UE4Editor-OculusEditor.dll (API version 3944462).
LogModuleManager: Display: Found up-to-date module file ../../../Engine/Plugins/Runtime/PhysXVehicles/Binaries/Win64/UE4Editor-PhysXVehicles.dll (API version 3944462).
LogModuleManager: Display: Found up-to-date module file ../../../Engine/Plugins/Runtime/PhysXVehicles/Binaries/Win64/UE4Editor-PhysXVehiclesEditor.dll (API version 3944462).
LogModuleManager: Display: Found up-to-date module file ../../../Engine/Plugins/Runtime/ProceduralMeshComponent/Binaries/Win64/UE4Editor-ProceduralMeshComponent.dll (API version 3944462).
LogModuleManager: Display: Found up-to-date module file ../../../Engine/Plugins/Runtime/ProceduralMeshComponent/Binaries/Win64/UE4Editor-ProceduralMeshComponentEditor.dll (API version 3944462).
LogModuleManager: Display: Found up-to-date module file ../../../Engine/Plugins/Runtime/RuntimePhysXCooking/Binaries/Win64/UE4Editor-RuntimePhysXCooking.dll (API version 3944462).
LogModuleManager: Display: Found up-to-date module file ../../../Engine/Plugins/Runtime/Steam/SteamVR/Binaries/Win64/UE4Editor-SteamVR.dll (API version 3944462).
LogModuleManager: Display: Found up-to-date module file ../../../Engine/Plugins/Runtime/Steam/SteamVR/Binaries/Win64/UE4Editor-SteamVRController.dll (API version 3944462).
LogModuleManager: Display: Found up-to-date module file ../../../Engine/Plugins/Runtime/WindowsMoviePlayer/Binaries/Win64/UE4Editor-WindowsMoviePlayer.dll (API version 3944462).
LogInit: Using libcurl 7.47.1
LogInit:  - built for x86_64-pc-win32
LogInit:  - supports SSL with OpenSSL/1.0.2g
LogInit:  - supports HTTP deflate (compression) using libz 1.2.8
LogInit:  - other features:
LogInit:      CURL_VERSION_SSL
LogInit:      CURL_VERSION_LIBZ
LogInit:      CURL_VERSION_IPV6
LogInit:      CURL_VERSION_ASYNCHDNS
LogInit:      CURL_VERSION_LARGEFILE
LogInit:      CURL_VERSION_IDN
LogInit:  CurlRequestOptions (configurable via config and command line):
LogInit:  - bVerifyPeer = false  - Libcurl will NOT verify peer certificate
LogInit:  - bUseHttpProxy = false  - Libcurl will NOT use HTTP proxy
LogInit:  - bDontReuseConnections = false  - Libcurl will reuse connections
LogInit:  - CertBundlePath = nullptr  - Libcurl will use whatever was configured at build time.
LogInit:  - MaxHostConnections = 16  - Libcurl will limit the number of connections to a host
LogInit:  - LocalHostAddr = Default
LogInit: WinSock: version 1.1 (2.2), MaxSocks=32767, MaxUdp=65467
LogInit: WinSock: I am HarryPC (192.168.0.8:0)
LogInit: Build: ++UE4+Release-4.19-CL-4033788
LogInit: Engine Version: 4.19.2-4033788+++UE4+Release-4.19
LogInit: Compatible Engine Version: 4.19.0-3944462+++UE4+Release-4.19
LogInit: Net CL: 3944462
LogDevObjectVersion: Number of dev versions registered: 18
LogDevObjectVersion:   Dev-Blueprints (B0D832E4-1F89-4F0D-ACCF-7EB736FD4AA2): 10
LogDevObjectVersion:   Dev-Build (E1C64328-A22C-4D53-A36C-8E866417BD8C): 0
LogDevObjectVersion:   Dev-Core (375EC13C-06E4-48FB-B500-84F0262A717E): 2
LogDevObjectVersion:   Dev-Editor (E4B068ED-F494-42E9-A231-DA0B2E46BB41): 23
LogDevObjectVersion:   Dev-Framework (CFFC743F-43B0-4480-9391-14DF171D2073): 33
LogDevObjectVersion:   Dev-Mobile (B02B49B5-BB20-44E9-A304-32B752E40360): 2
LogDevObjectVersion:   Dev-Networking (A4E4105C-59A1-49B5-A7C5-40C4547EDFEE): 0
LogDevObjectVersion:   Dev-Online (39C831C9-5AE6-47DC-9A44-9C173E1C8E7C): 0
LogDevObjectVersion:   Dev-Physics (78F01B33-EBEA-4F98-B9B4-84EACCB95AA2): 0
LogDevObjectVersion:   Dev-Platform (6631380F-2D4D-43E0-8009-CF276956A95A): 0
LogDevObjectVersion:   Dev-Rendering (12F88B9F-8875-4AFC-A67C-D90C383ABD29): 25
LogDevObjectVersion:   Dev-Sequencer (7B5AE74C-D270-4C10-A958-57980B212A5A): 6
LogDevObjectVersion:   Dev-VR (D7296918-1DD6-4BDD-9DE2-64A83CC13884): 1
LogDevObjectVersion:   Dev-LoadTimes (C2A15278-BFE7-4AFE-6C17-90FF531DF755): 1
LogDevObjectVersion:   Private-Geometry (6EACA3D4-40EC-4CC1-B786-8BED09428FC5): 2
LogDevObjectVersion:   Dev-AnimPhys (29E575DD-E0A3-4627-9D10-D276232CDCEA): 16
LogDevObjectVersion:   Dev-ReflectionCapture (6B266CEC-1EC7-4B8F-A30B-E4D90942FC07): 1
LogDevObjectVersion:   Dev-Automation (0DF73D61-A23F-47EA-B727-89E90C41499A): 1
LogInit: Compiled (64-bit): Apr 27 2018 02:06:57
LogInit: Compiled with Visual C++: 19.00.24215.01
LogInit: Build Configuration: Development
LogInit: Branch Name: ++UE4+Release-4.19
LogInit: Command Line:  
LogInit: Base Directory: D:/Epic Games/UE_4.19/Engine/Binaries/Win64/
LogInit: Installed Engine Build: 1
LogStreaming: Display: Took  0.007s to delete old logs.
LogInit: Presizing for max 8388607 objects, including 0 objects not considered by GC, pre-allocating 0 bytes for permanent pool.
LogInit: Object subsystem initialized
[2018.07.18-09.02.50:445][  0]LogInit: Selected Device Profile: [Windows]
[2018.07.18-09.02.50:445][  0]LogInit: Applying CVar settings loaded from the selected device profile: [Windows]
[2018.07.18-09.02.50:667][  0]LogInit: Computer: HARRYPC
[2018.07.18-09.02.50:667][  0]LogInit: User: Harrison
[2018.07.18-09.02.50:667][  0]LogInit: CPU Page size=4096, Cores=4
[2018.07.18-09.02.50:667][  0]LogInit: High frequency timer resolution =3.514608 MHz
[2018.07.18-09.02.50:668][  0]LogMemory: Memory total: Physical=16.0GB (16GB approx)
[2018.07.18-09.02.50:668][  0]LogMemory: Platform Memory Stats for Windows
[2018.07.18-09.02.50:668][  0]LogMemory: Process Physical Memory: 275.04 MB used, 275.04 MB peak
[2018.07.18-09.02.50:668][  0]LogMemory: Process Virtual Memory: 272.61 MB used, 272.61 MB peak
[2018.07.18-09.02.50:668][  0]LogMemory: Physical Memory: 4466.70 MB used,  11874.29 MB free, 16340.99 MB total
[2018.07.18-09.02.50:668][  0]LogMemory: Virtual Memory: 4802.14 MB used,  11874.29 MB free, 134217728.00 MB total
[2018.07.18-09.02.51:524][  0]LogInit: Using OS detected language (en-US).
[2018.07.18-09.02.51:524][  0]LogInit: Using OS detected locale (en-US).
[2018.07.18-09.02.51:879][  0]LogTextLocalizationManager: No specific localization for 'en-US' exists, so the 'en' localization will be used.
[2018.07.18-09.02.52:854][  0]LogStreaming: Display: Took  1.318s to EndInitTextLocalization.
[2018.07.18-09.02.52:895][  0]LogInit: Setting process to per monitor DPI aware
[2018.07.18-09.02.53:653][  0]LogSlate: New Slate User Created.  User Index 0, Is Virtual User: 0
[2018.07.18-09.02.53:653][  0]LogSlate: Slate User Registered.  User Index 0, Is Virtual User: 0
[2018.07.18-09.03.00:481][  0]LogD3D11RHI: D3D11 adapters:
[2018.07.18-09.03.00:554][  0]LogD3D11RHI:    0. 'NVIDIA GeForce GTX 970' (Feature Level 11_0)
[2018.07.18-09.03.00:554][  0]LogD3D11RHI:       4043/0/8170 MB DedicatedVideo/DedicatedSystem/SharedSystem, Outputs:1, VendorId:0x10de
[2018.07.18-09.03.00:557][  0]LogD3D11RHI:    1. 'Microsoft Basic Render Driver' (Feature Level 11_0)
[2018.07.18-09.03.00:557][  0]LogD3D11RHI:       0/0/8170 MB DedicatedVideo/DedicatedSystem/SharedSystem, Outputs:0, VendorId:0x1414
[2018.07.18-09.03.00:557][  0]LogD3D11RHI: Chosen D3D11 Adapter: 0
[2018.07.18-09.03.00:569][  0]LogD3D11RHI: Creating new Direct3DDevice
[2018.07.18-09.03.00:570][  0]LogD3D11RHI:     GPU DeviceId: 0x13c2 (for the marketing name, search the web for "GPU Device Id")
[2018.07.18-09.03.00:570][  0]LogWindows: EnumDisplayDevices:
[2018.07.18-09.03.00:570][  0]LogWindows:    0. 'NVIDIA GeForce GTX 970' (P:1 D:1)
[2018.07.18-09.03.00:570][  0]LogWindows:    1. 'NVIDIA GeForce GTX 970' (P:0 D:0)
[2018.07.18-09.03.00:570][  0]LogWindows:    2. 'NVIDIA GeForce GTX 970' (P:0 D:0)
[2018.07.18-09.03.00:571][  0]LogWindows:    3. 'NVIDIA GeForce GTX 970' (P:0 D:0)
[2018.07.18-09.03.00:571][  0]LogWindows: DebugString: GetVideoDriverDetailsInvalid PrimaryIsNotTheChoosenAdapter GetVideoDriverDetailsInvalid PrimaryIsNotTheChoosenAdapter GetVideoDriverDetailsInvalid PrimaryIsNotTheChoosenAdapter GetVideoDriverDetailsInvalid PrimaryIsNotTheChoosenAdapter FoundDriverCount:0 
[2018.07.18-09.03.00:571][  0]LogD3D11RHI:     Adapter Name: NVIDIA GeForce GTX 970
[2018.07.18-09.03.00:571][  0]LogD3D11RHI:   Driver Version: Unknown (internal:Unknown, unified:Unknown)
[2018.07.18-09.03.00:571][  0]LogD3D11RHI:      Driver Date: Unknown
[2018.07.18-09.03.00:577][  0]LogRHI: Texture pool is 2830 MB (70% of 4043 MB)
[2018.07.18-09.03.00:689][  0]LogD3D11RHI: [Aftermath] Aftermath enabled and primed
[2018.07.18-09.03.00:689][  0]LogD3D11RHI: [Aftermath] Aftermath enabled and primed
[2018.07.18-09.03.00:689][  0]LogD3D11RHI: Async texture creation enabled
[2018.07.18-09.03.01:032][  0]LogD3D11RHI: GPU Timing Frequency: 1000.000000 (Debug: 2 2)
[2018.07.18-09.03.01:191][  0]LogShaderCompilers: Guid format shader working directory is 8 characters bigger than the processId version (../../../../../Unreal Projects/UnrealCPP/Intermediate/Shaders/WorkingDirectory/14908/).
[2018.07.18-09.03.01:201][  0]LogShaderCompilers: Cleaned the shader compiler working directory 'C:/Users/Harrison/AppData/Local/Temp/UnrealShaderWorkingDir/3754D71E48FB66AA5A18E282C572870F/'.
[2018.07.18-09.03.02:646][  0]LogTemp: Display: Loaded TP AllDesktopTargetPlatform
[2018.07.18-09.03.02:663][  0]LogTemp: Display: Loaded TP MacClientTargetPlatform
[2018.07.18-09.03.02:678][  0]LogTemp: Display: Loaded TP MacNoEditorTargetPlatform
[2018.07.18-09.03.02:691][  0]LogTemp: Display: Loaded TP MacServerTargetPlatform
[2018.07.18-09.03.02:743][  0]LogTemp: Display: Loaded TP MacTargetPlatform
[2018.07.18-09.03.02:758][  0]LogTemp: Display: Loaded TP WindowsClientTargetPlatform
[2018.07.18-09.03.02:771][  0]LogTemp: Display: Loaded TP WindowsNoEditorTargetPlatform
[2018.07.18-09.03.02:784][  0]LogTemp: Display: Loaded TP WindowsServerTargetPlatform
[2018.07.18-09.03.02:790][  0]LogTemp: Display: Loaded TP WindowsTargetPlatform
[2018.07.18-09.03.02:802][  0]LogTemp: Display: Loaded TP Android_ASTCTargetPlatform
[2018.07.18-09.03.02:814][  0]LogTemp: Display: Loaded TP Android_ATCTargetPlatform
[2018.07.18-09.03.02:826][  0]LogTemp: Display: Loaded TP Android_DXTTargetPlatform
[2018.07.18-09.03.02:838][  0]LogTemp: Display: Loaded TP Android_ETC1aTargetPlatform
[2018.07.18-09.03.02:852][  0]LogTemp: Display: Loaded TP Android_ETC1TargetPlatform
[2018.07.18-09.03.02:867][  0]LogTemp: Display: Loaded TP Android_ETC2TargetPlatform
[2018.07.18-09.03.02:895][  0]LogTemp: Display: Loaded TP Android_MultiTargetPlatform
[2018.07.18-09.03.02:895][  0]LogTemp: Display: Loaded TP Android_PVRTCTargetPlatform
[2018.07.18-09.03.02:937][  0]LogTemp: Display: Loaded TP AndroidTargetPlatform
[2018.07.18-09.03.02:939][  0]LogTemp: Display: Loaded TP HTML5TargetPlatform
[2018.07.18-09.03.03:087][  0]LogTemp: Display: Loaded TP IOSTargetPlatform
[2018.07.18-09.03.03:113][  0]LogTemp: Display: Loaded TP TVOSTargetPlatform
[2018.07.18-09.03.03:126][  0]LogTemp: Display: Loaded TP LinuxClientTargetPlatform
[2018.07.18-09.03.03:140][  0]LogTemp: Display: Loaded TP LinuxNoEditorTargetPlatform
[2018.07.18-09.03.03:156][  0]LogTemp: Display: Loaded TP LinuxServerTargetPlatform
[2018.07.18-09.03.03:189][  0]LogTemp: Display: Loaded TP LinuxTargetPlatform
[2018.07.18-09.03.03:189][  0]LogTargetPlatformManager: Display: Building Assets For Windows
[2018.07.18-09.03.04:281][  0]LogXGEController: Cleaning working directory: C:/Users/Harrison/AppData/Local/Temp/UnrealXGEWorkingDir/
[2018.07.18-09.03.04:281][  0]LogXGEController: Cannot use XGE Controller as Incredibuild is not installed on this machine.
[2018.07.18-09.03.04:294][  0]LogShaderCompilers: Cannot use XGE Shader Compiler as Incredibuild is not installed on this machine.
[2018.07.18-09.03.04:294][  0]LogShaderCompilers: Display: Using Local Shader Compiler.
[2018.07.18-09.03.11:901][  0]LogDerivedDataCache: Display: Max Cache Size: 512 MB
[2018.07.18-09.03.12:198][  0]LogDerivedDataCache: Loaded boot cache 0.30s 78MB C:/Users/Harrison/AppData/Local/UnrealEngine/4.19/DerivedDataCache/Boot.ddc.
[2018.07.18-09.03.12:198][  0]LogDerivedDataCache: Display: Loaded Boot cache: C:/Users/Harrison/AppData/Local/UnrealEngine/4.19/DerivedDataCache/Boot.ddc
[2018.07.18-09.03.12:199][  0]LogDerivedDataCache: FDerivedDataBackendGraph:  Pak pak cache file ../../../../../Unreal Projects/UnrealCPP/DerivedDataCache/DDC.ddp not found, will not use a pak cache.
[2018.07.18-09.03.12:199][  0]LogDerivedDataCache: Unable to find inner node Pak for hierarchical cache Hierarchy.
[2018.07.18-09.03.12:199][  0]LogDerivedDataCache: FDerivedDataBackendGraph:  CompressedPak pak cache file ../../../../../Unreal Projects/UnrealCPP/DerivedDataCache/Compressed.ddp not found, will not use a pak cache.
[2018.07.18-09.03.12:199][  0]LogDerivedDataCache: Unable to find inner node CompressedPak for hierarchical cache Hierarchy.
[2018.07.18-09.03.12:309][  0]LogDerivedDataCache: Display: Pak cache opened for reading ../../../Engine/DerivedDataCache/Compressed.ddp.
[2018.07.18-09.03.12:321][  0]LogDerivedDataCache: Using Local data cache path C:/Users/Harrison/AppData/Local/UnrealEngine/Common/DerivedDataCache: Writable
[2018.07.18-09.03.12:321][  0]LogDerivedDataCache: Shared data cache path not found in *engine.ini, will not use an Shared cache.
[2018.07.18-09.03.12:321][  0]LogDerivedDataCache: Unable to find inner node Shared for hierarchical cache Hierarchy.
[2018.07.18-09.03.12:471][  0]LogMaterial: Verifying Global Shaders for PCD3D_SM5
[2018.07.18-09.03.12:527][  0]LogSlate: Using Freetype 2.6.0
[2018.07.18-09.03.12:624][  0]LogSlate: SlateFontCache - WITH_FREETYPE: 1, WITH_HARFBUZZ: 1
[2018.07.18-09.03.12:624][  0]LogSlate: SlateFontCache - WITH_FREETYPE: 1, WITH_HARFBUZZ: 1
[2018.07.18-09.03.22:475][  0]LogAssetRegistry: FAssetRegistry took 0.0272 seconds to start up
[2018.07.18-09.03.25:796][  0]LogInit: Selected Device Profile: [Windows]
[2018.07.18-09.03.27:633][  0]LogSimplygon: Simplygon DLL not present - disabling.
[2018.07.18-09.03.27:663][  0]LogMeshReduction: Using SimplygonSwarm for distributed automatic mesh merging
[2018.07.18-09.03.27:675][  0]LogMeshReduction: Using QuadricMeshReduction for automatic static mesh reduction
[2018.07.18-09.03.27:675][  0]LogMeshReduction: No automatic skeletal mesh reduction module available
[2018.07.18-09.03.27:675][  0]LogMeshReduction: No automatic mesh merging module available
[2018.07.18-09.03.27:675][  0]LogMeshMerging: No automatic mesh merging module available
[2018.07.18-09.03.28:358][  0]LogNetVersion: UnrealCPP , NetCL: 3944462, EngineNetVer: 2, GameNetVer: 0 (Checksum: 2553546984)
[2018.07.18-09.03.35:443][  0]LogPackageLocalizationCache: Processed 9 localized package path(s) for 2 prioritized culture(s) in 0.374039 seconds
[2018.07.18-09.03.35:491][  0]LogUObjectArray: 36728 objects as part of root set at end of initial load.
[2018.07.18-09.03.35:491][  0]LogUObjectAllocator: 7314312 out of 0 bytes used by permanent object pool.
[2018.07.18-09.03.35:491][  0]LogUObjectArray: CloseDisregardForGC: 0/0 objects in disregard for GC pool
[2018.07.18-09.04.15:699][  0]LogTcpMessaging: Initializing TcpMessaging bridge
[2018.07.18-09.04.15:732][  0]LogUdpMessaging: Initializing bridge on interface 0.0.0.0:0 to multicast group 230.0.0.1:6666.
[2018.07.18-09.04.17:759][  0]LogUObjectGlobals: Created PersistentFrame Addr=0x000001a4624830b0, Size=72, Default__FirstPerson_AnimBP_C Function /Game/FirstPerson/Animations/FirstPerson_AnimBP.FirstPerson_AnimBP_C:ExecuteUbergraph_FirstPerson_AnimBP
[2018.07.18-09.04.17:888][  0]LogUObjectGlobals: Destroyed PersistentFrame Addr=0x000001a4624830b0, Size=72
[2018.07.18-09.04.17:888][  0]LogUObjectGlobals: Created PersistentFrame Addr=0x000001a462416d40, Size=72, Default__FirstPerson_AnimBP_C Function /Engine/Transient.REINST_FirstPerson_AnimBP_C_0:ExecuteUbergraph_FirstPerson_AnimBP
[2018.07.18-09.04.18:029][  0]LogUObjectGlobals: Created PersistentFrame Addr=0x000001a46238fd80, Size=72, Default__FirstPerson_AnimBP_C Function /Game/FirstPerson/Animations/FirstPerson_AnimBP.FirstPerson_AnimBP_C:ExecuteUbergraph_FirstPerson_AnimBP
[2018.07.18-09.04.20:049][  0]LogSkeletalMesh: Skeletal Mesh found in DDC [0.972228ms] /Game/FirstPerson/FPWeapon/Mesh/SK_FPGun.SK_FPGun
[2018.07.18-09.04.20:064][  0]LogSkeletalMesh: Skeletal Mesh found in DDC [0.790984ms] /Game/FirstPerson/Character/Mesh/SK_Mannequin_Arms.SK_Mannequin_Arms
[2018.07.18-09.04.21:107][  0]SourceControl: Source control is disabled
[2018.07.18-09.04.21:107][  0]SourceControl: Source control is disabled
[2018.07.18-09.04.21:128][  0]SourceControl: Source control is disabled
[2018.07.18-09.04.21:150][  0]SourceControl: Source control is disabled
[2018.07.18-09.04.22:284][  0]LogOcInput: OculusInput pre-init called
[2018.07.18-09.04.22:997][  0]LogEngine: Initializing Engine...
[2018.07.18-09.04.23:188][  0]LogHMD: Failed to initialize OpenVR with code 105
[2018.07.18-09.04.23:230][  0]LogStats: UGameplayTagsManager::ConstructGameplayTagTree: Construct from data asset -  0.000 s
[2018.07.18-09.04.23:230][  0]LogStats: UGameplayTagsManager::ConstructGameplayTagTree: GameplayTagTreeChangedEvent.Broadcast -  0.000 s
[2018.07.18-09.04.24:693][  0]LogAIModule: Creating AISystem for world Untitled
[2018.07.18-09.04.24:958][  0]LogInit: XAudio2 using 'Speakers (Realtek High Definition Audio)' : 2 channels at 48 kHz using 32 bits per sample (channel mask 0x3)
[2018.07.18-09.04.24:975][  0]LogInit: FAudioDevice initialized.
[2018.07.18-09.04.25:115][  0]LogDerivedDataCache: Saved boot cache 0.14s 78MB C:/Users/Harrison/AppData/Local/UnrealEngine/4.19/DerivedDataCache/Boot.ddc.
[2018.07.18-09.04.25:130][  0]LogInit: Texture streaming: Enabled
[2018.07.18-09.04.25:196][  0]LogEngineSessionManager: EngineSessionManager initialized
[2018.07.18-09.04.25:327][  0]LogInit: Transaction tracking system initialized
[2018.07.18-09.04.25:775][  0]BlueprintLog: New page: Editor Load
[2018.07.18-09.04.26:916][  0]LocalizationService: Localization service is disabled
[2018.07.18-09.04.28:326][  0]LogConsoleResponse: Display: 
[2018.07.18-09.04.31:545][  0]LogFileCache: Scanning file cache for directory 'D:/Unreal Projects/UnrealCPP/Content/' took 0.04s
[2018.07.18-09.04.31:545][  0]LogCook: Display: Max memory allowance for cook 16384mb min free memory 0mb
[2018.07.18-09.04.31:545][  0]LogCook: Display: Mobile HDR setting 1
[2018.07.18-09.04.31:545][  0]LogGameplayTags: Display: UGameplayTagsManager::DoneAddingNativeTags. DelegateIsBound: 0
[2018.07.18-09.04.31:545][  0]LogStats: UGameplayTagsManager::ConstructGameplayTagTree: Construct from data asset -  0.000 s
[2018.07.18-09.04.31:545][  0]LogStats: UGameplayTagsManager::ConstructGameplayTagTree: GameplayTagTreeChangedEvent.Broadcast -  0.000 s
[2018.07.18-09.04.36:589][  0]SourceControl: Source control is disabled
[2018.07.18-09.04.36:673][  0]Cmd: MAP LOAD FILE="../../../../../Unreal Projects/UnrealCPP/Content/FirstPersonCPP/Maps/FirstPersonExampleMap.umap" TEMPLATE=0 SHOWPROGRESS=1 FEATURELEVEL=3
[2018.07.18-09.04.36:757][  0]LightingResults: New page: Lighting Build
[2018.07.18-09.04.36:869][  0]MapCheck: New page: Map Check
[2018.07.18-09.04.36:869][  0]LightingResults: New page: Lighting Build
[2018.07.18-09.04.37:081][  0]LogUObjectGlobals: Destroyed PersistentFrame Addr=0x000001a462416d40, Size=72
[2018.07.18-09.04.38:549][  0]LogAIModule: Creating AISystem for world FirstPersonExampleMap
[2018.07.18-09.04.39:333][  0]LogEditorServer: Finished looking for orphan Actors (0.000 secs)
[2018.07.18-09.04.39:485][  0]Cmd: MAP CHECKDEP NOCLEARLOG
[2018.07.18-09.04.41:309][  0]MapCheck: Map check complete: 0 Error(s), 0 Warning(s), took 1,822.928ms to complete.
[2018.07.18-09.04.41:309][  0]LogFileHelpers: Loading map 'FirstPersonExampleMap' took 4.693
[2018.07.18-09.04.42:872][  0]LogCollectionManager: Loaded 0 collections in 0.001607 seconds
[2018.07.18-09.04.43:026][  0]LogFileCache: Scanning file cache for directory 'D:/Unreal Projects/UnrealCPP/Saved/Collections/' took 0.01s
[2018.07.18-09.04.43:026][  0]LogFileCache: Scanning file cache for directory 'D:/Unreal Projects/UnrealCPP/Content/Developers/Harrison/Collections/' took 0.01s
[2018.07.18-09.04.43:027][  0]LogFileCache: Scanning file cache for directory 'D:/Unreal Projects/UnrealCPP/Content/Collections/' took 0.01s
[2018.07.18-09.04.43:027][  0]LogCollectionManager: Rebuilt the GUID cache for 0 collections in 0.000000 seconds
[2018.07.18-09.04.43:083][  0]LogContentBrowser: Native class hierarchy populated in 0.0561 seconds. Added 2489 classes and 591 folders.
[2018.07.18-09.04.43:188][  0]LogContentBrowser: Native class hierarchy updated for 'WidgetCarousel' in 0.0304 seconds. Added 0 classes and 0 folders.
[2018.07.18-09.04.45:053][  0]LogContentBrowser: Native class hierarchy updated for 'AddContentDialog' in 0.0463 seconds. Added 0 classes and 0 folders.
[2018.07.18-09.04.45:142][  0]LogContentBrowser: Native class hierarchy updated for 'SceneOutliner' in 0.0324 seconds. Added 1 classes and 2 folders.
[2018.07.18-09.04.46:611][  0]LogSlate: Took 0.025230 seconds to synchronously load lazily loaded font '../../../Engine/Content/Slate/Fonts/Roboto-Regular.ttf' (155K)
[2018.07.18-09.04.46:667][  0]LogSlate: Took 0.054194 seconds to synchronously load lazily loaded font '../../../Engine/Content/Slate/Fonts/Roboto-Bold.ttf' (160K)
[2018.07.18-09.04.46:751][  0]LogSlate: Took 0.027631 seconds to synchronously load lazily loaded font '../../../Engine/Content/Editor/Slate/Fonts/FontAwesome.ttf' (139K)
[2018.07.18-09.04.47:454][  0]LogRenderer: Reallocating scene render targets to support 1148x612 Format 10 NumSamples 1 (Frame:1).
[2018.07.18-09.04.48:419][  0]LogContentBrowser: Native class hierarchy updated for 'HierarchicalLODOutliner' in 0.0366 seconds. Added 0 classes and 0 folders.
[2018.07.18-09.04.48:419][  0]LogLoad: (Engine Initialization) Total time: 138.55 seconds
[2018.07.18-09.04.48:419][  0]LogLoad: (Engine Initialization) Total Blueprint compile time: 0.00 seconds
[2018.07.18-09.04.48:914][  0]LogContentStreaming: Texture pool size now 1000 MB
[2018.07.18-09.04.49:067][  0]LogSlate: Took 0.017711 seconds to synchronously load lazily loaded font '../../../Engine/Content/Slate/Fonts/Roboto-Light.ttf' (167K)
[2018.07.18-09.04.49:786][  3]LogAssetRegistry: Asset discovery search completed in 87.3337 seconds
[2018.07.18-09.04.49:790][  3]LogCollectionManager: Rebuilt the object cache for 0 collections in 0.000001 seconds (found 0 objects)
[2018.07.18-09.04.49:791][  3]LogCollectionManager: Fixed up redirectors for 0 collections in 0.000115 seconds (updated 0 objects)
[2018.07.18-09.05.56:682][425]LogSlate: FSceneViewport::OnFocusLost() reason 0
[2018.07.18-09.05.56:916][434]LogSlate: Window 'UnrealCPP - Unreal Editor' being destroyed
[2018.07.18-09.05.56:917][434]LogWindowsTextInputMethodSystem: Display: IME system now deactivated.
[2018.07.18-09.05.57:261][435]Cmd: QUIT_EDITOR
[2018.07.18-09.05.57:437][435]LogSlate: Slate User Destroyed.  User Index 0, Is Virtual User: 0
[2018.07.18-09.05.57:451][435]LogExit: Preparing to exit.
[2018.07.18-09.05.57:928][435]LogDirectoryWatcher: A directory notification for 'D:/Unreal Projects/UnrealCPP/Content/' was aborted.
[2018.07.18-09.05.58:024][435]LogUObjectGlobals: Destroyed PersistentFrame Addr=0x000001a46238fd80, Size=72
[2018.07.18-09.05.58:047][435]LogExit: Editor shut down
[2018.07.18-09.05.58:055][435]LogExit: Transaction tracking system shut down
[2018.07.18-09.05.58:283][435]LogDirectoryWatcher: A directory notification for '../../../Engine/Content/' was aborted.
[2018.07.18-09.05.58:283][435]LogDirectoryWatcher: A directory notification for '../../../../../Unreal Projects/UnrealCPP/Content/' was aborted.
[2018.07.18-09.05.58:283][435]LogDirectoryWatcher: A directory notification for '../../Plugins/2D/Paper2D/Content/' was aborted.
[2018.07.18-09.05.58:283][435]LogDirectoryWatcher: A directory notification for '../../Plugins/Enterprise/DatasmithContent/Content/' was aborted.
[2018.07.18-09.05.58:283][435]LogDirectoryWatcher: A directory notification for '../../Plugins/Media/MediaCompositing/Content/' was aborted.
[2018.07.18-09.05.58:283][435]LogDirectoryWatcher: A directory notification for '../../Plugins/Runtime/AppleARKit/Content/' was aborted.
[2018.07.18-09.05.58:283][435]LogDirectoryWatcher: A directory notification for '../../Plugins/Runtime/Oculus/OculusVR/Content/' was aborted.
[2018.07.18-09.05.58:283][435]LogDirectoryWatcher: A directory notification for '../../Plugins/Runtime/Steam/SteamVR/Content/' was aborted.
[2018.07.18-09.05.59:066][435]LogExit: Object subsystem successfully closed.
[2018.07.18-09.05.59:195][435]LogShaderCompilers: Display: Shaders left to compile 0
[2018.07.18-09.05.59:199][435]LogD3D11RHI: Shutdown
[2018.07.18-09.05.59:199][435]LogD3D11RHI: CleanupD3DDevice
[2018.07.18-09.05.59:201][435]LogD3D11RHI: ~FD3D11DynamicRHI
[2018.07.18-09.05.59:495][435]LogModuleManager: Shutting down and abandoning module HierarchicalLODOutliner (574)
[2018.07.18-09.05.59:496][435]LogModuleManager: Shutting down and abandoning module DesktopPlatform (572)
[2018.07.18-09.05.59:496][435]LogModuleManager: Shutting down and abandoning module SceneOutliner (570)
[2018.07.18-09.05.59:496][435]LogModuleManager: Shutting down and abandoning module AddContentDialog (568)
[2018.07.18-09.05.59:522][435]LogDirectoryWatcher: A directory notification for 'D:/Epic Games/UE_4.19/FeaturePacks/' was aborted.
[2018.07.18-09.05.59:523][435]LogModuleManager: Shutting down and abandoning module WidgetCarousel (567)
[2018.07.18-09.05.59:523][435]LogModuleManager: Shutting down and abandoning module EditorWidgets (564)
[2018.07.18-09.05.59:523][435]LogModuleManager: Shutting down and abandoning module CollectionManager (562)
[2018.07.18-09.05.59:523][435]LogDirectoryWatcher: A directory notification for 'D:/Unreal Projects/UnrealCPP/Content/Collections/' was aborted.
[2018.07.18-09.05.59:523][435]LogDirectoryWatcher: A directory notification for 'D:/Unreal Projects/UnrealCPP/Content/Developers/Harrison/Collections/' was aborted.
[2018.07.18-09.05.59:523][435]LogDirectoryWatcher: A directory notification for 'D:/Unreal Projects/UnrealCPP/Saved/Collections/' was aborted.
[2018.07.18-09.05.59:523][435]LogModuleManager: Shutting down and abandoning module StatsViewer (560)
[2018.07.18-09.05.59:524][435]LogModuleManager: Shutting down and abandoning module FoliageEdit (558)
[2018.07.18-09.05.59:524][435]LogModuleManager: Shutting down and abandoning module LandscapeEditor (556)
[2018.07.18-09.05.59:535][435]LogModuleManager: Shutting down and abandoning module MeshPaintMode (554)
[2018.07.18-09.05.59:535][435]LogModuleManager: Shutting down and abandoning module SceneDepthPickerMode (552)
[2018.07.18-09.05.59:535][435]LogModuleManager: Shutting down and abandoning module ActorPickerMode (550)
[2018.07.18-09.05.59:535][435]LogModuleManager: Shutting down and abandoning module GeometryMode (548)
[2018.07.18-09.05.59:536][435]LogModuleManager: Shutting down and abandoning module TextureAlignMode (546)
[2018.07.18-09.05.59:536][435]LogModuleManager: Shutting down and abandoning module BspMode (544)
[2018.07.18-09.05.59:536][435]LogModuleManager: Shutting down and abandoning module PIEPreviewDeviceProfileSelector (542)
[2018.07.18-09.05.59:536][435]LogModuleManager: Shutting down and abandoning module HardwareSurvey (540)
[2018.07.18-09.05.59:536][435]LogModuleManager: Shutting down and abandoning module SequenceRecorderSections (538)
[2018.07.18-09.05.59:536][435]LogModuleManager: Shutting down and abandoning module AutomationWorker (536)
[2018.07.18-09.05.59:536][435]LogModuleManager: Shutting down and abandoning module AudioCaptureEditor (534)
[2018.07.18-09.05.59:536][435]LogModuleManager: Shutting down and abandoning module SequenceRecorder (533)
[2018.07.18-09.05.59:536][435]LogModuleManager: Shutting down and abandoning module MatineeToLevelSequence (530)
[2018.07.18-09.05.59:536][435]LogModuleManager: Shutting down and abandoning module LevelSequenceEditor (528)
[2018.07.18-09.05.59:538][435]LogModuleManager: Shutting down and abandoning module PlacementMode (527)
[2018.07.18-09.05.59:538][435]LogModuleManager: Shutting down and abandoning module MaterialEditor (526)
[2018.07.18-09.05.59:567][435]LogModuleManager: Shutting down and abandoning module WmfMediaFactory (522)
[2018.07.18-09.05.59:568][435]LogModuleManager: Shutting down and abandoning module WmfMediaEditor (520)
[2018.07.18-09.05.59:568][435]LogModuleManager: Shutting down and abandoning module MediaPlayerEditor (518)
[2018.07.18-09.05.59:568][435]LogModuleManager: Shutting down and abandoning module OpenExrWrapper (516)
[2018.07.18-09.05.59:569][435]LogModuleManager: Shutting down and abandoning module ImgMediaFactory (514)
[2018.07.18-09.05.59:569][435]LogModuleManager: Shutting down and abandoning module ImgMediaEditor (512)
[2018.07.18-09.05.59:569][435]LogModuleManager: Shutting down and abandoning module AvfMediaFactory (510)
[2018.07.18-09.05.59:569][435]LogModuleManager: Shutting down and abandoning module AvfMediaEditor (508)
[2018.07.18-09.05.59:569][435]LogModuleManager: Shutting down and abandoning module AndroidMediaFactory (506)
[2018.07.18-09.05.59:569][435]LogModuleManager: Shutting down and abandoning module AndroidMediaEditor (504)
[2018.07.18-09.05.59:569][435]LogModuleManager: Shutting down and abandoning module CharacterAI (502)
[2018.07.18-09.05.59:570][435]LogModuleManager: Shutting down and abandoning module SmartSnapping (500)
[2018.07.18-09.05.59:570][435]LogModuleManager: Shutting down and abandoning module SessionServices (498)
[2018.07.18-09.05.59:570][435]LogModuleManager: Shutting down and abandoning module ViewportSnapping (496)
[2018.07.18-09.05.59:570][435]LogModuleManager: Shutting down and abandoning module ViewportInteraction (494)
[2018.07.18-09.05.59:570][435]LogModuleManager: Shutting down and abandoning module ClothPainter (492)
[2018.07.18-09.05.59:570][435]LogModuleManager: Shutting down and abandoning module SkeletalMeshEditor (491)
[2018.07.18-09.05.59:593][435]LogModuleManager: Shutting down and abandoning module LogVisualizer (488)
[2018.07.18-09.05.59:593][435]LogModuleManager: Shutting down and abandoning module IntroTutorials (486)
[2018.07.18-09.05.59:593][435]LogModuleManager: Shutting down and abandoning module GameProjectGeneration (485)
[2018.07.18-09.05.59:627][435]LogModuleManager: Shutting down and abandoning module IOSPlatformEditor (482)
[2018.07.18-09.05.59:627][435]LogModuleManager: Shutting down and abandoning module HTML5PlatformEditor (480)
[2018.07.18-09.05.59:627][435]LogModuleManager: Shutting down and abandoning module AndroidPlatformEditor (478)
[2018.07.18-09.05.59:627][435]LogModuleManager: Shutting down and abandoning module AndroidDeviceDetection (477)
[2018.07.18-09.06.00:204][435]LogModuleManager: Shutting down and abandoning module WindowsPlatformEditor (474)
[2018.07.18-09.06.00:204][435]LogModuleManager: Shutting down and abandoning module IOSRuntimeSettings (472)
[2018.07.18-09.06.00:204][435]LogModuleManager: Shutting down and abandoning module AndroidRuntimeSettings (470)
[2018.07.18-09.06.00:204][435]LogModuleManager: Shutting down and abandoning module InputBindingEditor (468)
[2018.07.18-09.06.00:204][435]LogModuleManager: Shutting down and abandoning module MergeActors (466)
[2018.07.18-09.06.00:236][435]LogModuleManager: Shutting down and abandoning module LocalizationDashboard (464)
[2018.07.18-09.06.00:252][435]LogModuleManager: Shutting down and abandoning module LocalizationService (463)
[2018.07.18-09.06.00:252][435]LogModuleManager: Shutting down and abandoning module HardwareTargeting (460)
[2018.07.18-09.06.00:252][435]LogModuleManager: Shutting down and abandoning module DeviceProfileEditor (458)
[2018.07.18-09.06.00:252][435]LogModuleManager: Shutting down and abandoning module UndoHistory (456)
[2018.07.18-09.06.00:252][435]LogModuleManager: Shutting down and abandoning module XmlParser (454)
[2018.07.18-09.06.00:252][435]LogModuleManager: Shutting down and abandoning module Blutility (452)
[2018.07.18-09.06.00:252][435]LogModuleManager: Shutting down and abandoning module ProjectSettingsViewer (450)
[2018.07.18-09.06.00:252][435]LogModuleManager: Shutting down and abandoning module ProjectTargetPlatformEditor (449)
[2018.07.18-09.06.00:252][435]LogModuleManager: Shutting down and abandoning module EditorSettingsViewer (446)
[2018.07.18-09.06.00:252][435]LogModuleManager: Shutting down and abandoning module SettingsEditor (444)
[2018.07.18-09.06.00:267][435]LogModuleManager: Shutting down and abandoning module ProjectLauncher (442)
[2018.07.18-09.06.00:286][435]LogModuleManager: Shutting down and abandoning module SessionFrontend (440)
[2018.07.18-09.06.00:286][435]LogModuleManager: Shutting down and abandoning module ProfilerClient (438)
[2018.07.18-09.06.00:298][435]LogModuleManager: Shutting down and abandoning module DeviceManager (436)
[2018.07.18-09.06.00:298][435]LogModuleManager: Shutting down and abandoning module TargetDeviceServices (435)
[2018.07.18-09.06.00:364][435]LogModuleManager: Shutting down and abandoning module AutomationController (432)
[2018.07.18-09.06.00:364][435]LogModuleManager: Shutting down and abandoning module AutomationWindow (430)
[2018.07.18-09.06.00:379][435]LogModuleManager: Shutting down and abandoning module Layers (428)
[2018.07.18-09.06.00:406][435]LogModuleManager: Shutting down and abandoning module ComponentVisualizers (426)
[2018.07.18-09.06.00:406][435]LogModuleManager: Shutting down and abandoning module DetailCustomizations (424)
[2018.07.18-09.06.00:406][435]LogModuleManager: Shutting down and abandoning module PackagesDialog (422)
[2018.07.18-09.06.00:413][435]LogModuleManager: Shutting down and abandoning module Persona (420)
[2018.07.18-09.06.00:426][435]LogModuleManager: Shutting down and abandoning module AdvancedPreviewScene (419)
[2018.07.18-09.06.00:426][435]LogModuleManager: Shutting down and abandoning module AnimGraph (417)
[2018.07.18-09.06.00:426][435]LogModuleManager: Shutting down and abandoning module Kismet (414)
[2018.07.18-09.06.00:426][435]LogModuleManager: Shutting down and abandoning module GraphEditor (412)
[2018.07.18-09.06.00:481][435]LogModuleManager: Shutting down and abandoning module ClassViewer (410)
[2018.07.18-09.06.00:481][435]LogModuleManager: Shutting down and abandoning module Toolbox (408)
[2018.07.18-09.06.00:481][435]LogModuleManager: Shutting down and abandoning module ModuleUI (406)
[2018.07.18-09.06.00:496][435]LogModuleManager: Shutting down and abandoning module MovieSceneTools (404)
[2018.07.18-09.06.00:496][435]LogModuleManager: Shutting down and abandoning module OutputLog (402)
[2018.07.18-09.06.00:496][435]LogModuleManager: Shutting down and abandoning module GammaUI (400)
[2018.07.18-09.06.00:497][435]LogModuleManager: Shutting down and abandoning module Documentation (398)
[2018.07.18-09.06.00:497][435]LogModuleManager: Shutting down and abandoning module MovieSceneTracks (396)
[2018.07.18-09.06.00:505][435]LogModuleManager: Shutting down and abandoning module MovieScene (394)
[2018.07.18-09.06.00:505][435]LogModuleManager: Shutting down and abandoning module StreamingPauseRendering (392)
[2018.07.18-09.06.00:505][435]LogModuleManager: Shutting down and abandoning module LauncherPlatform (390)
[2018.07.18-09.06.00:505][435]LogModuleManager: Shutting down and abandoning module AnalyticsET (388)
[2018.07.18-09.06.00:505][435]LogModuleManager: Shutting down and abandoning module PortalServices (386)
[2018.07.18-09.06.00:505][435]LogModuleManager: Shutting down and abandoning module PortalRpc (384)
[2018.07.18-09.06.00:505][435]LogModuleManager: Shutting down and abandoning module MessagingRpc (382)
[2018.07.18-09.06.00:505][435]LogModuleManager: Shutting down and abandoning module AIModule (380)
[2018.07.18-09.06.00:505][435]LogModuleManager: Shutting down and abandoning module GameplayDebugger (379)
[2018.07.18-09.06.00:505][435]LogModuleManager: Shutting down and abandoning module AITestSuite (377)
[2018.07.18-09.06.00:505][435]LogModuleManager: Shutting down and abandoning module ProfilerService (374)
[2018.07.18-09.06.00:681][435]LogModuleManager: Shutting down and abandoning module TaskGraph (372)
[2018.07.18-09.06.00:681][435]LogModuleManager: Shutting down and abandoning module SteamVRController (370)
[2018.07.18-09.06.00:681][435]LogModuleManager: Shutting down and abandoning module ProceduralMeshComponentEditor (368)
[2018.07.18-09.06.00:681][435]LogModuleManager: Shutting down and abandoning module ProceduralMeshComponent (366)
[2018.07.18-09.06.00:681][435]LogModuleManager: Shutting down and abandoning module OculusInput (364)
[2018.07.18-09.06.00:681][435]LogModuleManager: Shutting down and abandoning module MobilePatchingUtils (362)
[2018.07.18-09.06.00:681][435]LogModuleManager: Shutting down and abandoning module CustomMeshComponent (360)
[2018.07.18-09.06.00:681][435]LogModuleManager: Shutting down and abandoning module CableComponent (358)
[2018.07.18-09.06.00:681][435]LogModuleManager: Shutting down and abandoning module AudioCapture (356)
[2018.07.18-09.06.00:681][435]LogModuleManager: Shutting down and abandoning module ArchVisCharacter (354)
[2018.07.18-09.06.00:681][435]LogModuleManager: Shutting down and abandoning module NUTUnrealEngine4 (350)
[2018.07.18-09.06.00:681][435]LogModuleManager: Shutting down and abandoning module NetcodeUnitTest (348)
[2018.07.18-09.06.00:681][435]LogModuleManager: Shutting down and abandoning module MediaCompositingEditor (346)
[2018.07.18-09.06.00:681][435]LogModuleManager: Shutting down and abandoning module MediaCompositing (344)
[2018.07.18-09.06.00:681][435]LogModuleManager: Shutting down and abandoning module LinearTimecode (342)
[2018.07.18-09.06.00:681][435]LogModuleManager: Shutting down and abandoning module ImgMedia (340)
[2018.07.18-09.06.00:684][435]LogModuleManager: Shutting down and abandoning module HTML5Networking (338)
[2018.07.18-09.06.00:684][435]LogModuleManager: Shutting down and abandoning module AlembicImporter (336)
[2018.07.18-09.06.00:684][435]LogModuleManager: Shutting down and abandoning module AlembicLibrary (335)
[2018.07.18-09.06.00:684][435]LogModuleManager: Shutting down and abandoning module GeometryCache (334)
[2018.07.18-09.06.00:684][435]LogModuleManager: Shutting down and abandoning module GeometryCacheEd (333)
[2018.07.18-09.06.00:684][435]LogModuleManager: Shutting down and abandoning module DatasmithContent (328)
[2018.07.18-09.06.00:684][435]LogModuleManager: Shutting down and abandoning module SpeedTreeImporter (326)
[2018.07.18-09.06.00:684][435]LogModuleManager: Shutting down and abandoning module PluginBrowser (324)
[2018.07.18-09.06.00:684][435]LogModuleManager: Shutting down and abandoning module MobileLauncherProfileWizard (322)
[2018.07.18-09.06.00:684][435]LogModuleManager: Shutting down and abandoning module CryptoKeysOpenSSL (320)
[2018.07.18-09.06.00:684][435]LogModuleManager: Shutting down and abandoning module CryptoKeys (318)
[2018.07.18-09.06.00:684][435]LogModuleManager: Shutting down and abandoning module VisualStudioSourceCodeAccess (316)
[2018.07.18-09.06.00:684][435]LogModuleManager: Shutting down and abandoning module VisualStudioCodeSourceCodeAccess (314)
[2018.07.18-09.06.00:684][435]LogModuleManager: Shutting down and abandoning module UObjectPlugin (312)
[2018.07.18-09.06.00:684][435]LogModuleManager: Shutting down and abandoning module SubversionSourceControl (310)
[2018.07.18-09.06.00:684][435]LogModuleManager: Shutting down and abandoning module PerforceSourceControl (308)
[2018.07.18-09.06.00:684][435]LogModuleManager: Shutting down and abandoning module GitSourceControl (306)
[2018.07.18-09.06.00:684][435]LogModuleManager: Shutting down and abandoning module SourceControl (305)
[2018.07.18-09.06.00:684][435]LogModuleManager: Shutting down and abandoning module CLionSourceCodeAccess (302)
[2018.07.18-09.06.00:684][435]LogModuleManager: Shutting down and abandoning module LightPropagationVolumeEditor (300)
[2018.07.18-09.06.00:684][435]LogModuleManager: Shutting down and abandoning module PaperTiledImporter (298)
[2018.07.18-09.06.00:684][435]LogModuleManager: Shutting down and abandoning module PaperSpriteSheetImporter (296)
[2018.07.18-09.06.00:684][435]LogModuleManager: Shutting down and abandoning module Paper2DEditor (294)
[2018.07.18-09.06.00:684][435]LogModuleManager: Shutting down and abandoning module MeshPaint (293)
[2018.07.18-09.06.00:684][435]LogModuleManager: Shutting down and abandoning module UnrealCPP (290)
[2018.07.18-09.06.00:684][435]LogModuleManager: Shutting down and abandoning module RuntimePhysXCooking (288)
[2018.07.18-09.06.00:684][435]LogModuleManager: Shutting down and abandoning module PhysXVehiclesEditor (286)
[2018.07.18-09.06.00:684][435]LogModuleManager: Shutting down and abandoning module PhysXVehicles (284)
[2018.07.18-09.06.00:684][435]LogModuleManager: Shutting down and abandoning module OculusEditor (282)
[2018.07.18-09.06.00:684][435]LogModuleManager: Shutting down and abandoning module LocationServicesBPLibrary (280)
[2018.07.18-09.06.00:684][435]LogModuleManager: Shutting down and abandoning module ImmediatePhysicsEditor (278)
[2018.07.18-09.06.00:684][435]LogModuleManager: Shutting down and abandoning module ImmediatePhysics (276)
[2018.07.18-09.06.00:684][435]LogModuleManager: Shutting down and abandoning module ActorSequence (274)
[2018.07.18-09.06.00:684][435]LogModuleManager: Shutting down and abandoning module UdpMessaging (272)
[2018.07.18-09.06.00:785][435]LogModuleManager: Shutting down and abandoning module TcpMessaging (270)
[2018.07.18-09.06.00:886][435]LogModuleManager: Shutting down and abandoning module GameplayTagsEditor (268)
[2018.07.18-09.06.00:886][435]LogModuleManager: Shutting down and abandoning module FacialAnimationEditor (266)
[2018.07.18-09.06.00:886][435]LogModuleManager: Shutting down and abandoning module FacialAnimation (264)
[2018.07.18-09.06.00:886][435]LogModuleManager: Shutting down and abandoning module DataValidation (262)
[2018.07.18-09.06.00:886][435]LogModuleManager: Shutting down and abandoning module AssetManagerEditor (260)
[2018.07.18-09.06.00:886][435]LogModuleManager: Shutting down and abandoning module LevelEditor (259)
[2018.07.18-09.06.00:887][435]LogModuleManager: Shutting down and abandoning module PixelInspectorModule (258)
[2018.07.18-09.06.00:887][435]LogModuleManager: Shutting down and abandoning module CommonMenuExtensions (256)
[2018.07.18-09.06.00:887][435]LogModuleManager: Shutting down and abandoning module MainFrame (254)
[2018.07.18-09.06.00:887][435]LogModuleManager: Shutting down and abandoning module HotReload (253)
[2018.07.18-09.06.00:887][435]LogDirectoryWatcher: A directory notification for 'D:/Unreal Projects/UnrealCPP/Binaries/Win64' was aborted.
[2018.07.18-09.06.00:889][435]LogModuleManager: Shutting down and abandoning module ContentBrowser (249)
[2018.07.18-09.06.00:890][435]LogModuleManager: Shutting down and abandoning module TreeMap (247)
[2018.07.18-09.06.00:890][435]LogModuleManager: Shutting down and abandoning module LightPropagationVolumeRuntime (244)
[2018.07.18-09.06.00:890][435]LogModuleManager: Shutting down and abandoning module LiveLinkEditor (242)
[2018.07.18-09.06.00:890][435]LogModuleManager: Shutting down and abandoning module LiveLink (240)
[2018.07.18-09.06.01:072][435]LogModuleManager: Shutting down and abandoning module Paper2D (238)
[2018.07.18-09.06.01:072][435]LogModuleManager: Shutting down and abandoning module WindowsMoviePlayer (236)
[2018.07.18-09.06.01:072][435]LogModuleManager: Shutting down and abandoning module WmfMedia (234)
[2018.07.18-09.06.01:073][435]LogModuleManager: Shutting down and abandoning module Media (233)
[2018.07.18-09.06.01:079][435]LogModuleManager: Shutting down and abandoning module PacketHandler (230)
[2018.07.18-09.06.01:079][435]LogModuleManager: Shutting down and abandoning module ClothingSystemEditor (228)
[2018.07.18-09.06.01:079][435]LogModuleManager: Shutting down and abandoning module ClothingSystemRuntime (226)
[2018.07.18-09.06.01:093][435]LogModuleManager: Shutting down and abandoning module MediaAssets (224)
[2018.07.18-09.06.01:093][435]LogModuleManager: Shutting down and abandoning module Overlay (222)
[2018.07.18-09.06.01:093][435]LogModuleManager: Shutting down and abandoning module OverlayEditor (221)
[2018.07.18-09.06.01:093][435]LogModuleManager: Shutting down and abandoning module VREditor (218)
[2018.07.18-09.06.01:102][435]LogModuleManager: Shutting down and abandoning module StringTableEditor (216)
[2018.07.18-09.06.01:102][435]LogModuleManager: Shutting down and abandoning module GameplayTasksEditor (214)
[2018.07.18-09.06.01:102][435]LogModuleManager: Shutting down and abandoning module BehaviorTreeEditor (212)
[2018.07.18-09.06.01:112][435]LogModuleManager: Shutting down and abandoning module FunctionalTesting (210)
[2018.07.18-09.06.01:112][435]LogModuleManager: Shutting down and abandoning module CollisionAnalyzer (208)
[2018.07.18-09.06.01:112][435]LogModuleManager: Shutting down and abandoning module WorkspaceMenuStructure (207)
[2018.07.18-09.06.01:112][435]LogModuleManager: Shutting down and abandoning module UMG (204)
[2018.07.18-09.06.01:120][435]LogModuleManager: Shutting down and abandoning module UMGEditor (203)
[2018.07.18-09.06.01:159][435]LogModuleManager: Shutting down and abandoning module Sequencer (202)
[2018.07.18-09.06.01:193][435]LogModuleManager: Shutting down and abandoning module MessageLog (199)
[2018.07.18-09.06.01:193][435]LogModuleManager: Shutting down and abandoning module SlateReflector (194)
[2018.07.18-09.06.01:233][435]LogModuleManager: Shutting down and abandoning module Slate (192)
[2018.07.18-09.06.01:233][435]LogModuleManager: Shutting down and abandoning module EditorStyle (190)
[2018.07.18-09.06.01:235][435]LogModuleManager: Shutting down and abandoning module MRMesh (188)
[2018.07.18-09.06.01:235][435]LogModuleManager: Shutting down and abandoning module SourceCodeAccess (186)
[2018.07.18-09.06.01:235][435]LogModuleManager: Shutting down and abandoning module HeadMountedDisplay (184)
[2018.07.18-09.06.01:235][435]LogModuleManager: Shutting down and abandoning module XAudio2 (182)
[2018.07.18-09.06.01:235][435]LogModuleManager: Shutting down and abandoning module Networking (180)
[2018.07.18-09.06.01:235][435]LogModuleManager: Shutting down and abandoning module Core (178)
[2018.07.18-09.06.01:235][435]LogModuleManager: Shutting down and abandoning module LevelSequence (176)
[2018.07.18-09.06.01:235][435]LogModuleManager: Shutting down and abandoning module KismetCompiler (174)
[2018.07.18-09.06.01:235][435]LogModuleManager: Shutting down and abandoning module MeshUtilities (172)
[2018.07.18-09.06.01:250][435]LogModuleManager: Shutting down and abandoning module MeshMergeUtilities (171)
[2018.07.18-09.06.01:257][435]LogModuleManager: Shutting down and abandoning module MeshReductionInterface (170)
[2018.07.18-09.06.01:257][435]LogModuleManager: Shutting down and abandoning module SimplygonSwarm (169)
[2018.07.18-09.06.01:257][435]LogModuleManager: Shutting down and abandoning module SimplygonMeshReduction (167)
[2018.07.18-09.06.01:257][435]LogModuleManager: Shutting down and abandoning module QuadricMeshReduction (165)
[2018.07.18-09.06.01:257][435]LogModuleManager: Shutting down and abandoning module MaterialBaking (161)
[2018.07.18-09.06.01:257][435]LogModuleManager: Shutting down and abandoning module DirectoryWatcher (157)
[2018.07.18-09.06.01:259][435]LogModuleManager: Shutting down and abandoning module DerivedDataCache (154)
[2018.07.18-09.06.01:348][435]LogDerivedDataCache: Shutdown
[2018.07.18-09.06.01:348][435]LogModuleManager: Shutting down and abandoning module XGEController (152)
[2018.07.18-09.06.01:348][435]LogXGEController: Cleaning working directory: C:/Users/Harrison/AppData/Local/Temp/UnrealXGEWorkingDir/
[2018.07.18-09.06.01:348][435]LogModuleManager: Shutting down and abandoning module TargetPlatform (150)
[2018.07.18-09.06.01:348][435]LogModuleManager: Shutting down and abandoning module VulkanShaderFormat (149)
[2018.07.18-09.06.01:348][435]LogModuleManager: Shutting down and abandoning module ShaderFormatVectorVM (147)
[2018.07.18-09.06.01:368][435]LogModuleManager: Shutting down and abandoning module ShaderFormatOpenGL (145)
[2018.07.18-09.06.01:374][435]LogModuleManager: Shutting down and abandoning module ShaderFormatD3D (143)
[2018.07.18-09.06.01:374][435]LogModuleManager: Shutting down and abandoning module MetalShaderFormat (141)
[2018.07.18-09.06.01:374][435]LogModuleManager: Shutting down and abandoning module TextureFormatUncompressed (139)
[2018.07.18-09.06.01:374][435]LogModuleManager: Shutting down and abandoning module TextureFormatPVR (137)
[2018.07.18-09.06.01:374][435]LogModuleManager: Shutting down and abandoning module TextureFormatDXT (135)
[2018.07.18-09.06.01:374][435]LogModuleManager: Shutting down and abandoning module TextureFormatIntelISPCTexComp (133)
[2018.07.18-09.06.01:374][435]LogModuleManager: Shutting down and abandoning module TextureFormatASTC (131)
[2018.07.18-09.06.01:374][435]LogModuleManager: Shutting down and abandoning module ImageWrapper (130)
[2018.07.18-09.06.01:374][435]LogModuleManager: Shutting down and abandoning module TextureFormatAndroid (127)
[2018.07.18-09.06.01:374][435]LogModuleManager: Shutting down and abandoning module AudioFormatOpus (125)
[2018.07.18-09.06.01:374][435]LogModuleManager: Shutting down and abandoning module AudioFormatOgg (123)
[2018.07.18-09.06.01:374][435]LogModuleManager: Shutting down and abandoning module AudioFormatADPCM (121)
[2018.07.18-09.06.01:374][435]LogModuleManager: Shutting down and abandoning module LinuxTargetPlatform (119)
[2018.07.18-09.06.01:374][435]LogModuleManager: Shutting down and abandoning module LinuxServerTargetPlatform (117)
[2018.07.18-09.06.01:374][435]LogModuleManager: Shutting down and abandoning module LinuxNoEditorTargetPlatform (115)
[2018.07.18-09.06.01:374][435]LogModuleManager: Shutting down and abandoning module LinuxClientTargetPlatform (113)
[2018.07.18-09.06.01:374][435]LogModuleManager: Shutting down and abandoning module TVOSTargetPlatform (111)
[2018.07.18-09.06.01:374][435]LogModuleManager: Shutting down and abandoning module Messaging (109)
[2018.07.18-09.06.01:374][435]LogModuleManager: Shutting down and abandoning module IOSTargetPlatform (107)
[2018.07.18-09.06.01:374][435]LogModuleManager: Shutting down and abandoning module HTML5TargetPlatform (105)
[2018.07.18-09.06.01:374][435]LogModuleManager: Shutting down and abandoning module AndroidTargetPlatform (103)
[2018.07.18-09.06.01:374][435]LogModuleManager: Shutting down and abandoning module Android_PVRTCTargetPlatform (101)
[2018.07.18-09.06.01:374][435]LogModuleManager: Shutting down and abandoning module Android_MultiTargetPlatform (99)
[2018.07.18-09.06.01:374][435]LogModuleManager: Shutting down and abandoning module Android_ETC2TargetPlatform (97)
[2018.07.18-09.06.01:374][435]LogModuleManager: Shutting down and abandoning module Android_ETC1TargetPlatform (95)
[2018.07.18-09.06.01:374][435]LogModuleManager: Shutting down and abandoning module Android_ETC1aTargetPlatform (93)
[2018.07.18-09.06.01:374][435]LogModuleManager: Shutting down and abandoning module Android_DXTTargetPlatform (91)
[2018.07.18-09.06.01:374][435]LogModuleManager: Shutting down and abandoning module Android_ATCTargetPlatform (89)
[2018.07.18-09.06.01:374][435]LogModuleManager: Shutting down and abandoning module Android_ASTCTargetPlatform (87)
[2018.07.18-09.06.01:374][435]LogModuleManager: Shutting down and abandoning module WindowsTargetPlatform (85)
[2018.07.18-09.06.01:374][435]LogModuleManager: Shutting down and abandoning module WindowsServerTargetPlatform (83)
[2018.07.18-09.06.01:374][435]LogModuleManager: Shutting down and abandoning module WindowsNoEditorTargetPlatform (81)
[2018.07.18-09.06.01:374][435]LogModuleManager: Shutting down and abandoning module WindowsClientTargetPlatform (79)
[2018.07.18-09.06.01:374][435]LogModuleManager: Shutting down and abandoning module MacTargetPlatform (77)
[2018.07.18-09.06.01:374][435]LogModuleManager: Shutting down and abandoning module MacServerTargetPlatform (75)
[2018.07.18-09.06.01:374][435]LogModuleManager: Shutting down and abandoning module MacNoEditorTargetPlatform (73)
[2018.07.18-09.06.01:374][435]LogModuleManager: Shutting down and abandoning module MacClientTargetPlatform (71)
[2018.07.18-09.06.01:374][435]LogModuleManager: Shutting down and abandoning module AllDesktopTargetPlatform (69)
[2018.07.18-09.06.01:374][435]LogModuleManager: Shutting down and abandoning module InputCore (66)
[2018.07.18-09.06.01:374][435]LogModuleManager: Shutting down and abandoning module Settings (64)
[2018.07.18-09.06.01:374][435]LogModuleManager: Shutting down and abandoning module PhysXCooking (62)
[2018.07.18-09.06.01:374][435]LogModuleManager: Shutting down and abandoning module SteamVR (60)
[2018.07.18-09.06.01:374][435]LogModuleManager: Shutting down and abandoning module OculusHMD (58)
[2018.07.18-09.06.01:374][435]LogModuleManager: Shutting down and abandoning module ExampleDeviceProfileSelector (56)
[2018.07.18-09.06.01:374][435]LogModuleManager: Shutting down and abandoning module AppleARKit (54)
[2018.07.18-09.06.01:374][435]LogModuleManager: Shutting down and abandoning module AugmentedReality (51)
[2018.07.18-09.06.01:374][435]LogModuleManager: Shutting down and abandoning module OnlineBlueprintSupport (48)
[2018.07.18-09.06.01:374][435]LogModuleManager: Shutting down and abandoning module OnlineSubsystem (44)
[2018.07.18-09.06.01:374][435]LogModuleManager: Shutting down and abandoning module XMPP (43)
[2018.07.18-09.06.01:382][435]LogModuleManager: Shutting down and abandoning module HTTP (41)
[2018.07.18-09.06.01:382][435]LogHttp: Display: Http module shutting down, but needs to wait on 1 outstanding Http requests:
[2018.07.18-09.06.01:382][435]LogHttp: Display: 	verb=[POST] url=[https://datarouter.ol.epicgames.com/datarouter/api/v1/public/data?SessionID=%7B7528DD25-46FD-6585-97BA-29B3D3888C46%7D&AppID=UEEditor.Rocket.Release&AppVersion=4.19.2-4033788%2B%2B%2BUE4%2BRelease-4.19&UserID=07a50e9e4784e1d9f8c14c83201a7933%7Ceb337136c818478297c24695534e6726%7C508d3d38-1a1d-4cf8-96d3-4a73429fbbd3&AppEnvironment=datacollector-binary&UploadType=eteventstream] status=Processing
[2018.07.18-09.06.01:416][435]LogModuleManager: Shutting down and abandoning module SSL (40)
[2018.07.18-09.06.01:417][435]LogModuleManager: Shutting down and abandoning module AnimationModifiers (36)
[2018.07.18-09.06.01:433][435]LogModuleManager: Shutting down and abandoning module PropertyEditor (35)
[2018.07.18-09.06.01:449][435]LogModuleManager: Shutting down and abandoning module AudioEditor (32)
[2018.07.18-09.06.01:463][435]LogModuleManager: Shutting down and abandoning module TextureCompressor (30)
[2018.07.18-09.06.01:464][435]LogModuleManager: Shutting down and abandoning module ShaderCore (28)
[2018.07.18-09.06.01:464][435]LogModuleManager: Shutting down and abandoning module Landscape (26)
[2018.07.18-09.06.01:464][435]LogModuleManager: Shutting down and abandoning module SlateRHIRenderer (24)
[2018.07.18-09.06.01:477][435]LogModuleManager: Shutting down and abandoning module OpenGLDrv (22)
[2018.07.18-09.06.01:494][435]LogModuleManager: Shutting down and abandoning module D3D11RHI (20)
[2018.07.18-09.06.01:494][435]LogModuleManager: Shutting down and abandoning module AnimGraphRuntime (18)
[2018.07.18-09.06.01:494][435]LogModuleManager: Shutting down and abandoning module Renderer (16)
[2018.07.18-09.06.01:495][435]LogModuleManager: Shutting down and abandoning module Engine (14)
[2018.07.18-09.06.01:495][435]LogModuleManager: Shutting down and abandoning module CoreUObject (12)
[2018.07.18-09.06.01:495][435]LogModuleManager: Shutting down and abandoning module NetworkFile (10)
[2018.07.18-09.06.01:495][435]LogModuleManager: Shutting down and abandoning module CookedIterativeFile (8)
[2018.07.18-09.06.01:495][435]LogModuleManager: Shutting down and abandoning module StreamingFile (6)
[2018.07.18-09.06.01:495][435]LogModuleManager: Shutting down and abandoning module SandboxFile (4)
[2018.07.18-09.06.01:495][435]LogModuleManager: Shutting down and abandoning module PakFile (2)
[2018.07.18-09.06.01:511][435]LogExit: Exiting.
[2018.07.18-09.06.01:528][435]Log file closed, 07/18/18 05:06:01
