Log file open, 05/08/18 05:30:53
LogWindows: Failed to load 'aqProf.dll' (GetLastError=126)
LogWindows: File 'aqProf.dll' does not exist
LogWindows: Failed to load 'VtuneApi.dll' (GetLastError=126)
LogWindows: File 'VtuneApi.dll' does not exist
LogWindows: Failed to load 'VtuneApi32e.dll' (GetLastError=126)
LogWindows: File 'VtuneApi32e.dll' does not exist
LogInit: Display: Running engine for game: UnrealCPP
LogPlatformFile: Not using cached read wrapper
LogInit: Display: RandInit(295968884) SRandInit(295968884).
LogInit: Read version file with build ID '3944462'
LogInit: Overriding engine version to CL 4033788, compatible CL 3944462
LogInit: Registered custom module enumerator with build ID '3944462'
LogTaskGraph: Started task graph with 5 named threads and 23 total threads with 3 sets of task threads.
LogStats: Stats thread started at 0.280094
LogD3D11RHI: Aftermath initialized
LogICUInternationalization: Display: ICU TimeZone Detection - Raw Offset: -5:00, Platform Override: ''
LogPluginManager: Mounting plugin Paper2D
LogPluginManager: Mounting plugin LiveLink
LogPluginManager: Mounting plugin LightPropagationVolume
LogPluginManager: Mounting plugin CLionSourceCodeAccess
LogPluginManager: Mounting plugin CodeLiteSourceCodeAccess
LogPluginManager: Mounting plugin GitSourceControl
LogPluginManager: Mounting plugin KDevelopSourceCodeAccess
LogPluginManager: Mounting plugin NullSourceCodeAccess
LogPluginManager: Mounting plugin PerforceSourceControl
LogPluginManager: Mounting plugin SubversionSourceControl
LogPluginManager: Mounting plugin UObjectPlugin
LogPluginManager: Mounting plugin VisualStudioCodeSourceCodeAccess
LogPluginManager: Mounting plugin VisualStudioSourceCodeAccess
LogPluginManager: Mounting plugin XCodeSourceCodeAccess
LogPluginManager: Mounting plugin AssetManagerEditor
LogPluginManager: Mounting plugin CryptoKeys
LogPluginManager: Mounting plugin DataValidation
LogPluginManager: Mounting plugin FacialAnimation
LogPluginManager: Mounting plugin GameplayTagsEditor
LogPluginManager: Mounting plugin MobileLauncherProfileWizard
LogPluginManager: Mounting plugin PluginBrowser
LogPluginManager: Mounting plugin SpeedTreeImporter
LogPluginManager: Mounting plugin DatasmithContent
LogPluginManager: Mounting plugin AlembicImporter
LogPluginManager: Mounting plugin CharacterAI
LogPluginManager: Mounting plugin HTML5Networking
LogPluginManager: Mounting plugin AndroidMedia
LogPluginManager: Mounting plugin AvfMedia
LogPluginManager: Mounting plugin ImgMedia
LogPluginManager: Mounting plugin LinearTimecode
LogPluginManager: Mounting plugin MediaCompositing
LogPluginManager: Mounting plugin MediaPlayerEditor
LogPluginManager: Mounting plugin WmfMedia
LogPluginManager: Mounting plugin TcpMessaging
LogPluginManager: Mounting plugin UdpMessaging
LogPluginManager: Mounting plugin ActorSequence
LogPluginManager: Mounting plugin LevelSequenceEditor
LogPluginManager: Mounting plugin MatineeToLevelSequence
LogPluginManager: Mounting plugin NetcodeUnitTest
LogPluginManager: Mounting plugin NUTUnrealEngine4
LogPluginManager: Mounting plugin OnlineSubsystemGooglePlay
LogPluginManager: Mounting plugin OnlineSubsystemIOS
LogPluginManager: Mounting plugin OnlineSubsystem
LogPluginManager: Mounting plugin OnlineSubsystemNull
LogPluginManager: Mounting plugin OnlineSubsystemUtils
LogPluginManager: Mounting plugin AndroidDeviceProfileSelector
LogPluginManager: Mounting plugin AndroidMoviePlayer
LogPluginManager: Mounting plugin AndroidPermission
LogPluginManager: Mounting plugin AppleARKit
LogPluginManager: Mounting plugin AppleMoviePlayer
LogPluginManager: Mounting plugin ArchVisCharacter
LogPluginManager: Mounting plugin AudioCapture
LogPluginManager: Mounting plugin CableComponent
LogPluginManager: Mounting plugin CustomMeshComponent
LogPluginManager: Mounting plugin ExampleDeviceProfileSelector
LogPluginManager: Mounting plugin GoogleCloudMessaging
LogPluginManager: Mounting plugin ImmediatePhysics
LogPluginManager: Mounting plugin IOSDeviceProfileSelector
LogPluginManager: Mounting plugin LinuxDeviceProfileSelector
LogPluginManager: Mounting plugin LocationServicesBPLibrary
LogPluginManager: Mounting plugin MobilePatchingUtils
LogPluginManager: Mounting plugin OculusVR
LogPluginManager: Plugin shader directory ../../../Engine/Plugins/Runtime/Oculus/OculusVR/Shaders found
LogPluginManager: Mapping shader source directory ../../../Engine/Plugins/Runtime/Oculus/OculusVR/Shaders to virtual directory /Plugin/OculusVR
LogPluginManager: Mounting plugin PhysXVehicles
LogPluginManager: Mounting plugin ProceduralMeshComponent
LogPluginManager: Mounting plugin RuntimePhysXCooking
LogPluginManager: Mounting plugin SteamVR
LogPluginManager: Mounting plugin WindowsMoviePlayer
LogStreaming: Display: Took  0.157s to configure plugins.
LogModuleManager: Display: Found up-to-date module file ../../../../../Unreal Projects/UnrealCPP/Binaries/Win64/UE4Editor-UnrealCPP-5898.dll (API version 3944462).
LogModuleManager: Display: Found up-to-date module file ../../../Engine/Plugins/2D/Paper2D/Binaries/Win64/UE4Editor-Paper2D.dll (API version 3944462).
LogModuleManager: Display: Found up-to-date module file ../../../Engine/Plugins/2D/Paper2D/Binaries/Win64/UE4Editor-Paper2DEditor.dll (API version 3944462).
LogModuleManager: Display: Found up-to-date module file ../../../Engine/Plugins/2D/Paper2D/Binaries/Win64/UE4Editor-PaperSpriteSheetImporter.dll (API version 3944462).
LogModuleManager: Display: Found up-to-date module file ../../../Engine/Plugins/2D/Paper2D/Binaries/Win64/UE4Editor-PaperTiledImporter.dll (API version 3944462).
LogModuleManager: Display: Found up-to-date module file ../../../Engine/Plugins/2D/Paper2D/Binaries/Win64/UE4Editor-SmartSnapping.dll (API version 3944462).
LogModuleManager: Display: Found up-to-date module file ../../../Engine/Plugins/Animation/LiveLink/Binaries/Win64/UE4Editor-LiveLink.dll (API version 3944462).
LogModuleManager: Display: Found up-to-date module file ../../../Engine/Plugins/Animation/LiveLink/Binaries/Win64/UE4Editor-LiveLinkEditor.dll (API version 3944462).
LogModuleManager: Display: Found up-to-date module file ../../../Engine/Plugins/Blendables/LightPropagationVolume/Binaries/Win64/UE4Editor-LightPropagationVolumeRuntime.dll (API version 3944462).
LogModuleManager: Display: Found up-to-date module file ../../../Engine/Plugins/Blendables/LightPropagationVolume/Binaries/Win64/UE4Editor-LightPropagationVolumeEditor.dll (API version 3944462).
LogModuleManager: Display: Found up-to-date module file ../../../Engine/Plugins/Developer/CLionSourceCodeAccess/Binaries/Win64/UE4Editor-CLionSourceCodeAccess.dll (API version 3944462).
LogModuleManager: Display: Found up-to-date module file ../../../Engine/Plugins/Developer/GitSourceControl/Binaries/Win64/UE4Editor-GitSourceControl.dll (API version 3944462).
LogModuleManager: Display: Found up-to-date module file ../../../Engine/Plugins/Developer/PerforceSourceControl/Binaries/Win64/UE4Editor-PerforceSourceControl.dll (API version 3944462).
LogModuleManager: Display: Found up-to-date module file ../../../Engine/Plugins/Developer/SubversionSourceControl/Binaries/Win64/UE4Editor-SubversionSourceControl.dll (API version 3944462).
LogModuleManager: Display: Found up-to-date module file ../../../Engine/Plugins/Developer/UObjectPlugin/Binaries/Win64/UE4Editor-UObjectPlugin.dll (API version 3944462).
LogModuleManager: Display: Found up-to-date module file ../../../Engine/Plugins/Developer/VisualStudioCodeSourceCodeAccess/Binaries/Win64/UE4Editor-VisualStudioCodeSourceCodeAccess.dll (API version 3944462).
LogModuleManager: Display: Found up-to-date module file ../../../Engine/Plugins/Developer/VisualStudioSourceCodeAccess/Binaries/Win64/UE4Editor-VisualStudioSourceCodeAccess.dll (API version 3944462).
LogModuleManager: Display: Found up-to-date module file ../../../Engine/Plugins/Editor/AssetManagerEditor/Binaries/Win64/UE4Editor-AssetManagerEditor.dll (API version 3944462).
LogModuleManager: Display: Found up-to-date module file ../../../Engine/Plugins/Editor/CryptoKeys/Binaries/Win64/UE4Editor-CryptoKeys.dll (API version 3944462).
LogModuleManager: Display: Found up-to-date module file ../../../Engine/Plugins/Editor/CryptoKeys/Binaries/Win64/UE4Editor-CryptoKeysOpenSSL.dll (API version 3944462).
LogModuleManager: Display: Found up-to-date module file ../../../Engine/Plugins/Editor/DataValidation/Binaries/Win64/UE4Editor-DataValidation.dll (API version 3944462).
LogModuleManager: Display: Found up-to-date module file ../../../Engine/Plugins/Editor/FacialAnimation/Binaries/Win64/UE4Editor-FacialAnimation.dll (API version 3944462).
LogModuleManager: Display: Found up-to-date module file ../../../Engine/Plugins/Editor/FacialAnimation/Binaries/Win64/UE4Editor-FacialAnimationEditor.dll (API version 3944462).
LogModuleManager: Display: Found up-to-date module file ../../../Engine/Plugins/Editor/GameplayTagsEditor/Binaries/Win64/UE4Editor-GameplayTagsEditor.dll (API version 3944462).
LogModuleManager: Display: Found up-to-date module file ../../../Engine/Plugins/Editor/MobileLauncherProfileWizard/Binaries/Win64/UE4Editor-MobileLauncherProfileWizard.dll (API version 3944462).
LogModuleManager: Display: Found up-to-date module file ../../../Engine/Plugins/Editor/PluginBrowser/Binaries/Win64/UE4Editor-PluginBrowser.dll (API version 3944462).
LogModuleManager: Display: Found up-to-date module file ../../../Engine/Plugins/Editor/SpeedTreeImporter/Binaries/Win64/UE4Editor-SpeedTreeImporter.dll (API version 3944462).
LogModuleManager: Display: Found up-to-date module file ../../../Engine/Plugins/Enterprise/DatasmithContent/Binaries/Win64/UE4Editor-DatasmithContent.dll (API version 3944462).
LogModuleManager: Display: Found up-to-date module file ../../../Engine/Plugins/Experimental/AlembicImporter/Binaries/Win64/UE4Editor-AlembicImporter.dll (API version 3944462).
LogModuleManager: Display: Found up-to-date module file ../../../Engine/Plugins/Experimental/AlembicImporter/Binaries/Win64/UE4Editor-AlembicLibrary.dll (API version 3944462).
LogModuleManager: Display: Found up-to-date module file ../../../Engine/Plugins/Experimental/CharacterAI/Binaries/Win64/UE4Editor-CharacterAI.dll (API version 3944462).
LogModuleManager: Display: Found up-to-date module file ../../../Engine/Plugins/Experimental/HTML5Networking/Binaries/Win64/UE4Editor-HTML5Networking.dll (API version 3944462).
LogModuleManager: Display: Found up-to-date module file ../../../Engine/Plugins/Media/AndroidMedia/Binaries/Win64/UE4Editor-AndroidMediaEditor.dll (API version 3944462).
LogModuleManager: Display: Found up-to-date module file ../../../Engine/Plugins/Media/AndroidMedia/Binaries/Win64/UE4Editor-AndroidMediaFactory.dll (API version 3944462).
LogModuleManager: Display: Found up-to-date module file ../../../Engine/Plugins/Media/AvfMedia/Binaries/Win64/UE4Editor-AvfMediaEditor.dll (API version 3944462).
LogModuleManager: Display: Found up-to-date module file ../../../Engine/Plugins/Media/AvfMedia/Binaries/Win64/UE4Editor-AvfMediaFactory.dll (API version 3944462).
LogModuleManager: Display: Found up-to-date module file ../../../Engine/Plugins/Media/AvfMedia/Binaries/Win64/UE4Editor-AvfMediaFactory.dll (API version 3944462).
LogModuleManager: Display: Found up-to-date module file ../../../Engine/Plugins/Media/ImgMedia/Binaries/Win64/UE4Editor-ImgMedia.dll (API version 3944462).
LogModuleManager: Display: Found up-to-date module file ../../../Engine/Plugins/Media/ImgMedia/Binaries/Win64/UE4Editor-ImgMediaEditor.dll (API version 3944462).
LogModuleManager: Display: Found up-to-date module file ../../../Engine/Plugins/Media/ImgMedia/Binaries/Win64/UE4Editor-ImgMediaFactory.dll (API version 3944462).
LogModuleManager: Display: Found up-to-date module file ../../../Engine/Plugins/Media/ImgMedia/Binaries/Win64/UE4Editor-ImgMediaFactory.dll (API version 3944462).
LogModuleManager: Display: Found up-to-date module file ../../../Engine/Plugins/Media/ImgMedia/Binaries/Win64/UE4Editor-OpenExrWrapper.dll (API version 3944462).
LogModuleManager: Display: Found up-to-date module file ../../../Engine/Plugins/Media/LinearTimecode/Binaries/Win64/UE4Editor-LinearTimecode.dll (API version 3944462).
LogModuleManager: Display: Found up-to-date module file ../../../Engine/Plugins/Media/MediaCompositing/Binaries/Win64/UE4Editor-MediaCompositing.dll (API version 3944462).
LogModuleManager: Display: Found up-to-date module file ../../../Engine/Plugins/Media/MediaCompositing/Binaries/Win64/UE4Editor-MediaCompositingEditor.dll (API version 3944462).
LogModuleManager: Display: Found up-to-date module file ../../../Engine/Plugins/Media/MediaPlayerEditor/Binaries/Win64/UE4Editor-MediaPlayerEditor.dll (API version 3944462).
LogModuleManager: Display: Found up-to-date module file ../../../Engine/Plugins/Media/WmfMedia/Binaries/Win64/UE4Editor-WmfMedia.dll (API version 3944462).
LogModuleManager: Display: Found up-to-date module file ../../../Engine/Plugins/Media/WmfMedia/Binaries/Win64/UE4Editor-WmfMediaEditor.dll (API version 3944462).
LogModuleManager: Display: Found up-to-date module file ../../../Engine/Plugins/Media/WmfMedia/Binaries/Win64/UE4Editor-WmfMediaFactory.dll (API version 3944462).
LogModuleManager: Display: Found up-to-date module file ../../../Engine/Plugins/Media/WmfMedia/Binaries/Win64/UE4Editor-WmfMediaFactory.dll (API version 3944462).
LogModuleManager: Display: Found up-to-date module file ../../../Engine/Plugins/Messaging/TcpMessaging/Binaries/Win64/UE4Editor-TcpMessaging.dll (API version 3944462).
LogModuleManager: Display: Found up-to-date module file ../../../Engine/Plugins/Messaging/UdpMessaging/Binaries/Win64/UE4Editor-UdpMessaging.dll (API version 3944462).
LogModuleManager: Display: Found up-to-date module file ../../../Engine/Plugins/MovieScene/ActorSequence/Binaries/Win64/UE4Editor-ActorSequence.dll (API version 3944462).
LogModuleManager: Display: Found up-to-date module file ../../../Engine/Plugins/MovieScene/LevelSequenceEditor/Binaries/Win64/UE4Editor-LevelSequenceEditor.dll (API version 3944462).
LogModuleManager: Display: Found up-to-date module file ../../../Engine/Plugins/MovieScene/MatineeToLevelSequence/Binaries/Win64/UE4Editor-MatineeToLevelSequence.dll (API version 3944462).
LogModuleManager: Display: Found up-to-date module file ../../../Engine/Plugins/NetcodeUnitTest/NetcodeUnitTest/Binaries/Win64/UE4Editor-NetcodeUnitTest.dll (API version 3944462).
LogModuleManager: Display: Found up-to-date module file ../../../Engine/Plugins/NetcodeUnitTest/NUTUnrealEngine4/Binaries/Win64/UE4Editor-NUTUnrealEngine4.dll (API version 3944462).
LogModuleManager: Display: Found up-to-date module file ../../../Engine/Plugins/Online/OnlineSubsystem/Binaries/Win64/UE4Editor-OnlineSubsystem.dll (API version 3944462).
LogModuleManager: Display: Found up-to-date module file ../../../Engine/Plugins/Online/OnlineSubsystemNull/Binaries/Win64/UE4Editor-OnlineSubsystemNull.dll (API version 3944462).
LogModuleManager: Display: Found up-to-date module file ../../../Engine/Plugins/Online/OnlineSubsystemUtils/Binaries/Win64/UE4Editor-OnlineSubsystemUtils.dll (API version 3944462).
LogModuleManager: Display: Found up-to-date module file ../../../Engine/Plugins/Online/OnlineSubsystemUtils/Binaries/Win64/UE4Editor-OnlineBlueprintSupport.dll (API version 3944462).
LogModuleManager: Display: Found up-to-date module file ../../../Engine/Plugins/Runtime/AndroidDeviceProfileSelector/Binaries/Win64/UE4Editor-AndroidDeviceProfileSelector.dll (API version 3944462).
LogModuleManager: Display: Found up-to-date module file ../../../Engine/Plugins/Runtime/AndroidPermission/Binaries/Win64/UE4Editor-AndroidPermission.dll (API version 3944462).
LogModuleManager: Display: Found up-to-date module file ../../../Engine/Plugins/Runtime/AppleARKit/Binaries/Win64/UE4Editor-AppleARKit.dll (API version 3944462).
LogModuleManager: Display: Found up-to-date module file ../../../Engine/Plugins/Runtime/ArchVisCharacter/Binaries/Win64/UE4Editor-ArchVisCharacter.dll (API version 3944462).
LogModuleManager: Display: Found up-to-date module file ../../../Engine/Plugins/Runtime/AudioCapture/Binaries/Win64/UE4Editor-AudioCapture.dll (API version 3944462).
LogModuleManager: Display: Found up-to-date module file ../../../Engine/Plugins/Runtime/AudioCapture/Binaries/Win64/UE4Editor-AudioCaptureEditor.dll (API version 3944462).
LogModuleManager: Display: Found up-to-date module file ../../../Engine/Plugins/Runtime/CableComponent/Binaries/Win64/UE4Editor-CableComponent.dll (API version 3944462).
LogModuleManager: Display: Found up-to-date module file ../../../Engine/Plugins/Runtime/CustomMeshComponent/Binaries/Win64/UE4Editor-CustomMeshComponent.dll (API version 3944462).
LogModuleManager: Display: Found up-to-date module file ../../../Engine/Plugins/Runtime/ExampleDeviceProfileSelector/Binaries/Win64/UE4Editor-ExampleDeviceProfileSelector.dll (API version 3944462).
LogModuleManager: Display: Found up-to-date module file ../../../Engine/Plugins/Runtime/ImmediatePhysics/Binaries/Win64/UE4Editor-ImmediatePhysics.dll (API version 3944462).
LogModuleManager: Display: Found up-to-date module file ../../../Engine/Plugins/Runtime/ImmediatePhysics/Binaries/Win64/UE4Editor-ImmediatePhysicsEditor.dll (API version 3944462).
LogModuleManager: Display: Found up-to-date module file ../../../Engine/Plugins/Runtime/LocationServicesBPLibrary/Binaries/Win64/UE4Editor-LocationServicesBPLibrary.dll (API version 3944462).
LogModuleManager: Display: Found up-to-date module file ../../../Engine/Plugins/Runtime/MobilePatchingUtils/Binaries/Win64/UE4Editor-MobilePatchingUtils.dll (API version 3944462).
LogModuleManager: Display: Found up-to-date module file ../../../Engine/Plugins/Runtime/Oculus/OculusVR/Binaries/Win64/UE4Editor-OculusHMD.dll (API version 3944462).
LogModuleManager: Display: Found up-to-date module file ../../../Engine/Plugins/Runtime/Oculus/OculusVR/Binaries/Win64/UE4Editor-OculusInput.dll (API version 3944462).
LogModuleManager: Display: Found up-to-date module file ../../../Engine/Plugins/Runtime/Oculus/OculusVR/Binaries/Win64/UE4Editor-OculusEditor.dll (API version 3944462).
LogModuleManager: Display: Found up-to-date module file ../../../Engine/Plugins/Runtime/PhysXVehicles/Binaries/Win64/UE4Editor-PhysXVehicles.dll (API version 3944462).
LogModuleManager: Display: Found up-to-date module file ../../../Engine/Plugins/Runtime/PhysXVehicles/Binaries/Win64/UE4Editor-PhysXVehiclesEditor.dll (API version 3944462).
LogModuleManager: Display: Found up-to-date module file ../../../Engine/Plugins/Runtime/ProceduralMeshComponent/Binaries/Win64/UE4Editor-ProceduralMeshComponent.dll (API version 3944462).
LogModuleManager: Display: Found up-to-date module file ../../../Engine/Plugins/Runtime/ProceduralMeshComponent/Binaries/Win64/UE4Editor-ProceduralMeshComponentEditor.dll (API version 3944462).
LogModuleManager: Display: Found up-to-date module file ../../../Engine/Plugins/Runtime/RuntimePhysXCooking/Binaries/Win64/UE4Editor-RuntimePhysXCooking.dll (API version 3944462).
LogModuleManager: Display: Found up-to-date module file ../../../Engine/Plugins/Runtime/Steam/SteamVR/Binaries/Win64/UE4Editor-SteamVR.dll (API version 3944462).
LogModuleManager: Display: Found up-to-date module file ../../../Engine/Plugins/Runtime/Steam/SteamVR/Binaries/Win64/UE4Editor-SteamVRController.dll (API version 3944462).
LogModuleManager: Display: Found up-to-date module file ../../../Engine/Plugins/Runtime/WindowsMoviePlayer/Binaries/Win64/UE4Editor-WindowsMoviePlayer.dll (API version 3944462).
LogInit: Using libcurl 7.47.1
LogInit:  - built for x86_64-pc-win32
LogInit:  - supports SSL with OpenSSL/1.0.2g
LogInit:  - supports HTTP deflate (compression) using libz 1.2.8
LogInit:  - other features:
LogInit:      CURL_VERSION_SSL
LogInit:      CURL_VERSION_LIBZ
LogInit:      CURL_VERSION_IPV6
LogInit:      CURL_VERSION_ASYNCHDNS
LogInit:      CURL_VERSION_LARGEFILE
LogInit:      CURL_VERSION_IDN
LogInit:  CurlRequestOptions (configurable via config and command line):
LogInit:  - bVerifyPeer = false  - Libcurl will NOT verify peer certificate
LogInit:  - bUseHttpProxy = false  - Libcurl will NOT use HTTP proxy
LogInit:  - bDontReuseConnections = false  - Libcurl will reuse connections
LogInit:  - CertBundlePath = nullptr  - Libcurl will use whatever was configured at build time.
LogInit:  - MaxHostConnections = 16  - Libcurl will limit the number of connections to a host
LogInit:  - LocalHostAddr = Default
LogInit: WinSock: version 1.1 (2.2), MaxSocks=32767, MaxUdp=65467
LogInit: WinSock: I am HarryPC (192.168.0.8:0)
LogInit: Build: ++UE4+Release-4.19-CL-4033788
LogInit: Engine Version: 4.19.2-4033788+++UE4+Release-4.19
LogInit: Compatible Engine Version: 4.19.0-3944462+++UE4+Release-4.19
LogInit: Net CL: 3944462
LogDevObjectVersion: Number of dev versions registered: 18
LogDevObjectVersion:   Dev-Blueprints (B0D832E4-1F89-4F0D-ACCF-7EB736FD4AA2): 10
LogDevObjectVersion:   Dev-Build (E1C64328-A22C-4D53-A36C-8E866417BD8C): 0
LogDevObjectVersion:   Dev-Core (375EC13C-06E4-48FB-B500-84F0262A717E): 2
LogDevObjectVersion:   Dev-Editor (E4B068ED-F494-42E9-A231-DA0B2E46BB41): 23
LogDevObjectVersion:   Dev-Framework (CFFC743F-43B0-4480-9391-14DF171D2073): 33
LogDevObjectVersion:   Dev-Mobile (B02B49B5-BB20-44E9-A304-32B752E40360): 2
LogDevObjectVersion:   Dev-Networking (A4E4105C-59A1-49B5-A7C5-40C4547EDFEE): 0
LogDevObjectVersion:   Dev-Online (39C831C9-5AE6-47DC-9A44-9C173E1C8E7C): 0
LogDevObjectVersion:   Dev-Physics (78F01B33-EBEA-4F98-B9B4-84EACCB95AA2): 0
LogDevObjectVersion:   Dev-Platform (6631380F-2D4D-43E0-8009-CF276956A95A): 0
LogDevObjectVersion:   Dev-Rendering (12F88B9F-8875-4AFC-A67C-D90C383ABD29): 25
LogDevObjectVersion:   Dev-Sequencer (7B5AE74C-D270-4C10-A958-57980B212A5A): 6
LogDevObjectVersion:   Dev-VR (D7296918-1DD6-4BDD-9DE2-64A83CC13884): 1
LogDevObjectVersion:   Dev-LoadTimes (C2A15278-BFE7-4AFE-6C17-90FF531DF755): 1
LogDevObjectVersion:   Private-Geometry (6EACA3D4-40EC-4CC1-B786-8BED09428FC5): 2
LogDevObjectVersion:   Dev-AnimPhys (29E575DD-E0A3-4627-9D10-D276232CDCEA): 16
LogDevObjectVersion:   Dev-ReflectionCapture (6B266CEC-1EC7-4B8F-A30B-E4D90942FC07): 1
LogDevObjectVersion:   Dev-Automation (0DF73D61-A23F-47EA-B727-89E90C41499A): 1
LogInit: Compiled (64-bit): Apr 27 2018 02:06:57
LogInit: Compiled with Visual C++: 19.00.24215.01
LogInit: Build Configuration: Development
LogInit: Branch Name: ++UE4+Release-4.19
LogInit: Command Line:  
LogInit: Base Directory: D:/Epic Games/UE_4.19/Engine/Binaries/Win64/
LogInit: Installed Engine Build: 1
LogStreaming: Display: Took  0.001s to delete old logs.
LogInit: Presizing for max 8388607 objects, including 0 objects not considered by GC, pre-allocating 0 bytes for permanent pool.
LogInit: Object subsystem initialized
[2018.05.08-09.30.55:665][  0]LogInit: Selected Device Profile: [Windows]
[2018.05.08-09.30.55:665][  0]LogInit: Applying CVar settings loaded from the selected device profile: [Windows]
[2018.05.08-09.30.55:681][  0]LogInit: Computer: HARRYPC
[2018.05.08-09.30.55:681][  0]LogInit: User: Harrison
[2018.05.08-09.30.55:681][  0]LogInit: CPU Page size=4096, Cores=4
[2018.05.08-09.30.55:681][  0]LogInit: High frequency timer resolution =3.514608 MHz
[2018.05.08-09.30.55:682][  0]LogMemory: Memory total: Physical=16.0GB (16GB approx)
[2018.05.08-09.30.55:682][  0]LogMemory: Platform Memory Stats for Windows
[2018.05.08-09.30.55:682][  0]LogMemory: Process Physical Memory: 274.80 MB used, 274.80 MB peak
[2018.05.08-09.30.55:682][  0]LogMemory: Process Virtual Memory: 264.61 MB used, 264.61 MB peak
[2018.05.08-09.30.55:682][  0]LogMemory: Physical Memory: 5035.88 MB used,  11305.11 MB free, 16340.99 MB total
[2018.05.08-09.30.55:682][  0]LogMemory: Virtual Memory: 697.78 MB used,  11305.11 MB free, 134217728.00 MB total
[2018.05.08-09.30.55:813][  0]LogInit: Using OS detected language (en-US).
[2018.05.08-09.30.55:813][  0]LogInit: Using OS detected locale (en-US).
[2018.05.08-09.30.55:854][  0]LogTextLocalizationManager: No specific localization for 'en-US' exists, so the 'en' localization will be used.
[2018.05.08-09.30.56:253][  0]LogStreaming: Display: Took  0.441s to EndInitTextLocalization.
[2018.05.08-09.30.56:253][  0]LogInit: Setting process to per monitor DPI aware
[2018.05.08-09.30.56:304][  0]LogSlate: New Slate User Created.  User Index 0, Is Virtual User: 0
[2018.05.08-09.30.56:304][  0]LogSlate: Slate User Registered.  User Index 0, Is Virtual User: 0
[2018.05.08-09.30.57:857][  0]LogD3D11RHI: D3D11 adapters:
[2018.05.08-09.30.57:993][  0]LogD3D11RHI:    0. 'NVIDIA GeForce GTX 970' (Feature Level 11_0)
[2018.05.08-09.30.57:993][  0]LogD3D11RHI:       4043/0/8170 MB DedicatedVideo/DedicatedSystem/SharedSystem, Outputs:1, VendorId:0x10de
[2018.05.08-09.30.57:994][  0]LogD3D11RHI:    1. 'Microsoft Basic Render Driver' (Feature Level 11_0)
[2018.05.08-09.30.57:994][  0]LogD3D11RHI:       0/0/8170 MB DedicatedVideo/DedicatedSystem/SharedSystem, Outputs:0, VendorId:0x1414
[2018.05.08-09.30.57:994][  0]LogD3D11RHI: Chosen D3D11 Adapter: 0
[2018.05.08-09.30.57:999][  0]LogD3D11RHI: Creating new Direct3DDevice
[2018.05.08-09.30.57:999][  0]LogD3D11RHI:     GPU DeviceId: 0x13c2 (for the marketing name, search the web for "GPU Device Id")
[2018.05.08-09.30.57:999][  0]LogWindows: EnumDisplayDevices:
[2018.05.08-09.30.57:999][  0]LogWindows:    0. 'NVIDIA GeForce GTX 970' (P:1 D:1)
[2018.05.08-09.30.57:999][  0]LogWindows:    1. 'NVIDIA GeForce GTX 970' (P:0 D:0)
[2018.05.08-09.30.57:999][  0]LogWindows:    2. 'NVIDIA GeForce GTX 970' (P:0 D:0)
[2018.05.08-09.30.58:000][  0]LogWindows:    3. 'NVIDIA GeForce GTX 970' (P:0 D:0)
[2018.05.08-09.30.58:000][  0]LogWindows: DebugString: GetVideoDriverDetailsInvalid PrimaryIsNotTheChoosenAdapter GetVideoDriverDetailsInvalid PrimaryIsNotTheChoosenAdapter GetVideoDriverDetailsInvalid PrimaryIsNotTheChoosenAdapter GetVideoDriverDetailsInvalid PrimaryIsNotTheChoosenAdapter FoundDriverCount:0 
[2018.05.08-09.30.58:000][  0]LogD3D11RHI:     Adapter Name: NVIDIA GeForce GTX 970
[2018.05.08-09.30.58:000][  0]LogD3D11RHI:   Driver Version: Unknown (internal:Unknown, unified:Unknown)
[2018.05.08-09.30.58:000][  0]LogD3D11RHI:      Driver Date: Unknown
[2018.05.08-09.30.58:000][  0]LogRHI: Texture pool is 2830 MB (70% of 4043 MB)
[2018.05.08-09.30.58:021][  0]LogD3D11RHI: [Aftermath] Aftermath enabled and primed
[2018.05.08-09.30.58:021][  0]LogD3D11RHI: [Aftermath] Aftermath enabled and primed
[2018.05.08-09.30.58:021][  0]LogD3D11RHI: Async texture creation enabled
[2018.05.08-09.30.58:040][  0]LogD3D11RHI: GPU Timing Frequency: 1000.000000 (Debug: 2 2)
[2018.05.08-09.30.58:089][  0]LogShaderCompilers: Guid format shader working directory is 9 characters bigger than the processId version (../../../../../Unreal Projects/UnrealCPP/Intermediate/Shaders/WorkingDirectory/2196/).
[2018.05.08-09.30.58:089][  0]LogShaderCompilers: Cleaned the shader compiler working directory 'C:/Users/Harrison/AppData/Local/Temp/UnrealShaderWorkingDir/0D29664A484A5B9E2C2E51857A4735D9/'.
[2018.05.08-09.30.58:466][  0]LogTemp: Display: Loaded TP AllDesktopTargetPlatform
[2018.05.08-09.30.58:477][  0]LogTemp: Display: Loaded TP MacClientTargetPlatform
[2018.05.08-09.30.58:489][  0]LogTemp: Display: Loaded TP MacNoEditorTargetPlatform
[2018.05.08-09.30.58:500][  0]LogTemp: Display: Loaded TP MacServerTargetPlatform
[2018.05.08-09.30.58:514][  0]LogTemp: Display: Loaded TP MacTargetPlatform
[2018.05.08-09.30.58:525][  0]LogTemp: Display: Loaded TP WindowsClientTargetPlatform
[2018.05.08-09.30.58:536][  0]LogTemp: Display: Loaded TP WindowsNoEditorTargetPlatform
[2018.05.08-09.30.58:547][  0]LogTemp: Display: Loaded TP WindowsServerTargetPlatform
[2018.05.08-09.30.58:552][  0]LogTemp: Display: Loaded TP WindowsTargetPlatform
[2018.05.08-09.30.58:562][  0]LogTemp: Display: Loaded TP Android_ASTCTargetPlatform
[2018.05.08-09.30.58:573][  0]LogTemp: Display: Loaded TP Android_ATCTargetPlatform
[2018.05.08-09.30.58:583][  0]LogTemp: Display: Loaded TP Android_DXTTargetPlatform
[2018.05.08-09.30.58:593][  0]LogTemp: Display: Loaded TP Android_ETC1aTargetPlatform
[2018.05.08-09.30.58:603][  0]LogTemp: Display: Loaded TP Android_ETC1TargetPlatform
[2018.05.08-09.30.58:613][  0]LogTemp: Display: Loaded TP Android_ETC2TargetPlatform
[2018.05.08-09.30.58:635][  0]LogTemp: Display: Loaded TP Android_MultiTargetPlatform
[2018.05.08-09.30.58:635][  0]LogTemp: Display: Loaded TP Android_PVRTCTargetPlatform
[2018.05.08-09.30.58:649][  0]LogTemp: Display: Loaded TP AndroidTargetPlatform
[2018.05.08-09.30.58:650][  0]LogTemp: Display: Loaded TP HTML5TargetPlatform
[2018.05.08-09.30.58:702][  0]LogTemp: Display: Loaded TP IOSTargetPlatform
[2018.05.08-09.30.58:712][  0]LogTemp: Display: Loaded TP TVOSTargetPlatform
[2018.05.08-09.30.58:723][  0]LogTemp: Display: Loaded TP LinuxClientTargetPlatform
[2018.05.08-09.30.58:733][  0]LogTemp: Display: Loaded TP LinuxNoEditorTargetPlatform
[2018.05.08-09.30.58:744][  0]LogTemp: Display: Loaded TP LinuxServerTargetPlatform
[2018.05.08-09.30.58:758][  0]LogTemp: Display: Loaded TP LinuxTargetPlatform
[2018.05.08-09.30.58:758][  0]LogTargetPlatformManager: Display: Building Assets For Windows
[2018.05.08-09.30.59:044][  0]LogXGEController: Cannot use XGE Controller as Incredibuild is not installed on this machine.
[2018.05.08-09.30.59:044][  0]LogShaderCompilers: Cannot use XGE Shader Compiler as Incredibuild is not installed on this machine.
[2018.05.08-09.30.59:044][  0]LogShaderCompilers: Display: Using Local Shader Compiler.
[2018.05.08-09.31.00:345][  0]LogDerivedDataCache: Display: Max Cache Size: 512 MB
[2018.05.08-09.31.00:406][  0]LogDerivedDataCache: Loaded boot cache 0.06s 79MB C:/Users/Harrison/AppData/Local/UnrealEngine/4.19/DerivedDataCache/Boot.ddc.
[2018.05.08-09.31.00:406][  0]LogDerivedDataCache: Display: Loaded Boot cache: C:/Users/Harrison/AppData/Local/UnrealEngine/4.19/DerivedDataCache/Boot.ddc
[2018.05.08-09.31.00:406][  0]LogDerivedDataCache: FDerivedDataBackendGraph:  Pak pak cache file ../../../../../Unreal Projects/UnrealCPP/DerivedDataCache/DDC.ddp not found, will not use a pak cache.
[2018.05.08-09.31.00:406][  0]LogDerivedDataCache: Unable to find inner node Pak for hierarchical cache Hierarchy.
[2018.05.08-09.31.00:406][  0]LogDerivedDataCache: FDerivedDataBackendGraph:  CompressedPak pak cache file ../../../../../Unreal Projects/UnrealCPP/DerivedDataCache/Compressed.ddp not found, will not use a pak cache.
[2018.05.08-09.31.00:406][  0]LogDerivedDataCache: Unable to find inner node CompressedPak for hierarchical cache Hierarchy.
[2018.05.08-09.31.00:424][  0]LogDerivedDataCache: Display: Pak cache opened for reading ../../../Engine/DerivedDataCache/Compressed.ddp.
[2018.05.08-09.31.00:436][  0]LogDerivedDataCache: Using Local data cache path C:/Users/Harrison/AppData/Local/UnrealEngine/Common/DerivedDataCache: Writable
[2018.05.08-09.31.00:436][  0]LogDerivedDataCache: Shared data cache path not found in *engine.ini, will not use an Shared cache.
[2018.05.08-09.31.00:436][  0]LogDerivedDataCache: Unable to find inner node Shared for hierarchical cache Hierarchy.
[2018.05.08-09.31.00:446][  0]LogMaterial: Verifying Global Shaders for PCD3D_SM5
[2018.05.08-09.31.00:446][  0]LogSlate: Using Freetype 2.6.0
[2018.05.08-09.31.00:458][  0]LogSlate: SlateFontCache - WITH_FREETYPE: 1, WITH_HARFBUZZ: 1
[2018.05.08-09.31.00:458][  0]LogSlate: SlateFontCache - WITH_FREETYPE: 1, WITH_HARFBUZZ: 1
[2018.05.08-09.31.01:282][  0]LogAssetRegistry: FAssetRegistry took 0.0253 seconds to start up
[2018.05.08-09.31.01:545][  0]LogInit: Selected Device Profile: [Windows]
[2018.05.08-09.31.01:669][  0]LogSimplygon: Simplygon DLL not present - disabling.
[2018.05.08-09.31.01:670][  0]LogMeshReduction: Using SimplygonSwarm for distributed automatic mesh merging
[2018.05.08-09.31.01:670][  0]LogMeshReduction: Using QuadricMeshReduction for automatic static mesh reduction
[2018.05.08-09.31.01:670][  0]LogMeshReduction: No automatic skeletal mesh reduction module available
[2018.05.08-09.31.01:670][  0]LogMeshReduction: No automatic mesh merging module available
[2018.05.08-09.31.01:670][  0]LogMeshMerging: No automatic mesh merging module available
[2018.05.08-09.31.01:698][  0]LogNetVersion: UnrealCPP , NetCL: 3944462, EngineNetVer: 2, GameNetVer: 0 (Checksum: 2553546984)
[2018.05.08-09.31.02:129][  0]LogPackageLocalizationCache: Processed 9 localized package path(s) for 2 prioritized culture(s) in 0.125726 seconds
[2018.05.08-09.31.02:134][  0]LogUObjectArray: 36728 objects as part of root set at end of initial load.
[2018.05.08-09.31.02:134][  0]LogUObjectAllocator: 7314312 out of 0 bytes used by permanent object pool.
[2018.05.08-09.31.02:134][  0]LogUObjectArray: CloseDisregardForGC: 0/0 objects in disregard for GC pool
[2018.05.08-09.31.03:588][  0]LogTcpMessaging: Initializing TcpMessaging bridge
[2018.05.08-09.31.03:616][  0]LogUdpMessaging: Initializing bridge on interface 0.0.0.0:0 to multicast group 230.0.0.1:6666.
[2018.05.08-09.31.03:969][  0]LogUObjectGlobals: Created PersistentFrame Addr=0x0000027655a8f3d0, Size=72, Default__FirstPerson_AnimBP_C Function /Game/FirstPerson/Animations/FirstPerson_AnimBP.FirstPerson_AnimBP_C:ExecuteUbergraph_FirstPerson_AnimBP
[2018.05.08-09.31.03:976][  0]LogUObjectGlobals: Destroyed PersistentFrame Addr=0x0000027655a8f3d0, Size=72
[2018.05.08-09.31.03:976][  0]LogUObjectGlobals: Created PersistentFrame Addr=0x0000027654f81da0, Size=72, Default__FirstPerson_AnimBP_C Function /Engine/Transient.REINST_FirstPerson_AnimBP_C_0:ExecuteUbergraph_FirstPerson_AnimBP
[2018.05.08-09.31.03:983][  0]LogUObjectGlobals: Created PersistentFrame Addr=0x00000276567ddee0, Size=72, Default__FirstPerson_AnimBP_C Function /Game/FirstPerson/Animations/FirstPerson_AnimBP.FirstPerson_AnimBP_C:ExecuteUbergraph_FirstPerson_AnimBP
[2018.05.08-09.31.04:074][  0]LogSkeletalMesh: Skeletal Mesh found in DDC [0.406304ms] /Game/FirstPerson/FPWeapon/Mesh/SK_FPGun.SK_FPGun
[2018.05.08-09.31.04:083][  0]LogSkeletalMesh: Skeletal Mesh found in DDC [1.254478ms] /Game/FirstPerson/Character/Mesh/SK_Mannequin_Arms.SK_Mannequin_Arms
[2018.05.08-09.31.04:100][  0]LogUObjectGlobals: Created PersistentFrame Addr=0x0000027655ff6500, Size=88, Default__Health_UI_C Function /Game/FirstPerson/UI/Health_UI.Health_UI_C:ExecuteUbergraph_Health_UI
[2018.05.08-09.31.04:105][  0]LogUObjectGlobals: Destroyed PersistentFrame Addr=0x0000027655ff6500, Size=88
[2018.05.08-09.31.04:105][  0]LogUObjectGlobals: Created PersistentFrame Addr=0x0000027655ff6500, Size=88, Default__Health_UI_C Function /Engine/Transient.REINST_Health_UI_C_0:ExecuteUbergraph_Health_UI
[2018.05.08-09.31.04:108][  0]LogUObjectGlobals: Created PersistentFrame Addr=0x0000027655ff5660, Size=88, Default__Health_UI_C Function /Game/FirstPerson/UI/Health_UI.Health_UI_C:ExecuteUbergraph_Health_UI
[2018.05.08-09.31.04:259][  0]SourceControl: Source control is disabled
[2018.05.08-09.31.04:259][  0]SourceControl: Source control is disabled
[2018.05.08-09.31.04:281][  0]SourceControl: Source control is disabled
[2018.05.08-09.31.04:300][  0]SourceControl: Source control is disabled
[2018.05.08-09.31.04:794][  0]LogAndroidPermission: UAndroidPermissionCallbackProxy::GetInstance
[2018.05.08-09.31.04:972][  0]LogOcInput: OculusInput pre-init called
[2018.05.08-09.31.05:071][  0]LogEngine: Initializing Engine...
[2018.05.08-09.31.05:074][  0]LogHMD: Failed to initialize OpenVR with code 105
[2018.05.08-09.31.05:075][  0]LogStats: UGameplayTagsManager::ConstructGameplayTagTree: Construct from data asset -  0.000 s
[2018.05.08-09.31.05:075][  0]LogStats: UGameplayTagsManager::ConstructGameplayTagTree: GameplayTagTreeChangedEvent.Broadcast -  0.000 s
[2018.05.08-09.31.05:261][  0]LogAIModule: Creating AISystem for world Untitled
[2018.05.08-09.31.05:282][  0]LogInit: XAudio2 using 'Speakers (Realtek High Definition Audio)' : 2 channels at 48 kHz using 32 bits per sample (channel mask 0x3)
[2018.05.08-09.31.05:306][  0]LogInit: FAudioDevice initialized.
[2018.05.08-09.31.05:446][  0]LogDerivedDataCache: Saved boot cache 0.14s 79MB C:/Users/Harrison/AppData/Local/UnrealEngine/4.19/DerivedDataCache/Boot.ddc.
[2018.05.08-09.31.05:457][  0]LogInit: Texture streaming: Enabled
[2018.05.08-09.31.05:467][  0]LogEngineSessionManager: EngineSessionManager initialized
[2018.05.08-09.31.05:477][  0]LogInit: Transaction tracking system initialized
[2018.05.08-09.31.05:491][  0]BlueprintLog: New page: Editor Load
[2018.05.08-09.31.05:589][  0]LocalizationService: Localization service is disabled
[2018.05.08-09.31.05:686][  0]LogConsoleResponse: Display: 
[2018.05.08-09.31.05:810][  0]LogCook: Display: Max memory allowance for cook 16384mb min free memory 0mb
[2018.05.08-09.31.05:810][  0]LogCook: Display: Mobile HDR setting 1
[2018.05.08-09.31.05:810][  0]LogGameplayTags: Display: UGameplayTagsManager::DoneAddingNativeTags. DelegateIsBound: 0
[2018.05.08-09.31.05:810][  0]LogStats: UGameplayTagsManager::ConstructGameplayTagTree: Construct from data asset -  0.000 s
[2018.05.08-09.31.05:810][  0]LogStats: UGameplayTagsManager::ConstructGameplayTagTree: GameplayTagTreeChangedEvent.Broadcast -  0.000 s
[2018.05.08-09.31.06:097][  0]LogFileCache: Scanning file cache for directory 'D:/Unreal Projects/UnrealCPP/Content/' took 0.01s
[2018.05.08-09.31.06:154][  0]SourceControl: Source control is disabled
[2018.05.08-09.31.06:154][  0]Cmd: MAP LOAD FILE="../../../../../Unreal Projects/UnrealCPP/Content/FirstPersonCPP/Maps/FirstPersonExampleMap.umap" TEMPLATE=0 SHOWPROGRESS=1 FEATURELEVEL=3
[2018.05.08-09.31.06:154][  0]LightingResults: New page: Lighting Build
[2018.05.08-09.31.06:156][  0]MapCheck: New page: Map Check
[2018.05.08-09.31.06:156][  0]LightingResults: New page: Lighting Build
[2018.05.08-09.31.06:163][  0]LogUObjectGlobals: Destroyed PersistentFrame Addr=0x0000027654f81da0, Size=72
[2018.05.08-09.31.06:163][  0]LogUObjectGlobals: Destroyed PersistentFrame Addr=0x0000027655ff6500, Size=88
[2018.05.08-09.31.06:322][  0]LogAIModule: Creating AISystem for world FirstPersonExampleMap
[2018.05.08-09.31.06:330][  0]LogEditorServer: Finished looking for orphan Actors (0.000 secs)
[2018.05.08-09.31.06:342][  0]Cmd: MAP CHECKDEP NOCLEARLOG
[2018.05.08-09.31.06:401][  0]MapCheck: Map check complete: 0 Error(s), 0 Warning(s), took 58.876ms to complete.
[2018.05.08-09.31.06:401][  0]LogFileHelpers: Loading map 'FirstPersonExampleMap' took 0.248
[2018.05.08-09.31.06:578][  0]LogCollectionManager: Loaded 0 collections in 0.001286 seconds
[2018.05.08-09.31.06:618][  0]LogFileCache: Scanning file cache for directory 'D:/Unreal Projects/UnrealCPP/Saved/Collections/' took 0.01s
[2018.05.08-09.31.06:618][  0]LogFileCache: Scanning file cache for directory 'D:/Unreal Projects/UnrealCPP/Content/Developers/Harrison/Collections/' took 0.01s
[2018.05.08-09.31.06:618][  0]LogFileCache: Scanning file cache for directory 'D:/Unreal Projects/UnrealCPP/Content/Collections/' took 0.01s
[2018.05.08-09.31.06:618][  0]LogCollectionManager: Rebuilt the GUID cache for 0 collections in 0.000000 seconds
[2018.05.08-09.31.06:649][  0]LogContentBrowser: Native class hierarchy populated in 0.0313 seconds. Added 2498 classes and 599 folders.
[2018.05.08-09.31.06:675][  0]LogContentBrowser: Native class hierarchy updated for 'WidgetCarousel' in 0.0208 seconds. Added 0 classes and 0 folders.
[2018.05.08-09.31.06:748][  0]LogContentBrowser: Native class hierarchy updated for 'AddContentDialog' in 0.0234 seconds. Added 0 classes and 0 folders.
[2018.05.08-09.31.06:774][  0]LogContentBrowser: Native class hierarchy updated for 'SceneOutliner' in 0.0205 seconds. Added 1 classes and 2 folders.
[2018.05.08-09.31.06:843][  0]LogSlate: Took 0.000292 seconds to synchronously load lazily loaded font '../../../Engine/Content/Slate/Fonts/Roboto-Regular.ttf' (155K)
[2018.05.08-09.31.06:845][  0]LogSlate: Took 0.000172 seconds to synchronously load lazily loaded font '../../../Engine/Content/Slate/Fonts/Roboto-Bold.ttf' (160K)
[2018.05.08-09.31.06:850][  0]LogSlate: Took 0.000157 seconds to synchronously load lazily loaded font '../../../Engine/Content/Editor/Slate/Fonts/FontAwesome.ttf' (139K)
[2018.05.08-09.31.06:850][  0]LogSlate: Took 0.000129 seconds to synchronously load lazily loaded font '../../../Engine/Content/Slate/Fonts/DroidSansMono.ttf' (77K)
[2018.05.08-09.31.06:978][  0]LogRenderer: Reallocating scene render targets to support 1148x612 Format 10 NumSamples 1 (Frame:1).
[2018.05.08-09.31.07:135][  0]LogContentBrowser: Native class hierarchy updated for 'HierarchicalLODOutliner' in 0.0213 seconds. Added 0 classes and 0 folders.
[2018.05.08-09.31.07:135][  0]LogLoad: (Engine Initialization) Total time: 14.75 seconds
[2018.05.08-09.31.07:135][  0]LogLoad: (Engine Initialization) Total Blueprint compile time: 0.00 seconds
[2018.05.08-09.31.07:168][  0]LogContentStreaming: Texture pool size now 1000 MB
[2018.05.08-09.31.07:222][  1]LogSlate: FSceneViewport::OnFocusLost() reason 0
[2018.05.08-09.31.07:233][  1]LogAssetRegistry: Asset discovery search completed in 5.9730 seconds
[2018.05.08-09.31.07:235][  1]LogCollectionManager: Rebuilt the object cache for 0 collections in 0.000000 seconds (found 0 objects)
[2018.05.08-09.31.07:235][  1]LogCollectionManager: Fixed up redirectors for 0 collections in 0.000212 seconds (updated 0 objects)
[2018.05.08-09.31.09:073][210]LogTemp: Repeating last play command: Selected Viewport
[2018.05.08-09.31.09:089][210]LogBlueprintUserMessages: Early PlayInEditor Detection: Level '/Game/FirstPersonCPP/Maps/FirstPersonExampleMap.FirstPersonExampleMap:PersistentLevel' has LevelScriptBlueprint '/Game/FirstPersonCPP/Maps/FirstPersonExampleMap.FirstPersonExampleMap:PersistentLevel.FirstPersonExampleMap' with GeneratedClass '/Game/FirstPersonCPP/Maps/FirstPersonExampleMap.FirstPersonExampleMap_C' with ClassGeneratedBy '/Game/FirstPersonCPP/Maps/FirstPersonExampleMap.FirstPersonExampleMap:PersistentLevel.FirstPersonExampleMap'
[2018.05.08-09.31.09:090][210]LogPlayLevel: PlayLevel: No blueprints needed recompiling
[2018.05.08-09.31.09:090][210]PIE: New page: PIE session: FirstPersonExampleMap (May 8, 2018, 1:31:09 AM)
[2018.05.08-09.31.09:091][210]LogPlayLevel: Creating play world package: /Game/FirstPersonCPP/Maps/UEDPIE_0_FirstPersonExampleMap
[2018.05.08-09.31.09:111][210]LogPlayLevel: PIE: StaticDuplicateObject took: (0.020597s)
[2018.05.08-09.31.09:112][210]LogAIModule: Creating AISystem for world FirstPersonExampleMap
[2018.05.08-09.31.09:112][210]LogPlayLevel: PIE: World Init took: (0.000803s)
[2018.05.08-09.31.09:113][210]LogPlayLevel: PIE: Created PIE world by copying editor world from /Game/FirstPersonCPP/Maps/FirstPersonExampleMap.FirstPersonExampleMap to /Game/FirstPersonCPP/Maps/UEDPIE_0_FirstPersonExampleMap.FirstPersonExampleMap (0.022056s)
[2018.05.08-09.31.09:129][210]LogInit: XAudio2 using 'Speakers (Realtek High Definition Audio)' : 2 channels at 48 kHz using 32 bits per sample (channel mask 0x3)
[2018.05.08-09.31.09:138][210]LogInit: FAudioDevice initialized.
[2018.05.08-09.31.09:182][210]LogLoad: Game class is 'UnrealCPPGameMode'
[2018.05.08-09.31.09:185][210]LogWorld: Bringing World /Game/FirstPersonCPP/Maps/UEDPIE_0_FirstPersonExampleMap.FirstPersonExampleMap up for play (max tick rate 0) at 2018.05.08-05.31.09
[2018.05.08-09.31.09:185][210]LogWorld: Bringing up level for play took: 0.002143
[2018.05.08-09.31.09:208][210]LogContentBrowser: Native class hierarchy updated for 'MovieSceneCapture' in 0.0203 seconds. Added 11 classes and 0 folders.
[2018.05.08-09.31.09:210][210]PIE: Play in editor start time for /Game/FirstPersonCPP/Maps/UEDPIE_0_FirstPersonExampleMap 1.03
[2018.05.08-09.31.09:210][210]LogBlueprintUserMessages: Late PlayInEditor Detection: Level '/Game/FirstPersonCPP/Maps/FirstPersonExampleMap.FirstPersonExampleMap:PersistentLevel' has LevelScriptBlueprint '/Game/FirstPersonCPP/Maps/FirstPersonExampleMap.FirstPersonExampleMap:PersistentLevel.FirstPersonExampleMap' with GeneratedClass '/Game/FirstPersonCPP/Maps/FirstPersonExampleMap.FirstPersonExampleMap_C' with ClassGeneratedBy '/Game/FirstPersonCPP/Maps/FirstPersonExampleMap.FirstPersonExampleMap:PersistentLevel.FirstPersonExampleMap'
[2018.05.08-09.31.18:536][321]LogBlueprintUserMessages: Early EndPlayMap Detection: Level '/Game/FirstPersonCPP/Maps/FirstPersonExampleMap.FirstPersonExampleMap:PersistentLevel' has LevelScriptBlueprint '/Game/FirstPersonCPP/Maps/FirstPersonExampleMap.FirstPersonExampleMap:PersistentLevel.FirstPersonExampleMap' with GeneratedClass '/Game/FirstPersonCPP/Maps/FirstPersonExampleMap.FirstPersonExampleMap_C' with ClassGeneratedBy '/Game/FirstPersonCPP/Maps/FirstPersonExampleMap.FirstPersonExampleMap:PersistentLevel.FirstPersonExampleMap'
[2018.05.08-09.31.18:569][321]LogBlueprintUserMessages: Late EndPlayMap Detection: Level '/Game/FirstPersonCPP/Maps/FirstPersonExampleMap.FirstPersonExampleMap:PersistentLevel' has LevelScriptBlueprint '/Game/FirstPersonCPP/Maps/FirstPersonExampleMap.FirstPersonExampleMap:PersistentLevel.FirstPersonExampleMap' with GeneratedClass '/Game/FirstPersonCPP/Maps/FirstPersonExampleMap.FirstPersonExampleMap_C' with ClassGeneratedBy '/Game/FirstPersonCPP/Maps/FirstPersonExampleMap.FirstPersonExampleMap:PersistentLevel.FirstPersonExampleMap'
[2018.05.08-09.31.43:278][707]LogSlate: FSceneViewport::OnFocusLost() reason 0
[2018.05.08-09.31.43:386][720]LogTemp: Repeating last play command: Selected Viewport
[2018.05.08-09.31.43:406][720]LogBlueprintUserMessages: Early PlayInEditor Detection: Level '/Game/FirstPersonCPP/Maps/FirstPersonExampleMap.FirstPersonExampleMap:PersistentLevel' has LevelScriptBlueprint '/Game/FirstPersonCPP/Maps/FirstPersonExampleMap.FirstPersonExampleMap:PersistentLevel.FirstPersonExampleMap' with GeneratedClass '/Game/FirstPersonCPP/Maps/FirstPersonExampleMap.FirstPersonExampleMap_C' with ClassGeneratedBy '/Game/FirstPersonCPP/Maps/FirstPersonExampleMap.FirstPersonExampleMap:PersistentLevel.FirstPersonExampleMap'
[2018.05.08-09.31.43:407][720]LogPlayLevel: PlayLevel: No blueprints needed recompiling
[2018.05.08-09.31.43:407][720]PIE: New page: PIE session: FirstPersonExampleMap (May 8, 2018, 1:31:43 AM)
[2018.05.08-09.31.43:408][720]LogPlayLevel: Creating play world package: /Game/FirstPersonCPP/Maps/UEDPIE_0_FirstPersonExampleMap
[2018.05.08-09.31.43:421][720]LogPlayLevel: PIE: StaticDuplicateObject took: (0.013611s)
[2018.05.08-09.31.43:422][720]LogAIModule: Creating AISystem for world FirstPersonExampleMap
[2018.05.08-09.31.43:423][720]LogPlayLevel: PIE: World Init took: (0.000910s)
[2018.05.08-09.31.43:423][720]LogPlayLevel: PIE: Created PIE world by copying editor world from /Game/FirstPersonCPP/Maps/FirstPersonExampleMap.FirstPersonExampleMap to /Game/FirstPersonCPP/Maps/UEDPIE_0_FirstPersonExampleMap.FirstPersonExampleMap (0.015175s)
[2018.05.08-09.31.43:443][720]LogInit: XAudio2 using 'Speakers (Realtek High Definition Audio)' : 2 channels at 48 kHz using 32 bits per sample (channel mask 0x3)
[2018.05.08-09.31.43:452][720]LogInit: FAudioDevice initialized.
[2018.05.08-09.31.43:483][720]LogLoad: Game class is 'UnrealCPPGameMode'
[2018.05.08-09.31.43:485][720]LogWorld: Bringing World /Game/FirstPersonCPP/Maps/UEDPIE_0_FirstPersonExampleMap.FirstPersonExampleMap up for play (max tick rate 0) at 2018.05.08-05.31.43
[2018.05.08-09.31.43:486][720]LogWorld: Bringing up level for play took: 0.002012
[2018.05.08-09.31.43:487][720]PIE: Play in editor start time for /Game/FirstPersonCPP/Maps/UEDPIE_0_FirstPersonExampleMap -0.692
[2018.05.08-09.31.43:487][720]LogBlueprintUserMessages: Late PlayInEditor Detection: Level '/Game/FirstPersonCPP/Maps/FirstPersonExampleMap.FirstPersonExampleMap:PersistentLevel' has LevelScriptBlueprint '/Game/FirstPersonCPP/Maps/FirstPersonExampleMap.FirstPersonExampleMap:PersistentLevel.FirstPersonExampleMap' with GeneratedClass '/Game/FirstPersonCPP/Maps/FirstPersonExampleMap.FirstPersonExampleMap_C' with ClassGeneratedBy '/Game/FirstPersonCPP/Maps/FirstPersonExampleMap.FirstPersonExampleMap:PersistentLevel.FirstPersonExampleMap'
[2018.05.08-09.31.58:019][453]LogBlueprintUserMessages: Early EndPlayMap Detection: Level '/Game/FirstPersonCPP/Maps/FirstPersonExampleMap.FirstPersonExampleMap:PersistentLevel' has LevelScriptBlueprint '/Game/FirstPersonCPP/Maps/FirstPersonExampleMap.FirstPersonExampleMap:PersistentLevel.FirstPersonExampleMap' with GeneratedClass '/Game/FirstPersonCPP/Maps/FirstPersonExampleMap.FirstPersonExampleMap_C' with ClassGeneratedBy '/Game/FirstPersonCPP/Maps/FirstPersonExampleMap.FirstPersonExampleMap:PersistentLevel.FirstPersonExampleMap'
[2018.05.08-09.31.58:053][453]LogBlueprintUserMessages: Late EndPlayMap Detection: Level '/Game/FirstPersonCPP/Maps/FirstPersonExampleMap.FirstPersonExampleMap:PersistentLevel' has LevelScriptBlueprint '/Game/FirstPersonCPP/Maps/FirstPersonExampleMap.FirstPersonExampleMap:PersistentLevel.FirstPersonExampleMap' with GeneratedClass '/Game/FirstPersonCPP/Maps/FirstPersonExampleMap.FirstPersonExampleMap_C' with ClassGeneratedBy '/Game/FirstPersonCPP/Maps/FirstPersonExampleMap.FirstPersonExampleMap:PersistentLevel.FirstPersonExampleMap'
[2018.05.08-09.34.23:897][372]LogSlate: FSceneViewport::OnFocusLost() reason 0
[2018.05.08-09.34.23:983][382]Candidate modules for hot reload:
[2018.05.08-09.34.23:983][382]  UnrealCPP
[2018.05.08-09.34.23:984][382]Launching UnrealBuildTool... [D:/Epic Games/UE_4.19/Engine/Binaries/DotNET/UnrealBuildTool.exe UnrealCPP -ModuleWithSuffix=UnrealCPP,9770 Win64 Development -editorrecompile -canskiplink "D:/Unreal Projects/UnrealCPP/UnrealCPP.uproject" ]
[2018.05.08-09.34.23:985][382]Warning: Starting HotReload took  0.0s.
[2018.05.08-09.34.45:138][902]CompilerResultsLog: New page: Compilation - May 8, 2018, 1:34:45 AM
[2018.05.08-09.34.45:138][902]CompilerResultsLog: Using 'git status' to determine working set for adaptive non-unity build.
[2018.05.08-09.34.45:138][902]CompilerResultsLog: Compiling game modules for hot reload
[2018.05.08-09.34.45:138][902]CompilerResultsLog: Parsing headers for UnrealCPPEditor
[2018.05.08-09.34.45:139][902]CompilerResultsLog:   Running UnrealHeaderTool "D:\Unreal Projects\UnrealCPP\UnrealCPP.uproject" "D:\Unreal Projects\UnrealCPP\Intermediate\Build\Win64\UnrealCPPEditor\Development\UnrealCPPEditor.uhtmanifest" -LogCmds="loginit warning, logexit warning, logdatabase error" -Unattended -WarningsAsErrors -installed
[2018.05.08-09.34.45:139][902]CompilerResultsLog: Reflection code generated for UnrealCPPEditor in 9.1925207 seconds
[2018.05.08-09.34.45:139][902]CompilerResultsLog: Performing 7 actions (4 in parallel)
[2018.05.08-09.34.45:139][902]CompilerResultsLog: Module.UnrealCPP.cpp
[2018.05.08-09.34.45:139][902]CompilerResultsLog: Module.UnrealCPP.gen.cpp
[2018.05.08-09.34.45:140][902]CompilerResultsLog: PowerUp.cpp
[2018.05.08-09.34.45:140][902]CompilerResultsLog: MedKit.cpp
[2018.05.08-09.34.45:140][902]CompilerResultsLog: UnrealCPPCharacter.cpp
[2018.05.08-09.34.45:140][902]CompilerResultsLog: Error: D:\Unreal Projects\UnrealCPP\Source\UnrealCPP\UnrealCPPCharacter.cpp(219) : error C2660: 'AUnrealCPPCharacter::SetMagicChange': function does not take 2 arguments
[2018.05.08-09.34.45:140][902]CompilerResultsLog: ERROR: UBT ERROR: Failed to produce item: D:\Unreal Projects\UnrealCPP\Binaries\Win64\UE4Editor-UnrealCPP-9770.dll
[2018.05.08-09.34.45:140][902]CompilerResultsLog: Total build time: 20.97 seconds (Local executor: 0.00 seconds)
[2018.05.08-09.34.45:140][902]LogMainFrame: MainFrame: Module compiling took 21.160 seconds
[2018.05.08-09.34.45:141][902]Warning: HotReload failed, recompile failed
[2018.05.08-09.35.06:894][757]Candidate modules for hot reload:
[2018.05.08-09.35.06:894][757]  UnrealCPP
[2018.05.08-09.35.06:895][757]Launching UnrealBuildTool... [D:/Epic Games/UE_4.19/Engine/Binaries/DotNET/UnrealBuildTool.exe UnrealCPP -ModuleWithSuffix=UnrealCPP,4382 Win64 Development -editorrecompile -canskiplink "D:/Unreal Projects/UnrealCPP/UnrealCPP.uproject" ]
[2018.05.08-09.35.06:896][757]Warning: Starting HotReload took  0.0s.
[2018.05.08-09.35.20:492][385]CompilerResultsLog: New page: Compilation - May 8, 2018, 1:35:20 AM
[2018.05.08-09.35.20:492][385]CompilerResultsLog: Using 'git status' to determine working set for adaptive non-unity build.
[2018.05.08-09.35.20:492][385]CompilerResultsLog: Compiling game modules for hot reload
[2018.05.08-09.35.20:492][385]CompilerResultsLog: Performing 3 actions (4 in parallel)
[2018.05.08-09.35.20:493][385]CompilerResultsLog: UnrealCPPCharacter.cpp
[2018.05.08-09.35.20:493][385]CompilerResultsLog: [2/3] Link UE4Editor-UnrealCPP-4382.dll
[2018.05.08-09.35.20:493][385]CompilerResultsLog: [3/3] Link UE4Editor-UnrealCPP-4382.lib
[2018.05.08-09.35.20:493][385]CompilerResultsLog:    Creating library D:\Unreal Projects\UnrealCPP\Intermediate\Build\Win64\UE4Editor\Development\UE4Editor-UnrealCPP-4382.lib and object D:\Unreal Projects\UnrealCPP\Intermediate\Build\Win64\UE4Editor\Development\UE4Editor-UnrealCPP-4382.exp
[2018.05.08-09.35.20:493][385]CompilerResultsLog:    Creating library D:\Unreal Projects\UnrealCPP\Intermediate\Build\Win64\UE4Editor\Development\UE4Editor-UnrealCPP-4382.suppressed.lib and object D:\Unreal Projects\UnrealCPP\Intermediate\Build\Win64\UE4Editor\Development\UE4Editor-UnrealCPP-4382.suppressed.exp
[2018.05.08-09.35.20:494][385]CompilerResultsLog: Total build time: 13.40 seconds (Local executor: 12.73 seconds)
[2018.05.08-09.35.20:494][385]LogMainFrame: MainFrame: Module compiling took 13.603 seconds
[2018.05.08-09.35.20:542][385]LogClass: Could not find existing class UnrealCPPCharacter in package /Script/UnrealCPP for HotReload, assuming new class
[2018.05.08-09.35.20:543][385]LogClass: Function DamageTimer is new.
[2018.05.08-09.35.20:543][385]LogClass: Function GetHealth is new.
[2018.05.08-09.35.20:543][385]LogClass: Function GetHealthIntText is new.
[2018.05.08-09.35.20:543][385]LogClass: Function GetMagic is new.
[2018.05.08-09.35.20:543][385]LogClass: Function GetMagicIntText is new.
[2018.05.08-09.35.20:543][385]LogClass: Function PlayFlash is new.
[2018.05.08-09.35.20:543][385]LogClass: Function ReceivePointDamage is new.
[2018.05.08-09.35.20:543][385]LogClass: Function SetDamageState is new.
[2018.05.08-09.35.20:543][385]LogClass: Function SetMagicChange is new.
[2018.05.08-09.35.20:543][385]LogClass: Function SetMagicState is new.
[2018.05.08-09.35.20:543][385]LogClass: Function SetMagicValue is new.
[2018.05.08-09.35.20:544][385]LogClass: Function UpdateHealth is new.
[2018.05.08-09.35.20:544][385]LogClass: Function UpdateMagic is new.
[2018.05.08-09.35.20:545][385]LogClass: EGamePlayState HotReload.
[2018.05.08-09.35.20:548][385]LogHotReload: Re-instancing CampFire after hot-reload.
[2018.05.08-09.35.20:632][385]LogHotReload: Re-instancing MyCameraShake after hot-reload.
[2018.05.08-09.35.20:679][385]LogHotReload: Re-instancing UnrealCPPCharacter after hot-reload.
[2018.05.08-09.35.20:829][385]LogContentBrowser: Native class hierarchy updated for 'UnrealCPP' in 0.0228 seconds. Added 46 classes and 41 folders.
[2018.05.08-09.35.20:831][385]Display: HotReload successful (34 functions remapped  0 scriptstructs remapped)
[2018.05.08-09.35.20:951][385]LogContentBrowser: Native class hierarchy populated in 0.0286 seconds. Added 2499 classes and 601 folders.
[2018.05.08-09.35.20:951][385]Display: HotReload took 14.1s.
[2018.05.08-09.35.22:433][561]LogTemp: Repeating last play command: Selected Viewport
[2018.05.08-09.35.22:449][561]LogBlueprintUserMessages: Early PlayInEditor Detection: Level '/Game/FirstPersonCPP/Maps/FirstPersonExampleMap.FirstPersonExampleMap:PersistentLevel' has LevelScriptBlueprint '/Game/FirstPersonCPP/Maps/FirstPersonExampleMap.FirstPersonExampleMap:PersistentLevel.FirstPersonExampleMap' with GeneratedClass '/Game/FirstPersonCPP/Maps/FirstPersonExampleMap.FirstPersonExampleMap_C' with ClassGeneratedBy '/Game/FirstPersonCPP/Maps/FirstPersonExampleMap.FirstPersonExampleMap:PersistentLevel.FirstPersonExampleMap'
[2018.05.08-09.35.22:450][561]LogPlayLevel: PlayLevel: No blueprints needed recompiling
[2018.05.08-09.35.22:450][561]PIE: New page: PIE session: FirstPersonExampleMap (May 8, 2018, 1:35:22 AM)
[2018.05.08-09.35.22:450][561]LogPlayLevel: Creating play world package: /Game/FirstPersonCPP/Maps/UEDPIE_0_FirstPersonExampleMap
[2018.05.08-09.35.22:464][561]LogPlayLevel: PIE: StaticDuplicateObject took: (0.013392s)
[2018.05.08-09.35.22:465][561]LogAIModule: Creating AISystem for world FirstPersonExampleMap
[2018.05.08-09.35.22:465][561]LogPlayLevel: PIE: World Init took: (0.001031s)
[2018.05.08-09.35.22:466][561]LogPlayLevel: PIE: Created PIE world by copying editor world from /Game/FirstPersonCPP/Maps/FirstPersonExampleMap.FirstPersonExampleMap to /Game/FirstPersonCPP/Maps/UEDPIE_0_FirstPersonExampleMap.FirstPersonExampleMap (0.015075s)
[2018.05.08-09.35.22:487][561]LogInit: XAudio2 using 'Speakers (Realtek High Definition Audio)' : 2 channels at 48 kHz using 32 bits per sample (channel mask 0x3)
[2018.05.08-09.35.22:495][561]LogInit: FAudioDevice initialized.
[2018.05.08-09.35.22:527][561]LogLoad: Game class is 'UnrealCPPGameMode'
[2018.05.08-09.35.22:529][561]LogWorld: Bringing World /Game/FirstPersonCPP/Maps/UEDPIE_0_FirstPersonExampleMap.FirstPersonExampleMap up for play (max tick rate 0) at 2018.05.08-05.35.22
[2018.05.08-09.35.22:529][561]LogWorld: Bringing up level for play took: 0.001898
[2018.05.08-09.35.22:531][561]PIE: Play in editor start time for /Game/FirstPersonCPP/Maps/UEDPIE_0_FirstPersonExampleMap 0.351
[2018.05.08-09.35.22:531][561]LogBlueprintUserMessages: Late PlayInEditor Detection: Level '/Game/FirstPersonCPP/Maps/FirstPersonExampleMap.FirstPersonExampleMap:PersistentLevel' has LevelScriptBlueprint '/Game/FirstPersonCPP/Maps/FirstPersonExampleMap.FirstPersonExampleMap:PersistentLevel.FirstPersonExampleMap' with GeneratedClass '/Game/FirstPersonCPP/Maps/FirstPersonExampleMap.FirstPersonExampleMap_C' with ClassGeneratedBy '/Game/FirstPersonCPP/Maps/FirstPersonExampleMap.FirstPersonExampleMap:PersistentLevel.FirstPersonExampleMap'
[2018.05.08-09.35.27:707][176]LogBlueprintUserMessages: Early EndPlayMap Detection: Level '/Game/FirstPersonCPP/Maps/FirstPersonExampleMap.FirstPersonExampleMap:PersistentLevel' has LevelScriptBlueprint '/Game/FirstPersonCPP/Maps/FirstPersonExampleMap.FirstPersonExampleMap:PersistentLevel.FirstPersonExampleMap' with GeneratedClass '/Game/FirstPersonCPP/Maps/FirstPersonExampleMap.FirstPersonExampleMap_C' with ClassGeneratedBy '/Game/FirstPersonCPP/Maps/FirstPersonExampleMap.FirstPersonExampleMap:PersistentLevel.FirstPersonExampleMap'
[2018.05.08-09.35.27:740][176]LogBlueprintUserMessages: Late EndPlayMap Detection: Level '/Game/FirstPersonCPP/Maps/FirstPersonExampleMap.FirstPersonExampleMap:PersistentLevel' has LevelScriptBlueprint '/Game/FirstPersonCPP/Maps/FirstPersonExampleMap.FirstPersonExampleMap:PersistentLevel.FirstPersonExampleMap' with GeneratedClass '/Game/FirstPersonCPP/Maps/FirstPersonExampleMap.FirstPersonExampleMap_C' with ClassGeneratedBy '/Game/FirstPersonCPP/Maps/FirstPersonExampleMap.FirstPersonExampleMap:PersistentLevel.FirstPersonExampleMap'
[2018.05.08-09.35.28:735][288]LogSlate: FSceneViewport::OnFocusLost() reason 2
[2018.05.08-09.35.33:186][813]LogSlate: FSceneViewport::OnFocusLost() reason 0
[2018.05.08-09.35.33:337][822]LogSlate: Window 'UnrealCPP - Unreal Editor' being destroyed
[2018.05.08-09.35.33:338][822]LogWindowsTextInputMethodSystem: Display: IME system now deactivated.
[2018.05.08-09.35.33:519][823]Cmd: QUIT_EDITOR
[2018.05.08-09.35.34:488][823]LogSlate: Slate User Destroyed.  User Index 0, Is Virtual User: 0
[2018.05.08-09.35.34:488][823]LogExit: Preparing to exit.
[2018.05.08-09.35.34:726][823]LogDirectoryWatcher: A directory notification for 'D:/Unreal Projects/UnrealCPP/Content/' was aborted.
[2018.05.08-09.35.34:739][823]LogUObjectGlobals: Destroyed PersistentFrame Addr=0x00000276567ddee0, Size=72
[2018.05.08-09.35.34:739][823]LogUObjectGlobals: Destroyed PersistentFrame Addr=0x0000027655ff5660, Size=88
[2018.05.08-09.35.34:744][823]LogExit: Editor shut down
[2018.05.08-09.35.34:748][823]LogExit: Transaction tracking system shut down
[2018.05.08-09.35.34:909][823]LogDirectoryWatcher: A directory notification for '../../../Engine/Content/' was aborted.
[2018.05.08-09.35.34:909][823]LogDirectoryWatcher: A directory notification for '../../../../../Unreal Projects/UnrealCPP/Content/' was aborted.
[2018.05.08-09.35.34:909][823]LogDirectoryWatcher: A directory notification for '../../Plugins/2D/Paper2D/Content/' was aborted.
[2018.05.08-09.35.34:909][823]LogDirectoryWatcher: A directory notification for '../../Plugins/Enterprise/DatasmithContent/Content/' was aborted.
[2018.05.08-09.35.34:909][823]LogDirectoryWatcher: A directory notification for '../../Plugins/Media/MediaCompositing/Content/' was aborted.
[2018.05.08-09.35.34:909][823]LogDirectoryWatcher: A directory notification for '../../Plugins/Runtime/AppleARKit/Content/' was aborted.
[2018.05.08-09.35.34:909][823]LogDirectoryWatcher: A directory notification for '../../Plugins/Runtime/Oculus/OculusVR/Content/' was aborted.
[2018.05.08-09.35.34:909][823]LogDirectoryWatcher: A directory notification for '../../Plugins/Runtime/Steam/SteamVR/Content/' was aborted.
[2018.05.08-09.35.34:970][823]LogExit: Object subsystem successfully closed.
[2018.05.08-09.35.34:982][823]LogShaderCompilers: Display: Shaders left to compile 0
[2018.05.08-09.35.34:985][823]LogD3D11RHI: Shutdown
[2018.05.08-09.35.34:985][823]LogD3D11RHI: CleanupD3DDevice
[2018.05.08-09.35.34:987][823]LogD3D11RHI: ~FD3D11DynamicRHI
[2018.05.08-09.35.34:994][823]LogModuleManager: Shutting down and abandoning module UnrealCPP (579)
[2018.05.08-09.35.34:994][823]LogModuleManager: Shutting down and abandoning module MovieSceneCapture (578)
[2018.05.08-09.35.34:994][823]LogModuleManager: Shutting down and abandoning module HierarchicalLODOutliner (576)
[2018.05.08-09.35.34:994][823]LogModuleManager: Shutting down and abandoning module DesktopPlatform (574)
[2018.05.08-09.35.34:994][823]LogModuleManager: Shutting down and abandoning module SceneOutliner (572)
[2018.05.08-09.35.34:994][823]LogModuleManager: Shutting down and abandoning module AddContentDialog (570)
[2018.05.08-09.35.34:994][823]LogDirectoryWatcher: A directory notification for 'D:/Epic Games/UE_4.19/FeaturePacks/' was aborted.
[2018.05.08-09.35.34:995][823]LogModuleManager: Shutting down and abandoning module WidgetCarousel (569)
[2018.05.08-09.35.34:995][823]LogModuleManager: Shutting down and abandoning module EditorWidgets (566)
[2018.05.08-09.35.34:995][823]LogModuleManager: Shutting down and abandoning module CollectionManager (564)
[2018.05.08-09.35.34:995][823]LogDirectoryWatcher: A directory notification for 'D:/Unreal Projects/UnrealCPP/Content/Collections/' was aborted.
[2018.05.08-09.35.34:995][823]LogDirectoryWatcher: A directory notification for 'D:/Unreal Projects/UnrealCPP/Content/Developers/Harrison/Collections/' was aborted.
[2018.05.08-09.35.34:995][823]LogDirectoryWatcher: A directory notification for 'D:/Unreal Projects/UnrealCPP/Saved/Collections/' was aborted.
[2018.05.08-09.35.34:995][823]LogModuleManager: Shutting down and abandoning module StatsViewer (562)
[2018.05.08-09.35.34:995][823]LogModuleManager: Shutting down and abandoning module FoliageEdit (560)
[2018.05.08-09.35.34:995][823]LogModuleManager: Shutting down and abandoning module LandscapeEditor (558)
[2018.05.08-09.35.34:995][823]LogModuleManager: Shutting down and abandoning module MeshPaintMode (556)
[2018.05.08-09.35.34:995][823]LogModuleManager: Shutting down and abandoning module SceneDepthPickerMode (554)
[2018.05.08-09.35.34:995][823]LogModuleManager: Shutting down and abandoning module ActorPickerMode (552)
[2018.05.08-09.35.34:995][823]LogModuleManager: Shutting down and abandoning module GeometryMode (550)
[2018.05.08-09.35.34:995][823]LogModuleManager: Shutting down and abandoning module TextureAlignMode (548)
[2018.05.08-09.35.34:995][823]LogModuleManager: Shutting down and abandoning module BspMode (546)
[2018.05.08-09.35.34:996][823]LogModuleManager: Shutting down and abandoning module PIEPreviewDeviceProfileSelector (544)
[2018.05.08-09.35.34:996][823]LogModuleManager: Shutting down and abandoning module HardwareSurvey (542)
[2018.05.08-09.35.34:996][823]LogModuleManager: Shutting down and abandoning module SequenceRecorderSections (540)
[2018.05.08-09.35.34:996][823]LogModuleManager: Shutting down and abandoning module AutomationWorker (538)
[2018.05.08-09.35.34:996][823]LogModuleManager: Shutting down and abandoning module AudioCaptureEditor (536)
[2018.05.08-09.35.34:996][823]LogModuleManager: Shutting down and abandoning module SequenceRecorder (535)
[2018.05.08-09.35.34:996][823]LogModuleManager: Shutting down and abandoning module MatineeToLevelSequence (532)
[2018.05.08-09.35.34:996][823]LogModuleManager: Shutting down and abandoning module LevelSequenceEditor (530)
[2018.05.08-09.35.34:996][823]LogModuleManager: Shutting down and abandoning module PlacementMode (529)
[2018.05.08-09.35.34:996][823]LogModuleManager: Shutting down and abandoning module MaterialEditor (528)
[2018.05.08-09.35.34:996][823]LogModuleManager: Shutting down and abandoning module WmfMediaFactory (524)
[2018.05.08-09.35.34:996][823]LogModuleManager: Shutting down and abandoning module WmfMediaEditor (522)
[2018.05.08-09.35.34:996][823]LogModuleManager: Shutting down and abandoning module MediaPlayerEditor (520)
[2018.05.08-09.35.34:996][823]LogModuleManager: Shutting down and abandoning module OpenExrWrapper (518)
[2018.05.08-09.35.34:996][823]LogModuleManager: Shutting down and abandoning module ImgMediaFactory (516)
[2018.05.08-09.35.34:996][823]LogModuleManager: Shutting down and abandoning module ImgMediaEditor (514)
[2018.05.08-09.35.34:996][823]LogModuleManager: Shutting down and abandoning module AvfMediaFactory (512)
[2018.05.08-09.35.34:996][823]LogModuleManager: Shutting down and abandoning module AvfMediaEditor (510)
[2018.05.08-09.35.34:996][823]LogModuleManager: Shutting down and abandoning module AndroidMediaFactory (508)
[2018.05.08-09.35.34:996][823]LogModuleManager: Shutting down and abandoning module AndroidMediaEditor (506)
[2018.05.08-09.35.34:996][823]LogModuleManager: Shutting down and abandoning module CharacterAI (504)
[2018.05.08-09.35.34:996][823]LogModuleManager: Shutting down and abandoning module SmartSnapping (502)
[2018.05.08-09.35.34:996][823]LogModuleManager: Shutting down and abandoning module SessionServices (500)
[2018.05.08-09.35.34:996][823]LogModuleManager: Shutting down and abandoning module ViewportSnapping (498)
[2018.05.08-09.35.34:996][823]LogModuleManager: Shutting down and abandoning module ViewportInteraction (496)
[2018.05.08-09.35.34:996][823]LogModuleManager: Shutting down and abandoning module ClothPainter (494)
[2018.05.08-09.35.34:996][823]LogModuleManager: Shutting down and abandoning module SkeletalMeshEditor (493)
[2018.05.08-09.35.34:996][823]LogModuleManager: Shutting down and abandoning module LogVisualizer (490)
[2018.05.08-09.35.34:996][823]LogModuleManager: Shutting down and abandoning module IntroTutorials (488)
[2018.05.08-09.35.34:996][823]LogModuleManager: Shutting down and abandoning module GameProjectGeneration (487)
[2018.05.08-09.35.34:996][823]LogModuleManager: Shutting down and abandoning module IOSPlatformEditor (484)
[2018.05.08-09.35.34:996][823]LogModuleManager: Shutting down and abandoning module HTML5PlatformEditor (482)
[2018.05.08-09.35.34:996][823]LogModuleManager: Shutting down and abandoning module AndroidPlatformEditor (480)
[2018.05.08-09.35.34:996][823]LogModuleManager: Shutting down and abandoning module AndroidDeviceDetection (479)
[2018.05.08-09.35.35:727][823]LogModuleManager: Shutting down and abandoning module WindowsPlatformEditor (476)
[2018.05.08-09.35.35:727][823]LogModuleManager: Shutting down and abandoning module IOSRuntimeSettings (474)
[2018.05.08-09.35.35:727][823]LogModuleManager: Shutting down and abandoning module AndroidRuntimeSettings (472)
[2018.05.08-09.35.35:727][823]LogModuleManager: Shutting down and abandoning module InputBindingEditor (470)
[2018.05.08-09.35.35:727][823]LogModuleManager: Shutting down and abandoning module MergeActors (468)
[2018.05.08-09.35.35:727][823]LogModuleManager: Shutting down and abandoning module LocalizationDashboard (466)
[2018.05.08-09.35.35:727][823]LogModuleManager: Shutting down and abandoning module LocalizationService (465)
[2018.05.08-09.35.35:727][823]LogModuleManager: Shutting down and abandoning module HardwareTargeting (462)
[2018.05.08-09.35.35:727][823]LogModuleManager: Shutting down and abandoning module DeviceProfileEditor (460)
[2018.05.08-09.35.35:727][823]LogModuleManager: Shutting down and abandoning module UndoHistory (458)
[2018.05.08-09.35.35:727][823]LogModuleManager: Shutting down and abandoning module XmlParser (456)
[2018.05.08-09.35.35:727][823]LogModuleManager: Shutting down and abandoning module Blutility (454)
[2018.05.08-09.35.35:727][823]LogModuleManager: Shutting down and abandoning module ProjectSettingsViewer (452)
[2018.05.08-09.35.35:727][823]LogModuleManager: Shutting down and abandoning module ProjectTargetPlatformEditor (451)
[2018.05.08-09.35.35:728][823]LogModuleManager: Shutting down and abandoning module EditorSettingsViewer (448)
[2018.05.08-09.35.35:728][823]LogModuleManager: Shutting down and abandoning module SettingsEditor (446)
[2018.05.08-09.35.35:728][823]LogModuleManager: Shutting down and abandoning module ProjectLauncher (444)
[2018.05.08-09.35.35:728][823]LogModuleManager: Shutting down and abandoning module SessionFrontend (442)
[2018.05.08-09.35.35:728][823]LogModuleManager: Shutting down and abandoning module ProfilerClient (440)
[2018.05.08-09.35.35:728][823]LogModuleManager: Shutting down and abandoning module DeviceManager (438)
[2018.05.08-09.35.35:728][823]LogModuleManager: Shutting down and abandoning module TargetDeviceServices (437)
[2018.05.08-09.35.35:793][823]LogModuleManager: Shutting down and abandoning module AutomationController (434)
[2018.05.08-09.35.35:793][823]LogModuleManager: Shutting down and abandoning module AutomationWindow (432)
[2018.05.08-09.35.35:793][823]LogModuleManager: Shutting down and abandoning module Layers (430)
[2018.05.08-09.35.35:793][823]LogModuleManager: Shutting down and abandoning module ComponentVisualizers (428)
[2018.05.08-09.35.35:793][823]LogModuleManager: Shutting down and abandoning module DetailCustomizations (426)
[2018.05.08-09.35.35:793][823]LogModuleManager: Shutting down and abandoning module PackagesDialog (424)
[2018.05.08-09.35.35:793][823]LogModuleManager: Shutting down and abandoning module Persona (422)
[2018.05.08-09.35.35:793][823]LogModuleManager: Shutting down and abandoning module AdvancedPreviewScene (421)
[2018.05.08-09.35.35:793][823]LogModuleManager: Shutting down and abandoning module AnimGraph (419)
[2018.05.08-09.35.35:793][823]LogModuleManager: Shutting down and abandoning module Kismet (416)
[2018.05.08-09.35.35:793][823]LogModuleManager: Shutting down and abandoning module GraphEditor (414)
[2018.05.08-09.35.35:793][823]LogModuleManager: Shutting down and abandoning module ClassViewer (412)
[2018.05.08-09.35.35:793][823]LogModuleManager: Shutting down and abandoning module Toolbox (410)
[2018.05.08-09.35.35:793][823]LogModuleManager: Shutting down and abandoning module ModuleUI (408)
[2018.05.08-09.35.35:793][823]LogModuleManager: Shutting down and abandoning module MovieSceneTools (406)
[2018.05.08-09.35.35:793][823]LogModuleManager: Shutting down and abandoning module OutputLog (404)
[2018.05.08-09.35.35:793][823]LogModuleManager: Shutting down and abandoning module GammaUI (402)
[2018.05.08-09.35.35:793][823]LogModuleManager: Shutting down and abandoning module Documentation (400)
[2018.05.08-09.35.35:793][823]LogModuleManager: Shutting down and abandoning module MovieSceneTracks (398)
[2018.05.08-09.35.35:793][823]LogModuleManager: Shutting down and abandoning module MovieScene (396)
[2018.05.08-09.35.35:793][823]LogModuleManager: Shutting down and abandoning module StreamingPauseRendering (394)
[2018.05.08-09.35.35:793][823]LogModuleManager: Shutting down and abandoning module LauncherPlatform (392)
[2018.05.08-09.35.35:793][823]LogModuleManager: Shutting down and abandoning module AnalyticsET (390)
[2018.05.08-09.35.35:793][823]LogModuleManager: Shutting down and abandoning module PortalServices (388)
[2018.05.08-09.35.35:793][823]LogModuleManager: Shutting down and abandoning module PortalRpc (386)
[2018.05.08-09.35.35:793][823]LogModuleManager: Shutting down and abandoning module MessagingRpc (384)
[2018.05.08-09.35.35:793][823]LogModuleManager: Shutting down and abandoning module AIModule (382)
[2018.05.08-09.35.35:794][823]LogModuleManager: Shutting down and abandoning module GameplayDebugger (381)
[2018.05.08-09.35.35:794][823]LogModuleManager: Shutting down and abandoning module AITestSuite (379)
[2018.05.08-09.35.35:794][823]LogModuleManager: Shutting down and abandoning module ProfilerService (376)
[2018.05.08-09.35.35:881][823]LogModuleManager: Shutting down and abandoning module TaskGraph (374)
[2018.05.08-09.35.35:881][823]LogModuleManager: Shutting down and abandoning module SteamVRController (372)
[2018.05.08-09.35.35:881][823]LogModuleManager: Shutting down and abandoning module ProceduralMeshComponentEditor (370)
[2018.05.08-09.35.35:881][823]LogModuleManager: Shutting down and abandoning module ProceduralMeshComponent (368)
[2018.05.08-09.35.35:881][823]LogModuleManager: Shutting down and abandoning module OculusInput (366)
[2018.05.08-09.35.35:881][823]LogModuleManager: Shutting down and abandoning module MobilePatchingUtils (364)
[2018.05.08-09.35.35:881][823]LogModuleManager: Shutting down and abandoning module CustomMeshComponent (362)
[2018.05.08-09.35.35:881][823]LogModuleManager: Shutting down and abandoning module CableComponent (360)
[2018.05.08-09.35.35:881][823]LogModuleManager: Shutting down and abandoning module AudioCapture (358)
[2018.05.08-09.35.35:881][823]LogModuleManager: Shutting down and abandoning module ArchVisCharacter (356)
[2018.05.08-09.35.35:881][823]LogModuleManager: Shutting down and abandoning module AndroidPermission (354)
[2018.05.08-09.35.35:881][823]LogModuleManager: Shutting down and abandoning module NUTUnrealEngine4 (350)
[2018.05.08-09.35.35:881][823]LogModuleManager: Shutting down and abandoning module NetcodeUnitTest (348)
[2018.05.08-09.35.35:881][823]LogModuleManager: Shutting down and abandoning module MediaCompositingEditor (346)
[2018.05.08-09.35.35:881][823]LogModuleManager: Shutting down and abandoning module MediaCompositing (344)
[2018.05.08-09.35.35:881][823]LogModuleManager: Shutting down and abandoning module LinearTimecode (342)
[2018.05.08-09.35.35:881][823]LogModuleManager: Shutting down and abandoning module ImgMedia (340)
[2018.05.08-09.35.35:884][823]LogModuleManager: Shutting down and abandoning module HTML5Networking (338)
[2018.05.08-09.35.35:884][823]LogModuleManager: Shutting down and abandoning module AlembicImporter (336)
[2018.05.08-09.35.35:884][823]LogModuleManager: Shutting down and abandoning module AlembicLibrary (335)
[2018.05.08-09.35.35:884][823]LogModuleManager: Shutting down and abandoning module GeometryCache (334)
[2018.05.08-09.35.35:884][823]LogModuleManager: Shutting down and abandoning module GeometryCacheEd (333)
[2018.05.08-09.35.35:884][823]LogModuleManager: Shutting down and abandoning module DatasmithContent (328)
[2018.05.08-09.35.35:884][823]LogModuleManager: Shutting down and abandoning module SpeedTreeImporter (326)
[2018.05.08-09.35.35:884][823]LogModuleManager: Shutting down and abandoning module PluginBrowser (324)
[2018.05.08-09.35.35:884][823]LogModuleManager: Shutting down and abandoning module MobileLauncherProfileWizard (322)
[2018.05.08-09.35.35:884][823]LogModuleManager: Shutting down and abandoning module CryptoKeysOpenSSL (320)
[2018.05.08-09.35.35:884][823]LogModuleManager: Shutting down and abandoning module CryptoKeys (318)
[2018.05.08-09.35.35:884][823]LogModuleManager: Shutting down and abandoning module VisualStudioSourceCodeAccess (316)
[2018.05.08-09.35.35:884][823]LogModuleManager: Shutting down and abandoning module VisualStudioCodeSourceCodeAccess (314)
[2018.05.08-09.35.35:884][823]LogModuleManager: Shutting down and abandoning module UObjectPlugin (312)
[2018.05.08-09.35.35:884][823]LogModuleManager: Shutting down and abandoning module SubversionSourceControl (310)
[2018.05.08-09.35.35:884][823]LogModuleManager: Shutting down and abandoning module PerforceSourceControl (308)
[2018.05.08-09.35.35:884][823]LogModuleManager: Shutting down and abandoning module GitSourceControl (306)
[2018.05.08-09.35.35:884][823]LogModuleManager: Shutting down and abandoning module SourceControl (305)
[2018.05.08-09.35.35:884][823]LogModuleManager: Shutting down and abandoning module CLionSourceCodeAccess (302)
[2018.05.08-09.35.35:884][823]LogModuleManager: Shutting down and abandoning module LightPropagationVolumeEditor (300)
[2018.05.08-09.35.35:884][823]LogModuleManager: Shutting down and abandoning module PaperTiledImporter (298)
[2018.05.08-09.35.35:884][823]LogModuleManager: Shutting down and abandoning module PaperSpriteSheetImporter (296)
[2018.05.08-09.35.35:884][823]LogModuleManager: Shutting down and abandoning module Paper2DEditor (294)
[2018.05.08-09.35.35:884][823]LogModuleManager: Shutting down and abandoning module MeshPaint (293)
[2018.05.08-09.35.35:884][823]LogModuleManager: Shutting down and abandoning module RuntimePhysXCooking (288)
[2018.05.08-09.35.35:884][823]LogModuleManager: Shutting down and abandoning module PhysXVehiclesEditor (286)
[2018.05.08-09.35.35:885][823]LogModuleManager: Shutting down and abandoning module PhysXVehicles (284)
[2018.05.08-09.35.35:885][823]LogModuleManager: Shutting down and abandoning module OculusEditor (282)
[2018.05.08-09.35.35:885][823]LogModuleManager: Shutting down and abandoning module LocationServicesBPLibrary (280)
[2018.05.08-09.35.35:885][823]LogModuleManager: Shutting down and abandoning module ImmediatePhysicsEditor (278)
[2018.05.08-09.35.35:885][823]LogModuleManager: Shutting down and abandoning module ImmediatePhysics (276)
[2018.05.08-09.35.35:885][823]LogModuleManager: Shutting down and abandoning module ActorSequence (274)
[2018.05.08-09.35.35:885][823]LogModuleManager: Shutting down and abandoning module UdpMessaging (272)
[2018.05.08-09.35.35:985][823]LogModuleManager: Shutting down and abandoning module TcpMessaging (270)
[2018.05.08-09.35.36:086][823]LogModuleManager: Shutting down and abandoning module GameplayTagsEditor (268)
[2018.05.08-09.35.36:086][823]LogModuleManager: Shutting down and abandoning module FacialAnimationEditor (266)
[2018.05.08-09.35.36:086][823]LogModuleManager: Shutting down and abandoning module FacialAnimation (264)
[2018.05.08-09.35.36:086][823]LogModuleManager: Shutting down and abandoning module DataValidation (262)
[2018.05.08-09.35.36:086][823]LogModuleManager: Shutting down and abandoning module AssetManagerEditor (260)
[2018.05.08-09.35.36:086][823]LogModuleManager: Shutting down and abandoning module LevelEditor (259)
[2018.05.08-09.35.36:086][823]LogModuleManager: Shutting down and abandoning module PixelInspectorModule (258)
[2018.05.08-09.35.36:086][823]LogModuleManager: Shutting down and abandoning module CommonMenuExtensions (256)
[2018.05.08-09.35.36:087][823]LogModuleManager: Shutting down and abandoning module MainFrame (254)
[2018.05.08-09.35.36:087][823]LogModuleManager: Shutting down and abandoning module HotReload (253)
[2018.05.08-09.35.36:087][823]LogDirectoryWatcher: A directory notification for 'D:/Unreal Projects/UnrealCPP/Binaries/Win64' was aborted.
[2018.05.08-09.35.36:088][823]LogModuleManager: Shutting down and abandoning module ContentBrowser (249)
[2018.05.08-09.35.36:088][823]LogModuleManager: Shutting down and abandoning module TreeMap (247)
[2018.05.08-09.35.36:088][823]LogModuleManager: Shutting down and abandoning module LightPropagationVolumeRuntime (244)
[2018.05.08-09.35.36:088][823]LogModuleManager: Shutting down and abandoning module LiveLinkEditor (242)
[2018.05.08-09.35.36:088][823]LogModuleManager: Shutting down and abandoning module LiveLink (240)
[2018.05.08-09.35.36:396][823]LogModuleManager: Shutting down and abandoning module Paper2D (238)
[2018.05.08-09.35.36:396][823]LogModuleManager: Shutting down and abandoning module WindowsMoviePlayer (236)
[2018.05.08-09.35.36:397][823]LogModuleManager: Shutting down and abandoning module WmfMedia (234)
[2018.05.08-09.35.36:398][823]LogModuleManager: Shutting down and abandoning module Media (233)
[2018.05.08-09.35.36:404][823]LogModuleManager: Shutting down and abandoning module PacketHandler (230)
[2018.05.08-09.35.36:404][823]LogModuleManager: Shutting down and abandoning module ClothingSystemEditor (228)
[2018.05.08-09.35.36:404][823]LogModuleManager: Shutting down and abandoning module ClothingSystemRuntime (226)
[2018.05.08-09.35.36:404][823]LogModuleManager: Shutting down and abandoning module MediaAssets (224)
[2018.05.08-09.35.36:404][823]LogModuleManager: Shutting down and abandoning module Overlay (222)
[2018.05.08-09.35.36:404][823]LogModuleManager: Shutting down and abandoning module OverlayEditor (221)
[2018.05.08-09.35.36:404][823]LogModuleManager: Shutting down and abandoning module VREditor (218)
[2018.05.08-09.35.36:404][823]LogModuleManager: Shutting down and abandoning module StringTableEditor (216)
[2018.05.08-09.35.36:404][823]LogModuleManager: Shutting down and abandoning module GameplayTasksEditor (214)
[2018.05.08-09.35.36:405][823]LogModuleManager: Shutting down and abandoning module BehaviorTreeEditor (212)
[2018.05.08-09.35.36:405][823]LogModuleManager: Shutting down and abandoning module FunctionalTesting (210)
[2018.05.08-09.35.36:405][823]LogModuleManager: Shutting down and abandoning module CollisionAnalyzer (208)
[2018.05.08-09.35.36:405][823]LogModuleManager: Shutting down and abandoning module WorkspaceMenuStructure (207)
[2018.05.08-09.35.36:405][823]LogModuleManager: Shutting down and abandoning module UMG (204)
[2018.05.08-09.35.36:405][823]LogModuleManager: Shutting down and abandoning module UMGEditor (203)
[2018.05.08-09.35.36:405][823]LogModuleManager: Shutting down and abandoning module Sequencer (202)
[2018.05.08-09.35.36:405][823]LogModuleManager: Shutting down and abandoning module MessageLog (199)
[2018.05.08-09.35.36:405][823]LogModuleManager: Shutting down and abandoning module SlateReflector (194)
[2018.05.08-09.35.36:405][823]LogModuleManager: Shutting down and abandoning module Slate (192)
[2018.05.08-09.35.36:405][823]LogModuleManager: Shutting down and abandoning module EditorStyle (190)
[2018.05.08-09.35.36:408][823]LogModuleManager: Shutting down and abandoning module MRMesh (188)
[2018.05.08-09.35.36:408][823]LogModuleManager: Shutting down and abandoning module SourceCodeAccess (186)
[2018.05.08-09.35.36:408][823]LogModuleManager: Shutting down and abandoning module HeadMountedDisplay (184)
[2018.05.08-09.35.36:408][823]LogModuleManager: Shutting down and abandoning module XAudio2 (182)
[2018.05.08-09.35.36:408][823]LogModuleManager: Shutting down and abandoning module Networking (180)
[2018.05.08-09.35.36:408][823]LogModuleManager: Shutting down and abandoning module Core (178)
[2018.05.08-09.35.36:408][823]LogModuleManager: Shutting down and abandoning module LevelSequence (176)
[2018.05.08-09.35.36:408][823]LogModuleManager: Shutting down and abandoning module KismetCompiler (174)
[2018.05.08-09.35.36:408][823]LogModuleManager: Shutting down and abandoning module MeshUtilities (172)
[2018.05.08-09.35.36:408][823]LogModuleManager: Shutting down and abandoning module MeshMergeUtilities (171)
[2018.05.08-09.35.36:408][823]LogModuleManager: Shutting down and abandoning module MeshReductionInterface (170)
[2018.05.08-09.35.36:408][823]LogModuleManager: Shutting down and abandoning module SimplygonSwarm (169)
[2018.05.08-09.35.36:408][823]LogModuleManager: Shutting down and abandoning module SimplygonMeshReduction (167)
[2018.05.08-09.35.36:408][823]LogModuleManager: Shutting down and abandoning module QuadricMeshReduction (165)
[2018.05.08-09.35.36:408][823]LogModuleManager: Shutting down and abandoning module MaterialBaking (161)
[2018.05.08-09.35.36:408][823]LogModuleManager: Shutting down and abandoning module DirectoryWatcher (157)
[2018.05.08-09.35.36:409][823]LogModuleManager: Shutting down and abandoning module DerivedDataCache (154)
[2018.05.08-09.35.36:479][823]LogDerivedDataCache: Shutdown
[2018.05.08-09.35.36:479][823]LogModuleManager: Shutting down and abandoning module XGEController (152)
[2018.05.08-09.35.36:479][823]LogModuleManager: Shutting down and abandoning module TargetPlatform (150)
[2018.05.08-09.35.36:479][823]LogModuleManager: Shutting down and abandoning module VulkanShaderFormat (149)
[2018.05.08-09.35.36:479][823]LogModuleManager: Shutting down and abandoning module ShaderFormatVectorVM (147)
[2018.05.08-09.35.36:479][823]LogModuleManager: Shutting down and abandoning module ShaderFormatOpenGL (145)
[2018.05.08-09.35.36:479][823]LogModuleManager: Shutting down and abandoning module ShaderFormatD3D (143)
[2018.05.08-09.35.36:479][823]LogModuleManager: Shutting down and abandoning module MetalShaderFormat (141)
[2018.05.08-09.35.36:479][823]LogModuleManager: Shutting down and abandoning module TextureFormatUncompressed (139)
[2018.05.08-09.35.36:479][823]LogModuleManager: Shutting down and abandoning module TextureFormatPVR (137)
[2018.05.08-09.35.36:480][823]LogModuleManager: Shutting down and abandoning module TextureFormatDXT (135)
[2018.05.08-09.35.36:480][823]LogModuleManager: Shutting down and abandoning module TextureFormatIntelISPCTexComp (133)
[2018.05.08-09.35.36:480][823]LogModuleManager: Shutting down and abandoning module TextureFormatASTC (131)
[2018.05.08-09.35.36:480][823]LogModuleManager: Shutting down and abandoning module ImageWrapper (130)
[2018.05.08-09.35.36:480][823]LogModuleManager: Shutting down and abandoning module TextureFormatAndroid (127)
[2018.05.08-09.35.36:480][823]LogModuleManager: Shutting down and abandoning module AudioFormatOpus (125)
[2018.05.08-09.35.36:480][823]LogModuleManager: Shutting down and abandoning module AudioFormatOgg (123)
[2018.05.08-09.35.36:480][823]LogModuleManager: Shutting down and abandoning module AudioFormatADPCM (121)
[2018.05.08-09.35.36:480][823]LogModuleManager: Shutting down and abandoning module LinuxTargetPlatform (119)
[2018.05.08-09.35.36:480][823]LogModuleManager: Shutting down and abandoning module LinuxServerTargetPlatform (117)
[2018.05.08-09.35.36:480][823]LogModuleManager: Shutting down and abandoning module LinuxNoEditorTargetPlatform (115)
[2018.05.08-09.35.36:480][823]LogModuleManager: Shutting down and abandoning module LinuxClientTargetPlatform (113)
[2018.05.08-09.35.36:480][823]LogModuleManager: Shutting down and abandoning module TVOSTargetPlatform (111)
[2018.05.08-09.35.36:480][823]LogModuleManager: Shutting down and abandoning module Messaging (109)
[2018.05.08-09.35.36:480][823]LogModuleManager: Shutting down and abandoning module IOSTargetPlatform (107)
[2018.05.08-09.35.36:480][823]LogModuleManager: Shutting down and abandoning module HTML5TargetPlatform (105)
[2018.05.08-09.35.36:480][823]LogModuleManager: Shutting down and abandoning module AndroidTargetPlatform (103)
[2018.05.08-09.35.36:480][823]LogModuleManager: Shutting down and abandoning module Android_PVRTCTargetPlatform (101)
[2018.05.08-09.35.36:480][823]LogModuleManager: Shutting down and abandoning module Android_MultiTargetPlatform (99)
[2018.05.08-09.35.36:480][823]LogModuleManager: Shutting down and abandoning module Android_ETC2TargetPlatform (97)
[2018.05.08-09.35.36:480][823]LogModuleManager: Shutting down and abandoning module Android_ETC1TargetPlatform (95)
[2018.05.08-09.35.36:480][823]LogModuleManager: Shutting down and abandoning module Android_ETC1aTargetPlatform (93)
[2018.05.08-09.35.36:480][823]LogModuleManager: Shutting down and abandoning module Android_DXTTargetPlatform (91)
[2018.05.08-09.35.36:480][823]LogModuleManager: Shutting down and abandoning module Android_ATCTargetPlatform (89)
[2018.05.08-09.35.36:480][823]LogModuleManager: Shutting down and abandoning module Android_ASTCTargetPlatform (87)
[2018.05.08-09.35.36:480][823]LogModuleManager: Shutting down and abandoning module WindowsTargetPlatform (85)
[2018.05.08-09.35.36:480][823]LogModuleManager: Shutting down and abandoning module WindowsServerTargetPlatform (83)
[2018.05.08-09.35.36:480][823]LogModuleManager: Shutting down and abandoning module WindowsNoEditorTargetPlatform (81)
[2018.05.08-09.35.36:480][823]LogModuleManager: Shutting down and abandoning module WindowsClientTargetPlatform (79)
[2018.05.08-09.35.36:480][823]LogModuleManager: Shutting down and abandoning module MacTargetPlatform (77)
[2018.05.08-09.35.36:480][823]LogModuleManager: Shutting down and abandoning module MacServerTargetPlatform (75)
[2018.05.08-09.35.36:480][823]LogModuleManager: Shutting down and abandoning module MacNoEditorTargetPlatform (73)
[2018.05.08-09.35.36:480][823]LogModuleManager: Shutting down and abandoning module MacClientTargetPlatform (71)
[2018.05.08-09.35.36:480][823]LogModuleManager: Shutting down and abandoning module AllDesktopTargetPlatform (69)
[2018.05.08-09.35.36:480][823]LogModuleManager: Shutting down and abandoning module InputCore (66)
[2018.05.08-09.35.36:480][823]LogModuleManager: Shutting down and abandoning module Settings (64)
[2018.05.08-09.35.36:480][823]LogModuleManager: Shutting down and abandoning module PhysXCooking (62)
[2018.05.08-09.35.36:480][823]LogModuleManager: Shutting down and abandoning module SteamVR (60)
[2018.05.08-09.35.36:480][823]LogModuleManager: Shutting down and abandoning module OculusHMD (58)
[2018.05.08-09.35.36:480][823]LogModuleManager: Shutting down and abandoning module ExampleDeviceProfileSelector (56)
[2018.05.08-09.35.36:480][823]LogModuleManager: Shutting down and abandoning module AppleARKit (54)
[2018.05.08-09.35.36:480][823]LogModuleManager: Shutting down and abandoning module AugmentedReality (51)
[2018.05.08-09.35.36:480][823]LogModuleManager: Shutting down and abandoning module OnlineBlueprintSupport (48)
[2018.05.08-09.35.36:480][823]LogModuleManager: Shutting down and abandoning module OnlineSubsystem (44)
[2018.05.08-09.35.36:480][823]LogModuleManager: Shutting down and abandoning module XMPP (43)
[2018.05.08-09.35.36:480][823]LogModuleManager: Shutting down and abandoning module HTTP (41)
[2018.05.08-09.35.36:480][823]LogHttp: Display: Http module shutting down, but needs to wait on 1 outstanding Http requests:
[2018.05.08-09.35.36:480][823]LogHttp: Display: 	verb=[POST] url=[https://datarouter.ol.epicgames.com/datarouter/api/v1/public/data?SessionID=%7B1CCF40C4-4F60-27A3-785A-8A91750CB5D7%7D&AppID=UEEditor.Rocket.Release&AppVersion=4.19.2-4033788%2B%2B%2BUE4%2BRelease-4.19&UserID=07a50e9e4784e1d9f8c14c83201a7933%7Ceb337136c818478297c24695534e6726%7C508d3d38-1a1d-4cf8-96d3-4a73429fbbd3&AppEnvironment=datacollector-binary&UploadType=eteventstream] status=Processing
[2018.05.08-09.35.36:481][823]LogModuleManager: Shutting down and abandoning module SSL (40)
[2018.05.08-09.35.36:482][823]LogModuleManager: Shutting down and abandoning module AnimationModifiers (36)
[2018.05.08-09.35.36:482][823]LogModuleManager: Shutting down and abandoning module PropertyEditor (35)
[2018.05.08-09.35.36:482][823]LogModuleManager: Shutting down and abandoning module AudioEditor (32)
[2018.05.08-09.35.36:482][823]LogModuleManager: Shutting down and abandoning module TextureCompressor (30)
[2018.05.08-09.35.36:482][823]LogModuleManager: Shutting down and abandoning module ShaderCore (28)
[2018.05.08-09.35.36:482][823]LogModuleManager: Shutting down and abandoning module Landscape (26)
[2018.05.08-09.35.36:482][823]LogModuleManager: Shutting down and abandoning module SlateRHIRenderer (24)
[2018.05.08-09.35.36:482][823]LogModuleManager: Shutting down and abandoning module OpenGLDrv (22)
[2018.05.08-09.35.36:482][823]LogModuleManager: Shutting down and abandoning module D3D11RHI (20)
[2018.05.08-09.35.36:483][823]LogModuleManager: Shutting down and abandoning module AnimGraphRuntime (18)
[2018.05.08-09.35.36:483][823]LogModuleManager: Shutting down and abandoning module Renderer (16)
[2018.05.08-09.35.36:483][823]LogModuleManager: Shutting down and abandoning module Engine (14)
[2018.05.08-09.35.36:483][823]LogModuleManager: Shutting down and abandoning module CoreUObject (12)
[2018.05.08-09.35.36:483][823]LogModuleManager: Shutting down and abandoning module NetworkFile (10)
[2018.05.08-09.35.36:483][823]LogModuleManager: Shutting down and abandoning module CookedIterativeFile (8)
[2018.05.08-09.35.36:483][823]LogModuleManager: Shutting down and abandoning module StreamingFile (6)
[2018.05.08-09.35.36:483][823]LogModuleManager: Shutting down and abandoning module SandboxFile (4)
[2018.05.08-09.35.36:483][823]LogModuleManager: Shutting down and abandoning module PakFile (2)
[2018.05.08-09.35.36:488][823]LogExit: Exiting.
[2018.05.08-09.35.36:504][823]Log file closed, 05/08/18 05:35:36
