Log file open, 08/01/18 08:08:57
LogWindows: Failed to load 'aqProf.dll' (GetLastError=126)
LogWindows: File 'aqProf.dll' does not exist
LogWindows: Failed to load 'VtuneApi.dll' (GetLastError=126)
LogWindows: File 'VtuneApi.dll' does not exist
LogWindows: Failed to load 'VtuneApi32e.dll' (GetLastError=126)
LogWindows: File 'VtuneApi32e.dll' does not exist
LogInit: Display: Running engine for game: UnrealCPP
LogPlatformFile: Not using cached read wrapper
LogTaskGraph: Started task graph with 5 named threads and 23 total threads with 3 sets of task threads.
LogStats: Stats thread started at 3.194079
LogD3D11RHI: Loaded GFSDK_Aftermath_Lib.x64.dll
LogICUInternationalization: Display: ICU TimeZone Detection - Raw Offset: -5:00, Platform Override: ''
LogPluginManager: Mounting plugin Paper2D
LogPluginManager: Mounting plugin AISupport
LogPluginManager: Mounting plugin LightPropagationVolume
LogPluginManager: Mounting plugin CLionSourceCodeAccess
LogPluginManager: Mounting plugin CodeLiteSourceCodeAccess
LogPluginManager: Mounting plugin GitSourceControl
LogPluginManager: Mounting plugin KDevelopSourceCodeAccess
LogPluginManager: Mounting plugin NullSourceCodeAccess
LogPluginManager: Mounting plugin PerforceSourceControl
LogPluginManager: Mounting plugin SubversionSourceControl
LogPluginManager: Mounting plugin UObjectPlugin
LogPluginManager: Mounting plugin VisualStudioCodeSourceCodeAccess
LogPluginManager: Mounting plugin VisualStudioSourceCodeAccess
LogPluginManager: Mounting plugin XCodeSourceCodeAccess
LogPluginManager: Mounting plugin AssetManagerEditor
LogPluginManager: Mounting plugin CryptoKeys
LogPluginManager: Mounting plugin DataValidation
LogPluginManager: Mounting plugin FacialAnimation
LogPluginManager: Mounting plugin GameplayTagsEditor
LogPluginManager: Mounting plugin MacGraphicsSwitching
LogPluginManager: Mounting plugin MeshEditor
LogPluginManager: Mounting plugin MobileLauncherProfileWizard
LogPluginManager: Mounting plugin PluginBrowser
LogPluginManager: Mounting plugin SpeedTreeImporter
LogPluginManager: Mounting plugin DatasmithContent
LogPluginManager: Mounting plugin AlembicImporter
LogPluginManager: Mounting plugin AppleImageUtils
LogPluginManager: Mounting plugin AppleVision
LogPluginManager: Mounting plugin BackChannel
LogPluginManager: Mounting plugin CharacterAI
LogPluginManager: Mounting plugin GeometryCache
LogPluginManager: Mounting plugin HTML5Networking
LogPluginManager: Mounting plugin ProxyLODPlugin
LogPluginManager: Mounting plugin MagicLeap
LogPluginManager: Mounting plugin MagicLeapEmulator
LogPluginManager: Mounting plugin MagicLeapMedia
LogPluginManager: Mounting plugin AndroidMedia
LogPluginManager: Mounting plugin AvfMedia
LogPluginManager: Mounting plugin ImgMedia
LogPluginManager: Mounting plugin LinearTimecode
LogPluginManager: Mounting plugin MediaCompositing
LogPluginManager: Mounting plugin MediaPlayerEditor
LogPluginManager: Mounting plugin WmfMedia
LogPluginManager: Mounting plugin TcpMessaging
LogPluginManager: Mounting plugin UdpMessaging
LogPluginManager: Mounting plugin ActorSequence
LogPluginManager: Mounting plugin LevelSequenceEditor
LogPluginManager: Mounting plugin MatineeToLevelSequence
LogPluginManager: Mounting plugin NetcodeUnitTest
LogPluginManager: Mounting plugin NUTUnrealEngine4
LogPluginManager: Mounting plugin OnlineSubsystemIOS
LogPluginManager: Mounting plugin OnlineSubsystem
LogPluginManager: Mounting plugin OnlineSubsystemNull
LogPluginManager: Mounting plugin OnlineSubsystemUtils
LogPluginManager: Mounting plugin LauncherChunkInstaller
LogPluginManager: Mounting plugin AndroidDeviceProfileSelector
LogPluginManager: Mounting plugin AndroidMoviePlayer
LogPluginManager: Mounting plugin AppleMoviePlayer
LogPluginManager: Mounting plugin ArchVisCharacter
LogPluginManager: Mounting plugin AudioCapture
LogPluginManager: Mounting plugin CableComponent
LogPluginManager: Mounting plugin CustomMeshComponent
LogPluginManager: Mounting plugin EditableMesh
LogPluginManager: Mounting plugin ExampleDeviceProfileSelector
LogPluginManager: Mounting plugin GoogleCloudMessaging
LogPluginManager: Mounting plugin ImmediatePhysics
LogPluginManager: Mounting plugin IOSDeviceProfileSelector
LogPluginManager: Mounting plugin LinuxDeviceProfileSelector
LogPluginManager: Mounting plugin LocationServicesBPLibrary
LogPluginManager: Mounting plugin MobilePatchingUtils
LogPluginManager: Mounting plugin OculusVR
LogPluginManager: Plugin shader directory ../../../Engine/Plugins/Runtime/Oculus/OculusVR/Shaders found
LogPluginManager: Mapping shader source directory ../../../Engine/Plugins/Runtime/Oculus/OculusVR/Shaders to virtual directory /Plugin/OculusVR
LogPluginManager: Mounting plugin PhysXVehicles
LogPluginManager: Mounting plugin ProceduralMeshComponent
LogPluginManager: Mounting plugin RuntimePhysXCooking
LogPluginManager: Mounting plugin SteamVR
LogPluginManager: Mounting plugin WindowsMoviePlayer
LogStreaming: Display: Took  0.492s to configure plugins.
LogInit: Using libcurl 7.55.1-DEV
LogInit:  - built for x86_64-pc-win32
LogInit:  - supports SSL with OpenSSL/1.0.2h
LogInit:  - supports HTTP deflate (compression) using libz 1.2.8
LogInit:  - other features:
LogInit:      CURL_VERSION_SSL
LogInit:      CURL_VERSION_LIBZ
LogInit:      CURL_VERSION_IPV6
LogInit:      CURL_VERSION_ASYNCHDNS
LogInit:      CURL_VERSION_LARGEFILE
LogInit:      CURL_VERSION_IDN
LogInit:  CurlRequestOptions (configurable via config and command line):
LogInit:  - bVerifyPeer = false  - Libcurl will NOT verify peer certificate
LogInit:  - bUseHttpProxy = false  - Libcurl will NOT use HTTP proxy
LogInit:  - bDontReuseConnections = false  - Libcurl will reuse connections
LogInit:  - CertBundlePath = nullptr  - Libcurl will use whatever was configured at build time.
LogInit:  - MaxHostConnections = 16  - Libcurl will limit the number of connections to a host
LogInit:  - LocalHostAddr = Default
LogInit:  - BufferSize = 65536
LogInit: WinSock: version 1.1 (2.2), MaxSocks=32767, MaxUdp=65467
LogInit: Build: ++UE4+Release-4.20-CL-4233996
LogInit: Engine Version: 4.20.1-4233996+++UE4+Release-4.20
LogInit: Compatible Engine Version: 4.20.0-4212847+++UE4+Release-4.20
LogInit: Net CL: 4212847
LogInit: OS: Windows 10 (), CPU: Intel(R) Core(TM) i7-4790 CPU @ 3.60GHz, GPU: NVIDIA GeForce GTX 970
LogInit: Compiled (64-bit): Jul 26 2018 10:07:30
LogInit: Compiled with Visual C++: 19.13.26129.00
LogInit: Build Configuration: Development
LogInit: Branch Name: ++UE4+Release-4.20
LogInit: Command Line:  
LogInit: Base Directory: D:/Epic Games/UE_4.20/Engine/Binaries/Win64/
LogInit: Installed Engine Build: 1
LogDevObjectVersion: Number of dev versions registered: 20
LogDevObjectVersion:   Dev-Blueprints (B0D832E4-1F89-4F0D-ACCF-7EB736FD4AA2): 10
LogDevObjectVersion:   Dev-Build (E1C64328-A22C-4D53-A36C-8E866417BD8C): 0
LogDevObjectVersion:   Dev-Core (375EC13C-06E4-48FB-B500-84F0262A717E): 2
LogDevObjectVersion:   Dev-Editor (E4B068ED-F494-42E9-A231-DA0B2E46BB41): 24
LogDevObjectVersion:   Dev-Framework (CFFC743F-43B0-4480-9391-14DF171D2073): 34
LogDevObjectVersion:   Dev-Mobile (B02B49B5-BB20-44E9-A304-32B752E40360): 2
LogDevObjectVersion:   Dev-Networking (A4E4105C-59A1-49B5-A7C5-40C4547EDFEE): 0
LogDevObjectVersion:   Dev-Online (39C831C9-5AE6-47DC-9A44-9C173E1C8E7C): 0
LogDevObjectVersion:   Dev-Physics (78F01B33-EBEA-4F98-B9B4-84EACCB95AA2): 0
LogDevObjectVersion:   Dev-Platform (6631380F-2D4D-43E0-8009-CF276956A95A): 0
LogDevObjectVersion:   Dev-Rendering (12F88B9F-8875-4AFC-A67C-D90C383ABD29): 26
LogDevObjectVersion:   Dev-Sequencer (7B5AE74C-D270-4C10-A958-57980B212A5A): 9
LogDevObjectVersion:   Dev-VR (D7296918-1DD6-4BDD-9DE2-64A83CC13884): 2
LogDevObjectVersion:   Dev-LoadTimes (C2A15278-BFE7-4AFE-6C17-90FF531DF755): 1
LogDevObjectVersion:   Private-Geometry (6EACA3D4-40EC-4CC1-B786-8BED09428FC5): 3
LogDevObjectVersion:   Dev-AnimPhys (29E575DD-E0A3-4627-9D10-D276232CDCEA): 17
LogDevObjectVersion:   Dev-ReflectionCapture (6B266CEC-1EC7-4B8F-A30B-E4D90942FC07): 1
LogDevObjectVersion:   Dev-Automation (0DF73D61-A23F-47EA-B727-89E90C41499A): 1
LogDevObjectVersion:   FortniteMain (601D1886-AC64-4F84-AA16-D3DE0DEAC7D6): 12
LogDevObjectVersion:   Dev-Enterprise (9DFFBCD6-494F-0158-E221-12823C92A888): 1
LogStreaming: Display: Took  0.025s to delete old logs.
LogInit: Presizing for max 8388607 objects, including 0 objects not considered by GC, pre-allocating 0 bytes for permanent pool.
LogInit: Object subsystem initialized
[2018.08.01-12.09.01:109][  0]LogInit: Selected Device Profile: [Windows]
[2018.08.01-12.09.01:109][  0]LogInit: Applying CVar settings loaded from the selected device profile: [Windows]
[2018.08.01-12.09.01:225][  0]LogHAL: Display: Platform has ~ 16 GB [17134768128 / 17179869184 / 16], which maps to Larger [LargestMinGB=32, LargerMinGB=12, DefaultMinGB=8, SmallerMinGB=6, SmallestMinGB=0)
[2018.08.01-12.09.01:252][  0]LogInit: Setting Device Profile CVar: [[r.Vulkan.UseRealUBs:1]]
[2018.08.01-12.09.01:260][  0]LogInit: Going up to parent DeviceProfile []
[2018.08.01-12.09.01:330][  0]LogInit: Computer: HARRYPC
[2018.08.01-12.09.01:330][  0]LogInit: User: Harrison
[2018.08.01-12.09.01:330][  0]LogInit: CPU Page size=4096, Cores=4
[2018.08.01-12.09.01:330][  0]LogInit: High frequency timer resolution =3.514602 MHz
[2018.08.01-12.09.01:331][  0]LogMemory: Memory total: Physical=16.0GB (16GB approx)
[2018.08.01-12.09.01:331][  0]LogMemory: Platform Memory Stats for Windows
[2018.08.01-12.09.01:332][  0]LogMemory: Process Physical Memory: 101.49 MB used, 101.49 MB peak
[2018.08.01-12.09.01:332][  0]LogMemory: Process Virtual Memory: 89.47 MB used, 89.47 MB peak
[2018.08.01-12.09.01:332][  0]LogMemory: Physical Memory: 3501.22 MB used,  12839.77 MB free, 16340.99 MB total
[2018.08.01-12.09.01:332][  0]LogMemory: Virtual Memory: 4642.54 MB used,  12839.77 MB free, 134217728.00 MB total
[2018.08.01-12.09.02:293][  0]LogInit: Using OS detected language (en-US).
[2018.08.01-12.09.02:293][  0]LogInit: Using OS detected locale (en-US).
[2018.08.01-12.09.02:319][  0]LogTextLocalizationManager: No specific localization for 'en-US' exists, so the 'en' localization will be used.
[2018.08.01-12.09.03:313][  0]LogStreaming: Display: Took  0.997s to InitEngineTextLocalization.
[2018.08.01-12.09.03:316][  0]LogInit: Setting process to per monitor DPI aware
[2018.08.01-12.09.03:956][  0]LogSlate: New Slate User Created.  User Index 0, Is Virtual User: 0
[2018.08.01-12.09.03:956][  0]LogSlate: Slate User Registered.  User Index 0, Is Virtual User: 0
[2018.08.01-12.09.07:207][  0]LogHMD: Failed to initialize OpenVR with code 105
[2018.08.01-12.09.07:208][  0]LogD3D11RHI: D3D11 adapters:
[2018.08.01-12.09.07:302][  0]LogD3D11RHI:    0. 'NVIDIA GeForce GTX 970' (Feature Level 11_0)
[2018.08.01-12.09.07:302][  0]LogD3D11RHI:       4043/0/8170 MB DedicatedVideo/DedicatedSystem/SharedSystem, Outputs:1, VendorId:0x10de
[2018.08.01-12.09.07:303][  0]LogD3D11RHI:    1. 'Microsoft Basic Render Driver' (Feature Level 11_0)
[2018.08.01-12.09.07:303][  0]LogD3D11RHI:       0/0/8170 MB DedicatedVideo/DedicatedSystem/SharedSystem, Outputs:0, VendorId:0x1414
[2018.08.01-12.09.07:303][  0]LogD3D11RHI: Chosen D3D11 Adapter: 0
[2018.08.01-12.09.07:308][  0]LogD3D11RHI: Creating new Direct3DDevice
[2018.08.01-12.09.07:308][  0]LogD3D11RHI:     GPU DeviceId: 0x13c2 (for the marketing name, search the web for "GPU Device Id")
[2018.08.01-12.09.07:348][  0]LogWindows: EnumDisplayDevices:
[2018.08.01-12.09.07:349][  0]LogWindows:    0. 'NVIDIA GeForce GTX 970' (P:1 D:1)
[2018.08.01-12.09.07:349][  0]LogWindows:    1. 'NVIDIA GeForce GTX 970' (P:0 D:0)
[2018.08.01-12.09.07:350][  0]LogWindows:    2. 'NVIDIA GeForce GTX 970' (P:0 D:0)
[2018.08.01-12.09.07:350][  0]LogWindows:    3. 'NVIDIA GeForce GTX 970' (P:0 D:0)
[2018.08.01-12.09.07:351][  0]LogWindows: DebugString: FoundDriverCount:4 
[2018.08.01-12.09.07:351][  0]LogD3D11RHI:     Adapter Name: NVIDIA GeForce GTX 970
[2018.08.01-12.09.07:351][  0]LogD3D11RHI:   Driver Version: 397.64 (internal:24.21.13.9764, unified:397.64)
[2018.08.01-12.09.07:351][  0]LogD3D11RHI:      Driver Date: 5-7-2018
[2018.08.01-12.09.07:351][  0]LogRHI: Texture pool is 2830 MB (70% of 4043 MB)
[2018.08.01-12.09.07:415][  0]LogD3D11RHI: Async texture creation enabled
[2018.08.01-12.09.07:613][  0]LogD3D11RHI: GPU Timing Frequency: 1000.000000 (Debug: 2 2)
[2018.08.01-12.09.07:709][  0]LogShaderCompilers: Guid format shader working directory is 0 characters bigger than the processId version (../../../../../Unreal Projects/UnrealCPP - 4.19.2/Intermediate/Shaders/WorkingDirectory/3280/).
[2018.08.01-12.09.07:709][  0]LogShaderCompilers: Cleaned the shader compiler working directory 'C:/Users/Harrison/AppData/Local/Temp/UnrealShaderWorkingDir/65EA9B61433166E5A96663AE21789388/'.
[2018.08.01-12.09.08:320][  0]LogTemp: Display: Loaded TP AllDesktopTargetPlatform
[2018.08.01-12.09.08:415][  0]LogTemp: Display: Loaded TP MacClientTargetPlatform
[2018.08.01-12.09.08:459][  0]LogTemp: Display: Loaded TP MacNoEditorTargetPlatform
[2018.08.01-12.09.08:494][  0]LogTemp: Display: Loaded TP MacServerTargetPlatform
[2018.08.01-12.09.08:598][  0]LogTemp: Display: Loaded TP MacTargetPlatform
[2018.08.01-12.09.08:740][  0]LogTemp: Display: Loaded TP WindowsClientTargetPlatform
[2018.08.01-12.09.08:790][  0]LogTemp: Display: Loaded TP WindowsNoEditorTargetPlatform
[2018.08.01-12.09.08:827][  0]LogTemp: Display: Loaded TP WindowsServerTargetPlatform
[2018.08.01-12.09.08:847][  0]LogTemp: Display: Loaded TP WindowsTargetPlatform
[2018.08.01-12.09.09:072][  0]LogTemp: Display: Loaded TP AndroidTargetPlatform
[2018.08.01-12.09.09:072][  0]LogTemp: Display: Loaded TP AndroidTargetPlatform
[2018.08.01-12.09.09:073][  0]LogTemp: Display: Loaded TP AndroidTargetPlatform
[2018.08.01-12.09.09:073][  0]LogTemp: Display: Loaded TP AndroidTargetPlatform
[2018.08.01-12.09.09:073][  0]LogTemp: Display: Loaded TP AndroidTargetPlatform
[2018.08.01-12.09.09:073][  0]LogTemp: Display: Loaded TP AndroidTargetPlatform
[2018.08.01-12.09.09:073][  0]LogTemp: Display: Loaded TP AndroidTargetPlatform
[2018.08.01-12.09.09:073][  0]LogTemp: Display: Loaded TP AndroidTargetPlatform
[2018.08.01-12.09.09:073][  0]LogTemp: Display: Loaded TP AndroidTargetPlatform
[2018.08.01-12.09.09:073][  0]LogTemp: Display: Loaded TP AndroidTargetPlatform
[2018.08.01-12.09.09:073][  0]LogTemp: Display: Loaded TP AndroidTargetPlatform
[2018.08.01-12.09.09:073][  0]LogTemp: Display: Loaded TP AndroidTargetPlatform
[2018.08.01-12.09.09:073][  0]LogTemp: Display: Loaded TP AndroidTargetPlatform
[2018.08.01-12.09.09:073][  0]LogTemp: Display: Loaded TP AndroidTargetPlatform
[2018.08.01-12.09.09:073][  0]LogTemp: Display: Loaded TP AndroidTargetPlatform
[2018.08.01-12.09.09:073][  0]LogTemp: Display: Loaded TP AndroidTargetPlatform
[2018.08.01-12.09.09:073][  0]LogTemp: Display: Loaded TP AndroidTargetPlatform
[2018.08.01-12.09.09:073][  0]LogTemp: Display: Loaded TP AndroidTargetPlatform
[2018.08.01-12.09.09:104][  0]LogTemp: Display: Loaded TP HTML5TargetPlatform
[2018.08.01-12.09.09:372][  0]LogTemp: Display: Loaded TP IOSTargetPlatform
[2018.08.01-12.09.09:372][  0]LogTemp: Display: Loaded TP IOSTargetPlatform
[2018.08.01-12.09.09:491][  0]LogTemp: Display: Loaded TP TVOSTargetPlatform
[2018.08.01-12.09.09:491][  0]LogTemp: Display: Loaded TP TVOSTargetPlatform
[2018.08.01-12.09.09:530][  0]LogTemp: Display: Loaded TP LinuxClientTargetPlatform
[2018.08.01-12.09.09:582][  0]LogTemp: Display: Loaded TP LinuxNoEditorTargetPlatform
[2018.08.01-12.09.09:617][  0]LogTemp: Display: Loaded TP LinuxServerTargetPlatform
[2018.08.01-12.09.09:663][  0]LogTemp: Display: Loaded TP LinuxTargetPlatform
[2018.08.01-12.09.09:732][  0]LogTemp: Display: Loaded TP LuminTargetPlatform
[2018.08.01-12.09.09:732][  0]LogTargetPlatformManager: Display: Building Assets For Windows
[2018.08.01-12.09.11:067][  0]LogXGEController: Cleaning working directory: C:/Users/Harrison/AppData/Local/Temp/UnrealXGEWorkingDir/
[2018.08.01-12.09.11:068][  0]LogXGEController: Cannot use XGE Controller as Incredibuild is not installed on this machine.
[2018.08.01-12.09.11:068][  0]LogShaderCompilers: Cannot use XGE Shader Compiler as Incredibuild is not installed on this machine.
[2018.08.01-12.09.11:068][  0]LogShaderCompilers: Display: Using Local Shader Compiler.
[2018.08.01-12.09.13:789][  0]LogDerivedDataCache: Display: Max Cache Size: 512 MB
[2018.08.01-12.09.14:075][  0]LogDerivedDataCache: Loaded boot cache 0.28s 75MB C:/Users/Harrison/AppData/Local/UnrealEngine/4.20/DerivedDataCache/Boot.ddc.
[2018.08.01-12.09.14:075][  0]LogDerivedDataCache: Display: Loaded Boot cache: C:/Users/Harrison/AppData/Local/UnrealEngine/4.20/DerivedDataCache/Boot.ddc
[2018.08.01-12.09.14:075][  0]LogDerivedDataCache: FDerivedDataBackendGraph:  Pak pak cache file ../../../../../Unreal Projects/UnrealCPP - 4.19.2/DerivedDataCache/DDC.ddp not found, will not use a pak cache.
[2018.08.01-12.09.14:075][  0]LogDerivedDataCache: Unable to find inner node Pak for hierarchical cache Hierarchy.
[2018.08.01-12.09.14:075][  0]LogDerivedDataCache: FDerivedDataBackendGraph:  CompressedPak pak cache file ../../../../../Unreal Projects/UnrealCPP - 4.19.2/DerivedDataCache/Compressed.ddp not found, will not use a pak cache.
[2018.08.01-12.09.14:075][  0]LogDerivedDataCache: Unable to find inner node CompressedPak for hierarchical cache Hierarchy.
[2018.08.01-12.09.14:203][  0]LogDerivedDataCache: Display: Pak cache opened for reading ../../../Engine/DerivedDataCache/Compressed.ddp.
[2018.08.01-12.09.14:217][  0]LogDerivedDataCache: Using Local data cache path C:/Users/Harrison/AppData/Local/UnrealEngine/Common/DerivedDataCache: Writable
[2018.08.01-12.09.14:217][  0]LogDerivedDataCache: Shared data cache path not found in *engine.ini, will not use an Shared cache.
[2018.08.01-12.09.14:217][  0]LogDerivedDataCache: Unable to find inner node Shared for hierarchical cache Hierarchy.
[2018.08.01-12.09.14:309][  0]LogMaterial: Verifying Global Shaders for PCD3D_SM5
[2018.08.01-12.09.14:373][  0]LogSlate: Using FreeType 2.6.0
[2018.08.01-12.09.14:476][  0]LogSlate: SlateFontServices - WITH_FREETYPE: 1, WITH_HARFBUZZ: 1
[2018.08.01-12.09.15:108][  0]LogAssetRegistry: FAssetRegistry took 0.0436 seconds to start up
[2018.08.01-12.09.16:734][  0]LogInit: Selected Device Profile: [Windows]
[2018.08.01-12.09.18:729][  0]LogSimplygon: Simplygon DLL not present - disabling.
[2018.08.01-12.09.18:956][  0]LogMeshReduction: Using SimplygonSwarm for distributed automatic mesh merging
[2018.08.01-12.09.18:956][  0]LogMeshReduction: Using ProxyLODMeshReduction for automatic mesh merging
[2018.08.01-12.09.18:969][  0]LogMeshReduction: Using QuadricMeshReduction for automatic static mesh reduction
[2018.08.01-12.09.18:969][  0]LogMeshReduction: No automatic skeletal mesh reduction module available
[2018.08.01-12.09.19:383][  0]LogNetVersion: UnrealCPP 1.0.0, NetCL: 4212847, EngineNetVer: 5, GameNetVer: 0 (Checksum: 1877559774)
[2018.08.01-12.09.25:719][  0]LogPackageLocalizationCache: Processed 11 localized package path(s) for 2 prioritized culture(s) in 0.215398 seconds
[2018.08.01-12.09.25:736][  0]LogUObjectArray: 38425 objects as part of root set at end of initial load.
[2018.08.01-12.09.25:736][  0]LogUObjectAllocator: 6690872 out of 0 bytes used by permanent object pool.
[2018.08.01-12.09.25:736][  0]LogUObjectArray: CloseDisregardForGC: 0/0 objects in disregard for GC pool
[2018.08.01-12.10.02:797][  0]LogTcpMessaging: Initializing TcpMessaging bridge
[2018.08.01-12.10.02:864][  0]LogUdpMessaging: Initializing bridge on interface 0.0.0.0:0 to multicast group 230.0.0.1:6666.
[2018.08.01-12.10.08:478][  0]SourceControl: Source control is disabled
[2018.08.01-12.10.08:479][  0]SourceControl: Source control is disabled
[2018.08.01-12.10.08:594][  0]SourceControl: Source control is disabled
[2018.08.01-12.10.08:648][  0]SourceControl: Source control is disabled
[2018.08.01-12.10.11:599][  0]LogOcInput: OculusInput pre-init called
[2018.08.01-12.10.12:314][  0]LogEngine: Initializing Engine...
[2018.08.01-12.10.12:339][  0]LogHMD: Failed to initialize OpenVR with code 105
[2018.08.01-12.10.12:358][  0]LogStats: UGameplayTagsManager::ConstructGameplayTagTree: ImportINI prefixes -  0.000 s
[2018.08.01-12.10.12:358][  0]LogStats: UGameplayTagsManager::ConstructGameplayTagTree: Construct from data asset -  0.000 s
[2018.08.01-12.10.12:359][  0]LogStats: UGameplayTagsManager::ConstructGameplayTagTree: ImportINI -  0.000 s
[2018.08.01-12.10.12:359][  0]LogStats: UGameplayTagsManager::ConstructGameplayTagTree: GameplayTagTreeChangedEvent.Broadcast -  0.000 s
[2018.08.01-12.10.13:713][  0]LogInit: Initializing FReadOnlyCVARCache
[2018.08.01-12.10.14:015][  0]LogAIModule: Creating AISystem for world Untitled
[2018.08.01-12.10.14:171][  0]LogInit: XAudio2 using 'Speakers (Realtek High Definition Audio)' : 2 channels at 48 kHz using 32 bits per sample (channel mask 0x3)
[2018.08.01-12.10.14:202][  0]LogInit: FAudioDevice initialized.
[2018.08.01-12.10.14:202][  0]LogNetVersion: Set ProjectVersion to 1.0.0.0. Version Checksum will be recalculated on next use.
[2018.08.01-12.10.14:339][  0]LogDerivedDataCache: Saved boot cache 0.14s 75MB C:/Users/Harrison/AppData/Local/UnrealEngine/4.20/DerivedDataCache/Boot.ddc.
[2018.08.01-12.10.14:347][  0]LogInit: Texture streaming: Enabled
[2018.08.01-12.10.14:552][  0]LogEngineSessionManager: EngineSessionManager initialized
[2018.08.01-12.10.14:709][  0]LogInit: Transaction tracking system initialized
[2018.08.01-12.10.15:205][  0]BlueprintLog: New page: Editor Load
[2018.08.01-12.10.16:499][  0]LocalizationService: Localization service is disabled
[2018.08.01-12.10.20:043][  0]LogCook: Display: Max memory allowance for cook 16384mb min free memory 0mb
[2018.08.01-12.10.20:050][  0]LogCook: Display: Mobile HDR setting 1
[2018.08.01-12.10.20:056][  0]LogGameplayTags: Display: UGameplayTagsManager::DoneAddingNativeTags. DelegateIsBound: 0
[2018.08.01-12.10.20:056][  0]LogStats: UGameplayTagsManager::ConstructGameplayTagTree: ImportINI prefixes -  0.000 s
[2018.08.01-12.10.20:056][  0]LogStats: UGameplayTagsManager::ConstructGameplayTagTree: Construct from data asset -  0.000 s
[2018.08.01-12.10.20:057][  0]LogStats: UGameplayTagsManager::ConstructGameplayTagTree: ImportINI -  0.001 s
[2018.08.01-12.10.20:057][  0]LogStats: UGameplayTagsManager::ConstructGameplayTagTree: GameplayTagTreeChangedEvent.Broadcast -  0.000 s
[2018.08.01-12.10.20:478][  0]LogFileCache: Scanning file cache for directory 'D:/Unreal Projects/UnrealCPP - 4.19.2/Content/' took 0.08s
[2018.08.01-12.10.22:704][  0]SourceControl: Source control is disabled
[2018.08.01-12.10.22:714][  0]Cmd: MAP LOAD FILE="../../../../../Unreal Projects/UnrealCPP - 4.19.2/Content/FirstPersonCPP/Maps/FirstPersonExampleMap.umap" TEMPLATE=0 SHOWPROGRESS=1 FEATURELEVEL=3
[2018.08.01-12.10.22:751][  0]LightingResults: New page: Lighting Build
[2018.08.01-12.10.22:856][  0]MapCheck: New page: Map Check
[2018.08.01-12.10.22:857][  0]LightingResults: New page: Lighting Build
[2018.08.01-12.10.24:237][  0]LogAIModule: Creating AISystem for world FirstPersonExampleMap
[2018.08.01-12.10.24:718][  0]LogEditorServer: Finished looking for orphan Actors (0.000 secs)
[2018.08.01-12.10.24:787][  0]Cmd: MAP CHECKDEP NOCLEARLOG
[2018.08.01-12.10.24:856][  0]MapCheck: Map check complete: 0 Error(s), 0 Warning(s), took 68.491ms to complete.
[2018.08.01-12.10.24:856][  0]LogFileHelpers: Loading map 'FirstPersonExampleMap' took 2.147
[2018.08.01-12.10.26:000][  0]LogSlate: Updating window title bar state: overlay mode, drag disabled, window buttons hidden, title bar hidden
[2018.08.01-12.10.26:031][  0]LogSlate: Updating window title bar state: overlay mode, drag disabled, window buttons hidden, title bar hidden
[2018.08.01-12.10.26:054][  0]LogSlate: Updating window title bar state: overlay mode, drag disabled, window buttons hidden, title bar hidden
[2018.08.01-12.10.26:069][  0]LogSlate: Updating window title bar state: overlay mode, drag disabled, window buttons hidden, title bar hidden
[2018.08.01-12.10.26:101][  0]LogCollectionManager: Loaded 0 collections in 0.001532 seconds
[2018.08.01-12.10.26:729][  0]LogFileCache: Scanning file cache for directory 'D:/Unreal Projects/UnrealCPP - 4.19.2/Saved/Collections/' took 0.01s
[2018.08.01-12.10.26:729][  0]LogFileCache: Scanning file cache for directory 'D:/Unreal Projects/UnrealCPP - 4.19.2/Content/Developers/Harrison/Collections/' took 0.01s
[2018.08.01-12.10.26:729][  0]LogFileCache: Scanning file cache for directory 'D:/Unreal Projects/UnrealCPP - 4.19.2/Content/Collections/' took 0.01s
[2018.08.01-12.10.26:729][  0]LogCollectionManager: Rebuilt the GUID cache for 0 collections in 0.000001 seconds
[2018.08.01-12.10.26:789][  0]LogContentBrowser: Native class hierarchy populated in 0.0597 seconds. Added 2609 classes and 636 folders.
[2018.08.01-12.10.26:975][  0]LogContentBrowser: Native class hierarchy updated for 'WidgetCarousel' in 0.0019 seconds. Added 0 classes and 0 folders.
[2018.08.01-12.10.28:293][  0]LogContentBrowser: Native class hierarchy updated for 'AddContentDialog' in 0.0008 seconds. Added 0 classes and 0 folders.
[2018.08.01-12.10.28:378][  0]LogContentBrowser: Native class hierarchy updated for 'SceneOutliner' in 0.0010 seconds. Added 1 classes and 2 folders.
[2018.08.01-12.10.29:345][  0]LogSlate: Took 0.027559 seconds to synchronously load lazily loaded font '../../../Engine/Content/Slate/Fonts/Roboto-Regular.ttf' (155K)
[2018.08.01-12.10.29:388][  0]LogSlate: Took 0.036424 seconds to synchronously load lazily loaded font '../../../Engine/Content/Slate/Fonts/Roboto-Bold.ttf' (160K)
[2018.08.01-12.10.29:484][  0]LogSlate: Took 0.035417 seconds to synchronously load lazily loaded font '../../../Engine/Content/Editor/Slate/Fonts/FontAwesome.ttf' (139K)
[2018.08.01-12.10.30:222][  0]LogRenderer: Reallocating scene render targets to support 1148x612 Format 10 NumSamples 1 (Frame:1).
[2018.08.01-12.10.30:743][  0]LogContentBrowser: Native class hierarchy updated for 'HierarchicalLODOutliner' in 0.0020 seconds. Added 0 classes and 0 folders.
[2018.08.01-12.10.30:743][  0]LogLoad: (Engine Initialization) Total time: 103.55 seconds
[2018.08.01-12.10.30:744][  0]LogLoad: (Engine Initialization) Total Blueprint compile time: 0.00 seconds
[2018.08.01-12.10.30:897][  0]LogContentStreaming: Texture pool size now 3000 MB
[2018.08.01-12.10.31:263][  0]LogSlate: Took 0.023347 seconds to synchronously load lazily loaded font '../../../Engine/Content/Slate/Fonts/Roboto-Light.ttf' (167K)
[2018.08.01-12.10.31:560][  4]LogAssetRegistry: Asset discovery search completed in 76.4766 seconds
[2018.08.01-12.10.31:562][  4]LogCollectionManager: Rebuilt the object cache for 0 collections in 0.000000 seconds (found 0 objects)
[2018.08.01-12.10.31:562][  4]LogCollectionManager: Fixed up redirectors for 0 collections in 0.000076 seconds (updated 0 objects)
[2018.08.01-12.10.40:597][ 58]LogSlate: FSceneViewport::OnFocusLost() reason 2
[2018.08.01-12.10.41:037][105]LogSlate: FSceneViewport::OnFocusLost() reason 2
[2018.08.01-12.10.41:505][160]LogSlate: FSceneViewport::OnFocusLost() reason 2
[2018.08.01-12.11.45:356][486]LogSlate: FSceneViewport::OnFocusLost() reason 0
[2018.08.01-12.11.45:480][495]Candidate modules for hot reload:
[2018.08.01-12.11.45:480][495]  UnrealCPP
[2018.08.01-12.11.45:480][495]Launching UnrealBuildTool... [D:/Epic Games/UE_4.20/Engine/Binaries/DotNET/UnrealBuildTool.exe  -ModuleWithSuffix=UnrealCPP,2076 Win64 Development -TargetType=Editor -Project="../../../../../Unreal Projects/UnrealCPP - 4.19.2/UnrealCPP.uproject" -canskiplink "D:/Unreal Projects/UnrealCPP - 4.19.2/UnrealCPP.uproject" ]
[2018.08.01-12.11.45:482][495]Warning: Starting HotReload took  0.1s.
[2018.08.01-12.12.13:187][221]LogSlate: FSceneViewport::OnFocusLost() reason 2
[2018.08.01-12.12.40:303][964]CompilerResultsLog: New page: Compilation - Aug 1, 2018, 4:12:40 AM
[2018.08.01-12.12.40:303][964]CompilerResultsLog: Using 'git status' to determine working set for adaptive non-unity build.
[2018.08.01-12.12.40:303][964]CompilerResultsLog: Creating makefile for hot reloading UnrealCPPEditor (Build.version is newer)
[2018.08.01-12.12.40:303][964]CompilerResultsLog: Compiling game modules for hot reload
[2018.08.01-12.12.40:303][964]CompilerResultsLog: Using Visual Studio 2017 14.14.26428 toolchain (D:\Microsoft Visual Studio\2017\Community\VC\Tools\MSVC\14.14.26428) and Windows 10.0.16299.0 SDK (C:\Program Files (x86)\Windows Kits\10).
[2018.08.01-12.12.40:303][964]CompilerResultsLog: Parsing headers for UnrealCPPEditor
[2018.08.01-12.12.40:303][964]CompilerResultsLog:   Running UnrealHeaderTool "D:\Unreal Projects\UnrealCPP - 4.19.2\UnrealCPP.uproject" "D:\Unreal Projects\UnrealCPP - 4.19.2\Intermediate\Build\Win64\UnrealCPPEditor\Development\UnrealCPPEditor.uhtmanifest" -LogCmds="loginit warning, logexit warning, logdatabase error" -Unattended -WarningsAsErrors -installed
[2018.08.01-12.12.40:303][964]CompilerResultsLog: Error: D:/Unreal Projects/UnrealCPP - 4.19.2/Source/UnrealCPP/ChangeMaterialMesh/ChangeMaterialMesh.h(48)  : Error: Expected an include at the top of the header: '#include "ChangeMaterialMesh.generated.h"'
[2018.08.01-12.12.40:303][964]CompilerResultsLog: Error: UnrealHeaderTool failed for target 'UnrealCPPEditor' (platform: Win64, module info: D:\Unreal Projects\UnrealCPP - 4.19.2\Intermediate\Build\Win64\UnrealCPPEditor\Development\UnrealCPPEditor.uhtmanifest, exit code: OtherCompilationError (5)).
[2018.08.01-12.12.40:303][964]LogMainFrame: MainFrame: Module compiling took 54.871 seconds
[2018.08.01-12.12.40:304][964]Warning: HotReload failed, recompile failed
[2018.08.01-12.12.43:826][116]LogSlate: FSceneViewport::OnFocusLost() reason 0
[2018.08.01-12.12.54:313][356]LogSlate: Window 'Message Log' being destroyed
[2018.08.01-12.12.54:316][356]LogSlate: Window 'Message Log' being destroyed
[2018.08.01-12.13.50:382][789]LogSlate: FSceneViewport::OnFocusLost() reason 0
[2018.08.01-12.13.50:452][797]Candidate modules for hot reload:
[2018.08.01-12.13.50:452][797]  UnrealCPP
[2018.08.01-12.13.50:452][797]Launching UnrealBuildTool... [D:/Epic Games/UE_4.20/Engine/Binaries/DotNET/UnrealBuildTool.exe  -ModuleWithSuffix=UnrealCPP,8399 Win64 Development -TargetType=Editor -Project="../../../../../Unreal Projects/UnrealCPP - 4.19.2/UnrealCPP.uproject" -canskiplink "D:/Unreal Projects/UnrealCPP - 4.19.2/UnrealCPP.uproject" ]
[2018.08.01-12.13.50:454][797]Warning: Starting HotReload took  0.0s.
[2018.08.01-12.14.05:270][575]CompilerResultsLog: New page: Compilation - Aug 1, 2018, 4:14:05 AM
[2018.08.01-12.14.05:270][575]CompilerResultsLog: Using 'git status' to determine working set for adaptive non-unity build.
[2018.08.01-12.14.05:270][575]CompilerResultsLog: Creating makefile for hot reloading UnrealCPPEditor (Build.version is newer)
[2018.08.01-12.14.05:270][575]CompilerResultsLog: Compiling game modules for hot reload
[2018.08.01-12.14.05:270][575]CompilerResultsLog: Using Visual Studio 2017 14.14.26428 toolchain (D:\Microsoft Visual Studio\2017\Community\VC\Tools\MSVC\14.14.26428) and Windows 10.0.16299.0 SDK (C:\Program Files (x86)\Windows Kits\10).
[2018.08.01-12.14.05:270][575]CompilerResultsLog: Parsing headers for UnrealCPPEditor
[2018.08.01-12.14.05:270][575]CompilerResultsLog:   Running UnrealHeaderTool "D:\Unreal Projects\UnrealCPP - 4.19.2\UnrealCPP.uproject" "D:\Unreal Projects\UnrealCPP - 4.19.2\Intermediate\Build\Win64\UnrealCPPEditor\Development\UnrealCPPEditor.uhtmanifest" -LogCmds="loginit warning, logexit warning, logdatabase error" -Unattended -WarningsAsErrors -installed
[2018.08.01-12.14.05:270][575]CompilerResultsLog: Error: D:/Unreal Projects/UnrealCPP - 4.19.2/Source/UnrealCPP/ChangeMaterialMesh/ChangeMaterialMesh.h(48)  : Error: Expected an include at the top of the header: '#include "ChangeMaterialMesh.generated.h"'
[2018.08.01-12.14.05:270][575]CompilerResultsLog: Error: UnrealHeaderTool failed for target 'UnrealCPPEditor' (platform: Win64, module info: D:\Unreal Projects\UnrealCPP - 4.19.2\Intermediate\Build\Win64\UnrealCPPEditor\Development\UnrealCPPEditor.uhtmanifest, exit code: OtherCompilationError (5)).
[2018.08.01-12.14.05:270][575]LogMainFrame: MainFrame: Module compiling took 14.821 seconds
[2018.08.01-12.14.05:270][575]Warning: HotReload failed, recompile failed
[2018.08.01-12.16.16:565][222]LogSlate: Window 'Message Log' being destroyed
[2018.08.01-12.16.16:567][222]LogSlate: Window 'Message Log' being destroyed
[2018.08.01-12.16.18:265][426]LogSlate: FSceneViewport::OnFocusLost() reason 0
[2018.08.01-12.16.21:296][762]LogSlate: Took 0.002720 seconds to synchronously load lazily loaded font '../../../Engine/Content/Slate/Fonts/Roboto-Light.ttf' (167K)
[2018.08.01-12.16.21:510][762]LogSlate: Took 0.035085 seconds to synchronously load lazily loaded font '../../../Engine/Content/Slate/Fonts/Roboto-BoldCondensed.ttf' (158K)
[2018.08.01-12.16.33:734][ 29]Running D:/Epic Games/UE_4.20/Engine/Binaries/DotNET/UnrealBuildTool.exe Win64 Development -TargetType=Editor -Project="D:/Unreal Projects/UnrealCPP - 4.19.2/UnrealCPP.uproject" -invalidatemakefilesonly
[2018.08.01-12.16.34:443][ 29]Invalidating makefiles only in this run.
[2018.08.01-12.16.34:566][ 29]Candidate modules for hot reload:
[2018.08.01-12.16.34:566][ 29]  UnrealCPP
[2018.08.01-12.16.34:566][ 29]Launching UnrealBuildTool... [D:/Epic Games/UE_4.20/Engine/Binaries/DotNET/UnrealBuildTool.exe  -ModuleWithSuffix=UnrealCPP,5471 Win64 Development -TargetType=Editor -Project="../../../../../Unreal Projects/UnrealCPP - 4.19.2/UnrealCPP.uproject" -canskiplink "D:/Unreal Projects/UnrealCPP - 4.19.2/UnrealCPP.uproject" ]
[2018.08.01-12.16.52:249][ 29]CompilerResultsLog: New page: Compilation - Aug 1, 2018, 4:16:52 AM
[2018.08.01-12.16.52:249][ 29]CompilerResultsLog: Using 'git status' to determine working set for adaptive non-unity build.
[2018.08.01-12.16.52:249][ 29]CompilerResultsLog: Creating makefile for hot reloading UnrealCPPEditor (no existing makefile)
[2018.08.01-12.16.52:249][ 29]CompilerResultsLog: Compiling game modules for hot reload
[2018.08.01-12.16.52:249][ 29]CompilerResultsLog: Using Visual Studio 2017 14.14.26428 toolchain (D:\Microsoft Visual Studio\2017\Community\VC\Tools\MSVC\14.14.26428) and Windows 10.0.16299.0 SDK (C:\Program Files (x86)\Windows Kits\10).
[2018.08.01-12.16.52:249][ 29]CompilerResultsLog: Parsing headers for UnrealCPPEditor
[2018.08.01-12.16.52:249][ 29]CompilerResultsLog:   Running UnrealHeaderTool "D:\Unreal Projects\UnrealCPP - 4.19.2\UnrealCPP.uproject" "D:\Unreal Projects\UnrealCPP - 4.19.2\Intermediate\Build\Win64\UnrealCPPEditor\Development\UnrealCPPEditor.uhtmanifest" -LogCmds="loginit warning, logexit warning, logdatabase error" -Unattended -WarningsAsErrors -installed
[2018.08.01-12.16.52:249][ 29]CompilerResultsLog: Error: D:/Unreal Projects/UnrealCPP - 4.19.2/Source/UnrealCPP/ChangeMaterialMesh/ChangeMaterialMesh.h(48)  : Error: Expected an include at the top of the header: '#include "ChangeMaterialMesh.generated.h"'
[2018.08.01-12.16.52:249][ 29]CompilerResultsLog: Error: UnrealHeaderTool failed for target 'UnrealCPPEditor' (platform: Win64, module info: D:\Unreal Projects\UnrealCPP - 4.19.2\Intermediate\Build\Win64\UnrealCPPEditor\Development\UnrealCPPEditor.uhtmanifest, exit code: OtherCompilationError (5)).
[2018.08.01-12.16.52:249][ 29]LogMainFrame: MainFrame: Module compiling took 17.689 seconds
[2018.08.01-12.16.52:249][ 29]Warning: HotReload failed, recompile failed
[2018.08.01-12.16.52:252][ 29]Warning: RebindPackages failed because compilation failed.
[2018.08.01-12.17.09:860][ 29]LogSlate: Window 'Message' being destroyed
[2018.08.01-12.17.09:865][ 29]LogSlate: Window 'Add C++ Class' being destroyed
[2018.08.01-12.19.00:534][724]Candidate modules for hot reload:
[2018.08.01-12.19.00:534][724]  UnrealCPP
[2018.08.01-12.19.00:534][724]Launching UnrealBuildTool... [D:/Epic Games/UE_4.20/Engine/Binaries/DotNET/UnrealBuildTool.exe  -ModuleWithSuffix=UnrealCPP,6983 Win64 Development -TargetType=Editor -Project="../../../../../Unreal Projects/UnrealCPP - 4.19.2/UnrealCPP.uproject" -canskiplink "D:/Unreal Projects/UnrealCPP - 4.19.2/UnrealCPP.uproject" ]
[2018.08.01-12.19.00:536][724]Warning: Starting HotReload took  0.0s.
[2018.08.01-12.19.16:309][754]CompilerResultsLog: New page: Compilation - Aug 1, 2018, 4:19:16 AM
[2018.08.01-12.19.16:309][754]CompilerResultsLog: Using 'git status' to determine working set for adaptive non-unity build.
[2018.08.01-12.19.16:309][754]CompilerResultsLog: Creating makefile for hot reloading UnrealCPPEditor (no existing makefile)
[2018.08.01-12.19.16:309][754]CompilerResultsLog: Compiling game modules for hot reload
[2018.08.01-12.19.16:309][754]CompilerResultsLog: Using Visual Studio 2017 14.14.26428 toolchain (D:\Microsoft Visual Studio\2017\Community\VC\Tools\MSVC\14.14.26428) and Windows 10.0.16299.0 SDK (C:\Program Files (x86)\Windows Kits\10).
[2018.08.01-12.19.16:309][754]CompilerResultsLog: Parsing headers for UnrealCPPEditor
[2018.08.01-12.19.16:309][754]CompilerResultsLog:   Running UnrealHeaderTool "D:\Unreal Projects\UnrealCPP - 4.19.2\UnrealCPP.uproject" "D:\Unreal Projects\UnrealCPP - 4.19.2\Intermediate\Build\Win64\UnrealCPPEditor\Development\UnrealCPPEditor.uhtmanifest" -LogCmds="loginit warning, logexit warning, logdatabase error" -Unattended -WarningsAsErrors -installed
[2018.08.01-12.19.16:309][754]CompilerResultsLog: Error: D:/Unreal Projects/UnrealCPP - 4.19.2/Source/UnrealCPP/ChangeMaterialMesh/ChangeMaterialMesh.h(48)  : Error: Expected an include at the top of the header: '#include "ChangeMaterialMesh.generated.h"'
[2018.08.01-12.19.16:309][754]CompilerResultsLog: Error: UnrealHeaderTool failed for target 'UnrealCPPEditor' (platform: Win64, module info: D:\Unreal Projects\UnrealCPP - 4.19.2\Intermediate\Build\Win64\UnrealCPPEditor\Development\UnrealCPPEditor.uhtmanifest, exit code: OtherCompilationError (5)).
[2018.08.01-12.19.16:309][754]LogMainFrame: MainFrame: Module compiling took 15.777 seconds
[2018.08.01-12.19.16:309][754]Warning: HotReload failed, recompile failed
[2018.08.01-12.19.31:111][745]LogSlate: Window 'Message Log' being destroyed
[2018.08.01-12.19.31:113][745]LogSlate: Window 'Message Log' being destroyed
[2018.08.01-12.20.02:922][159]Candidate modules for hot reload:
[2018.08.01-12.20.02:922][159]  UnrealCPP
[2018.08.01-12.20.02:922][159]Launching UnrealBuildTool... [D:/Epic Games/UE_4.20/Engine/Binaries/DotNET/UnrealBuildTool.exe  -ModuleWithSuffix=UnrealCPP,7651 Win64 Development -TargetType=Editor -Project="../../../../../Unreal Projects/UnrealCPP - 4.19.2/UnrealCPP.uproject" -canskiplink "D:/Unreal Projects/UnrealCPP - 4.19.2/UnrealCPP.uproject" ]
[2018.08.01-12.20.02:924][159]Warning: Starting HotReload took  0.0s.
[2018.08.01-12.20.18:994][ 87]CompilerResultsLog: New page: Compilation - Aug 1, 2018, 4:20:18 AM
[2018.08.01-12.20.18:994][ 87]CompilerResultsLog: Using 'git status' to determine working set for adaptive non-unity build.
[2018.08.01-12.20.18:994][ 87]CompilerResultsLog: Creating makefile for hot reloading UnrealCPPEditor (no existing makefile)
[2018.08.01-12.20.18:994][ 87]CompilerResultsLog: Compiling game modules for hot reload
[2018.08.01-12.20.18:994][ 87]CompilerResultsLog: Using Visual Studio 2017 14.14.26428 toolchain (D:\Microsoft Visual Studio\2017\Community\VC\Tools\MSVC\14.14.26428) and Windows 10.0.16299.0 SDK (C:\Program Files (x86)\Windows Kits\10).
[2018.08.01-12.20.18:994][ 87]CompilerResultsLog: Parsing headers for UnrealCPPEditor
[2018.08.01-12.20.18:994][ 87]CompilerResultsLog:   Running UnrealHeaderTool "D:\Unreal Projects\UnrealCPP - 4.19.2\UnrealCPP.uproject" "D:\Unreal Projects\UnrealCPP - 4.19.2\Intermediate\Build\Win64\UnrealCPPEditor\Development\UnrealCPPEditor.uhtmanifest" -LogCmds="loginit warning, logexit warning, logdatabase error" -Unattended -WarningsAsErrors -installed
[2018.08.01-12.20.18:994][ 87]CompilerResultsLog: Error: D:/Unreal Projects/UnrealCPP - 4.19.2/Source/UnrealCPP/ChangeMaterialMesh/ChangeMaterialMesh.h(48)  : Error: Expected an include at the top of the header: '#include "ChangeMaterialMesh.generated.h"'
[2018.08.01-12.20.18:994][ 87]CompilerResultsLog: Error: UnrealHeaderTool failed for target 'UnrealCPPEditor' (platform: Win64, module info: D:\Unreal Projects\UnrealCPP - 4.19.2\Intermediate\Build\Win64\UnrealCPPEditor\Development\UnrealCPPEditor.uhtmanifest, exit code: OtherCompilationError (5)).
[2018.08.01-12.20.18:994][ 87]LogMainFrame: MainFrame: Module compiling took 16.075 seconds
[2018.08.01-12.20.18:995][ 87]Warning: HotReload failed, recompile failed
[2018.08.01-12.20.28:480][221]LogSlate: Window 'Message Log' being destroyed
[2018.08.01-12.20.28:483][221]LogSlate: Window 'Message Log' being destroyed
[2018.08.01-12.20.32:741][731]LogSlate: Window 'Message Log' being destroyed
[2018.08.01-12.20.32:744][731]LogSlate: Window 'Message Log' being destroyed
[2018.08.01-12.20.45:615][ 65]Candidate modules for hot reload:
[2018.08.01-12.20.45:615][ 65]  UnrealCPP
[2018.08.01-12.20.45:615][ 65]Launching UnrealBuildTool... [D:/Epic Games/UE_4.20/Engine/Binaries/DotNET/UnrealBuildTool.exe  -ModuleWithSuffix=UnrealCPP,1333 Win64 Development -TargetType=Editor -Project="../../../../../Unreal Projects/UnrealCPP - 4.19.2/UnrealCPP.uproject" -canskiplink "D:/Unreal Projects/UnrealCPP - 4.19.2/UnrealCPP.uproject" ]
[2018.08.01-12.20.45:617][ 65]Warning: Starting HotReload took  0.0s.
[2018.08.01-12.24.27:568][484]CompilerResultsLog: New page: Compilation - Aug 1, 2018, 4:24:27 AM
[2018.08.01-12.24.27:568][484]CompilerResultsLog: Using 'git status' to determine working set for adaptive non-unity build.
[2018.08.01-12.24.27:568][484]CompilerResultsLog: Creating makefile for hot reloading UnrealCPPEditor (no existing makefile)
[2018.08.01-12.24.27:568][484]CompilerResultsLog: Compiling game modules for hot reload
[2018.08.01-12.24.27:568][484]CompilerResultsLog: Using Visual Studio 2017 14.14.26428 toolchain (D:\Microsoft Visual Studio\2017\Community\VC\Tools\MSVC\14.14.26428) and Windows 10.0.16299.0 SDK (C:\Program Files (x86)\Windows Kits\10).
[2018.08.01-12.24.27:568][484]CompilerResultsLog: Building 3 actions with 8 processes...
[2018.08.01-12.24.27:568][484]CompilerResultsLog:   Module.UnrealCPP.cpp
[2018.08.01-12.24.27:568][484]CompilerResultsLog:   UE4Editor-UnrealCPP-1333.lib
[2018.08.01-12.24.27:568][484]CompilerResultsLog:      Creating library D:\Unreal Projects\UnrealCPP - 4.19.2\Intermediate\Build\Win64\UE4Editor\Development\UnrealCPP\UE4Editor-UnrealCPP-1333.lib and object D:\Unreal Projects\UnrealCPP - 4.19.2\Intermediate\Build\Win64\UE4Editor\Development\UnrealCPP\UE4Editor-UnrealCPP-1333.exp
[2018.08.01-12.24.27:568][484]CompilerResultsLog:   UE4Editor-UnrealCPP-1333.dll
[2018.08.01-12.24.27:568][484]CompilerResultsLog:      Creating library D:\Unreal Projects\UnrealCPP - 4.19.2\Intermediate\Build\Win64\UE4Editor\Development\UnrealCPP\UE4Editor-UnrealCPP-1333.suppressed.lib and object D:\Unreal Projects\UnrealCPP - 4.19.2\Intermediate\Build\Win64\UE4Editor\Development\UnrealCPP\UE4Editor-UnrealCPP-1333.suppressed.exp
[2018.08.01-12.24.27:568][484]CompilerResultsLog: Total build time: 221.51 seconds (Parallel executor: 216.10 seconds)
[2018.08.01-12.24.27:568][484]LogMainFrame: MainFrame: Module compiling took 221.956 seconds
[2018.08.01-12.24.27:671][484]LogHotReload: Re-instancing MyCameraShake after hot-reload.
[2018.08.01-12.24.27:870][484]LogContentBrowser: Native class hierarchy updated for 'UnrealCPP' in 0.0015 seconds. Added 39 classes and 36 folders.
[2018.08.01-12.24.27:873][484]Display: HotReload successful (21 functions remapped  0 scriptstructs remapped)
[2018.08.01-12.24.28:015][484]LogContentBrowser: Native class hierarchy populated in 0.0093 seconds. Added 2610 classes and 638 folders.
[2018.08.01-12.24.28:029][484]Display: HotReload took 222.4s.
[2018.08.01-12.24.35:746][  3]LogSlate: Window 'UnrealCPP - Unreal Editor' being destroyed
[2018.08.01-12.24.36:023][  4]Cmd: QUIT_EDITOR
[2018.08.01-12.24.36:174][  4]LogWindowsTextInputMethodSystem: Display: IME system now deactivated.
[2018.08.01-12.24.36:543][  4]LogExit: Preparing to exit.
[2018.08.01-12.24.37:887][  4]LogExit: Editor shut down
[2018.08.01-12.24.37:888][  4]LogExit: Transaction tracking system shut down
[2018.08.01-12.24.39:094][  4]LogExit: Object subsystem successfully closed.
[2018.08.01-12.24.39:167][  4]LogShaderCompilers: Display: Shaders left to compile 0
[2018.08.01-12.24.39:208][  4]LogD3D11RHI: Shutdown
[2018.08.01-12.24.39:208][  4]LogD3D11RHI: CleanupD3DDevice
[2018.08.01-12.24.39:223][  4]LogD3D11RHI: ~FD3D11DynamicRHI
[2018.08.01-12.24.40:435][  4]LogModuleManager: Shutting down and abandoning module UnrealCPP (611)
[2018.08.01-12.24.40:435][  4]LogModuleManager: Shutting down and abandoning module HierarchicalLODOutliner (610)
[2018.08.01-12.24.40:435][  4]LogModuleManager: Shutting down and abandoning module SceneOutliner (608)
[2018.08.01-12.24.40:435][  4]LogModuleManager: Shutting down and abandoning module AddContentDialog (606)
[2018.08.01-12.24.40:435][  4]LogModuleManager: Shutting down and abandoning module WidgetCarousel (605)
[2018.08.01-12.24.40:435][  4]LogModuleManager: Shutting down and abandoning module EditorWidgets (602)
[2018.08.01-12.24.40:435][  4]LogModuleManager: Shutting down and abandoning module CollectionManager (600)
[2018.08.01-12.24.40:436][  4]LogModuleManager: Shutting down and abandoning module StatsViewer (598)
[2018.08.01-12.24.40:436][  4]LogModuleManager: Shutting down and abandoning module FoliageEdit (596)
[2018.08.01-12.24.40:436][  4]LogModuleManager: Shutting down and abandoning module LandscapeEditor (594)
[2018.08.01-12.24.40:530][  4]LogModuleManager: Shutting down and abandoning module MeshPaintMode (592)
[2018.08.01-12.24.40:530][  4]LogModuleManager: Shutting down and abandoning module SceneDepthPickerMode (590)
[2018.08.01-12.24.40:530][  4]LogModuleManager: Shutting down and abandoning module ActorPickerMode (588)
[2018.08.01-12.24.40:530][  4]LogModuleManager: Shutting down and abandoning module GeometryMode (586)
[2018.08.01-12.24.40:530][  4]LogModuleManager: Shutting down and abandoning module TextureAlignMode (584)
[2018.08.01-12.24.40:530][  4]LogModuleManager: Shutting down and abandoning module BspMode (582)
[2018.08.01-12.24.40:530][  4]LogModuleManager: Shutting down and abandoning module PIEPreviewDeviceProfileSelector (580)
[2018.08.01-12.24.40:530][  4]LogModuleManager: Shutting down and abandoning module SequenceRecorderSections (578)
[2018.08.01-12.24.40:530][  4]LogModuleManager: Shutting down and abandoning module AutomationWorker (576)
[2018.08.01-12.24.40:530][  4]LogModuleManager: Shutting down and abandoning module AudioCaptureEditor (574)
[2018.08.01-12.24.40:530][  4]LogModuleManager: Shutting down and abandoning module SequenceRecorder (573)
[2018.08.01-12.24.40:530][  4]LogModuleManager: Shutting down and abandoning module MatineeToLevelSequence (570)
[2018.08.01-12.24.40:531][  4]LogModuleManager: Shutting down and abandoning module LevelSequenceEditor (568)
[2018.08.01-12.24.40:546][  4]LogModuleManager: Shutting down and abandoning module PlacementMode (567)
[2018.08.01-12.24.40:546][  4]LogModuleManager: Shutting down and abandoning module MaterialEditor (566)
[2018.08.01-12.24.40:608][  4]LogModuleManager: Shutting down and abandoning module WmfMediaFactory (562)
[2018.08.01-12.24.40:608][  4]LogModuleManager: Shutting down and abandoning module WmfMediaEditor (560)
[2018.08.01-12.24.40:608][  4]LogModuleManager: Shutting down and abandoning module MediaPlayerEditor (558)
[2018.08.01-12.24.40:608][  4]LogModuleManager: Shutting down and abandoning module OpenExrWrapper (556)
[2018.08.01-12.24.40:608][  4]LogModuleManager: Shutting down and abandoning module ImgMediaFactory (554)
[2018.08.01-12.24.40:608][  4]LogModuleManager: Shutting down and abandoning module ImgMediaEditor (552)
[2018.08.01-12.24.40:608][  4]LogModuleManager: Shutting down and abandoning module AvfMediaFactory (550)
[2018.08.01-12.24.40:608][  4]LogModuleManager: Shutting down and abandoning module AvfMediaEditor (548)
[2018.08.01-12.24.40:608][  4]LogModuleManager: Shutting down and abandoning module AndroidMediaFactory (546)
[2018.08.01-12.24.40:608][  4]LogModuleManager: Shutting down and abandoning module AndroidMediaEditor (544)
[2018.08.01-12.24.40:608][  4]LogModuleManager: Shutting down and abandoning module MagicLeapCameraPreviewFactory (542)
[2018.08.01-12.24.40:609][  4]LogModuleManager: Shutting down and abandoning module MagicLeapMediaFactory (540)
[2018.08.01-12.24.40:609][  4]LogModuleManager: Shutting down and abandoning module MagicLeapMediaEditor (538)
[2018.08.01-12.24.40:609][  4]LogModuleManager: Shutting down and abandoning module CharacterAI (536)
[2018.08.01-12.24.40:609][  4]LogModuleManager: Shutting down and abandoning module SmartSnapping (534)
[2018.08.01-12.24.40:609][  4]LogModuleManager: Shutting down and abandoning module SessionServices (532)
[2018.08.01-12.24.40:609][  4]LogModuleManager: Shutting down and abandoning module ViewportSnapping (530)
[2018.08.01-12.24.40:609][  4]LogModuleManager: Shutting down and abandoning module ViewportInteraction (528)
[2018.08.01-12.24.40:622][  4]LogModuleManager: Shutting down and abandoning module ClothPainter (526)
[2018.08.01-12.24.40:622][  4]LogModuleManager: Shutting down and abandoning module SkeletalMeshEditor (525)
[2018.08.01-12.24.40:639][  4]LogModuleManager: Shutting down and abandoning module LogVisualizer (522)
[2018.08.01-12.24.40:657][  4]LogModuleManager: Shutting down and abandoning module IntroTutorials (520)
[2018.08.01-12.24.40:657][  4]LogModuleManager: Shutting down and abandoning module GameProjectGeneration (519)
[2018.08.01-12.24.40:657][  4]LogModuleManager: Shutting down and abandoning module LuminPlatformEditor (516)
[2018.08.01-12.24.40:657][  4]LogModuleManager: Shutting down and abandoning module IOSPlatformEditor (514)
[2018.08.01-12.24.40:657][  4]LogModuleManager: Shutting down and abandoning module HTML5PlatformEditor (512)
[2018.08.01-12.24.40:657][  4]LogModuleManager: Shutting down and abandoning module AndroidPlatformEditor (510)
[2018.08.01-12.24.40:657][  4]LogModuleManager: Shutting down and abandoning module AndroidDeviceDetection (509)
[2018.08.01-12.24.41:691][  4]LogModuleManager: Shutting down and abandoning module WindowsPlatformEditor (506)
[2018.08.01-12.24.41:691][  4]LogModuleManager: Shutting down and abandoning module LuminRuntimeSettings (504)
[2018.08.01-12.24.41:691][  4]LogModuleManager: Shutting down and abandoning module IOSRuntimeSettings (502)
[2018.08.01-12.24.41:691][  4]LogModuleManager: Shutting down and abandoning module AndroidRuntimeSettings (500)
[2018.08.01-12.24.41:691][  4]LogModuleManager: Shutting down and abandoning module InputBindingEditor (498)
[2018.08.01-12.24.41:716][  4]LogModuleManager: Shutting down and abandoning module MergeActors (496)
[2018.08.01-12.24.41:716][  4]LogModuleManager: Shutting down and abandoning module LocalizationDashboard (494)
[2018.08.01-12.24.41:716][  4]LogModuleManager: Shutting down and abandoning module LocalizationService (493)
[2018.08.01-12.24.41:716][  4]LogModuleManager: Shutting down and abandoning module HardwareTargeting (490)
[2018.08.01-12.24.41:716][  4]LogModuleManager: Shutting down and abandoning module DeviceProfileEditor (488)
[2018.08.01-12.24.41:716][  4]LogModuleManager: Shutting down and abandoning module UndoHistory (486)
[2018.08.01-12.24.41:716][  4]LogModuleManager: Shutting down and abandoning module XmlParser (484)
[2018.08.01-12.24.41:716][  4]LogModuleManager: Shutting down and abandoning module Blutility (482)
[2018.08.01-12.24.41:716][  4]LogModuleManager: Shutting down and abandoning module ProjectSettingsViewer (480)
[2018.08.01-12.24.41:716][  4]LogModuleManager: Shutting down and abandoning module ProjectTargetPlatformEditor (479)
[2018.08.01-12.24.41:716][  4]LogModuleManager: Shutting down and abandoning module EditorSettingsViewer (476)
[2018.08.01-12.24.41:716][  4]LogModuleManager: Shutting down and abandoning module SettingsEditor (474)
[2018.08.01-12.24.41:716][  4]LogModuleManager: Shutting down and abandoning module ProjectLauncher (472)
[2018.08.01-12.24.41:730][  4]LogModuleManager: Shutting down and abandoning module SessionFrontend (470)
[2018.08.01-12.24.41:731][  4]LogModuleManager: Shutting down and abandoning module ProfilerClient (468)
[2018.08.01-12.24.41:740][  4]LogModuleManager: Shutting down and abandoning module DeviceManager (466)
[2018.08.01-12.24.41:740][  4]LogModuleManager: Shutting down and abandoning module TargetDeviceServices (465)
[2018.08.01-12.24.41:806][  4]LogModuleManager: Shutting down and abandoning module AutomationController (462)
[2018.08.01-12.24.41:806][  4]LogModuleManager: Shutting down and abandoning module AutomationWindow (460)
[2018.08.01-12.24.41:825][  4]LogModuleManager: Shutting down and abandoning module Layers (458)
[2018.08.01-12.24.41:846][  4]LogModuleManager: Shutting down and abandoning module ComponentVisualizers (456)
[2018.08.01-12.24.41:847][  4]LogModuleManager: Shutting down and abandoning module DetailCustomizations (454)
[2018.08.01-12.24.41:847][  4]LogModuleManager: Shutting down and abandoning module PackagesDialog (452)
[2018.08.01-12.24.41:859][  4]LogModuleManager: Shutting down and abandoning module Persona (450)
[2018.08.01-12.24.41:868][  4]LogModuleManager: Shutting down and abandoning module AdvancedPreviewScene (449)
[2018.08.01-12.24.41:868][  4]LogModuleManager: Shutting down and abandoning module AnimGraph (447)
[2018.08.01-12.24.41:868][  4]LogModuleManager: Shutting down and abandoning module Kismet (444)
[2018.08.01-12.24.41:872][  4]LogModuleManager: Shutting down and abandoning module GraphEditor (442)
[2018.08.01-12.24.41:915][  4]LogModuleManager: Shutting down and abandoning module ClassViewer (440)
[2018.08.01-12.24.41:919][  4]LogModuleManager: Shutting down and abandoning module Toolbox (438)
[2018.08.01-12.24.41:919][  4]LogModuleManager: Shutting down and abandoning module DesktopPlatform (437)
[2018.08.01-12.24.41:919][  4]LogModuleManager: Shutting down and abandoning module ModuleUI (434)
[2018.08.01-12.24.41:935][  4]LogModuleManager: Shutting down and abandoning module MovieSceneTools (432)
[2018.08.01-12.24.41:936][  4]LogModuleManager: Shutting down and abandoning module OutputLog (430)
[2018.08.01-12.24.41:936][  4]LogModuleManager: Shutting down and abandoning module GammaUI (428)
[2018.08.01-12.24.41:951][  4]LogModuleManager: Shutting down and abandoning module Documentation (426)
[2018.08.01-12.24.41:951][  4]LogModuleManager: Shutting down and abandoning module MovieSceneTracks (424)
[2018.08.01-12.24.41:963][  4]LogModuleManager: Shutting down and abandoning module MovieScene (422)
[2018.08.01-12.24.41:963][  4]LogModuleManager: Shutting down and abandoning module StreamingPauseRendering (420)
[2018.08.01-12.24.41:963][  4]LogModuleManager: Shutting down and abandoning module LauncherPlatform (418)
[2018.08.01-12.24.41:964][  4]LogModuleManager: Shutting down and abandoning module AnalyticsET (416)
[2018.08.01-12.24.41:964][  4]LogModuleManager: Shutting down and abandoning module PortalServices (414)
[2018.08.01-12.24.41:964][  4]LogModuleManager: Shutting down and abandoning module PortalRpc (412)
[2018.08.01-12.24.41:964][  4]LogModuleManager: Shutting down and abandoning module MessagingRpc (410)
[2018.08.01-12.24.41:964][  4]LogModuleManager: Shutting down and abandoning module AIModule (408)
[2018.08.01-12.24.41:964][  4]LogModuleManager: Shutting down and abandoning module GameplayDebugger (407)
[2018.08.01-12.24.41:964][  4]LogModuleManager: Shutting down and abandoning module AITestSuite (405)
[2018.08.01-12.24.41:964][  4]LogModuleManager: Shutting down and abandoning module NavigationSystem (403)
[2018.08.01-12.24.41:964][  4]LogModuleManager: Shutting down and abandoning module ProfilerService (400)
[2018.08.01-12.24.42:126][  4]LogModuleManager: Shutting down and abandoning module TaskGraph (398)
[2018.08.01-12.24.42:126][  4]LogModuleManager: Shutting down and abandoning module SteamVRController (396)
[2018.08.01-12.24.42:126][  4]LogModuleManager: Shutting down and abandoning module ProceduralMeshComponentEditor (394)
[2018.08.01-12.24.42:126][  4]LogModuleManager: Shutting down and abandoning module ProceduralMeshComponent (392)
[2018.08.01-12.24.42:126][  4]LogModuleManager: Shutting down and abandoning module OculusInput (390)
[2018.08.01-12.24.42:126][  4]LogModuleManager: Shutting down and abandoning module MobilePatchingUtils (388)
[2018.08.01-12.24.42:126][  4]LogModuleManager: Shutting down and abandoning module EditableMesh (386)
[2018.08.01-12.24.42:126][  4]LogModuleManager: Shutting down and abandoning module CustomMeshComponent (384)
[2018.08.01-12.24.42:126][  4]LogModuleManager: Shutting down and abandoning module CableComponent (382)
[2018.08.01-12.24.42:126][  4]LogModuleManager: Shutting down and abandoning module AudioCapture (380)
[2018.08.01-12.24.42:126][  4]LogModuleManager: Shutting down and abandoning module ArchVisCharacter (378)
[2018.08.01-12.24.42:126][  4]LogModuleManager: Shutting down and abandoning module NUTUnrealEngine4 (376)
[2018.08.01-12.24.42:126][  4]LogModuleManager: Shutting down and abandoning module NetcodeUnitTest (374)
[2018.08.01-12.24.42:146][  4]LogModuleManager: Shutting down and abandoning module MediaCompositingEditor (372)
[2018.08.01-12.24.42:146][  4]LogModuleManager: Shutting down and abandoning module MediaCompositing (370)
[2018.08.01-12.24.42:146][  4]LogModuleManager: Shutting down and abandoning module LinearTimecode (368)
[2018.08.01-12.24.42:146][  4]LogModuleManager: Shutting down and abandoning module ImgMedia (366)
[2018.08.01-12.24.42:158][  4]LogModuleManager: Shutting down and abandoning module HTML5Networking (364)
[2018.08.01-12.24.42:158][  4]LogModuleManager: Shutting down and abandoning module GeometryCacheTracks (362)
[2018.08.01-12.24.42:158][  4]LogModuleManager: Shutting down and abandoning module GeometryCacheSequencer (360)
[2018.08.01-12.24.42:158][  4]LogModuleManager: Shutting down and abandoning module BackChannel (358)
[2018.08.01-12.24.42:160][  4]LogModuleManager: Shutting down and abandoning module AppleVision (356)
[2018.08.01-12.24.42:160][  4]LogModuleManager: Shutting down and abandoning module AppleImageUtils (354)
[2018.08.01-12.24.42:160][  4]LogModuleManager: Shutting down and abandoning module AlembicImporter (352)
[2018.08.01-12.24.42:160][  4]LogModuleManager: Shutting down and abandoning module AlembicLibrary (351)
[2018.08.01-12.24.42:160][  4]LogModuleManager: Shutting down and abandoning module GeometryCache (350)
[2018.08.01-12.24.42:160][  4]LogModuleManager: Shutting down and abandoning module GeometryCacheEd (349)
[2018.08.01-12.24.42:160][  4]LogModuleManager: Shutting down and abandoning module DatasmithContentEditor (344)
[2018.08.01-12.24.42:160][  4]LogModuleManager: Shutting down and abandoning module DatasmithContent (342)
[2018.08.01-12.24.42:160][  4]LogModuleManager: Shutting down and abandoning module SpeedTreeImporter (340)
[2018.08.01-12.24.42:160][  4]LogModuleManager: Shutting down and abandoning module PluginBrowser (338)
[2018.08.01-12.24.42:164][  4]LogModuleManager: Shutting down and abandoning module MobileLauncherProfileWizard (336)
[2018.08.01-12.24.42:173][  4]LogModuleManager: Shutting down and abandoning module PolygonModeling (334)
[2018.08.01-12.24.42:173][  4]LogModuleManager: Shutting down and abandoning module MeshEditor (332)
[2018.08.01-12.24.42:173][  4]LogModuleManager: Shutting down and abandoning module CryptoKeysOpenSSL (330)
[2018.08.01-12.24.42:173][  4]LogModuleManager: Shutting down and abandoning module CryptoKeys (328)
[2018.08.01-12.24.42:173][  4]LogModuleManager: Shutting down and abandoning module VisualStudioSourceCodeAccess (326)
[2018.08.01-12.24.42:173][  4]LogModuleManager: Shutting down and abandoning module VisualStudioCodeSourceCodeAccess (324)
[2018.08.01-12.24.42:173][  4]LogModuleManager: Shutting down and abandoning module UObjectPlugin (322)
[2018.08.01-12.24.42:173][  4]LogModuleManager: Shutting down and abandoning module SubversionSourceControl (320)
[2018.08.01-12.24.42:173][  4]LogModuleManager: Shutting down and abandoning module PerforceSourceControl (318)
[2018.08.01-12.24.42:182][  4]LogModuleManager: Shutting down and abandoning module GitSourceControl (316)
[2018.08.01-12.24.42:182][  4]LogModuleManager: Shutting down and abandoning module SourceControl (315)
[2018.08.01-12.24.42:182][  4]LogModuleManager: Shutting down and abandoning module CLionSourceCodeAccess (312)
[2018.08.01-12.24.42:182][  4]LogModuleManager: Shutting down and abandoning module LightPropagationVolumeEditor (310)
[2018.08.01-12.24.42:182][  4]LogModuleManager: Shutting down and abandoning module PaperTiledImporter (308)
[2018.08.01-12.24.42:182][  4]LogModuleManager: Shutting down and abandoning module PaperSpriteSheetImporter (306)
[2018.08.01-12.24.42:182][  4]LogModuleManager: Shutting down and abandoning module Paper2DEditor (304)
[2018.08.01-12.24.42:417][  4]LogModuleManager: Shutting down and abandoning module MeshPaint (303)
[2018.08.01-12.24.42:418][  4]LogModuleManager: Shutting down and abandoning module RuntimePhysXCooking (298)
[2018.08.01-12.24.42:418][  4]LogModuleManager: Shutting down and abandoning module PhysXVehiclesEditor (296)
[2018.08.01-12.24.42:418][  4]LogModuleManager: Shutting down and abandoning module PhysXVehicles (294)
[2018.08.01-12.24.42:418][  4]LogModuleManager: Shutting down and abandoning module OculusEditor (292)
[2018.08.01-12.24.42:418][  4]LogModuleManager: Shutting down and abandoning module LocationServicesBPLibrary (290)
[2018.08.01-12.24.42:418][  4]LogModuleManager: Shutting down and abandoning module ImmediatePhysicsEditor (288)
[2018.08.01-12.24.42:418][  4]LogModuleManager: Shutting down and abandoning module ImmediatePhysics (286)
[2018.08.01-12.24.42:418][  4]LogModuleManager: Shutting down and abandoning module ActorSequence (284)
[2018.08.01-12.24.42:418][  4]LogModuleManager: Shutting down and abandoning module UdpMessaging (282)
[2018.08.01-12.24.42:519][  4]LogModuleManager: Shutting down and abandoning module TcpMessaging (280)
[2018.08.01-12.24.42:620][  4]LogModuleManager: Shutting down and abandoning module MagicLeapAudio (278)
[2018.08.01-12.24.42:620][  4]LogModuleManager: Shutting down and abandoning module GameplayTagsEditor (276)
[2018.08.01-12.24.42:644][  4]LogModuleManager: Shutting down and abandoning module FacialAnimationEditor (274)
[2018.08.01-12.24.42:644][  4]LogModuleManager: Shutting down and abandoning module FacialAnimation (272)
[2018.08.01-12.24.42:644][  4]LogModuleManager: Shutting down and abandoning module DataValidation (270)
[2018.08.01-12.24.42:644][  4]LogModuleManager: Shutting down and abandoning module AssetManagerEditor (268)
[2018.08.01-12.24.42:658][  4]LogModuleManager: Shutting down and abandoning module LevelEditor (267)
[2018.08.01-12.24.42:660][  4]LogModuleManager: Shutting down and abandoning module PixelInspectorModule (266)
[2018.08.01-12.24.42:660][  4]LogModuleManager: Shutting down and abandoning module CommonMenuExtensions (264)
[2018.08.01-12.24.42:661][  4]LogModuleManager: Shutting down and abandoning module MainFrame (262)
[2018.08.01-12.24.42:661][  4]LogModuleManager: Shutting down and abandoning module HotReload (261)
[2018.08.01-12.24.42:662][  4]LogModuleManager: Shutting down and abandoning module ContentBrowser (257)
[2018.08.01-12.24.42:665][  4]LogModuleManager: Shutting down and abandoning module TreeMap (255)
[2018.08.01-12.24.42:665][  4]LogModuleManager: Shutting down and abandoning module LightPropagationVolumeRuntime (252)
[2018.08.01-12.24.42:665][  4]LogModuleManager: Shutting down and abandoning module AISupportModule (250)
[2018.08.01-12.24.42:665][  4]LogModuleManager: Shutting down and abandoning module Paper2D (248)
[2018.08.01-12.24.42:665][  4]LogModuleManager: Shutting down and abandoning module WindowsMoviePlayer (246)
[2018.08.01-12.24.42:666][  4]LogModuleManager: Shutting down and abandoning module WmfMedia (244)
[2018.08.01-12.24.42:695][  4]LogModuleManager: Shutting down and abandoning module Media (243)
[2018.08.01-12.24.42:701][  4]LogModuleManager: Shutting down and abandoning module PacketHandler (240)
[2018.08.01-12.24.42:701][  4]LogModuleManager: Shutting down and abandoning module ClothingSystemEditor (238)
[2018.08.01-12.24.42:701][  4]LogModuleManager: Shutting down and abandoning module ClothingSystemRuntime (236)
[2018.08.01-12.24.42:730][  4]LogModuleManager: Shutting down and abandoning module MediaAssets (234)
[2018.08.01-12.24.42:730][  4]LogModuleManager: Shutting down and abandoning module Overlay (232)
[2018.08.01-12.24.42:730][  4]LogModuleManager: Shutting down and abandoning module OverlayEditor (231)
[2018.08.01-12.24.42:730][  4]LogModuleManager: Shutting down and abandoning module VREditor (228)
[2018.08.01-12.24.42:745][  4]LogModuleManager: Shutting down and abandoning module StringTableEditor (226)
[2018.08.01-12.24.42:751][  4]LogModuleManager: Shutting down and abandoning module GameplayTasksEditor (224)
[2018.08.01-12.24.42:751][  4]LogModuleManager: Shutting down and abandoning module BehaviorTreeEditor (222)
[2018.08.01-12.24.42:754][  4]LogModuleManager: Shutting down and abandoning module FunctionalTesting (220)
[2018.08.01-12.24.42:754][  4]LogModuleManager: Shutting down and abandoning module CollisionAnalyzer (218)
[2018.08.01-12.24.42:754][  4]LogModuleManager: Shutting down and abandoning module WorkspaceMenuStructure (217)
[2018.08.01-12.24.42:754][  4]LogModuleManager: Shutting down and abandoning module UMG (214)
[2018.08.01-12.24.42:763][  4]LogModuleManager: Shutting down and abandoning module UMGEditor (213)
[2018.08.01-12.24.42:773][  4]LogModuleManager: Shutting down and abandoning module Sequencer (212)
[2018.08.01-12.24.42:781][  4]LogModuleManager: Shutting down and abandoning module MessageLog (209)
[2018.08.01-12.24.42:781][  4]LogModuleManager: Shutting down and abandoning module SlateReflector (204)
[2018.08.01-12.24.42:802][  4]LogModuleManager: Shutting down and abandoning module Slate (202)
[2018.08.01-12.24.42:802][  4]LogModuleManager: Shutting down and abandoning module EditorStyle (200)
[2018.08.01-12.24.42:807][  4]LogModuleManager: Shutting down and abandoning module MRMesh (198)
[2018.08.01-12.24.42:807][  4]LogModuleManager: Shutting down and abandoning module SourceCodeAccess (196)
[2018.08.01-12.24.42:807][  4]LogModuleManager: Shutting down and abandoning module HeadMountedDisplay (194)
[2018.08.01-12.24.42:807][  4]LogModuleManager: Shutting down and abandoning module XAudio2 (192)
[2018.08.01-12.24.42:808][  4]LogModuleManager: Shutting down and abandoning module Networking (190)
[2018.08.01-12.24.42:808][  4]LogModuleManager: Shutting down and abandoning module Core (188)
[2018.08.01-12.24.42:808][  4]LogModuleManager: Shutting down and abandoning module LevelSequence (186)
[2018.08.01-12.24.42:808][  4]LogModuleManager: Shutting down and abandoning module KismetCompiler (184)
[2018.08.01-12.24.42:808][  4]LogModuleManager: Shutting down and abandoning module MeshUtilities (182)
[2018.08.01-12.24.42:808][  4]LogModuleManager: Shutting down and abandoning module MeshMergeUtilities (181)
[2018.08.01-12.24.42:808][  4]LogModuleManager: Shutting down and abandoning module MeshReductionInterface (180)
[2018.08.01-12.24.42:808][  4]LogModuleManager: Shutting down and abandoning module SimplygonSwarm (179)
[2018.08.01-12.24.42:815][  4]LogModuleManager: Shutting down and abandoning module ProxyLODMeshReduction (177)
[2018.08.01-12.24.42:824][  4]LogModuleManager: Shutting down and abandoning module SimplygonMeshReduction (175)
[2018.08.01-12.24.42:824][  4]LogModuleManager: Shutting down and abandoning module QuadricMeshReduction (173)
[2018.08.01-12.24.42:833][  4]LogModuleManager: Shutting down and abandoning module MaterialBaking (169)
[2018.08.01-12.24.42:833][  4]LogModuleManager: Shutting down and abandoning module DirectoryWatcher (165)
[2018.08.01-12.24.42:842][  4]LogModuleManager: Shutting down and abandoning module DerivedDataCache (162)
[2018.08.01-12.24.42:888][  4]LogDerivedDataCache: Shutdown
[2018.08.01-12.24.42:888][  4]LogModuleManager: Shutting down and abandoning module XGEController (160)
[2018.08.01-12.24.42:888][  4]LogXGEController: Cleaning working directory: C:/Users/Harrison/AppData/Local/Temp/UnrealXGEWorkingDir/
[2018.08.01-12.24.42:889][  4]LogModuleManager: Shutting down and abandoning module TargetPlatform (158)
[2018.08.01-12.24.42:889][  4]LogModuleManager: Shutting down and abandoning module VulkanShaderFormat (157)
[2018.08.01-12.24.42:889][  4]LogModuleManager: Shutting down and abandoning module ShaderFormatVectorVM (155)
[2018.08.01-12.24.42:889][  4]LogModuleManager: Shutting down and abandoning module ShaderFormatOpenGL (153)
[2018.08.01-12.24.42:903][  4]LogModuleManager: Shutting down and abandoning module ShaderFormatD3D (151)
[2018.08.01-12.24.42:903][  4]LogModuleManager: Shutting down and abandoning module MetalShaderFormat (149)
[2018.08.01-12.24.42:916][  4]LogModuleManager: Shutting down and abandoning module TextureFormatUncompressed (147)
[2018.08.01-12.24.42:916][  4]LogModuleManager: Shutting down and abandoning module TextureFormatPVR (145)
[2018.08.01-12.24.42:916][  4]LogModuleManager: Shutting down and abandoning module TextureFormatDXT (143)
[2018.08.01-12.24.42:916][  4]LogModuleManager: Shutting down and abandoning module TextureFormatIntelISPCTexComp (141)
[2018.08.01-12.24.42:916][  4]LogModuleManager: Shutting down and abandoning module TextureFormatASTC (139)
[2018.08.01-12.24.42:916][  4]LogModuleManager: Shutting down and abandoning module ImageWrapper (138)
[2018.08.01-12.24.42:916][  4]LogModuleManager: Shutting down and abandoning module TextureFormatAndroid (135)
[2018.08.01-12.24.42:916][  4]LogModuleManager: Shutting down and abandoning module AudioFormatOpus (133)
[2018.08.01-12.24.42:916][  4]LogModuleManager: Shutting down and abandoning module AudioFormatOgg (131)
[2018.08.01-12.24.42:916][  4]LogModuleManager: Shutting down and abandoning module AudioFormatADPCM (129)
[2018.08.01-12.24.42:916][  4]LogModuleManager: Shutting down and abandoning module LuminTargetPlatform (127)
[2018.08.01-12.24.42:917][  4]LogModuleManager: Shutting down and abandoning module LinuxTargetPlatform (125)
[2018.08.01-12.24.42:917][  4]LogModuleManager: Shutting down and abandoning module LinuxServerTargetPlatform (123)
[2018.08.01-12.24.42:917][  4]LogModuleManager: Shutting down and abandoning module LinuxNoEditorTargetPlatform (121)
[2018.08.01-12.24.42:917][  4]LogModuleManager: Shutting down and abandoning module LinuxClientTargetPlatform (119)
[2018.08.01-12.24.42:917][  4]LogModuleManager: Shutting down and abandoning module TVOSTargetPlatform (117)
[2018.08.01-12.24.42:919][  4]LogModuleManager: Shutting down and abandoning module Messaging (115)
[2018.08.01-12.24.42:919][  4]LogModuleManager: Shutting down and abandoning module IOSTargetPlatform (113)
[2018.08.01-12.24.42:922][  4]LogModuleManager: Shutting down and abandoning module HTML5TargetPlatform (111)
[2018.08.01-12.24.42:922][  4]LogModuleManager: Shutting down and abandoning module AndroidTargetPlatform (109)
[2018.08.01-12.24.42:941][  4]LogModuleManager: Shutting down and abandoning module WindowsTargetPlatform (107)
[2018.08.01-12.24.42:941][  4]LogModuleManager: Shutting down and abandoning module WindowsServerTargetPlatform (105)
[2018.08.01-12.24.42:941][  4]LogModuleManager: Shutting down and abandoning module WindowsNoEditorTargetPlatform (103)
[2018.08.01-12.24.42:941][  4]LogModuleManager: Shutting down and abandoning module WindowsClientTargetPlatform (101)
[2018.08.01-12.24.42:941][  4]LogModuleManager: Shutting down and abandoning module MacTargetPlatform (99)
[2018.08.01-12.24.42:941][  4]LogModuleManager: Shutting down and abandoning module MacServerTargetPlatform (97)
[2018.08.01-12.24.42:942][  4]LogModuleManager: Shutting down and abandoning module MacNoEditorTargetPlatform (95)
[2018.08.01-12.24.42:942][  4]LogModuleManager: Shutting down and abandoning module MacClientTargetPlatform (93)
[2018.08.01-12.24.42:942][  4]LogModuleManager: Shutting down and abandoning module AllDesktopTargetPlatform (91)
[2018.08.01-12.24.42:942][  4]LogModuleManager: Shutting down and abandoning module InputCore (88)
[2018.08.01-12.24.42:942][  4]LogModuleManager: Shutting down and abandoning module Settings (86)
[2018.08.01-12.24.42:942][  4]LogModuleManager: Shutting down and abandoning module PhysXCooking (84)
[2018.08.01-12.24.42:942][  4]LogModuleManager: Shutting down and abandoning module SteamVR (82)
[2018.08.01-12.24.42:942][  4]LogModuleManager: Shutting down and abandoning module OculusHMD (80)
[2018.08.01-12.24.42:942][  4]LogModuleManager: Shutting down and abandoning module ExampleDeviceProfileSelector (78)
[2018.08.01-12.24.42:942][  4]LogModuleManager: Shutting down and abandoning module LauncherChunkInstaller (76)
[2018.08.01-12.24.42:942][  4]LogModuleManager: Shutting down and abandoning module OnlineBlueprintSupport (74)
[2018.08.01-12.24.42:942][  4]LogModuleManager: Shutting down and abandoning module OnlineSubsystem (70)
[2018.08.01-12.24.42:961][  4]LogModuleManager: Shutting down and abandoning module XMPP (65)
[2018.08.01-12.24.42:973][  4]LogModuleManager: Shutting down and abandoning module WebSockets (64)
[2018.08.01-12.24.43:004][  4]LogModuleManager: Shutting down and abandoning module HTTP (61)
[2018.08.01-12.24.43:004][  4]LogHttp: Display: Http module shutting down, but needs to wait on 1 outstanding Http requests:
[2018.08.01-12.24.43:004][  4]LogHttp: Display: 	verb=[POST] url=[https://datarouter.ol.epicgames.com/datarouter/api/v1/public/data?SessionID=%7B6E86CBE8-464E-185A-F052-96A63B266B52%7D&AppID=UEEditor.Rocket.Release&AppVersion=4.20.1-4233996%2B%2B%2BUE4%2BRelease-4.20&UserID=07a50e9e4784e1d9f8c14c83201a7933%7Ceb337136c818478297c24695534e6726%7C508d3d38-1a1d-4cf8-96d3-4a73429fbbd3&AppEnvironment=datacollector-binary&UploadType=eteventstream] status=Processing
[2018.08.01-12.24.43:020][  4]LogModuleManager: Shutting down and abandoning module SSL (60)
[2018.08.01-12.24.43:023][  4]LogModuleManager: Shutting down and abandoning module MagicLeapEmulator (56)
[2018.08.01-12.24.43:023][  4]LogModuleManager: Shutting down and abandoning module MagicLeapPrivileges (54)
[2018.08.01-12.24.43:023][  4]LogModuleManager: Shutting down and abandoning module MagicLeapIdentity (52)
[2018.08.01-12.24.43:023][  4]LogModuleManager: Shutting down and abandoning module MagicLeapHelperVulkan (50)
[2018.08.01-12.24.43:023][  4]LogModuleManager: Shutting down and abandoning module MagicLeapHelperOpenGL (48)
[2018.08.01-12.24.43:024][  4]LogModuleManager: Shutting down and abandoning module MagicLeapSecureStorage (46)
[2018.08.01-12.24.43:024][  4]LogModuleManager: Shutting down and abandoning module MagicLeapGestures (44)
[2018.08.01-12.24.43:024][  4]LogModuleManager: Shutting down and abandoning module MagicLeapEyeTracker (42)
[2018.08.01-12.24.43:024][  4]LogModuleManager: Shutting down and abandoning module MagicLeapController (40)
[2018.08.01-12.24.43:024][  4]LogSlate: Slate User Destroyed.  User Index 0, Is Virtual User: 0
[2018.08.01-12.24.43:024][  4]LogModuleManager: Shutting down and abandoning module MagicLeap (38)
[2018.08.01-12.24.43:024][  4]LogModuleManager: Shutting down and abandoning module AnimationModifiers (36)
[2018.08.01-12.24.43:029][  4]LogModuleManager: Shutting down and abandoning module PropertyEditor (35)
[2018.08.01-12.24.43:029][  4]LogModuleManager: Shutting down and abandoning module AudioEditor (32)
[2018.08.01-12.24.43:049][  4]LogModuleManager: Shutting down and abandoning module TextureCompressor (30)
[2018.08.01-12.24.43:054][  4]LogModuleManager: Shutting down and abandoning module ShaderCore (28)
[2018.08.01-12.24.43:054][  4]LogModuleManager: Shutting down and abandoning module Landscape (26)
[2018.08.01-12.24.43:054][  4]LogModuleManager: Shutting down and abandoning module SlateRHIRenderer (24)
[2018.08.01-12.24.43:066][  4]LogModuleManager: Shutting down and abandoning module OpenGLDrv (22)
[2018.08.01-12.24.43:077][  4]LogModuleManager: Shutting down and abandoning module D3D11RHI (20)
[2018.08.01-12.24.43:077][  4]LogModuleManager: Shutting down and abandoning module AnimGraphRuntime (18)
[2018.08.01-12.24.43:077][  4]LogModuleManager: Shutting down and abandoning module Renderer (16)
[2018.08.01-12.24.43:077][  4]LogModuleManager: Shutting down and abandoning module Engine (14)
[2018.08.01-12.24.43:077][  4]LogModuleManager: Shutting down and abandoning module CoreUObject (12)
[2018.08.01-12.24.43:077][  4]LogModuleManager: Shutting down and abandoning module NetworkFile (10)
[2018.08.01-12.24.43:077][  4]LogModuleManager: Shutting down and abandoning module CookedIterativeFile (8)
[2018.08.01-12.24.43:077][  4]LogModuleManager: Shutting down and abandoning module StreamingFile (6)
[2018.08.01-12.24.43:077][  4]LogModuleManager: Shutting down and abandoning module SandboxFile (4)
[2018.08.01-12.24.43:077][  4]LogModuleManager: Shutting down and abandoning module PakFile (2)
[2018.08.01-12.24.43:097][  4]LogExit: Exiting.
[2018.08.01-12.24.43:104][  4]Log file closed, 08/01/18 08:24:43
