Log file open, 05/02/18 05:20:15
LogWindows: Failed to load 'aqProf.dll' (GetLastError=126)
LogWindows: File 'aqProf.dll' does not exist
LogWindows: Failed to load 'VtuneApi.dll' (GetLastError=126)
LogWindows: File 'VtuneApi.dll' does not exist
LogWindows: Failed to load 'VtuneApi32e.dll' (GetLastError=126)
LogWindows: File 'VtuneApi32e.dll' does not exist
LogInit: Display: Running engine for game: UnrealCPP
LogPlatformFile: Not using cached read wrapper
LogInit: Display: RandInit(-2043263304) SRandInit(-2043263304).
LogInit: Read version file with build ID '3944462'
LogInit: Overriding engine version to CL 4033788, compatible CL 3944462
LogInit: Registered custom module enumerator with build ID '3944462'
LogTaskGraph: Started task graph with 5 named threads and 23 total threads with 3 sets of task threads.
LogStats: Stats thread started at 0.259942
LogD3D11RHI: Aftermath initialized
LogICUInternationalization: Display: ICU TimeZone Detection - Raw Offset: -5:00, Platform Override: ''
LogPluginManager: Mounting plugin Paper2D
LogPluginManager: Mounting plugin LiveLink
LogPluginManager: Mounting plugin LightPropagationVolume
LogPluginManager: Mounting plugin CLionSourceCodeAccess
LogPluginManager: Mounting plugin CodeLiteSourceCodeAccess
LogPluginManager: Mounting plugin GitSourceControl
LogPluginManager: Mounting plugin KDevelopSourceCodeAccess
LogPluginManager: Mounting plugin NullSourceCodeAccess
LogPluginManager: Mounting plugin PerforceSourceControl
LogPluginManager: Mounting plugin SubversionSourceControl
LogPluginManager: Mounting plugin UObjectPlugin
LogPluginManager: Mounting plugin VisualStudioCodeSourceCodeAccess
LogPluginManager: Mounting plugin VisualStudioSourceCodeAccess
LogPluginManager: Mounting plugin XCodeSourceCodeAccess
LogPluginManager: Mounting plugin AssetManagerEditor
LogPluginManager: Mounting plugin CryptoKeys
LogPluginManager: Mounting plugin DataValidation
LogPluginManager: Mounting plugin FacialAnimation
LogPluginManager: Mounting plugin GameplayTagsEditor
LogPluginManager: Mounting plugin MobileLauncherProfileWizard
LogPluginManager: Mounting plugin PluginBrowser
LogPluginManager: Mounting plugin SpeedTreeImporter
LogPluginManager: Mounting plugin DatasmithContent
LogPluginManager: Mounting plugin AlembicImporter
LogPluginManager: Mounting plugin CharacterAI
LogPluginManager: Mounting plugin HTML5Networking
LogPluginManager: Mounting plugin AndroidMedia
LogPluginManager: Mounting plugin AvfMedia
LogPluginManager: Mounting plugin ImgMedia
LogPluginManager: Mounting plugin LinearTimecode
LogPluginManager: Mounting plugin MediaCompositing
LogPluginManager: Mounting plugin MediaPlayerEditor
LogPluginManager: Mounting plugin WmfMedia
LogPluginManager: Mounting plugin TcpMessaging
LogPluginManager: Mounting plugin UdpMessaging
LogPluginManager: Mounting plugin ActorSequence
LogPluginManager: Mounting plugin LevelSequenceEditor
LogPluginManager: Mounting plugin MatineeToLevelSequence
LogPluginManager: Mounting plugin NetcodeUnitTest
LogPluginManager: Mounting plugin NUTUnrealEngine4
LogPluginManager: Mounting plugin OnlineSubsystemGooglePlay
LogPluginManager: Mounting plugin OnlineSubsystemIOS
LogPluginManager: Mounting plugin OnlineSubsystem
LogPluginManager: Mounting plugin OnlineSubsystemNull
LogPluginManager: Mounting plugin OnlineSubsystemUtils
LogPluginManager: Mounting plugin AndroidDeviceProfileSelector
LogPluginManager: Mounting plugin AndroidMoviePlayer
LogPluginManager: Mounting plugin AndroidPermission
LogPluginManager: Mounting plugin AppleARKit
LogPluginManager: Mounting plugin AppleMoviePlayer
LogPluginManager: Mounting plugin ArchVisCharacter
LogPluginManager: Mounting plugin AudioCapture
LogPluginManager: Mounting plugin CableComponent
LogPluginManager: Mounting plugin CustomMeshComponent
LogPluginManager: Mounting plugin ExampleDeviceProfileSelector
LogPluginManager: Mounting plugin GoogleCloudMessaging
LogPluginManager: Mounting plugin ImmediatePhysics
LogPluginManager: Mounting plugin IOSDeviceProfileSelector
LogPluginManager: Mounting plugin LinuxDeviceProfileSelector
LogPluginManager: Mounting plugin LocationServicesBPLibrary
LogPluginManager: Mounting plugin MobilePatchingUtils
LogPluginManager: Mounting plugin OculusVR
LogPluginManager: Plugin shader directory ../../../Engine/Plugins/Runtime/Oculus/OculusVR/Shaders found
LogPluginManager: Mapping shader source directory ../../../Engine/Plugins/Runtime/Oculus/OculusVR/Shaders to virtual directory /Plugin/OculusVR
LogPluginManager: Mounting plugin PhysXVehicles
LogPluginManager: Mounting plugin ProceduralMeshComponent
LogPluginManager: Mounting plugin RuntimePhysXCooking
LogPluginManager: Mounting plugin SteamVR
LogPluginManager: Mounting plugin WindowsMoviePlayer
LogStreaming: Display: Took  0.121s to configure plugins.
LogModuleManager: Warning: Module file ../../../../../Unreal Projects/UnrealCPP/Binaries/Win64/UE4Editor-UnrealCPP-368.dll is missing. This is likely a stale module that must be recompiled.
LogModuleManager: Display: Found up-to-date module file ../../../Engine/Plugins/2D/Paper2D/Binaries/Win64/UE4Editor-Paper2D.dll (API version 3944462).
LogModuleManager: Display: Found up-to-date module file ../../../Engine/Plugins/2D/Paper2D/Binaries/Win64/UE4Editor-Paper2DEditor.dll (API version 3944462).
LogModuleManager: Display: Found up-to-date module file ../../../Engine/Plugins/2D/Paper2D/Binaries/Win64/UE4Editor-PaperSpriteSheetImporter.dll (API version 3944462).
LogModuleManager: Display: Found up-to-date module file ../../../Engine/Plugins/2D/Paper2D/Binaries/Win64/UE4Editor-PaperTiledImporter.dll (API version 3944462).
LogModuleManager: Display: Found up-to-date module file ../../../Engine/Plugins/2D/Paper2D/Binaries/Win64/UE4Editor-SmartSnapping.dll (API version 3944462).
LogModuleManager: Display: Found up-to-date module file ../../../Engine/Plugins/Animation/LiveLink/Binaries/Win64/UE4Editor-LiveLink.dll (API version 3944462).
LogModuleManager: Display: Found up-to-date module file ../../../Engine/Plugins/Animation/LiveLink/Binaries/Win64/UE4Editor-LiveLinkEditor.dll (API version 3944462).
LogModuleManager: Display: Found up-to-date module file ../../../Engine/Plugins/Blendables/LightPropagationVolume/Binaries/Win64/UE4Editor-LightPropagationVolumeRuntime.dll (API version 3944462).
LogModuleManager: Display: Found up-to-date module file ../../../Engine/Plugins/Blendables/LightPropagationVolume/Binaries/Win64/UE4Editor-LightPropagationVolumeEditor.dll (API version 3944462).
LogModuleManager: Display: Found up-to-date module file ../../../Engine/Plugins/Developer/CLionSourceCodeAccess/Binaries/Win64/UE4Editor-CLionSourceCodeAccess.dll (API version 3944462).
LogModuleManager: Display: Found up-to-date module file ../../../Engine/Plugins/Developer/GitSourceControl/Binaries/Win64/UE4Editor-GitSourceControl.dll (API version 3944462).
LogModuleManager: Display: Found up-to-date module file ../../../Engine/Plugins/Developer/PerforceSourceControl/Binaries/Win64/UE4Editor-PerforceSourceControl.dll (API version 3944462).
LogModuleManager: Display: Found up-to-date module file ../../../Engine/Plugins/Developer/SubversionSourceControl/Binaries/Win64/UE4Editor-SubversionSourceControl.dll (API version 3944462).
LogModuleManager: Display: Found up-to-date module file ../../../Engine/Plugins/Developer/UObjectPlugin/Binaries/Win64/UE4Editor-UObjectPlugin.dll (API version 3944462).
LogModuleManager: Display: Found up-to-date module file ../../../Engine/Plugins/Developer/VisualStudioCodeSourceCodeAccess/Binaries/Win64/UE4Editor-VisualStudioCodeSourceCodeAccess.dll (API version 3944462).
LogModuleManager: Display: Found up-to-date module file ../../../Engine/Plugins/Developer/VisualStudioSourceCodeAccess/Binaries/Win64/UE4Editor-VisualStudioSourceCodeAccess.dll (API version 3944462).
LogModuleManager: Display: Found up-to-date module file ../../../Engine/Plugins/Editor/AssetManagerEditor/Binaries/Win64/UE4Editor-AssetManagerEditor.dll (API version 3944462).
LogModuleManager: Display: Found up-to-date module file ../../../Engine/Plugins/Editor/CryptoKeys/Binaries/Win64/UE4Editor-CryptoKeys.dll (API version 3944462).
LogModuleManager: Display: Found up-to-date module file ../../../Engine/Plugins/Editor/CryptoKeys/Binaries/Win64/UE4Editor-CryptoKeysOpenSSL.dll (API version 3944462).
LogModuleManager: Display: Found up-to-date module file ../../../Engine/Plugins/Editor/DataValidation/Binaries/Win64/UE4Editor-DataValidation.dll (API version 3944462).
LogModuleManager: Display: Found up-to-date module file ../../../Engine/Plugins/Editor/FacialAnimation/Binaries/Win64/UE4Editor-FacialAnimation.dll (API version 3944462).
LogModuleManager: Display: Found up-to-date module file ../../../Engine/Plugins/Editor/FacialAnimation/Binaries/Win64/UE4Editor-FacialAnimationEditor.dll (API version 3944462).
LogModuleManager: Display: Found up-to-date module file ../../../Engine/Plugins/Editor/GameplayTagsEditor/Binaries/Win64/UE4Editor-GameplayTagsEditor.dll (API version 3944462).
LogModuleManager: Display: Found up-to-date module file ../../../Engine/Plugins/Editor/MobileLauncherProfileWizard/Binaries/Win64/UE4Editor-MobileLauncherProfileWizard.dll (API version 3944462).
LogModuleManager: Display: Found up-to-date module file ../../../Engine/Plugins/Editor/PluginBrowser/Binaries/Win64/UE4Editor-PluginBrowser.dll (API version 3944462).
LogModuleManager: Display: Found up-to-date module file ../../../Engine/Plugins/Editor/SpeedTreeImporter/Binaries/Win64/UE4Editor-SpeedTreeImporter.dll (API version 3944462).
LogModuleManager: Display: Found up-to-date module file ../../../Engine/Plugins/Enterprise/DatasmithContent/Binaries/Win64/UE4Editor-DatasmithContent.dll (API version 3944462).
LogModuleManager: Display: Found up-to-date module file ../../../Engine/Plugins/Experimental/AlembicImporter/Binaries/Win64/UE4Editor-AlembicImporter.dll (API version 3944462).
LogModuleManager: Display: Found up-to-date module file ../../../Engine/Plugins/Experimental/AlembicImporter/Binaries/Win64/UE4Editor-AlembicLibrary.dll (API version 3944462).
LogModuleManager: Display: Found up-to-date module file ../../../Engine/Plugins/Experimental/CharacterAI/Binaries/Win64/UE4Editor-CharacterAI.dll (API version 3944462).
LogModuleManager: Display: Found up-to-date module file ../../../Engine/Plugins/Experimental/HTML5Networking/Binaries/Win64/UE4Editor-HTML5Networking.dll (API version 3944462).
LogModuleManager: Display: Found up-to-date module file ../../../Engine/Plugins/Media/AndroidMedia/Binaries/Win64/UE4Editor-AndroidMediaEditor.dll (API version 3944462).
LogModuleManager: Display: Found up-to-date module file ../../../Engine/Plugins/Media/AndroidMedia/Binaries/Win64/UE4Editor-AndroidMediaFactory.dll (API version 3944462).
LogModuleManager: Display: Found up-to-date module file ../../../Engine/Plugins/Media/AvfMedia/Binaries/Win64/UE4Editor-AvfMediaEditor.dll (API version 3944462).
LogModuleManager: Display: Found up-to-date module file ../../../Engine/Plugins/Media/AvfMedia/Binaries/Win64/UE4Editor-AvfMediaFactory.dll (API version 3944462).
LogModuleManager: Display: Found up-to-date module file ../../../Engine/Plugins/Media/AvfMedia/Binaries/Win64/UE4Editor-AvfMediaFactory.dll (API version 3944462).
LogModuleManager: Display: Found up-to-date module file ../../../Engine/Plugins/Media/ImgMedia/Binaries/Win64/UE4Editor-ImgMedia.dll (API version 3944462).
LogModuleManager: Display: Found up-to-date module file ../../../Engine/Plugins/Media/ImgMedia/Binaries/Win64/UE4Editor-ImgMediaEditor.dll (API version 3944462).
LogModuleManager: Display: Found up-to-date module file ../../../Engine/Plugins/Media/ImgMedia/Binaries/Win64/UE4Editor-ImgMediaFactory.dll (API version 3944462).
LogModuleManager: Display: Found up-to-date module file ../../../Engine/Plugins/Media/ImgMedia/Binaries/Win64/UE4Editor-ImgMediaFactory.dll (API version 3944462).
LogModuleManager: Display: Found up-to-date module file ../../../Engine/Plugins/Media/ImgMedia/Binaries/Win64/UE4Editor-OpenExrWrapper.dll (API version 3944462).
LogModuleManager: Display: Found up-to-date module file ../../../Engine/Plugins/Media/LinearTimecode/Binaries/Win64/UE4Editor-LinearTimecode.dll (API version 3944462).
LogModuleManager: Display: Found up-to-date module file ../../../Engine/Plugins/Media/MediaCompositing/Binaries/Win64/UE4Editor-MediaCompositing.dll (API version 3944462).
LogModuleManager: Display: Found up-to-date module file ../../../Engine/Plugins/Media/MediaCompositing/Binaries/Win64/UE4Editor-MediaCompositingEditor.dll (API version 3944462).
LogModuleManager: Display: Found up-to-date module file ../../../Engine/Plugins/Media/MediaPlayerEditor/Binaries/Win64/UE4Editor-MediaPlayerEditor.dll (API version 3944462).
LogModuleManager: Display: Found up-to-date module file ../../../Engine/Plugins/Media/WmfMedia/Binaries/Win64/UE4Editor-WmfMedia.dll (API version 3944462).
LogModuleManager: Display: Found up-to-date module file ../../../Engine/Plugins/Media/WmfMedia/Binaries/Win64/UE4Editor-WmfMediaEditor.dll (API version 3944462).
LogModuleManager: Display: Found up-to-date module file ../../../Engine/Plugins/Media/WmfMedia/Binaries/Win64/UE4Editor-WmfMediaFactory.dll (API version 3944462).
LogModuleManager: Display: Found up-to-date module file ../../../Engine/Plugins/Media/WmfMedia/Binaries/Win64/UE4Editor-WmfMediaFactory.dll (API version 3944462).
LogModuleManager: Display: Found up-to-date module file ../../../Engine/Plugins/Messaging/TcpMessaging/Binaries/Win64/UE4Editor-TcpMessaging.dll (API version 3944462).
LogModuleManager: Display: Found up-to-date module file ../../../Engine/Plugins/Messaging/UdpMessaging/Binaries/Win64/UE4Editor-UdpMessaging.dll (API version 3944462).
LogModuleManager: Display: Found up-to-date module file ../../../Engine/Plugins/MovieScene/ActorSequence/Binaries/Win64/UE4Editor-ActorSequence.dll (API version 3944462).
LogModuleManager: Display: Found up-to-date module file ../../../Engine/Plugins/MovieScene/LevelSequenceEditor/Binaries/Win64/UE4Editor-LevelSequenceEditor.dll (API version 3944462).
LogModuleManager: Display: Found up-to-date module file ../../../Engine/Plugins/MovieScene/MatineeToLevelSequence/Binaries/Win64/UE4Editor-MatineeToLevelSequence.dll (API version 3944462).
LogModuleManager: Display: Found up-to-date module file ../../../Engine/Plugins/NetcodeUnitTest/NetcodeUnitTest/Binaries/Win64/UE4Editor-NetcodeUnitTest.dll (API version 3944462).
LogModuleManager: Display: Found up-to-date module file ../../../Engine/Plugins/NetcodeUnitTest/NUTUnrealEngine4/Binaries/Win64/UE4Editor-NUTUnrealEngine4.dll (API version 3944462).
LogModuleManager: Display: Found up-to-date module file ../../../Engine/Plugins/Online/OnlineSubsystem/Binaries/Win64/UE4Editor-OnlineSubsystem.dll (API version 3944462).
LogModuleManager: Display: Found up-to-date module file ../../../Engine/Plugins/Online/OnlineSubsystemNull/Binaries/Win64/UE4Editor-OnlineSubsystemNull.dll (API version 3944462).
LogModuleManager: Display: Found up-to-date module file ../../../Engine/Plugins/Online/OnlineSubsystemUtils/Binaries/Win64/UE4Editor-OnlineSubsystemUtils.dll (API version 3944462).
LogModuleManager: Display: Found up-to-date module file ../../../Engine/Plugins/Online/OnlineSubsystemUtils/Binaries/Win64/UE4Editor-OnlineBlueprintSupport.dll (API version 3944462).
LogModuleManager: Display: Found up-to-date module file ../../../Engine/Plugins/Runtime/AndroidDeviceProfileSelector/Binaries/Win64/UE4Editor-AndroidDeviceProfileSelector.dll (API version 3944462).
LogModuleManager: Display: Found up-to-date module file ../../../Engine/Plugins/Runtime/AndroidPermission/Binaries/Win64/UE4Editor-AndroidPermission.dll (API version 3944462).
LogModuleManager: Display: Found up-to-date module file ../../../Engine/Plugins/Runtime/AppleARKit/Binaries/Win64/UE4Editor-AppleARKit.dll (API version 3944462).
LogModuleManager: Display: Found up-to-date module file ../../../Engine/Plugins/Runtime/ArchVisCharacter/Binaries/Win64/UE4Editor-ArchVisCharacter.dll (API version 3944462).
LogModuleManager: Display: Found up-to-date module file ../../../Engine/Plugins/Runtime/AudioCapture/Binaries/Win64/UE4Editor-AudioCapture.dll (API version 3944462).
LogModuleManager: Display: Found up-to-date module file ../../../Engine/Plugins/Runtime/AudioCapture/Binaries/Win64/UE4Editor-AudioCaptureEditor.dll (API version 3944462).
LogModuleManager: Display: Found up-to-date module file ../../../Engine/Plugins/Runtime/CableComponent/Binaries/Win64/UE4Editor-CableComponent.dll (API version 3944462).
LogModuleManager: Display: Found up-to-date module file ../../../Engine/Plugins/Runtime/CustomMeshComponent/Binaries/Win64/UE4Editor-CustomMeshComponent.dll (API version 3944462).
LogModuleManager: Display: Found up-to-date module file ../../../Engine/Plugins/Runtime/ExampleDeviceProfileSelector/Binaries/Win64/UE4Editor-ExampleDeviceProfileSelector.dll (API version 3944462).
LogModuleManager: Display: Found up-to-date module file ../../../Engine/Plugins/Runtime/ImmediatePhysics/Binaries/Win64/UE4Editor-ImmediatePhysics.dll (API version 3944462).
LogModuleManager: Display: Found up-to-date module file ../../../Engine/Plugins/Runtime/ImmediatePhysics/Binaries/Win64/UE4Editor-ImmediatePhysicsEditor.dll (API version 3944462).
LogModuleManager: Display: Found up-to-date module file ../../../Engine/Plugins/Runtime/LocationServicesBPLibrary/Binaries/Win64/UE4Editor-LocationServicesBPLibrary.dll (API version 3944462).
LogModuleManager: Display: Found up-to-date module file ../../../Engine/Plugins/Runtime/MobilePatchingUtils/Binaries/Win64/UE4Editor-MobilePatchingUtils.dll (API version 3944462).
LogModuleManager: Display: Found up-to-date module file ../../../Engine/Plugins/Runtime/Oculus/OculusVR/Binaries/Win64/UE4Editor-OculusHMD.dll (API version 3944462).
LogModuleManager: Display: Found up-to-date module file ../../../Engine/Plugins/Runtime/Oculus/OculusVR/Binaries/Win64/UE4Editor-OculusInput.dll (API version 3944462).
LogModuleManager: Display: Found up-to-date module file ../../../Engine/Plugins/Runtime/Oculus/OculusVR/Binaries/Win64/UE4Editor-OculusEditor.dll (API version 3944462).
LogModuleManager: Display: Found up-to-date module file ../../../Engine/Plugins/Runtime/PhysXVehicles/Binaries/Win64/UE4Editor-PhysXVehicles.dll (API version 3944462).
LogModuleManager: Display: Found up-to-date module file ../../../Engine/Plugins/Runtime/PhysXVehicles/Binaries/Win64/UE4Editor-PhysXVehiclesEditor.dll (API version 3944462).
LogModuleManager: Display: Found up-to-date module file ../../../Engine/Plugins/Runtime/ProceduralMeshComponent/Binaries/Win64/UE4Editor-ProceduralMeshComponent.dll (API version 3944462).
LogModuleManager: Display: Found up-to-date module file ../../../Engine/Plugins/Runtime/ProceduralMeshComponent/Binaries/Win64/UE4Editor-ProceduralMeshComponentEditor.dll (API version 3944462).
LogModuleManager: Display: Found up-to-date module file ../../../Engine/Plugins/Runtime/RuntimePhysXCooking/Binaries/Win64/UE4Editor-RuntimePhysXCooking.dll (API version 3944462).
LogModuleManager: Display: Found up-to-date module file ../../../Engine/Plugins/Runtime/Steam/SteamVR/Binaries/Win64/UE4Editor-SteamVR.dll (API version 3944462).
LogModuleManager: Display: Found up-to-date module file ../../../Engine/Plugins/Runtime/Steam/SteamVR/Binaries/Win64/UE4Editor-SteamVRController.dll (API version 3944462).
LogModuleManager: Display: Found up-to-date module file ../../../Engine/Plugins/Runtime/WindowsMoviePlayer/Binaries/Win64/UE4Editor-WindowsMoviePlayer.dll (API version 3944462).
LogInit: Warning: Incompatible or missing module: UE4Editor-UnrealCPP.dll
Running D:/Epic Games/UE_4.19/Engine/Binaries/DotNET/UnrealBuildTool.exe UnrealCPP Development Win64 -project="D:/Unreal Projects/UnrealCPP/UnrealCPP.uproject" -editorrecompile -progress -NoHotReloadFromIDE
Using 'git status' to determine working set for adaptive non-unity build.
Creating makefile for UnrealCPP (Build.version is newer)
@progress push 5%
@progress pop
[Adaptive unity build] Disabling PCH for excluded files. Set bAdaptiveUnityDisablesPCH to false in BuildConfiguration.xml to change this behavior.
[Adaptive unity build] Excluded from UnrealCPP unity file: CampFire.cpp, UnrealCPPCharacter.cpp
[Adaptive unity build] Excluded from UnrealCPP.gen unity file: UnrealCPP.init.gen.cpp, UnrealCPPCharacter.gen.cpp
Deleting old hot reload file: "D:\Unreal Projects\UnrealCPP\Binaries\Win64\UE4Editor-UnrealCPP-1382.dll".
Deleting old hot reload file: "D:\Unreal Projects\UnrealCPP\Binaries\Win64\UE4Editor-UnrealCPP-1382.pdb".
Deleting old hot reload file: "D:\Unreal Projects\UnrealCPP\Binaries\Win64\UE4Editor-UnrealCPP-1791.dll".
Deleting old hot reload file: "D:\Unreal Projects\UnrealCPP\Binaries\Win64\UE4Editor-UnrealCPP-1791.pdb".
Deleting old hot reload file: "D:\Unreal Projects\UnrealCPP\Binaries\Win64\UE4Editor-UnrealCPP-2565.dll".
Deleting old hot reload file: "D:\Unreal Projects\UnrealCPP\Binaries\Win64\UE4Editor-UnrealCPP-2565.pdb".
Deleting old hot reload file: "D:\Unreal Projects\UnrealCPP\Binaries\Win64\UE4Editor-UnrealCPP-2810.dll".
Deleting old hot reload file: "D:\Unreal Projects\UnrealCPP\Binaries\Win64\UE4Editor-UnrealCPP-2810.pdb".
Deleting old hot reload file: "D:\Unreal Projects\UnrealCPP\Binaries\Win64\UE4Editor-UnrealCPP-311.dll".
Deleting old hot reload file: "D:\Unreal Projects\UnrealCPP\Binaries\Win64\UE4Editor-UnrealCPP-311.pdb".
Deleting old hot reload file: "D:\Unreal Projects\UnrealCPP\Binaries\Win64\UE4Editor-UnrealCPP-3388.dll".
Deleting old hot reload file: "D:\Unreal Projects\UnrealCPP\Binaries\Win64\UE4Editor-UnrealCPP-3388.pdb".
Deleting old hot reload file: "D:\Unreal Projects\UnrealCPP\Binaries\Win64\UE4Editor-UnrealCPP-4878.dll".
Deleting old hot reload file: "D:\Unreal Projects\UnrealCPP\Binaries\Win64\UE4Editor-UnrealCPP-4878.pdb".
Deleting old hot reload file: "D:\Unreal Projects\UnrealCPP\Binaries\Win64\UE4Editor-UnrealCPP-5143.dll".
Deleting old hot reload file: "D:\Unreal Projects\UnrealCPP\Binaries\Win64\UE4Editor-UnrealCPP-5143.pdb".
Deleting old hot reload file: "D:\Unreal Projects\UnrealCPP\Binaries\Win64\UE4Editor-UnrealCPP-6983.dll".
Deleting old hot reload file: "D:\Unreal Projects\UnrealCPP\Binaries\Win64\UE4Editor-UnrealCPP-6983.pdb".
Deleting old hot reload file: "D:\Unreal Projects\UnrealCPP\Binaries\Win64\UE4Editor-UnrealCPP-7215.dll".
Deleting old hot reload file: "D:\Unreal Projects\UnrealCPP\Binaries\Win64\UE4Editor-UnrealCPP-7215.pdb".
Deleting old hot reload file: "D:\Unreal Projects\UnrealCPP\Binaries\Win64\UE4Editor-UnrealCPP-7328.dll".
Deleting old hot reload file: "D:\Unreal Projects\UnrealCPP\Binaries\Win64\UE4Editor-UnrealCPP-7328.pdb".
Deleting old hot reload file: "D:\Unreal Projects\UnrealCPP\Binaries\Win64\UE4Editor-UnrealCPP-749.dll".
Deleting old hot reload file: "D:\Unreal Projects\UnrealCPP\Binaries\Win64\UE4Editor-UnrealCPP-749.pdb".
Deleting old hot reload file: "D:\Unreal Projects\UnrealCPP\Binaries\Win64\UE4Editor-UnrealCPP-8846.dll".
Deleting old hot reload file: "D:\Unreal Projects\UnrealCPP\Binaries\Win64\UE4Editor-UnrealCPP-8846.pdb".
Performing 2 actions (4 in parallel)
[1/2] Link UE4Editor-UnrealCPP.dll
[2/2] Link UE4Editor-UnrealCPP.lib
   Creating library D:\Unreal Projects\UnrealCPP\Intermediate\Build\Win64\UE4Editor\Development\UE4Editor-UnrealCPP.lib and object D:\Unreal Projects\UnrealCPP\Intermediate\Build\Win64\UE4Editor\Development\UE4Editor-UnrealCPP.exp
   Creating library D:\Unreal Projects\UnrealCPP\Intermediate\Build\Win64\UE4Editor\Development\UE4Editor-UnrealCPP.suppressed.lib and object D:\Unreal Projects\UnrealCPP\Intermediate\Build\Win64\UE4Editor\Development\UE4Editor-UnrealCPP.suppressed.exp
Total build time: 5.99 seconds (Local executor: 1.01 seconds)
LogModuleManager: Display: Found up-to-date module file ../../../../../Unreal Projects/UnrealCPP/Binaries/Win64/UE4Editor-UnrealCPP.dll (API version 3944462).
LogModuleManager: Display: Found up-to-date module file ../../../Engine/Plugins/2D/Paper2D/Binaries/Win64/UE4Editor-Paper2D.dll (API version 3944462).
LogModuleManager: Display: Found up-to-date module file ../../../Engine/Plugins/2D/Paper2D/Binaries/Win64/UE4Editor-Paper2DEditor.dll (API version 3944462).
LogModuleManager: Display: Found up-to-date module file ../../../Engine/Plugins/2D/Paper2D/Binaries/Win64/UE4Editor-PaperSpriteSheetImporter.dll (API version 3944462).
LogModuleManager: Display: Found up-to-date module file ../../../Engine/Plugins/2D/Paper2D/Binaries/Win64/UE4Editor-PaperTiledImporter.dll (API version 3944462).
LogModuleManager: Display: Found up-to-date module file ../../../Engine/Plugins/2D/Paper2D/Binaries/Win64/UE4Editor-SmartSnapping.dll (API version 3944462).
LogModuleManager: Display: Found up-to-date module file ../../../Engine/Plugins/Animation/LiveLink/Binaries/Win64/UE4Editor-LiveLink.dll (API version 3944462).
LogModuleManager: Display: Found up-to-date module file ../../../Engine/Plugins/Animation/LiveLink/Binaries/Win64/UE4Editor-LiveLinkEditor.dll (API version 3944462).
LogModuleManager: Display: Found up-to-date module file ../../../Engine/Plugins/Blendables/LightPropagationVolume/Binaries/Win64/UE4Editor-LightPropagationVolumeRuntime.dll (API version 3944462).
LogModuleManager: Display: Found up-to-date module file ../../../Engine/Plugins/Blendables/LightPropagationVolume/Binaries/Win64/UE4Editor-LightPropagationVolumeEditor.dll (API version 3944462).
LogModuleManager: Display: Found up-to-date module file ../../../Engine/Plugins/Developer/CLionSourceCodeAccess/Binaries/Win64/UE4Editor-CLionSourceCodeAccess.dll (API version 3944462).
LogModuleManager: Display: Found up-to-date module file ../../../Engine/Plugins/Developer/GitSourceControl/Binaries/Win64/UE4Editor-GitSourceControl.dll (API version 3944462).
LogModuleManager: Display: Found up-to-date module file ../../../Engine/Plugins/Developer/PerforceSourceControl/Binaries/Win64/UE4Editor-PerforceSourceControl.dll (API version 3944462).
LogModuleManager: Display: Found up-to-date module file ../../../Engine/Plugins/Developer/SubversionSourceControl/Binaries/Win64/UE4Editor-SubversionSourceControl.dll (API version 3944462).
LogModuleManager: Display: Found up-to-date module file ../../../Engine/Plugins/Developer/UObjectPlugin/Binaries/Win64/UE4Editor-UObjectPlugin.dll (API version 3944462).
LogModuleManager: Display: Found up-to-date module file ../../../Engine/Plugins/Developer/VisualStudioCodeSourceCodeAccess/Binaries/Win64/UE4Editor-VisualStudioCodeSourceCodeAccess.dll (API version 3944462).
LogModuleManager: Display: Found up-to-date module file ../../../Engine/Plugins/Developer/VisualStudioSourceCodeAccess/Binaries/Win64/UE4Editor-VisualStudioSourceCodeAccess.dll (API version 3944462).
LogModuleManager: Display: Found up-to-date module file ../../../Engine/Plugins/Editor/AssetManagerEditor/Binaries/Win64/UE4Editor-AssetManagerEditor.dll (API version 3944462).
LogModuleManager: Display: Found up-to-date module file ../../../Engine/Plugins/Editor/CryptoKeys/Binaries/Win64/UE4Editor-CryptoKeys.dll (API version 3944462).
LogModuleManager: Display: Found up-to-date module file ../../../Engine/Plugins/Editor/CryptoKeys/Binaries/Win64/UE4Editor-CryptoKeysOpenSSL.dll (API version 3944462).
LogModuleManager: Display: Found up-to-date module file ../../../Engine/Plugins/Editor/DataValidation/Binaries/Win64/UE4Editor-DataValidation.dll (API version 3944462).
LogModuleManager: Display: Found up-to-date module file ../../../Engine/Plugins/Editor/FacialAnimation/Binaries/Win64/UE4Editor-FacialAnimation.dll (API version 3944462).
LogModuleManager: Display: Found up-to-date module file ../../../Engine/Plugins/Editor/FacialAnimation/Binaries/Win64/UE4Editor-FacialAnimationEditor.dll (API version 3944462).
LogModuleManager: Display: Found up-to-date module file ../../../Engine/Plugins/Editor/GameplayTagsEditor/Binaries/Win64/UE4Editor-GameplayTagsEditor.dll (API version 3944462).
LogModuleManager: Display: Found up-to-date module file ../../../Engine/Plugins/Editor/MobileLauncherProfileWizard/Binaries/Win64/UE4Editor-MobileLauncherProfileWizard.dll (API version 3944462).
LogModuleManager: Display: Found up-to-date module file ../../../Engine/Plugins/Editor/PluginBrowser/Binaries/Win64/UE4Editor-PluginBrowser.dll (API version 3944462).
LogModuleManager: Display: Found up-to-date module file ../../../Engine/Plugins/Editor/SpeedTreeImporter/Binaries/Win64/UE4Editor-SpeedTreeImporter.dll (API version 3944462).
LogModuleManager: Display: Found up-to-date module file ../../../Engine/Plugins/Enterprise/DatasmithContent/Binaries/Win64/UE4Editor-DatasmithContent.dll (API version 3944462).
LogModuleManager: Display: Found up-to-date module file ../../../Engine/Plugins/Experimental/AlembicImporter/Binaries/Win64/UE4Editor-AlembicImporter.dll (API version 3944462).
LogModuleManager: Display: Found up-to-date module file ../../../Engine/Plugins/Experimental/AlembicImporter/Binaries/Win64/UE4Editor-AlembicLibrary.dll (API version 3944462).
LogModuleManager: Display: Found up-to-date module file ../../../Engine/Plugins/Experimental/CharacterAI/Binaries/Win64/UE4Editor-CharacterAI.dll (API version 3944462).
LogModuleManager: Display: Found up-to-date module file ../../../Engine/Plugins/Experimental/HTML5Networking/Binaries/Win64/UE4Editor-HTML5Networking.dll (API version 3944462).
LogModuleManager: Display: Found up-to-date module file ../../../Engine/Plugins/Media/AndroidMedia/Binaries/Win64/UE4Editor-AndroidMediaEditor.dll (API version 3944462).
LogModuleManager: Display: Found up-to-date module file ../../../Engine/Plugins/Media/AndroidMedia/Binaries/Win64/UE4Editor-AndroidMediaFactory.dll (API version 3944462).
LogModuleManager: Display: Found up-to-date module file ../../../Engine/Plugins/Media/AvfMedia/Binaries/Win64/UE4Editor-AvfMediaEditor.dll (API version 3944462).
LogModuleManager: Display: Found up-to-date module file ../../../Engine/Plugins/Media/AvfMedia/Binaries/Win64/UE4Editor-AvfMediaFactory.dll (API version 3944462).
LogModuleManager: Display: Found up-to-date module file ../../../Engine/Plugins/Media/AvfMedia/Binaries/Win64/UE4Editor-AvfMediaFactory.dll (API version 3944462).
LogModuleManager: Display: Found up-to-date module file ../../../Engine/Plugins/Media/ImgMedia/Binaries/Win64/UE4Editor-ImgMedia.dll (API version 3944462).
LogModuleManager: Display: Found up-to-date module file ../../../Engine/Plugins/Media/ImgMedia/Binaries/Win64/UE4Editor-ImgMediaEditor.dll (API version 3944462).
LogModuleManager: Display: Found up-to-date module file ../../../Engine/Plugins/Media/ImgMedia/Binaries/Win64/UE4Editor-ImgMediaFactory.dll (API version 3944462).
LogModuleManager: Display: Found up-to-date module file ../../../Engine/Plugins/Media/ImgMedia/Binaries/Win64/UE4Editor-ImgMediaFactory.dll (API version 3944462).
LogModuleManager: Display: Found up-to-date module file ../../../Engine/Plugins/Media/ImgMedia/Binaries/Win64/UE4Editor-OpenExrWrapper.dll (API version 3944462).
LogModuleManager: Display: Found up-to-date module file ../../../Engine/Plugins/Media/LinearTimecode/Binaries/Win64/UE4Editor-LinearTimecode.dll (API version 3944462).
LogModuleManager: Display: Found up-to-date module file ../../../Engine/Plugins/Media/MediaCompositing/Binaries/Win64/UE4Editor-MediaCompositing.dll (API version 3944462).
LogModuleManager: Display: Found up-to-date module file ../../../Engine/Plugins/Media/MediaCompositing/Binaries/Win64/UE4Editor-MediaCompositingEditor.dll (API version 3944462).
LogModuleManager: Display: Found up-to-date module file ../../../Engine/Plugins/Media/MediaPlayerEditor/Binaries/Win64/UE4Editor-MediaPlayerEditor.dll (API version 3944462).
LogModuleManager: Display: Found up-to-date module file ../../../Engine/Plugins/Media/WmfMedia/Binaries/Win64/UE4Editor-WmfMedia.dll (API version 3944462).
LogModuleManager: Display: Found up-to-date module file ../../../Engine/Plugins/Media/WmfMedia/Binaries/Win64/UE4Editor-WmfMediaEditor.dll (API version 3944462).
LogModuleManager: Display: Found up-to-date module file ../../../Engine/Plugins/Media/WmfMedia/Binaries/Win64/UE4Editor-WmfMediaFactory.dll (API version 3944462).
LogModuleManager: Display: Found up-to-date module file ../../../Engine/Plugins/Media/WmfMedia/Binaries/Win64/UE4Editor-WmfMediaFactory.dll (API version 3944462).
LogModuleManager: Display: Found up-to-date module file ../../../Engine/Plugins/Messaging/TcpMessaging/Binaries/Win64/UE4Editor-TcpMessaging.dll (API version 3944462).
LogModuleManager: Display: Found up-to-date module file ../../../Engine/Plugins/Messaging/UdpMessaging/Binaries/Win64/UE4Editor-UdpMessaging.dll (API version 3944462).
LogModuleManager: Display: Found up-to-date module file ../../../Engine/Plugins/MovieScene/ActorSequence/Binaries/Win64/UE4Editor-ActorSequence.dll (API version 3944462).
LogModuleManager: Display: Found up-to-date module file ../../../Engine/Plugins/MovieScene/LevelSequenceEditor/Binaries/Win64/UE4Editor-LevelSequenceEditor.dll (API version 3944462).
LogModuleManager: Display: Found up-to-date module file ../../../Engine/Plugins/MovieScene/MatineeToLevelSequence/Binaries/Win64/UE4Editor-MatineeToLevelSequence.dll (API version 3944462).
LogModuleManager: Display: Found up-to-date module file ../../../Engine/Plugins/NetcodeUnitTest/NetcodeUnitTest/Binaries/Win64/UE4Editor-NetcodeUnitTest.dll (API version 3944462).
LogModuleManager: Display: Found up-to-date module file ../../../Engine/Plugins/NetcodeUnitTest/NUTUnrealEngine4/Binaries/Win64/UE4Editor-NUTUnrealEngine4.dll (API version 3944462).
LogModuleManager: Display: Found up-to-date module file ../../../Engine/Plugins/Online/OnlineSubsystem/Binaries/Win64/UE4Editor-OnlineSubsystem.dll (API version 3944462).
LogModuleManager: Display: Found up-to-date module file ../../../Engine/Plugins/Online/OnlineSubsystemNull/Binaries/Win64/UE4Editor-OnlineSubsystemNull.dll (API version 3944462).
LogModuleManager: Display: Found up-to-date module file ../../../Engine/Plugins/Online/OnlineSubsystemUtils/Binaries/Win64/UE4Editor-OnlineSubsystemUtils.dll (API version 3944462).
LogModuleManager: Display: Found up-to-date module file ../../../Engine/Plugins/Online/OnlineSubsystemUtils/Binaries/Win64/UE4Editor-OnlineBlueprintSupport.dll (API version 3944462).
LogModuleManager: Display: Found up-to-date module file ../../../Engine/Plugins/Runtime/AndroidDeviceProfileSelector/Binaries/Win64/UE4Editor-AndroidDeviceProfileSelector.dll (API version 3944462).
LogModuleManager: Display: Found up-to-date module file ../../../Engine/Plugins/Runtime/AndroidPermission/Binaries/Win64/UE4Editor-AndroidPermission.dll (API version 3944462).
LogModuleManager: Display: Found up-to-date module file ../../../Engine/Plugins/Runtime/AppleARKit/Binaries/Win64/UE4Editor-AppleARKit.dll (API version 3944462).
LogModuleManager: Display: Found up-to-date module file ../../../Engine/Plugins/Runtime/ArchVisCharacter/Binaries/Win64/UE4Editor-ArchVisCharacter.dll (API version 3944462).
LogModuleManager: Display: Found up-to-date module file ../../../Engine/Plugins/Runtime/AudioCapture/Binaries/Win64/UE4Editor-AudioCapture.dll (API version 3944462).
LogModuleManager: Display: Found up-to-date module file ../../../Engine/Plugins/Runtime/AudioCapture/Binaries/Win64/UE4Editor-AudioCaptureEditor.dll (API version 3944462).
LogModuleManager: Display: Found up-to-date module file ../../../Engine/Plugins/Runtime/CableComponent/Binaries/Win64/UE4Editor-CableComponent.dll (API version 3944462).
LogModuleManager: Display: Found up-to-date module file ../../../Engine/Plugins/Runtime/CustomMeshComponent/Binaries/Win64/UE4Editor-CustomMeshComponent.dll (API version 3944462).
LogModuleManager: Display: Found up-to-date module file ../../../Engine/Plugins/Runtime/ExampleDeviceProfileSelector/Binaries/Win64/UE4Editor-ExampleDeviceProfileSelector.dll (API version 3944462).
LogModuleManager: Display: Found up-to-date module file ../../../Engine/Plugins/Runtime/ImmediatePhysics/Binaries/Win64/UE4Editor-ImmediatePhysics.dll (API version 3944462).
LogModuleManager: Display: Found up-to-date module file ../../../Engine/Plugins/Runtime/ImmediatePhysics/Binaries/Win64/UE4Editor-ImmediatePhysicsEditor.dll (API version 3944462).
LogModuleManager: Display: Found up-to-date module file ../../../Engine/Plugins/Runtime/LocationServicesBPLibrary/Binaries/Win64/UE4Editor-LocationServicesBPLibrary.dll (API version 3944462).
LogModuleManager: Display: Found up-to-date module file ../../../Engine/Plugins/Runtime/MobilePatchingUtils/Binaries/Win64/UE4Editor-MobilePatchingUtils.dll (API version 3944462).
LogModuleManager: Display: Found up-to-date module file ../../../Engine/Plugins/Runtime/Oculus/OculusVR/Binaries/Win64/UE4Editor-OculusHMD.dll (API version 3944462).
LogModuleManager: Display: Found up-to-date module file ../../../Engine/Plugins/Runtime/Oculus/OculusVR/Binaries/Win64/UE4Editor-OculusInput.dll (API version 3944462).
LogModuleManager: Display: Found up-to-date module file ../../../Engine/Plugins/Runtime/Oculus/OculusVR/Binaries/Win64/UE4Editor-OculusEditor.dll (API version 3944462).
LogModuleManager: Display: Found up-to-date module file ../../../Engine/Plugins/Runtime/PhysXVehicles/Binaries/Win64/UE4Editor-PhysXVehicles.dll (API version 3944462).
LogModuleManager: Display: Found up-to-date module file ../../../Engine/Plugins/Runtime/PhysXVehicles/Binaries/Win64/UE4Editor-PhysXVehiclesEditor.dll (API version 3944462).
LogModuleManager: Display: Found up-to-date module file ../../../Engine/Plugins/Runtime/ProceduralMeshComponent/Binaries/Win64/UE4Editor-ProceduralMeshComponent.dll (API version 3944462).
LogModuleManager: Display: Found up-to-date module file ../../../Engine/Plugins/Runtime/ProceduralMeshComponent/Binaries/Win64/UE4Editor-ProceduralMeshComponentEditor.dll (API version 3944462).
LogModuleManager: Display: Found up-to-date module file ../../../Engine/Plugins/Runtime/RuntimePhysXCooking/Binaries/Win64/UE4Editor-RuntimePhysXCooking.dll (API version 3944462).
LogModuleManager: Display: Found up-to-date module file ../../../Engine/Plugins/Runtime/Steam/SteamVR/Binaries/Win64/UE4Editor-SteamVR.dll (API version 3944462).
LogModuleManager: Display: Found up-to-date module file ../../../Engine/Plugins/Runtime/Steam/SteamVR/Binaries/Win64/UE4Editor-SteamVRController.dll (API version 3944462).
LogModuleManager: Display: Found up-to-date module file ../../../Engine/Plugins/Runtime/WindowsMoviePlayer/Binaries/Win64/UE4Editor-WindowsMoviePlayer.dll (API version 3944462).
LogInit: Using libcurl 7.47.1
LogInit:  - built for x86_64-pc-win32
LogInit:  - supports SSL with OpenSSL/1.0.2g
LogInit:  - supports HTTP deflate (compression) using libz 1.2.8
LogInit:  - other features:
LogInit:      CURL_VERSION_SSL
LogInit:      CURL_VERSION_LIBZ
LogInit:      CURL_VERSION_IPV6
LogInit:      CURL_VERSION_ASYNCHDNS
LogInit:      CURL_VERSION_LARGEFILE
LogInit:      CURL_VERSION_IDN
LogInit:  CurlRequestOptions (configurable via config and command line):
LogInit:  - bVerifyPeer = false  - Libcurl will NOT verify peer certificate
LogInit:  - bUseHttpProxy = false  - Libcurl will NOT use HTTP proxy
LogInit:  - bDontReuseConnections = false  - Libcurl will reuse connections
LogInit:  - CertBundlePath = nullptr  - Libcurl will use whatever was configured at build time.
LogInit:  - MaxHostConnections = 16  - Libcurl will limit the number of connections to a host
LogInit:  - LocalHostAddr = Default
LogInit: WinSock: version 1.1 (2.2), MaxSocks=32767, MaxUdp=65467
LogInit: WinSock: I am HarryPC (192.168.0.8:0)
LogInit: Build: ++UE4+Release-4.19-CL-4033788
LogInit: Engine Version: 4.19.2-4033788+++UE4+Release-4.19
LogInit: Compatible Engine Version: 4.19.0-3944462+++UE4+Release-4.19
LogInit: Net CL: 3944462
LogDevObjectVersion: Number of dev versions registered: 18
LogDevObjectVersion:   Dev-Blueprints (B0D832E4-1F89-4F0D-ACCF-7EB736FD4AA2): 10
LogDevObjectVersion:   Dev-Build (E1C64328-A22C-4D53-A36C-8E866417BD8C): 0
LogDevObjectVersion:   Dev-Core (375EC13C-06E4-48FB-B500-84F0262A717E): 2
LogDevObjectVersion:   Dev-Editor (E4B068ED-F494-42E9-A231-DA0B2E46BB41): 23
LogDevObjectVersion:   Dev-Framework (CFFC743F-43B0-4480-9391-14DF171D2073): 33
LogDevObjectVersion:   Dev-Mobile (B02B49B5-BB20-44E9-A304-32B752E40360): 2
LogDevObjectVersion:   Dev-Networking (A4E4105C-59A1-49B5-A7C5-40C4547EDFEE): 0
LogDevObjectVersion:   Dev-Online (39C831C9-5AE6-47DC-9A44-9C173E1C8E7C): 0
LogDevObjectVersion:   Dev-Physics (78F01B33-EBEA-4F98-B9B4-84EACCB95AA2): 0
LogDevObjectVersion:   Dev-Platform (6631380F-2D4D-43E0-8009-CF276956A95A): 0
LogDevObjectVersion:   Dev-Rendering (12F88B9F-8875-4AFC-A67C-D90C383ABD29): 25
LogDevObjectVersion:   Dev-Sequencer (7B5AE74C-D270-4C10-A958-57980B212A5A): 6
LogDevObjectVersion:   Dev-VR (D7296918-1DD6-4BDD-9DE2-64A83CC13884): 1
LogDevObjectVersion:   Dev-LoadTimes (C2A15278-BFE7-4AFE-6C17-90FF531DF755): 1
LogDevObjectVersion:   Private-Geometry (6EACA3D4-40EC-4CC1-B786-8BED09428FC5): 2
LogDevObjectVersion:   Dev-AnimPhys (29E575DD-E0A3-4627-9D10-D276232CDCEA): 16
LogDevObjectVersion:   Dev-ReflectionCapture (6B266CEC-1EC7-4B8F-A30B-E4D90942FC07): 1
LogDevObjectVersion:   Dev-Automation (0DF73D61-A23F-47EA-B727-89E90C41499A): 1
LogInit: Compiled (64-bit): Apr 27 2018 02:06:57
LogInit: Compiled with Visual C++: 19.00.24215.01
LogInit: Build Configuration: Development
LogInit: Branch Name: ++UE4+Release-4.19
LogInit: Command Line:  
LogInit: Base Directory: D:/Epic Games/UE_4.19/Engine/Binaries/Win64/
LogInit: Installed Engine Build: 1
LogStreaming: Display: Took  0.002s to delete old logs.
LogInit: Presizing for max 8388607 objects, including 0 objects not considered by GC, pre-allocating 0 bytes for permanent pool.
LogInit: Object subsystem initialized
[2018.05.02-09.20.29:525][  0]LogInit: Selected Device Profile: [Windows]
[2018.05.02-09.20.29:525][  0]LogInit: Applying CVar settings loaded from the selected device profile: [Windows]
[2018.05.02-09.20.29:538][  0]LogInit: Computer: HARRYPC
[2018.05.02-09.20.29:538][  0]LogInit: User: Harrison
[2018.05.02-09.20.29:538][  0]LogInit: CPU Page size=4096, Cores=4
[2018.05.02-09.20.29:538][  0]LogInit: High frequency timer resolution =3.514607 MHz
[2018.05.02-09.20.29:539][  0]LogMemory: Memory total: Physical=16.0GB (16GB approx)
[2018.05.02-09.20.29:539][  0]LogMemory: Platform Memory Stats for Windows
[2018.05.02-09.20.29:539][  0]LogMemory: Process Physical Memory: 279.05 MB used, 279.05 MB peak
[2018.05.02-09.20.29:539][  0]LogMemory: Process Virtual Memory: 265.26 MB used, 265.26 MB peak
[2018.05.02-09.20.29:539][  0]LogMemory: Physical Memory: 5779.87 MB used,  10561.12 MB free, 16340.99 MB total
[2018.05.02-09.20.29:539][  0]LogMemory: Virtual Memory: 740.57 MB used,  10561.12 MB free, 134217728.00 MB total
[2018.05.02-09.20.29:555][  0]LogInit: Using OS detected language (en-US).
[2018.05.02-09.20.29:555][  0]LogInit: Using OS detected locale (en-US).
[2018.05.02-09.20.29:559][  0]LogTextLocalizationManager: No specific localization for 'en-US' exists, so the 'en' localization will be used.
[2018.05.02-09.20.29:937][  0]LogStreaming: Display: Took  0.382s to EndInitTextLocalization.
[2018.05.02-09.20.29:937][  0]LogInit: Setting process to per monitor DPI aware
[2018.05.02-09.20.29:959][  0]LogSlate: New Slate User Created.  User Index 0, Is Virtual User: 0
[2018.05.02-09.20.29:959][  0]LogSlate: Slate User Registered.  User Index 0, Is Virtual User: 0
[2018.05.02-09.20.30:210][  0]LogD3D11RHI: D3D11 adapters:
[2018.05.02-09.20.30:248][  0]LogD3D11RHI:    0. 'NVIDIA GeForce GTX 970' (Feature Level 11_0)
[2018.05.02-09.20.30:248][  0]LogD3D11RHI:       4043/0/8170 MB DedicatedVideo/DedicatedSystem/SharedSystem, Outputs:1, VendorId:0x10de
[2018.05.02-09.20.30:250][  0]LogD3D11RHI:    1. 'Microsoft Basic Render Driver' (Feature Level 11_0)
[2018.05.02-09.20.30:250][  0]LogD3D11RHI:       0/0/8170 MB DedicatedVideo/DedicatedSystem/SharedSystem, Outputs:0, VendorId:0x1414
[2018.05.02-09.20.30:250][  0]LogD3D11RHI: Chosen D3D11 Adapter: 0
[2018.05.02-09.20.30:255][  0]LogD3D11RHI: Creating new Direct3DDevice
[2018.05.02-09.20.30:255][  0]LogD3D11RHI:     GPU DeviceId: 0x13c2 (for the marketing name, search the web for "GPU Device Id")
[2018.05.02-09.20.30:255][  0]LogWindows: EnumDisplayDevices:
[2018.05.02-09.20.30:255][  0]LogWindows:    0. 'NVIDIA GeForce GTX 970' (P:1 D:1)
[2018.05.02-09.20.30:255][  0]LogWindows:    1. 'NVIDIA GeForce GTX 970' (P:0 D:0)
[2018.05.02-09.20.30:255][  0]LogWindows:    2. 'NVIDIA GeForce GTX 970' (P:0 D:0)
[2018.05.02-09.20.30:255][  0]LogWindows:    3. 'NVIDIA GeForce GTX 970' (P:0 D:0)
[2018.05.02-09.20.30:256][  0]LogWindows: DebugString: GetVideoDriverDetailsInvalid PrimaryIsNotTheChoosenAdapter GetVideoDriverDetailsInvalid PrimaryIsNotTheChoosenAdapter GetVideoDriverDetailsInvalid PrimaryIsNotTheChoosenAdapter GetVideoDriverDetailsInvalid PrimaryIsNotTheChoosenAdapter FoundDriverCount:0 
[2018.05.02-09.20.30:256][  0]LogD3D11RHI:     Adapter Name: NVIDIA GeForce GTX 970
[2018.05.02-09.20.30:256][  0]LogD3D11RHI:   Driver Version: Unknown (internal:Unknown, unified:Unknown)
[2018.05.02-09.20.30:256][  0]LogD3D11RHI:      Driver Date: Unknown
[2018.05.02-09.20.30:256][  0]LogRHI: Texture pool is 2830 MB (70% of 4043 MB)
[2018.05.02-09.20.30:278][  0]LogD3D11RHI: [Aftermath] Aftermath enabled and primed
[2018.05.02-09.20.30:278][  0]LogD3D11RHI: [Aftermath] Aftermath enabled and primed
[2018.05.02-09.20.30:278][  0]LogD3D11RHI: Async texture creation enabled
[2018.05.02-09.20.30:295][  0]LogD3D11RHI: GPU Timing Frequency: 1000.000000 (Debug: 2 2)
[2018.05.02-09.20.30:344][  0]LogShaderCompilers: Guid format shader working directory is 9 characters bigger than the processId version (../../../../../Unreal Projects/UnrealCPP/Intermediate/Shaders/WorkingDirectory/3752/).
[2018.05.02-09.20.30:344][  0]LogShaderCompilers: Cleaned the shader compiler working directory 'C:/Users/Harrison/AppData/Local/Temp/UnrealShaderWorkingDir/0B94B2924356763E8A9B24AAC9641092/'.
[2018.05.02-09.20.30:551][  0]LogTemp: Display: Loaded TP AllDesktopTargetPlatform
[2018.05.02-09.20.30:563][  0]LogTemp: Display: Loaded TP MacClientTargetPlatform
[2018.05.02-09.20.30:575][  0]LogTemp: Display: Loaded TP MacNoEditorTargetPlatform
[2018.05.02-09.20.30:586][  0]LogTemp: Display: Loaded TP MacServerTargetPlatform
[2018.05.02-09.20.30:598][  0]LogTemp: Display: Loaded TP MacTargetPlatform
[2018.05.02-09.20.30:610][  0]LogTemp: Display: Loaded TP WindowsClientTargetPlatform
[2018.05.02-09.20.30:621][  0]LogTemp: Display: Loaded TP WindowsNoEditorTargetPlatform
[2018.05.02-09.20.30:633][  0]LogTemp: Display: Loaded TP WindowsServerTargetPlatform
[2018.05.02-09.20.30:639][  0]LogTemp: Display: Loaded TP WindowsTargetPlatform
[2018.05.02-09.20.30:650][  0]LogTemp: Display: Loaded TP Android_ASTCTargetPlatform
[2018.05.02-09.20.30:661][  0]LogTemp: Display: Loaded TP Android_ATCTargetPlatform
[2018.05.02-09.20.30:672][  0]LogTemp: Display: Loaded TP Android_DXTTargetPlatform
[2018.05.02-09.20.30:683][  0]LogTemp: Display: Loaded TP Android_ETC1aTargetPlatform
[2018.05.02-09.20.30:694][  0]LogTemp: Display: Loaded TP Android_ETC1TargetPlatform
[2018.05.02-09.20.30:705][  0]LogTemp: Display: Loaded TP Android_ETC2TargetPlatform
[2018.05.02-09.20.30:726][  0]LogTemp: Display: Loaded TP Android_MultiTargetPlatform
[2018.05.02-09.20.30:726][  0]LogTemp: Display: Loaded TP Android_PVRTCTargetPlatform
[2018.05.02-09.20.30:737][  0]LogTemp: Display: Loaded TP AndroidTargetPlatform
[2018.05.02-09.20.30:738][  0]LogTemp: Display: Loaded TP HTML5TargetPlatform
[2018.05.02-09.20.30:773][  0]LogTemp: Display: Loaded TP IOSTargetPlatform
[2018.05.02-09.20.30:783][  0]LogTemp: Display: Loaded TP TVOSTargetPlatform
[2018.05.02-09.20.30:794][  0]LogTemp: Display: Loaded TP LinuxClientTargetPlatform
[2018.05.02-09.20.30:805][  0]LogTemp: Display: Loaded TP LinuxNoEditorTargetPlatform
[2018.05.02-09.20.30:816][  0]LogTemp: Display: Loaded TP LinuxServerTargetPlatform
[2018.05.02-09.20.30:828][  0]LogTemp: Display: Loaded TP LinuxTargetPlatform
[2018.05.02-09.20.30:828][  0]LogTargetPlatformManager: Display: Building Assets For Windows
[2018.05.02-09.20.30:926][  0]LogXGEController: Cannot use XGE Controller as Incredibuild is not installed on this machine.
[2018.05.02-09.20.30:926][  0]LogShaderCompilers: Cannot use XGE Shader Compiler as Incredibuild is not installed on this machine.
[2018.05.02-09.20.30:926][  0]LogShaderCompilers: Display: Using Local Shader Compiler.
[2018.05.02-09.20.31:554][  0]LogDerivedDataCache: Display: Max Cache Size: 512 MB
[2018.05.02-09.20.31:616][  0]LogDerivedDataCache: Loaded boot cache 0.06s 79MB C:/Users/Harrison/AppData/Local/UnrealEngine/4.19/DerivedDataCache/Boot.ddc.
[2018.05.02-09.20.31:617][  0]LogDerivedDataCache: Display: Loaded Boot cache: C:/Users/Harrison/AppData/Local/UnrealEngine/4.19/DerivedDataCache/Boot.ddc
[2018.05.02-09.20.31:617][  0]LogDerivedDataCache: FDerivedDataBackendGraph:  Pak pak cache file ../../../../../Unreal Projects/UnrealCPP/DerivedDataCache/DDC.ddp not found, will not use a pak cache.
[2018.05.02-09.20.31:617][  0]LogDerivedDataCache: Unable to find inner node Pak for hierarchical cache Hierarchy.
[2018.05.02-09.20.31:617][  0]LogDerivedDataCache: FDerivedDataBackendGraph:  CompressedPak pak cache file ../../../../../Unreal Projects/UnrealCPP/DerivedDataCache/Compressed.ddp not found, will not use a pak cache.
[2018.05.02-09.20.31:617][  0]LogDerivedDataCache: Unable to find inner node CompressedPak for hierarchical cache Hierarchy.
[2018.05.02-09.20.31:631][  0]LogDerivedDataCache: Display: Pak cache opened for reading ../../../Engine/DerivedDataCache/Compressed.ddp.
[2018.05.02-09.20.31:643][  0]LogDerivedDataCache: Using Local data cache path C:/Users/Harrison/AppData/Local/UnrealEngine/Common/DerivedDataCache: Writable
[2018.05.02-09.20.31:643][  0]LogDerivedDataCache: Shared data cache path not found in *engine.ini, will not use an Shared cache.
[2018.05.02-09.20.31:643][  0]LogDerivedDataCache: Unable to find inner node Shared for hierarchical cache Hierarchy.
[2018.05.02-09.20.31:654][  0]LogMaterial: Verifying Global Shaders for PCD3D_SM5
[2018.05.02-09.20.31:654][  0]LogSlate: Using Freetype 2.6.0
[2018.05.02-09.20.31:655][  0]LogSlate: SlateFontCache - WITH_FREETYPE: 1, WITH_HARFBUZZ: 1
[2018.05.02-09.20.31:655][  0]LogSlate: SlateFontCache - WITH_FREETYPE: 1, WITH_HARFBUZZ: 1
[2018.05.02-09.20.31:798][  0]LogAssetRegistry: FAssetRegistry took 0.0252 seconds to start up
[2018.05.02-09.20.32:076][  0]LogInit: Selected Device Profile: [Windows]
[2018.05.02-09.20.32:206][  0]LogSimplygon: Simplygon DLL not present - disabling.
[2018.05.02-09.20.32:208][  0]LogMeshReduction: Using SimplygonSwarm for distributed automatic mesh merging
[2018.05.02-09.20.32:208][  0]LogMeshReduction: Using QuadricMeshReduction for automatic static mesh reduction
[2018.05.02-09.20.32:208][  0]LogMeshReduction: No automatic skeletal mesh reduction module available
[2018.05.02-09.20.32:208][  0]LogMeshReduction: No automatic mesh merging module available
[2018.05.02-09.20.32:208][  0]LogMeshMerging: No automatic mesh merging module available
[2018.05.02-09.20.32:241][  0]LogNetVersion: UnrealCPP , NetCL: 3944462, EngineNetVer: 2, GameNetVer: 0 (Checksum: 2553546984)
[2018.05.02-09.20.32:692][  0]LogPackageLocalizationCache: Processed 9 localized package path(s) for 2 prioritized culture(s) in 0.131155 seconds
[2018.05.02-09.20.32:697][  0]LogUObjectArray: 36728 objects as part of root set at end of initial load.
[2018.05.02-09.20.32:697][  0]LogUObjectAllocator: 7314312 out of 0 bytes used by permanent object pool.
[2018.05.02-09.20.32:697][  0]LogUObjectArray: CloseDisregardForGC: 0/0 objects in disregard for GC pool
[2018.05.02-09.20.34:335][  0]LogTcpMessaging: Initializing TcpMessaging bridge
[2018.05.02-09.20.34:368][  0]LogUdpMessaging: Initializing bridge on interface 0.0.0.0:0 to multicast group 230.0.0.1:6666.
[2018.05.02-09.20.34:762][  0]LogUObjectGlobals: Created PersistentFrame Addr=0x000001591ebc75b0, Size=72, Default__FirstPerson_AnimBP_C Function /Game/FirstPerson/Animations/FirstPerson_AnimBP.FirstPerson_AnimBP_C:ExecuteUbergraph_FirstPerson_AnimBP
[2018.05.02-09.20.34:770][  0]LogUObjectGlobals: Destroyed PersistentFrame Addr=0x000001591ebc75b0, Size=72
[2018.05.02-09.20.34:770][  0]LogUObjectGlobals: Created PersistentFrame Addr=0x000001591ebb9e90, Size=72, Default__FirstPerson_AnimBP_C Function /Engine/Transient.REINST_FirstPerson_AnimBP_C_0:ExecuteUbergraph_FirstPerson_AnimBP
[2018.05.02-09.20.34:777][  0]LogUObjectGlobals: Created PersistentFrame Addr=0x000001591f0adf80, Size=72, Default__FirstPerson_AnimBP_C Function /Game/FirstPerson/Animations/FirstPerson_AnimBP.FirstPerson_AnimBP_C:ExecuteUbergraph_FirstPerson_AnimBP
[2018.05.02-09.20.34:888][  0]LogSkeletalMesh: Skeletal Mesh found in DDC [0.921867ms] /Game/FirstPerson/Character/Mesh/SK_Mannequin_Arms.SK_Mannequin_Arms
[2018.05.02-09.20.34:903][  0]LogSkeletalMesh: Skeletal Mesh found in DDC [0.599498ms] /Game/FirstPerson/FPWeapon/Mesh/SK_FPGun.SK_FPGun
[2018.05.02-09.20.34:921][  0]LogUObjectGlobals: Created PersistentFrame Addr=0x000001591f93eaa0, Size=88, Default__Health_UI_C Function /Game/FirstPerson/UI/Health_UI.Health_UI_C:ExecuteUbergraph_Health_UI
[2018.05.02-09.20.34:925][  0]LogUObjectGlobals: Destroyed PersistentFrame Addr=0x000001591f93eaa0, Size=88
[2018.05.02-09.20.34:925][  0]LogUObjectGlobals: Created PersistentFrame Addr=0x000001591f93eaa0, Size=88, Default__Health_UI_C Function /Engine/Transient.REINST_Health_UI_C_0:ExecuteUbergraph_Health_UI
[2018.05.02-09.20.34:927][  0]LogUObjectGlobals: Created PersistentFrame Addr=0x000001591f93dfc0, Size=88, Default__Health_UI_C Function /Game/FirstPerson/UI/Health_UI.Health_UI_C:ExecuteUbergraph_Health_UI
[2018.05.02-09.20.35:093][  0]SourceControl: Source control is disabled
[2018.05.02-09.20.35:093][  0]SourceControl: Source control is disabled
[2018.05.02-09.20.35:116][  0]SourceControl: Source control is disabled
[2018.05.02-09.20.35:140][  0]SourceControl: Source control is disabled
[2018.05.02-09.20.35:720][  0]LogAndroidPermission: UAndroidPermissionCallbackProxy::GetInstance
[2018.05.02-09.20.35:914][  0]LogOcInput: OculusInput pre-init called
[2018.05.02-09.20.36:026][  0]LogEngine: Initializing Engine...
[2018.05.02-09.20.36:029][  0]LogHMD: Failed to initialize OpenVR with code 105
[2018.05.02-09.20.36:031][  0]LogStats: UGameplayTagsManager::ConstructGameplayTagTree: Construct from data asset -  0.000 s
[2018.05.02-09.20.36:031][  0]LogStats: UGameplayTagsManager::ConstructGameplayTagTree: GameplayTagTreeChangedEvent.Broadcast -  0.000 s
[2018.05.02-09.20.36:247][  0]LogAIModule: Creating AISystem for world Untitled
[2018.05.02-09.20.36:270][  0]LogInit: XAudio2 using 'Speakers (Realtek High Definition Audio)' : 2 channels at 48 kHz using 32 bits per sample (channel mask 0x3)
[2018.05.02-09.20.36:282][  0]LogInit: FAudioDevice initialized.
[2018.05.02-09.20.36:426][  0]LogDerivedDataCache: Saved boot cache 0.14s 79MB C:/Users/Harrison/AppData/Local/UnrealEngine/4.19/DerivedDataCache/Boot.ddc.
[2018.05.02-09.20.36:444][  0]LogInit: Texture streaming: Enabled
[2018.05.02-09.20.36:459][  0]LogEngineSessionManager: EngineSessionManager initialized
[2018.05.02-09.20.36:471][  0]LogInit: Transaction tracking system initialized
[2018.05.02-09.20.36:488][  0]BlueprintLog: New page: Editor Load
[2018.05.02-09.20.36:586][  0]LocalizationService: Localization service is disabled
[2018.05.02-09.20.36:690][  0]LogConsoleResponse: Display: 
[2018.05.02-09.20.36:825][  0]LogCook: Display: Max memory allowance for cook 16384mb min free memory 0mb
[2018.05.02-09.20.36:826][  0]LogCook: Display: Mobile HDR setting 1
[2018.05.02-09.20.36:826][  0]LogGameplayTags: Display: UGameplayTagsManager::DoneAddingNativeTags. DelegateIsBound: 0
[2018.05.02-09.20.36:826][  0]LogStats: UGameplayTagsManager::ConstructGameplayTagTree: Construct from data asset -  0.000 s
[2018.05.02-09.20.36:826][  0]LogStats: UGameplayTagsManager::ConstructGameplayTagTree: GameplayTagTreeChangedEvent.Broadcast -  0.000 s
[2018.05.02-09.20.37:221][  0]LogFileCache: Scanning file cache for directory 'D:/Unreal Projects/UnrealCPP/Content/' took 0.02s
[2018.05.02-09.20.37:221][  0]SourceControl: Source control is disabled
[2018.05.02-09.20.37:221][  0]Cmd: MAP LOAD FILE="../../../../../Unreal Projects/UnrealCPP/Content/FirstPersonCPP/Maps/FirstPersonExampleMap.umap" TEMPLATE=0 SHOWPROGRESS=1 FEATURELEVEL=3
[2018.05.02-09.20.37:221][  0]LightingResults: New page: Lighting Build
[2018.05.02-09.20.37:223][  0]MapCheck: New page: Map Check
[2018.05.02-09.20.37:223][  0]LightingResults: New page: Lighting Build
[2018.05.02-09.20.37:232][  0]LogUObjectGlobals: Destroyed PersistentFrame Addr=0x000001591ebb9e90, Size=72
[2018.05.02-09.20.37:232][  0]LogUObjectGlobals: Destroyed PersistentFrame Addr=0x000001591f93eaa0, Size=88
[2018.05.02-09.20.37:380][  0]LogAIModule: Creating AISystem for world FirstPersonExampleMap
[2018.05.02-09.20.37:389][  0]LogEditorServer: Finished looking for orphan Actors (0.000 secs)
[2018.05.02-09.20.37:400][  0]Cmd: MAP CHECKDEP NOCLEARLOG
[2018.05.02-09.20.37:464][  0]MapCheck: Map check complete: 0 Error(s), 0 Warning(s), took 63.879ms to complete.
[2018.05.02-09.20.37:464][  0]LogFileHelpers: Loading map 'FirstPersonExampleMap' took 0.244
[2018.05.02-09.20.37:609][  0]LogCollectionManager: Loaded 0 collections in 0.000951 seconds
[2018.05.02-09.20.37:647][  0]LogFileCache: Scanning file cache for directory 'D:/Unreal Projects/UnrealCPP/Saved/Collections/' took 0.01s
[2018.05.02-09.20.37:647][  0]LogFileCache: Scanning file cache for directory 'D:/Unreal Projects/UnrealCPP/Content/Developers/Harrison/Collections/' took 0.01s
[2018.05.02-09.20.37:647][  0]LogFileCache: Scanning file cache for directory 'D:/Unreal Projects/UnrealCPP/Content/Collections/' took 0.01s
[2018.05.02-09.20.37:647][  0]LogCollectionManager: Rebuilt the GUID cache for 0 collections in 0.000000 seconds
[2018.05.02-09.20.37:707][  0]LogContentBrowser: Native class hierarchy populated in 0.0602 seconds. Added 2497 classes and 600 folders.
[2018.05.02-09.20.37:737][  0]LogContentBrowser: Native class hierarchy updated for 'WidgetCarousel' in 0.0226 seconds. Added 0 classes and 0 folders.
[2018.05.02-09.20.37:816][  0]LogContentBrowser: Native class hierarchy updated for 'AddContentDialog' in 0.0247 seconds. Added 0 classes and 0 folders.
[2018.05.02-09.20.37:844][  0]LogContentBrowser: Native class hierarchy updated for 'SceneOutliner' in 0.0222 seconds. Added 1 classes and 2 folders.
[2018.05.02-09.20.37:915][  0]LogSlate: Took 0.000273 seconds to synchronously load lazily loaded font '../../../Engine/Content/Slate/Fonts/Roboto-Regular.ttf' (155K)
[2018.05.02-09.20.37:917][  0]LogSlate: Took 0.000194 seconds to synchronously load lazily loaded font '../../../Engine/Content/Slate/Fonts/Roboto-Bold.ttf' (160K)
[2018.05.02-09.20.37:922][  0]LogSlate: Took 0.000171 seconds to synchronously load lazily loaded font '../../../Engine/Content/Editor/Slate/Fonts/FontAwesome.ttf' (139K)
[2018.05.02-09.20.37:922][  0]LogSlate: Took 0.000134 seconds to synchronously load lazily loaded font '../../../Engine/Content/Slate/Fonts/DroidSansMono.ttf' (77K)
[2018.05.02-09.20.38:087][  0]LogRenderer: Reallocating scene render targets to support 1148x612 Format 10 NumSamples 1 (Frame:1).
[2018.05.02-09.20.38:234][  0]LogContentBrowser: Native class hierarchy updated for 'HierarchicalLODOutliner' in 0.0223 seconds. Added 0 classes and 0 folders.
[2018.05.02-09.20.38:234][  0]LogLoad: (Engine Initialization) Total time: 23.41 seconds
[2018.05.02-09.20.38:234][  0]LogLoad: (Engine Initialization) Total Blueprint compile time: 0.00 seconds
[2018.05.02-09.20.38:244][  0]LogWindowsTextInputMethodSystem: Display: IME system now deactivated.
[2018.05.02-09.20.38:264][  0]LogContentStreaming: Texture pool size now 1000 MB
[2018.05.02-09.20.38:298][  1]LogAssetRegistry: Asset discovery search completed in 6.5208 seconds
[2018.05.02-09.20.38:300][  1]LogCollectionManager: Rebuilt the object cache for 0 collections in 0.000000 seconds (found 0 objects)
[2018.05.02-09.20.38:300][  1]LogCollectionManager: Fixed up redirectors for 0 collections in 0.000231 seconds (updated 0 objects)
[2018.05.02-09.21.14:855][547]LogSlate: FSceneViewport::OnFocusLost() reason 0
[2018.05.02-09.21.14:922][555]LogTemp: Repeating last play command: Selected Viewport
[2018.05.02-09.21.14:939][555]LogBlueprintUserMessages: Early PlayInEditor Detection: Level '/Game/FirstPersonCPP/Maps/FirstPersonExampleMap.FirstPersonExampleMap:PersistentLevel' has LevelScriptBlueprint '/Game/FirstPersonCPP/Maps/FirstPersonExampleMap.FirstPersonExampleMap:PersistentLevel.FirstPersonExampleMap' with GeneratedClass '/Game/FirstPersonCPP/Maps/FirstPersonExampleMap.FirstPersonExampleMap_C' with ClassGeneratedBy '/Game/FirstPersonCPP/Maps/FirstPersonExampleMap.FirstPersonExampleMap:PersistentLevel.FirstPersonExampleMap'
[2018.05.02-09.21.14:940][555]LogPlayLevel: PlayLevel: No blueprints needed recompiling
[2018.05.02-09.21.14:941][555]PIE: New page: PIE session: FirstPersonExampleMap (May 2, 2018, 1:21:14 AM)
[2018.05.02-09.21.14:941][555]LogPlayLevel: Creating play world package: /Game/FirstPersonCPP/Maps/UEDPIE_0_FirstPersonExampleMap
[2018.05.02-09.21.14:962][555]LogPlayLevel: PIE: StaticDuplicateObject took: (0.020990s)
[2018.05.02-09.21.14:963][555]LogAIModule: Creating AISystem for world FirstPersonExampleMap
[2018.05.02-09.21.14:963][555]LogPlayLevel: PIE: World Init took: (0.000858s)
[2018.05.02-09.21.14:963][555]LogPlayLevel: PIE: Created PIE world by copying editor world from /Game/FirstPersonCPP/Maps/FirstPersonExampleMap.FirstPersonExampleMap to /Game/FirstPersonCPP/Maps/UEDPIE_0_FirstPersonExampleMap.FirstPersonExampleMap (0.022476s)
[2018.05.02-09.21.14:984][555]LogInit: XAudio2 using 'Speakers (Realtek High Definition Audio)' : 2 channels at 48 kHz using 32 bits per sample (channel mask 0x3)
[2018.05.02-09.21.14:993][555]LogInit: FAudioDevice initialized.
[2018.05.02-09.21.15:036][555]LogLoad: Game class is 'UnrealCPPGameMode'
[2018.05.02-09.21.15:039][555]LogWorld: Bringing World /Game/FirstPersonCPP/Maps/UEDPIE_0_FirstPersonExampleMap.FirstPersonExampleMap up for play (max tick rate 0) at 2018.05.02-05.21.15
[2018.05.02-09.21.15:040][555]LogWorld: Bringing up level for play took: 0.002058
[2018.05.02-09.21.15:064][555]LogContentBrowser: Native class hierarchy updated for 'MovieSceneCapture' in 0.0223 seconds. Added 11 classes and 0 folders.
[2018.05.02-09.21.15:066][555]PIE: Play in editor start time for /Game/FirstPersonCPP/Maps/UEDPIE_0_FirstPersonExampleMap 0.886
[2018.05.02-09.21.15:066][555]LogBlueprintUserMessages: Late PlayInEditor Detection: Level '/Game/FirstPersonCPP/Maps/FirstPersonExampleMap.FirstPersonExampleMap:PersistentLevel' has LevelScriptBlueprint '/Game/FirstPersonCPP/Maps/FirstPersonExampleMap.FirstPersonExampleMap:PersistentLevel.FirstPersonExampleMap' with GeneratedClass '/Game/FirstPersonCPP/Maps/FirstPersonExampleMap.FirstPersonExampleMap_C' with ClassGeneratedBy '/Game/FirstPersonCPP/Maps/FirstPersonExampleMap.FirstPersonExampleMap:PersistentLevel.FirstPersonExampleMap'
[2018.05.02-09.21.17:239][811]LogNet: Browse: /Game/FirstPersonCPP/Maps/FirstPersonExampleMap
[2018.05.02-09.21.17:240][811]LogLoad: LoadMap: /Game/FirstPersonCPP/Maps/FirstPersonExampleMap
[2018.05.02-09.21.17:250][811]LogPlayLevel: Creating play world package: /Game/FirstPersonCPP/Maps/UEDPIE_0_FirstPersonExampleMap
[2018.05.02-09.21.17:262][811]LogPlayLevel: PIE: StaticDuplicateObject took: (0.011614s)
[2018.05.02-09.21.17:263][811]LogAIModule: Creating AISystem for world FirstPersonExampleMap
[2018.05.02-09.21.17:264][811]LogPlayLevel: PIE: World Init took: (0.001182s)
[2018.05.02-09.21.17:264][811]LogPlayLevel: PIE: Created PIE world by copying editor world from /Game/FirstPersonCPP/Maps/FirstPersonExampleMap.FirstPersonExampleMap to /Game/FirstPersonCPP/Maps/UEDPIE_0_FirstPersonExampleMap.FirstPersonExampleMap (0.013497s)
[2018.05.02-09.21.17:264][811]LogLoad: Game class is 'UnrealCPPGameMode'
[2018.05.02-09.21.17:272][811]LogWorld: Bringing World /Game/FirstPersonCPP/Maps/UEDPIE_0_FirstPersonExampleMap.FirstPersonExampleMap up for play (max tick rate 0) at 2018.05.02-05.21.17
[2018.05.02-09.21.17:272][811]LogWorld: Bringing up level for play took: 0.007496
[2018.05.02-09.21.17:274][811]LogLoad: Took 0.034353 seconds to LoadMap(/Game/FirstPersonCPP/Maps/UEDPIE_0_FirstPersonExampleMap)
[2018.05.02-09.21.19:367][ 61]LogNet: Browse: /Game/FirstPersonCPP/Maps/FirstPersonExampleMap
[2018.05.02-09.21.19:367][ 61]LogLoad: LoadMap: /Game/FirstPersonCPP/Maps/FirstPersonExampleMap
[2018.05.02-09.21.19:378][ 61]LogPlayLevel: Creating play world package: /Game/FirstPersonCPP/Maps/UEDPIE_0_FirstPersonExampleMap
[2018.05.02-09.21.19:390][ 61]LogPlayLevel: PIE: StaticDuplicateObject took: (0.011959s)
[2018.05.02-09.21.19:391][ 61]LogAIModule: Creating AISystem for world FirstPersonExampleMap
[2018.05.02-09.21.19:391][ 61]LogPlayLevel: PIE: World Init took: (0.000898s)
[2018.05.02-09.21.19:392][ 61]LogPlayLevel: PIE: Created PIE world by copying editor world from /Game/FirstPersonCPP/Maps/FirstPersonExampleMap.FirstPersonExampleMap to /Game/FirstPersonCPP/Maps/UEDPIE_0_FirstPersonExampleMap.FirstPersonExampleMap (0.013504s)
[2018.05.02-09.21.19:392][ 61]LogLoad: Game class is 'UnrealCPPGameMode'
[2018.05.02-09.21.19:397][ 61]LogWorld: Bringing World /Game/FirstPersonCPP/Maps/UEDPIE_0_FirstPersonExampleMap.FirstPersonExampleMap up for play (max tick rate 0) at 2018.05.02-05.21.19
[2018.05.02-09.21.19:398][ 61]LogWorld: Bringing up level for play took: 0.004784
[2018.05.02-09.21.19:399][ 61]LogLoad: Took 0.031716 seconds to LoadMap(/Game/FirstPersonCPP/Maps/UEDPIE_0_FirstPersonExampleMap)
[2018.05.02-09.21.25:749][822]LogBlueprintUserMessages: Early EndPlayMap Detection: Level '/Game/FirstPersonCPP/Maps/FirstPersonExampleMap.FirstPersonExampleMap:PersistentLevel' has LevelScriptBlueprint '/Game/FirstPersonCPP/Maps/FirstPersonExampleMap.FirstPersonExampleMap:PersistentLevel.FirstPersonExampleMap' with GeneratedClass '/Game/FirstPersonCPP/Maps/FirstPersonExampleMap.FirstPersonExampleMap_C' with ClassGeneratedBy '/Game/FirstPersonCPP/Maps/FirstPersonExampleMap.FirstPersonExampleMap:PersistentLevel.FirstPersonExampleMap'
[2018.05.02-09.21.25:779][822]LogBlueprintUserMessages: Late EndPlayMap Detection: Level '/Game/FirstPersonCPP/Maps/FirstPersonExampleMap.FirstPersonExampleMap:PersistentLevel' has LevelScriptBlueprint '/Game/FirstPersonCPP/Maps/FirstPersonExampleMap.FirstPersonExampleMap:PersistentLevel.FirstPersonExampleMap' with GeneratedClass '/Game/FirstPersonCPP/Maps/FirstPersonExampleMap.FirstPersonExampleMap_C' with ClassGeneratedBy '/Game/FirstPersonCPP/Maps/FirstPersonExampleMap.FirstPersonExampleMap:PersistentLevel.FirstPersonExampleMap'
[2018.05.02-09.22.19:365][195]LogSlate: FSceneViewport::OnFocusLost() reason 0
[2018.05.02-09.22.19:468][207]Candidate modules for hot reload:
[2018.05.02-09.22.19:468][207]  UnrealCPP
[2018.05.02-09.22.19:468][207]Launching UnrealBuildTool... [D:/Epic Games/UE_4.19/Engine/Binaries/DotNET/UnrealBuildTool.exe UnrealCPP -ModuleWithSuffix=UnrealCPP,5565 Win64 Development -editorrecompile -canskiplink "D:/Unreal Projects/UnrealCPP/UnrealCPP.uproject" ]
[2018.05.02-09.22.19:470][207]Warning: Starting HotReload took  0.0s.
[2018.05.02-09.22.33:684][912]CompilerResultsLog: New page: Compilation - May 2, 2018, 1:22:33 AM
[2018.05.02-09.22.33:684][912]CompilerResultsLog: Using 'git status' to determine working set for adaptive non-unity build.
[2018.05.02-09.22.33:684][912]CompilerResultsLog: Compiling game modules for hot reload
[2018.05.02-09.22.33:684][912]CompilerResultsLog: Performing 3 actions (4 in parallel)
[2018.05.02-09.22.33:685][912]CompilerResultsLog: UnrealCPPCharacter.cpp
[2018.05.02-09.22.33:685][912]CompilerResultsLog: [2/3] Link UE4Editor-UnrealCPP-5565.dll
[2018.05.02-09.22.33:685][912]CompilerResultsLog: [3/3] Link UE4Editor-UnrealCPP-5565.lib
[2018.05.02-09.22.33:685][912]CompilerResultsLog:    Creating library D:\Unreal Projects\UnrealCPP\Intermediate\Build\Win64\UE4Editor\Development\UE4Editor-UnrealCPP-5565.lib and object D:\Unreal Projects\UnrealCPP\Intermediate\Build\Win64\UE4Editor\Development\UE4Editor-UnrealCPP-5565.exp
[2018.05.02-09.22.33:685][912]CompilerResultsLog:    Creating library D:\Unreal Projects\UnrealCPP\Intermediate\Build\Win64\UE4Editor\Development\UE4Editor-UnrealCPP-5565.suppressed.lib and object D:\Unreal Projects\UnrealCPP\Intermediate\Build\Win64\UE4Editor\Development\UE4Editor-UnrealCPP-5565.suppressed.exp
[2018.05.02-09.22.33:686][912]CompilerResultsLog: Total build time: 14.02 seconds (Local executor: 13.34 seconds)
[2018.05.02-09.22.33:686][912]LogMainFrame: MainFrame: Module compiling took 14.220 seconds
[2018.05.02-09.22.33:737][912]LogClass: EGamePlayState HotReload.
[2018.05.02-09.22.33:738][912]LogHotReload: Re-instancing CampFire after hot-reload.
[2018.05.02-09.22.33:822][912]LogHotReload: Re-instancing MyCameraShake after hot-reload.
[2018.05.02-09.22.33:895][912]LogContentBrowser: Native class hierarchy updated for 'UnrealCPP' in 0.0254 seconds. Added 45 classes and 42 folders.
[2018.05.02-09.22.33:897][912]Display: HotReload successful (39 functions remapped  0 scriptstructs remapped)
[2018.05.02-09.22.34:019][912]LogContentBrowser: Native class hierarchy populated in 0.0302 seconds. Added 2498 classes and 602 folders.
[2018.05.02-09.22.34:019][912]Display: HotReload took 14.6s.
[2018.05.02-09.22.36:586][220]LogTemp: Repeating last play command: Selected Viewport
[2018.05.02-09.22.36:602][220]LogBlueprintUserMessages: Early PlayInEditor Detection: Level '/Game/FirstPersonCPP/Maps/FirstPersonExampleMap.FirstPersonExampleMap:PersistentLevel' has LevelScriptBlueprint '/Game/FirstPersonCPP/Maps/FirstPersonExampleMap.FirstPersonExampleMap:PersistentLevel.FirstPersonExampleMap' with GeneratedClass '/Game/FirstPersonCPP/Maps/FirstPersonExampleMap.FirstPersonExampleMap_C' with ClassGeneratedBy '/Game/FirstPersonCPP/Maps/FirstPersonExampleMap.FirstPersonExampleMap:PersistentLevel.FirstPersonExampleMap'
[2018.05.02-09.22.36:603][220]LogPlayLevel: PlayLevel: No blueprints needed recompiling
[2018.05.02-09.22.36:603][220]PIE: New page: PIE session: FirstPersonExampleMap (May 2, 2018, 1:22:36 AM)
[2018.05.02-09.22.36:603][220]LogPlayLevel: Creating play world package: /Game/FirstPersonCPP/Maps/UEDPIE_0_FirstPersonExampleMap
[2018.05.02-09.22.36:618][220]LogPlayLevel: PIE: StaticDuplicateObject took: (0.014783s)
[2018.05.02-09.22.36:619][220]LogAIModule: Creating AISystem for world FirstPersonExampleMap
[2018.05.02-09.22.36:620][220]LogPlayLevel: PIE: World Init took: (0.001074s)
[2018.05.02-09.22.36:620][220]LogPlayLevel: PIE: Created PIE world by copying editor world from /Game/FirstPersonCPP/Maps/FirstPersonExampleMap.FirstPersonExampleMap to /Game/FirstPersonCPP/Maps/UEDPIE_0_FirstPersonExampleMap.FirstPersonExampleMap (0.016494s)
[2018.05.02-09.22.36:640][220]LogInit: XAudio2 using 'Speakers (Realtek High Definition Audio)' : 2 channels at 48 kHz using 32 bits per sample (channel mask 0x3)
[2018.05.02-09.22.36:650][220]LogInit: FAudioDevice initialized.
[2018.05.02-09.22.36:681][220]LogLoad: Game class is 'UnrealCPPGameMode'
[2018.05.02-09.22.36:683][220]LogWorld: Bringing World /Game/FirstPersonCPP/Maps/UEDPIE_0_FirstPersonExampleMap.FirstPersonExampleMap up for play (max tick rate 0) at 2018.05.02-05.22.36
[2018.05.02-09.22.36:684][220]LogWorld: Bringing up level for play took: 0.001969
[2018.05.02-09.22.36:685][220]PIE: Play in editor start time for /Game/FirstPersonCPP/Maps/UEDPIE_0_FirstPersonExampleMap 0.505
[2018.05.02-09.22.36:686][220]LogBlueprintUserMessages: Late PlayInEditor Detection: Level '/Game/FirstPersonCPP/Maps/FirstPersonExampleMap.FirstPersonExampleMap:PersistentLevel' has LevelScriptBlueprint '/Game/FirstPersonCPP/Maps/FirstPersonExampleMap.FirstPersonExampleMap:PersistentLevel.FirstPersonExampleMap' with GeneratedClass '/Game/FirstPersonCPP/Maps/FirstPersonExampleMap.FirstPersonExampleMap_C' with ClassGeneratedBy '/Game/FirstPersonCPP/Maps/FirstPersonExampleMap.FirstPersonExampleMap:PersistentLevel.FirstPersonExampleMap'
[2018.05.02-09.22.38:787][467]LogNet: Browse: /Game/FirstPersonCPP/Maps/FirstPersonExampleMap
[2018.05.02-09.22.38:788][467]LogLoad: LoadMap: /Game/FirstPersonCPP/Maps/FirstPersonExampleMap
[2018.05.02-09.22.38:799][467]LogPlayLevel: Creating play world package: /Game/FirstPersonCPP/Maps/UEDPIE_0_FirstPersonExampleMap
[2018.05.02-09.22.38:812][467]LogPlayLevel: PIE: StaticDuplicateObject took: (0.012770s)
[2018.05.02-09.22.38:813][467]LogAIModule: Creating AISystem for world FirstPersonExampleMap
[2018.05.02-09.22.38:813][467]LogPlayLevel: PIE: World Init took: (0.000876s)
[2018.05.02-09.22.38:813][467]LogPlayLevel: PIE: Created PIE world by copying editor world from /Game/FirstPersonCPP/Maps/FirstPersonExampleMap.FirstPersonExampleMap to /Game/FirstPersonCPP/Maps/UEDPIE_0_FirstPersonExampleMap.FirstPersonExampleMap (0.014418s)
[2018.05.02-09.22.38:814][467]LogLoad: Game class is 'UnrealCPPGameMode'
[2018.05.02-09.22.38:817][467]LogWorld: Bringing World /Game/FirstPersonCPP/Maps/UEDPIE_0_FirstPersonExampleMap.FirstPersonExampleMap up for play (max tick rate 0) at 2018.05.02-05.22.38
[2018.05.02-09.22.38:818][467]LogWorld: Bringing up level for play took: 0.003705
[2018.05.02-09.22.38:820][467]LogLoad: Took 0.032059 seconds to LoadMap(/Game/FirstPersonCPP/Maps/UEDPIE_0_FirstPersonExampleMap)
[2018.05.02-09.22.41:171][748]LogNet: Browse: /Game/FirstPersonCPP/Maps/FirstPersonExampleMap
[2018.05.02-09.22.41:171][748]LogLoad: LoadMap: /Game/FirstPersonCPP/Maps/FirstPersonExampleMap
[2018.05.02-09.22.41:183][748]LogPlayLevel: Creating play world package: /Game/FirstPersonCPP/Maps/UEDPIE_0_FirstPersonExampleMap
[2018.05.02-09.22.41:195][748]LogPlayLevel: PIE: StaticDuplicateObject took: (0.011758s)
[2018.05.02-09.22.41:196][748]LogAIModule: Creating AISystem for world FirstPersonExampleMap
[2018.05.02-09.22.41:196][748]LogPlayLevel: PIE: World Init took: (0.000906s)
[2018.05.02-09.22.41:196][748]LogPlayLevel: PIE: Created PIE world by copying editor world from /Game/FirstPersonCPP/Maps/FirstPersonExampleMap.FirstPersonExampleMap to /Game/FirstPersonCPP/Maps/UEDPIE_0_FirstPersonExampleMap.FirstPersonExampleMap (0.013416s)
[2018.05.02-09.22.41:196][748]LogLoad: Game class is 'UnrealCPPGameMode'
[2018.05.02-09.22.41:202][748]LogWorld: Bringing World /Game/FirstPersonCPP/Maps/UEDPIE_0_FirstPersonExampleMap.FirstPersonExampleMap up for play (max tick rate 0) at 2018.05.02-05.22.41
[2018.05.02-09.22.41:203][748]LogWorld: Bringing up level for play took: 0.005562
[2018.05.02-09.22.41:205][748]LogLoad: Took 0.033428 seconds to LoadMap(/Game/FirstPersonCPP/Maps/UEDPIE_0_FirstPersonExampleMap)
[2018.05.02-09.22.45:694][286]LogNet: Browse: /Game/FirstPersonCPP/Maps/FirstPersonExampleMap
[2018.05.02-09.22.45:694][286]LogLoad: LoadMap: /Game/FirstPersonCPP/Maps/FirstPersonExampleMap
[2018.05.02-09.22.45:705][286]LogPlayLevel: Creating play world package: /Game/FirstPersonCPP/Maps/UEDPIE_0_FirstPersonExampleMap
[2018.05.02-09.22.45:718][286]LogPlayLevel: PIE: StaticDuplicateObject took: (0.012171s)
[2018.05.02-09.22.45:719][286]LogAIModule: Creating AISystem for world FirstPersonExampleMap
[2018.05.02-09.22.45:719][286]LogPlayLevel: PIE: World Init took: (0.001411s)
[2018.05.02-09.22.45:720][286]LogPlayLevel: PIE: Created PIE world by copying editor world from /Game/FirstPersonCPP/Maps/FirstPersonExampleMap.FirstPersonExampleMap to /Game/FirstPersonCPP/Maps/UEDPIE_0_FirstPersonExampleMap.FirstPersonExampleMap (0.014499s)
[2018.05.02-09.22.45:720][286]LogLoad: Game class is 'UnrealCPPGameMode'
[2018.05.02-09.22.45:725][286]LogWorld: Bringing World /Game/FirstPersonCPP/Maps/UEDPIE_0_FirstPersonExampleMap.FirstPersonExampleMap up for play (max tick rate 0) at 2018.05.02-05.22.45
[2018.05.02-09.22.45:725][286]LogWorld: Bringing up level for play took: 0.004234
[2018.05.02-09.22.45:727][286]LogLoad: Took 0.033267 seconds to LoadMap(/Game/FirstPersonCPP/Maps/UEDPIE_0_FirstPersonExampleMap)
[2018.05.02-09.22.47:892][545]LogBlueprintUserMessages: Early EndPlayMap Detection: Level '/Game/FirstPersonCPP/Maps/FirstPersonExampleMap.FirstPersonExampleMap:PersistentLevel' has LevelScriptBlueprint '/Game/FirstPersonCPP/Maps/FirstPersonExampleMap.FirstPersonExampleMap:PersistentLevel.FirstPersonExampleMap' with GeneratedClass '/Game/FirstPersonCPP/Maps/FirstPersonExampleMap.FirstPersonExampleMap_C' with ClassGeneratedBy '/Game/FirstPersonCPP/Maps/FirstPersonExampleMap.FirstPersonExampleMap:PersistentLevel.FirstPersonExampleMap'
[2018.05.02-09.22.47:922][545]LogBlueprintUserMessages: Late EndPlayMap Detection: Level '/Game/FirstPersonCPP/Maps/FirstPersonExampleMap.FirstPersonExampleMap:PersistentLevel' has LevelScriptBlueprint '/Game/FirstPersonCPP/Maps/FirstPersonExampleMap.FirstPersonExampleMap:PersistentLevel.FirstPersonExampleMap' with GeneratedClass '/Game/FirstPersonCPP/Maps/FirstPersonExampleMap.FirstPersonExampleMap_C' with ClassGeneratedBy '/Game/FirstPersonCPP/Maps/FirstPersonExampleMap.FirstPersonExampleMap:PersistentLevel.FirstPersonExampleMap'
[2018.05.02-09.24.34:631][127]LogSlate: FSceneViewport::OnFocusLost() reason 0
[2018.05.02-09.24.34:726][138]Candidate modules for hot reload:
[2018.05.02-09.24.34:726][138]  UnrealCPP
[2018.05.02-09.24.34:726][138]Launching UnrealBuildTool... [D:/Epic Games/UE_4.19/Engine/Binaries/DotNET/UnrealBuildTool.exe UnrealCPP -ModuleWithSuffix=UnrealCPP,4931 Win64 Development -editorrecompile -canskiplink "D:/Unreal Projects/UnrealCPP/UnrealCPP.uproject" ]
[2018.05.02-09.24.34:728][138]Warning: Starting HotReload took  0.0s.
[2018.05.02-09.24.49:740][509]CompilerResultsLog: New page: Compilation - May 2, 2018, 1:24:49 AM
[2018.05.02-09.24.49:740][509]CompilerResultsLog: Using 'git status' to determine working set for adaptive non-unity build.
[2018.05.02-09.24.49:740][509]CompilerResultsLog: Compiling game modules for hot reload
[2018.05.02-09.24.49:741][509]CompilerResultsLog: Performing 3 actions (4 in parallel)
[2018.05.02-09.24.49:741][509]CompilerResultsLog: UnrealCPPCharacter.cpp
[2018.05.02-09.24.49:741][509]CompilerResultsLog: [2/3] Link UE4Editor-UnrealCPP-4931.dll
[2018.05.02-09.24.49:741][509]CompilerResultsLog: [3/3] Link UE4Editor-UnrealCPP-4931.lib
[2018.05.02-09.24.49:741][509]CompilerResultsLog:    Creating library D:\Unreal Projects\UnrealCPP\Intermediate\Build\Win64\UE4Editor\Development\UE4Editor-UnrealCPP-4931.lib and object D:\Unreal Projects\UnrealCPP\Intermediate\Build\Win64\UE4Editor\Development\UE4Editor-UnrealCPP-4931.exp
[2018.05.02-09.24.49:742][509]CompilerResultsLog:    Creating library D:\Unreal Projects\UnrealCPP\Intermediate\Build\Win64\UE4Editor\Development\UE4Editor-UnrealCPP-4931.suppressed.lib and object D:\Unreal Projects\UnrealCPP\Intermediate\Build\Win64\UE4Editor\Development\UE4Editor-UnrealCPP-4931.suppressed.exp
[2018.05.02-09.24.49:742][509]CompilerResultsLog: Total build time: 14.77 seconds (Local executor: 14.04 seconds)
[2018.05.02-09.24.49:742][509]LogMainFrame: MainFrame: Module compiling took 15.019 seconds
[2018.05.02-09.24.49:799][509]LogClass: EGamePlayState HotReload.
[2018.05.02-09.24.49:801][509]LogHotReload: Re-instancing CampFire after hot-reload.
[2018.05.02-09.24.49:895][509]LogHotReload: Re-instancing MyCameraShake after hot-reload.
[2018.05.02-09.24.49:969][509]LogContentBrowser: Native class hierarchy updated for 'UnrealCPP' in 0.0264 seconds. Added 45 classes and 42 folders.
[2018.05.02-09.24.49:972][509]Display: HotReload successful (39 functions remapped  0 scriptstructs remapped)
[2018.05.02-09.24.50:033][509]LogContentBrowser: Native class hierarchy populated in 0.0311 seconds. Added 2498 classes and 602 folders.
[2018.05.02-09.24.50:034][509]Display: HotReload took 15.3s.
[2018.05.02-09.25.00:801][650]LogTemp: Repeating last play command: Selected Viewport
[2018.05.02-09.25.00:818][650]LogBlueprintUserMessages: Early PlayInEditor Detection: Level '/Game/FirstPersonCPP/Maps/FirstPersonExampleMap.FirstPersonExampleMap:PersistentLevel' has LevelScriptBlueprint '/Game/FirstPersonCPP/Maps/FirstPersonExampleMap.FirstPersonExampleMap:PersistentLevel.FirstPersonExampleMap' with GeneratedClass '/Game/FirstPersonCPP/Maps/FirstPersonExampleMap.FirstPersonExampleMap_C' with ClassGeneratedBy '/Game/FirstPersonCPP/Maps/FirstPersonExampleMap.FirstPersonExampleMap:PersistentLevel.FirstPersonExampleMap'
[2018.05.02-09.25.00:819][650]LogPlayLevel: PlayLevel: No blueprints needed recompiling
[2018.05.02-09.25.00:819][650]PIE: New page: PIE session: FirstPersonExampleMap (May 2, 2018, 1:25:00 AM)
[2018.05.02-09.25.00:819][650]LogPlayLevel: Creating play world package: /Game/FirstPersonCPP/Maps/UEDPIE_0_FirstPersonExampleMap
[2018.05.02-09.25.00:833][650]LogPlayLevel: PIE: StaticDuplicateObject took: (0.013855s)
[2018.05.02-09.25.00:834][650]LogAIModule: Creating AISystem for world FirstPersonExampleMap
[2018.05.02-09.25.00:835][650]LogPlayLevel: PIE: World Init took: (0.000999s)
[2018.05.02-09.25.00:835][650]LogPlayLevel: PIE: Created PIE world by copying editor world from /Game/FirstPersonCPP/Maps/FirstPersonExampleMap.FirstPersonExampleMap to /Game/FirstPersonCPP/Maps/UEDPIE_0_FirstPersonExampleMap.FirstPersonExampleMap (0.015520s)
[2018.05.02-09.25.00:855][650]LogInit: XAudio2 using 'Speakers (Realtek High Definition Audio)' : 2 channels at 48 kHz using 32 bits per sample (channel mask 0x3)
[2018.05.02-09.25.00:865][650]LogInit: FAudioDevice initialized.
[2018.05.02-09.25.00:900][650]LogLoad: Game class is 'UnrealCPPGameMode'
[2018.05.02-09.25.00:902][650]LogWorld: Bringing World /Game/FirstPersonCPP/Maps/UEDPIE_0_FirstPersonExampleMap.FirstPersonExampleMap up for play (max tick rate 0) at 2018.05.02-05.25.00
[2018.05.02-09.25.00:902][650]LogWorld: Bringing up level for play took: 0.001951
[2018.05.02-09.25.00:904][650]PIE: Play in editor start time for /Game/FirstPersonCPP/Maps/UEDPIE_0_FirstPersonExampleMap 0.724
[2018.05.02-09.25.00:904][650]LogBlueprintUserMessages: Late PlayInEditor Detection: Level '/Game/FirstPersonCPP/Maps/FirstPersonExampleMap.FirstPersonExampleMap:PersistentLevel' has LevelScriptBlueprint '/Game/FirstPersonCPP/Maps/FirstPersonExampleMap.FirstPersonExampleMap:PersistentLevel.FirstPersonExampleMap' with GeneratedClass '/Game/FirstPersonCPP/Maps/FirstPersonExampleMap.FirstPersonExampleMap_C' with ClassGeneratedBy '/Game/FirstPersonCPP/Maps/FirstPersonExampleMap.FirstPersonExampleMap:PersistentLevel.FirstPersonExampleMap'
[2018.05.02-09.25.05:507][  6]LogWindows: Error: === Critical error: ===
[2018.05.02-09.25.05:507][  6]LogWindows: Error: 
[2018.05.02-09.25.05:507][  6]LogWindows: Error: Fatal error!
[2018.05.02-09.25.05:507][  6]LogWindows: Error: 
[2018.05.02-09.25.05:507][  6]LogWindows: Error: Unhandled Exception: EXCEPTION_ACCESS_VIOLATION reading address 0xffffffff
[2018.05.02-09.25.05:508][  6]LogWindows: Error: 
[2018.05.02-09.25.05:508][  6]LogWindows: Error: [Callstack] 0x00000000FE372ED8 ucrtbase.dll!UnknownFunction []
[2018.05.02-09.25.05:508][  6]LogWindows: Error: [Callstack] 0x00000000FE358D31 ucrtbase.dll!UnknownFunction []
[2018.05.02-09.25.05:508][  6]LogWindows: Error: [Callstack] 0x00000000FE3582E4 ucrtbase.dll!UnknownFunction []
[2018.05.02-09.25.05:508][  6]LogWindows: Error: [Callstack] 0x00000000E28C7BFA UE4Editor-Core.dll!UnknownFunction []
[2018.05.02-09.25.05:508][  6]LogWindows: Error: [Callstack] 0x00000000B9ED1B04 UE4Editor-UnrealCPP-4931.dll!AUnrealCPPCharacter::UpdateHealth() [d:\unreal projects\unrealcpp\source\unrealcpp\unrealcppcharacter.cpp:371]
[2018.05.02-09.25.05:508][  6]LogWindows: Error: [Callstack] 0x00000000B9ED1486 UE4Editor-UnrealCPP-4931.dll!AUnrealCPPCharacter::ReceivePointDamage() [d:\unreal projects\unrealcpp\source\unrealcpp\unrealcppcharacter.cpp:360]
[2018.05.02-09.25.05:508][  6]LogWindows: Error: [Callstack] 0x00000000B9ED91A6 UE4Editor-UnrealCPP-4931.dll!AUnrealCPPCharacter::execReceivePointDamage() [d:\unreal projects\unrealcpp\source\unrealcpp\unrealcppcharacter.h:16]
[2018.05.02-09.25.05:508][  6]LogWindows: Error: [Callstack] 0x00000000D5BDE094 UE4Editor-CoreUObject.dll!UnknownFunction []
[2018.05.02-09.25.05:508][  6]LogWindows: Error: [Callstack] 0x00000000D5DC9D73 UE4Editor-CoreUObject.dll!UnknownFunction []
[2018.05.02-09.25.05:508][  6]LogWindows: Error: [Callstack] 0x00000000CA74CCFB UE4Editor-Engine.dll!UnknownFunction []
[2018.05.02-09.25.05:508][  6]LogWindows: Error: [Callstack] 0x00000000CB9E6992 UE4Editor-Engine.dll!UnknownFunction []
[2018.05.02-09.25.05:508][  6]LogWindows: Error: [Callstack] 0x00000000CA76D754 UE4Editor-Engine.dll!UnknownFunction []
[2018.05.02-09.25.05:508][  6]LogWindows: Error: [Callstack] 0x00000000CB411277 UE4Editor-Engine.dll!UnknownFunction []
[2018.05.02-09.25.05:508][  6]LogWindows: Error: [Callstack] 0x00000000CAE74C23 UE4Editor-Engine.dll!UnknownFunction []
[2018.05.02-09.25.05:508][  6]LogWindows: Error: [Callstack] 0x00000000B9ECDE27 UE4Editor-UnrealCPP-4931.dll!ACampFire::Tick() [d:\unreal projects\unrealcpp\source\unrealcpp\healthbar\campfire.cpp:47]
[2018.05.02-09.25.05:508][  6]LogWindows: Error: [Callstack] 0x00000000CA76E9C7 UE4Editor-Engine.dll!UnknownFunction []
[2018.05.02-09.25.05:508][  6]LogWindows: Error: [Callstack] 0x00000000CA7200E4 UE4Editor-Engine.dll!UnknownFunction []
[2018.05.02-09.25.05:508][  6]LogWindows: Error: [Callstack] 0x00000000CB8270BB UE4Editor-Engine.dll!UnknownFunction []
[2018.05.02-09.25.05:508][  6]LogWindows: Error: [Callstack] 0x00000000CB82C793 UE4Editor-Engine.dll!UnknownFunction []
[2018.05.02-09.25.05:508][  6]LogWindows: Error: [Callstack] 0x00000000E27DB713 UE4Editor-Core.dll!UnknownFunction []
[2018.05.02-09.25.05:508][  6]LogWindows: Error: [Callstack] 0x00000000E27DBD3A UE4Editor-Core.dll!UnknownFunction []
[2018.05.02-09.25.05:508][  6]LogWindows: Error: [Callstack] 0x00000000E27FECFE UE4Editor-Core.dll!UnknownFunction []
[2018.05.02-09.25.05:508][  6]LogWindows: Error: [Callstack] 0x00000000CB84D771 UE4Editor-Engine.dll!UnknownFunction []
[2018.05.02-09.25.05:508][  6]LogWindows: Error: [Callstack] 0x00000000CB853292 UE4Editor-Engine.dll!UnknownFunction []
[2018.05.02-09.25.05:508][  6]LogWindows: Error: [Callstack] 0x00000000CB0AC304 UE4Editor-Engine.dll!UnknownFunction []
[2018.05.02-09.25.05:508][  6]LogWindows: Error: [Callstack] 0x00000000CB0B756B UE4Editor-Engine.dll!UnknownFunction []
[2018.05.02-09.25.05:508][  6]LogWindows: Error: [Callstack] 0x00000000D008D781 UE4Editor-UnrealEd.dll!UnknownFunction []
[2018.05.02-09.25.05:508][  6]LogWindows: Error: [Callstack] 0x00000000D0929626 UE4Editor-UnrealEd.dll!UnknownFunction []
[2018.05.02-09.25.05:508][  6]LogWindows: Error: [Callstack] 0x0000000065D65EAC UE4Editor.exe!UnknownFunction []
[2018.05.02-09.25.05:508][  6]LogWindows: Error: [Callstack] 0x0000000065D76BD0 UE4Editor.exe!UnknownFunction []
[2018.05.02-09.25.05:508][  6]LogWindows: Error: [Callstack] 0x0000000065D76C4A UE4Editor.exe!UnknownFunction []
[2018.05.02-09.25.05:508][  6]LogWindows: Error: [Callstack] 0x0000000065D84177 UE4Editor.exe!UnknownFunction []
[2018.05.02-09.25.05:508][  6]LogWindows: Error: [Callstack] 0x0000000065D85B87 UE4Editor.exe!UnknownFunction []
[2018.05.02-09.25.05:508][  6]LogWindows: Error: [Callstack] 0x0000000000C91FE4 KERNEL32.DLL!UnknownFunction []
[2018.05.02-09.25.05:508][  6]LogWindows: Error: [Callstack] 0x0000000001D4F061 ntdll.dll!UnknownFunction []
[2018.05.02-09.25.05:508][  6]LogWindows: Error: [Callstack] 0x0000000001D4F061 ntdll.dll!UnknownFunction []
[2018.05.02-09.25.05:508][  6]LogWindows: Error: 
[2018.05.02-09.25.05:523][  6]LogExit: Executing StaticShutdownAfterError
[2018.05.02-09.25.05:526][  6]LogWindows: FPlatformMisc::RequestExit(1)
[2018.05.02-09.25.05:526][  6]Log file closed, 05/02/18 05:25:05
